2026-04-30T01:10:59.499872+00:00 p5-xr2 crond[435]: (CRON) STARTUP (1.5.5)
2026-04-30T01:10:59.499902+00:00 p5-xr2 crond[435]: (CRON) INFO (Syslog will be used instead of sendmail.)
2026-04-30T01:10:59.499911+00:00 p5-xr2 crond[435]: (CRON) INFO (RANDOM_DELAY will be scaled with factor 12% if used.)
2026-04-30T01:11:01.290272+00:00 p5-xr2 CROND[548]: (root) CMD (env PATH=/usr/bin:/usr/sbin:/bin:/sbin thinxr-logrotate-app.sh)
2026-04-30T01:13:01.325861+00:00 p5-xr2 CROND[5731]: (root) CMD (/etc/xrd_filecleanup.sh 90 >/dev/null 2>&1)
2026-04-30T01:15:01.403383+00:00 p5-xr2 CROND[6567]: (root) CMD (/pkg/bin/monitor_coreinfo.sh)
2026-04-30T01:15:01.403618+00:00 p5-xr2 CROND[6568]: (root) CMD (/etc/init.d/tmpdir_cleanup.sh 80 >/dev/null 2>&1)
2026-04-30T01:15:01.403748+00:00 p5-xr2 CROND[6569]: (root) CMD (env PATH=/usr/bin:/usr/sbin:/bin:/sbin logrotate /etc/logrotate.conf)
2026-04-30T01:16:01.430436+00:00 p5-xr2 CROND[6644]: (root) CMD (env PATH=/usr/bin:/usr/sbin:/bin:/sbin thinxr-logrotate-app.sh)
2026-04-30T01:18:01.441960+00:00 p5-xr2 CROND[9326]: (root) CMD (/etc/xrd_filecleanup.sh 90 >/dev/null 2>&1)
2026-04-30T01:20:01.518181+00:00 p5-xr2 CROND[9426]: (root) CMD (/etc/init.d/tmpdir_cleanup.sh 80 >/dev/null 2>&1)
2026-04-30T01:20:01.518402+00:00 p5-xr2 CROND[9427]: (root) CMD (env PATH=/usr/bin:/usr/sbin:/bin:/sbin logrotate /etc/logrotate.conf)
2026-04-30T01:21:01.544692+00:00 p5-xr2 CROND[9494]: (root) CMD (env PATH=/usr/bin:/usr/sbin:/bin:/sbin thinxr-logrotate-app.sh)
2026-04-30T01:23:01.552040+00:00 p5-xr2 CROND[9572]: (root) CMD (/etc/xrd_filecleanup.sh 90 >/dev/null 2>&1)
2026-04-30T01:25:01.629201+00:00 p5-xr2 CROND[9707]: (root) CMD (/etc/init.d/tmpdir_cleanup.sh 80 >/dev/null 2>&1)
2026-04-30T01:25:01.629440+00:00 p5-xr2 CROND[9708]: (root) CMD (env PATH=/usr/bin:/usr/sbin:/bin:/sbin logrotate /etc/logrotate.conf)
2026-04-30T01:26:01.656334+00:00 p5-xr2 CROND[9780]: (root) CMD (env PATH=/usr/bin:/usr/sbin:/bin:/sbin thinxr-logrotate-app.sh)
2026-04-30T01:28:01.663532+00:00 p5-xr2 CROND[9858]: (root) CMD (/etc/xrd_filecleanup.sh 90 >/dev/null 2>&1)
2026-04-30T01:30:01.741001+00:00 p5-xr2 CROND[9962]: (root) CMD (/pkg/bin/monitor_coreinfo.sh)
2026-04-30T01:30:01.741469+00:00 p5-xr2 CROND[9963]: (root) CMD (/etc/init.d/tmpdir_cleanup.sh 80 >/dev/null 2>&1)
2026-04-30T01:30:01.741620+00:00 p5-xr2 CROND[9964]: (root) CMD (env PATH=/usr/bin:/usr/sbin:/bin:/sbin logrotate /etc/logrotate.conf)
2026-04-30T01:31:01.768907+00:00 p5-xr2 CROND[10034]: (root) CMD (env PATH=/usr/bin:/usr/sbin:/bin:/sbin thinxr-logrotate-app.sh)
2026-04-30T01:33:01.776612+00:00 p5-xr2 CROND[10131]: (root) CMD (/etc/xrd_filecleanup.sh 90 >/dev/null 2>&1)
2026-04-30T01:35:01.853381+00:00 p5-xr2 CROND[10263]: (root) CMD (/etc/init.d/tmpdir_cleanup.sh 80 >/dev/null 2>&1)
2026-04-30T01:35:01.853634+00:00 p5-xr2 CROND[10264]: (root) CMD (env PATH=/usr/bin:/usr/sbin:/bin:/sbin logrotate /etc/logrotate.conf)
2026-04-30T01:36:01.880769+00:00 p5-xr2 CROND[10338]: (root) CMD (env PATH=/usr/bin:/usr/sbin:/bin:/sbin thinxr-logrotate-app.sh)
