2026-04-30T01:11:32.997202+00:00 p5-xr2 kernel: [1482785.622807] device eth0 entered promiscuous mode
2026-04-30T01:18:45.321146+00:00 p5-xr2 kernel: [1483217.929438] hrtimer: interrupt took 25109 ns
2026-04-30T17:34:37.957187+00:00 p5-xr2 kernel: [1541767.872571] device veth1fc2941d entered promiscuous mode
2026-04-30T17:53:16.897210+00:00 p5-xr2 kernel: [1542886.760980] cni0: port 10(veth17bccf88) entered disabled state
2026-04-30T18:20:18.933158+00:00 p5-xr2 kernel: [1544508.722592] IPv6: ADDRCONF(NETDEV_CHANGE): eth0: link becomes ready
2026-04-30T18:27:51.985206+00:00 p5-xr2 kernel: [1544961.754872] cni0: port 10(veth3672a38a) entered blocking state
2026-04-30T18:28:10.241211+00:00 p5-xr2 kernel: [1544980.007577] cni0: port 10(veth3672a38a) entered disabled state
2026-04-30T18:29:47.525184+00:00 p5-xr2 kernel: [1545077.287592] cni0: port 10(veth9806b74a) entered disabled state
2026-04-30T18:29:47.529287+00:00 p5-xr2 kernel: [1545077.291647] IPv6: ADDRCONF(NETDEV_CHANGE): veth9806b74a: link becomes ready
2026-04-30T18:30:07.525176+00:00 p5-xr2 kernel: [1545097.288958] device veth9806b74a left promiscuous mode
2026-04-30T18:30:19.497213+00:00 p5-xr2 kernel: [1545109.256865] IPv6: ADDRCONF(NETDEV_CHANGE): eth0: link becomes ready
2026-04-30T18:30:19.497230+00:00 p5-xr2 kernel: [1545109.257005] cni0: port 10(veth85a09fb6) entered blocking state
2026-04-30T18:30:19.497238+00:00 p5-xr2 kernel: [1545109.257008] cni0: port 10(veth85a09fb6) entered forwarding state
2026-04-30T18:37:00.437180+00:00 p5-xr2 kernel: [1545510.178800] IPv6: ADDRCONF(NETDEV_CHANGE): veth631d7abb: link becomes ready
2026-04-30T18:37:00.437194+00:00 p5-xr2 kernel: [1545510.178902] cni0: port 10(veth631d7abb) entered forwarding state
2026-04-30T18:46:45.681205+00:00 p5-xr2 kernel: [1546095.398524] cni0: port 10(veth64ee9893) entered blocking state
2026-04-30T18:46:45.681220+00:00 p5-xr2 kernel: [1546095.398530] cni0: port 10(veth64ee9893) entered disabled state
2026-04-30T18:46:45.681221+00:00 p5-xr2 kernel: [1546095.398679] device veth64ee9893 entered promiscuous mode
2026-04-30T18:47:04.673197+00:00 p5-xr2 kernel: [1546114.389776] cni0: port 10(veth64ee9893) entered disabled state
2026-04-30T18:48:42.341207+00:00 p5-xr2 kernel: [1546212.052248] device veth53abda35 entered promiscuous mode
2026-04-30T18:48:42.353224+00:00 p5-xr2 kernel: [1546212.062299] IPv6: ADDRCONF(NETDEV_CHANGE): veth53abda35: link becomes ready
2026-04-30T18:48:42.353238+00:00 p5-xr2 kernel: [1546212.062399] cni0: port 10(veth53abda35) entered forwarding state
2026-04-30T18:53:12.445186+00:00 p5-xr2 kernel: [1546482.144954] cni0: port 10(veth3f9ff299) entered disabled state
2026-04-30T18:53:12.449189+00:00 p5-xr2 kernel: [1546482.148664] IPv6: ADDRCONF(NETDEV_CHANGE): eth0: link becomes ready
2026-04-30T18:53:48.929195+00:00 p5-xr2 kernel: [1546518.627887] cni0: port 10(vethd943054a) entered forwarding state
2026-04-30T19:10:27.413184+00:00 p5-xr2 kernel: [1547517.066076] cni0: port 10(veth5e44686b) entered blocking state
2026-04-30T19:10:42.233196+00:00 p5-xr2 kernel: [1547531.885695] cni0: port 10(veth5e44686b) entered disabled state
2026-04-30T19:27:14.105169+00:00 p5-xr2 kernel: [1548523.709214] device veth3abe6382 left promiscuous mode
2026-04-30T19:29:39.245183+00:00 p5-xr2 kernel: [1548668.843390] device vethafa43fbb left promiscuous mode
2026-04-30T19:30:02.197217+00:00 p5-xr2 kernel: [1548691.795630] cni0: port 10(veth7f1da43b) entered disabled state
2026-04-30T19:30:25.317176+00:00 p5-xr2 kernel: [1548714.914258] IPv6: ADDRCONF(NETDEV_CHANGE): veth9a30c452: link becomes ready
2026-04-30T19:32:21.129188+00:00 p5-xr2 kernel: [1548830.719121] cni0: port 10(veth1d437a68) entered disabled state
2026-04-30T19:32:21.137170+00:00 p5-xr2 kernel: [1548830.728268] device veth1d437a68 left promiscuous mode
2026-04-30T19:54:26.369223+00:00 p5-xr2 kernel: [1550155.898054] IPv6: ADDRCONF(NETDEV_CHANGE): eth0: link becomes ready
2026-04-30T19:56:29.161177+00:00 p5-xr2 kernel: [1550278.687215] cni0: port 10(veth6164ff6f) entered blocking state
