2026-04-30 01:11:27.120278[ERR] tamsvcs_tamm: [1373] 
*
*
* Starting tamsvcs_tamm process...
*
*
*
2026-04-30 01:11:27.120308[INFO] tamsvcs_tamm: [1373] TAM sync is NOT enabled for this platform
2026-04-30 01:11:27.120318[INFO] tamsvcs_tamm: [1373] TAM entropy is NOT enabled for this platform
2026-04-30 01:11:27.335271[INFO] tamsvcs_tamm: [1373] Successfully registered with sysmgr for proc_role change
2026-04-30 01:11:27.337286[INFO] tamsvcs_tamm: [1373] tams_proc started 1466
2026-04-30 01:11:27.337336[INFO] tamsvcs_tamm: [1373] Creating TAM:XRD_TAMDB of type:2
2026-04-30 01:11:27.337353[INFO] tamsvcs_tamm: [1373] Registering device :XRD_TAMDB Type:2 
2026-04-30 01:11:28.672817[INFO] tamsvcs_tamm: [1373] cmd type: TAMM_CMD_REGISTER_DEVICE
2026-04-30 01:11:28.672865[INFO] tamsvcs_tamm: [1373] Parsing TAMM_CMD_REGISTER_DEVICE Rsp status: TAM_SUCCESS
2026-04-30 01:11:28.724020[INFO] tamsvcs_tamm: [1373] cmd type: TAMM_CMD_REGISTER_DEVICE
2026-04-30 01:11:28.724070[INFO] tamsvcs_tamm: [1373] Parsing TAMM_CMD_REGISTER_DEVICE Rsp status: TAM_SUCCESS
2026-04-30 01:11:28.724097[INFO] tamsvcs_tamm: [1373] cmd type: TAMM_CMD_REGISTER_DEVICE
2026-04-30 01:11:28.724131[INFO] tamsvcs_tamm: [1373] Parsing TAMM_CMD_REGISTER_DEVICE Rsp status: TAM_SUCCESS
2026-04-30 01:11:28.724138[INFO] tamsvcs_tamm: [1373] Register device response TAM_SUCCESS
2026-04-30 01:11:28.725124[INFO] tamsvcs_tamm: [1373] Successfully registered device XRD_TAMDB Type: 2
2026-04-30 01:11:28.730058[INFO] tamsvcs_tamm: [1373] cmd type: TAMM_CMD_REGISTER_APP
2026-04-30 01:11:28.730103[INFO] tamsvcs_tamm: [1373] Parsing TAMM_CMD_REGISTER_APP Rsp status: TAM_SUCCESS
2026-04-30 01:11:28.785002[INFO] tamsvcs_tamm: [1373] cmd type: TAMM_CMD_REGISTER_APP
2026-04-30 01:11:28.785050[INFO] tamsvcs_tamm: [1373] Parsing TAMM_CMD_REGISTER_APP Rsp status: TAM_SUCCESS
2026-04-30 01:11:28.785240[INFO] tamsvcs_tamm: [1373] cmd type: TAMM_CMD_REGISTER_APP
2026-04-30 01:11:28.785283[INFO] tamsvcs_tamm: [1373] Parsing TAMM_CMD_REGISTER_APP Rsp status: TAM_SUCCESS
2026-04-30 01:11:28.793260[INFO] tamsvcs_tamm: [1373] cmd type: TAMM_CMD_APP_SET_ATTR
2026-04-30 01:11:28.793304[INFO] tamsvcs_tamm: [1373] Parsing TAMM_CMD_APP_SET_ATTR Rsp status: TAM_SUCCESS
2026-04-30 01:11:28.866112[INFO] tamsvcs_tamm: [1373] cmd type: TAMM_CMD_APP_SET_ATTR
2026-04-30 01:11:28.866188[INFO] tamsvcs_tamm: [1373] Parsing TAMM_CMD_APP_SET_ATTR Rsp status: TAM_SUCCESS
2026-04-30 01:11:28.866223[INFO] tamsvcs_tamm: [1373] cmd type: TAMM_CMD_APP_SET_ATTR
2026-04-30 01:11:28.866276[INFO] tamsvcs_tamm: [1373] Parsing TAMM_CMD_APP_SET_ATTR Rsp status: TAM_SUCCESS
2026-04-30 01:11:28.873253[INFO] tamsvcs_tamm: [1373] cmd type: TAMM_CMD_REGISTER_APP
2026-04-30 01:11:28.873332[INFO] tamsvcs_tamm: [1373] Parsing TAMM_CMD_REGISTER_APP Rsp status: TAM_SUCCESS
2026-04-30 01:11:28.940242[INFO] tamsvcs_tamm: [1373] cmd type: TAMM_CMD_REGISTER_APP
2026-04-30 01:11:28.940286[INFO] tamsvcs_tamm: [1373] Parsing TAMM_CMD_REGISTER_APP Rsp status: TAM_SUCCESS
2026-04-30 01:11:28.940309[INFO] tamsvcs_tamm: [1373] cmd type: TAMM_CMD_REGISTER_APP
2026-04-30 01:11:28.940341[INFO] tamsvcs_tamm: [1373] Parsing TAMM_CMD_REGISTER_APP Rsp status: TAM_SUCCESS
2026-04-30 01:11:28.942781[INFO] tamsvcs_tamm: [1373] cmd type: TAMM_CMD_APP_SET_ATTR
2026-04-30 01:11:28.942825[INFO] tamsvcs_tamm: [1373] Parsing TAMM_CMD_APP_SET_ATTR Rsp status: TAM_SUCCESS
2026-04-30 01:11:29.4347Z[INFO] tamsvcs_tamm: [1373] cmd type: TAMM_CMD_APP_SET_ATTR
2026-04-30 01:11:29.4389Z[INFO] tamsvcs_tamm: [1373] Parsing TAMM_CMD_APP_SET_ATTR Rsp status: TAM_SUCCESS
2026-04-30 01:11:29.4410Z[INFO] tamsvcs_tamm: [1373] cmd type: TAMM_CMD_APP_SET_ATTR
2026-04-30 01:11:29.4443Z[INFO] tamsvcs_tamm: [1373] Parsing TAMM_CMD_APP_SET_ATTR Rsp status: TAM_SUCCESS
2026-04-30 01:11:29.12587Z[INFO] tamsvcs_tamm: [1373] cmd type: TAMM_CMD_REGISTER_APP
2026-04-30 01:11:29.12635Z[INFO] tamsvcs_tamm: [1373] Parsing TAMM_CMD_REGISTER_APP Rsp status: TAM_SUCCESS
2026-04-30 01:11:29.106407[INFO] tamsvcs_tamm: [1373] cmd type: TAMM_CMD_REGISTER_APP
2026-04-30 01:11:29.106480[INFO] tams2026-04-30 01:11:28.29038Z[INFO] tams_proc: [1466] Opened TAMS Client local listener on fd=85
2026-04-30 01:11:28.29153Z[INFO] tams_proc: [1466] Opened TAMS Client TCP listener on 192.0.0.4:7000 fd=88
2026-04-30 01:11:28.29183Z[INFO] tams_proc: [1466] Opened TAMS Mgmt local listener on fd=93
2026-04-30 01:11:28.29233Z[INFO] tams_proc: [1466] tams_proc Version:ciscotamservices 12.1.0
2026-04-30 01:11:28.134786[INFO] tams_proc: [1466] cmd type: TAMM_CMD_REGISTER_DEVICE
2026-04-30 01:11:28.134847[INFO] tams_proc: [1466] Parsing TAMM_CMD_REGISTER_DEVICE Req status: TAM_SUCCESS
2026-04-30 01:11:28.139071[INFO] tams_proc: [1466] tamd_proc_pid = 1512
2026-04-30 01:11:28.671649[INFO] tams_proc: [1466] Processing TAMM_CMD_REGISTER_DEVICE Req status: TAM_SUCCESS
2026-04-30 01:11:28.722805[INFO] tams_proc: [1466] cmd type: TAMD_CMD_AUTHENTICATE_DEVICE
2026-04-30 01:11:28.722863[INFO] tams_proc: [1466] Parsing TAMD_CMD_AUTHENTICATE_DEVICE Rsp status: TAM_SUCCESS
2026-04-30 01:11:28.722896[INFO] tams_proc: [1466] Processing TAMD_CMD_AUTHENTICATE_DEVICE Rsp status: TAM_SUCCESS
2026-04-30 01:11:28.726700[INFO] tams_proc: [1466] cmd type: TAMM_CMD_REGISTER_APP
2026-04-30 01:11:28.726789[INFO] tams_proc: [1466] Parsing TAMM_CMD_REGISTER_APP Req status: TAM_SUCCESS
2026-04-30 01:11:28.728952[INFO] tams_proc: [1466] Processing TAMM_CMD_REGISTER_APP Req status: TAM_SUCCESS_IN_PROCESS
2026-04-30 01:11:28.780020[INFO] tams_proc: [1466] cmd type: TAMD_CMD_REGISTER_APP
2026-04-30 01:11:28.780065[INFO] tams_proc: [1466] Parsing TAMD_CMD_REGISTER_APP Rsp status: TAM_SUCCESS
2026-04-30 01:11:28.780103[INFO] tams_proc: [1466] Processing TAMD_CMD_REGISTER_APP Rsp status: TAM_SUCCESS
2026-04-30 01:11:28.787526[INFO] tams_proc: [1466] cmd type: TAMM_CMD_APP_SET_ATTR
2026-04-30 01:11:28.787605[INFO] tams_proc: [1466] Parsing TAMM_CMD_APP_SET_ATTR Req status: TAM_SUCCESS
2026-04-30 01:11:28.787682[INFO] tams_proc: [1466] Processing TAMM_CMD_APP_SET_ATTR Req status: TAM_SUCCESS_IN_PROCESS
2026-04-30 01:11:28.864059[INFO] tams_proc: [1466] cmd type: TAMD_CMD_APP_SET_ATTR
2026-04-30 01:11:28.864120[INFO] tams_proc: [1466] Parsing TAMD_CMD_APP_SET_ATTR Rsp status: TAM_SUCCESS
2026-04-30 01:11:28.864165[INFO] tams_proc: [1466] Processing TAMD_CMD_APP_SET_ATTR Rsp status: TAM_SUCCESS
2026-04-30 01:11:28.867877[INFO] tams_proc: [1466] cmd type: TAMM_CMD_REGISTER_APP
2026-04-30 01:11:28.868002[INFO] tams_proc: [1466] Parsing TAMM_CMD_REGISTER_APP Req status: TAM_SUCCESS
2026-04-30 01:11:28.870403[INFO] tams_proc: [1466] Processing TAMM_CMD_REGISTER_APP Req status: TAM_SUCCESS_IN_PROCESS
2026-04-30 01:11:28.939053[INFO] tams_proc: [1466] cmd type: TAMD_CMD_REGISTER_APP
2026-04-30 01:11:28.939098[INFO] tams_proc: [1466] Parsing TAMD_CMD_REGISTER_APP Rsp status: TAM_SUCCESS
2026-04-30 01:11:28.939125[INFO] tams_proc: [1466] Processing TAMD_CMD_REGISTER_APP Rsp status: TAM_SUCCESS
2026-04-30 01:11:28.941539[INFO] tams_proc: [1466] cmd type: TAMM_CMD_APP_SET_ATTR
2026-04-30 01:11:28.941613[INFO] tams_proc: [1466] Parsing TAMM_CMD_APP_SET_ATTR Req status: TAM_SUCCESS
2026-04-30 01:11:28.941678[INFO] tams_proc: [1466] Processing TAMM_CMD_APP_SET_ATTR Req status: TAM_SUCCESS_IN_PROCESS
2026-04-30 01:11:29.3169Z[INFO] tams_proc: [1466] cmd type: TAMD_CMD_APP_SET_ATTR
2026-04-30 01:11:29.3215Z[INFO] tams_proc: [1466] Parsing TAMD_CMD_APP_SET_ATTR Rsp status: TAM_SUCCESS
2026-04-30 01:11:29.3239Z[INFO] tams_proc: [1466] Processing TAMD_CMD_APP_SET_ATTR Rsp status: TAM_SUCCESS
2026-04-30 01:11:29.9046Z[INFO] tams_proc: [1466] cmd type: TAMM_CMD_REGISTER_APP
2026-04-30 01:11:29.9145Z[INFO] tams_proc: [1466] Parsing TAMM_CMD_REGISTER_APP Req status: TAM_SUCCESS
2026-04-30 01:11:29.11413Z[INFO] tams_proc: [1466] Processing TAMM_CMD_REGISTER_APP Req status: TAM_SUCCESS_IN_PROCESS
2026-04-30 01:11:29.105193[INFO] tams_proc: [1466] cmd type: TAMD_CMD_REGISTER_APP
2026-04-30 01:11:29.105243[INFO] tams_proc: [1466] Parsing TAMD_CMD_REGISTER_APP Rsp status: TAM_SUCCESS
2026-04-30 01:11:29.105270[INFO] tams_proc: [1466] Processing TAMD_CMD_REGISTER_APP Rsp status: TAM_SUCCESS
2026-04-30 01:11:29.107903[INFO] tams_proc: [1466] cmd type: TAMM_CMD_APP_SET_ATTR
2026-04-30 01:11:29.108040[INFO] tams_proc: [1466] Parsing TAMM_CMD_APP_SET_ATTR Req status: TAM_SUCCESS
2026-04-30 01:11:29.108135[INFO] tams_proc: [1466] Processing TAMM_CMD_APP_SET_ATTR Req status: TAM_SUCCESS_IN_PROCESS
2026-04-30 01:11:29.183070[INFO] tams_proc: [1466] cmd type: TAMD_CMD_APP_SET_ATTR
2026-04-30 01:11:29.183102[INFO] tams_proc: [1466] Parsing TAMD_CMD_APP_SET_ATTR Rsp status: TAM_SUCCESS
2026-04-30 01:11:29.183120[INFO] tams_proc: [1466] Processing TAMD_CMD_APP_SET_ATTR Rsp status: TAM_SUCCESS
2026-04-30 01:11:29.187643[INFO] tams_proc: [1466] cmd type: TAMC_CMD_APP_LOGIN
2026-04-30 01:11:29.187707[INFO] tams_proc: [1466] Parsing TAMC_CMD_APP_LOGIN Req status: TAM_SUCCESS
2026-04-30 01:11:29.194920[INFO] tams_proc: [1466] Processing TAMC_CMD_APP_LOGIN Req status: TAM_SUCCESS
2026-04-30 01:11:29.211737[INFO] tams_proc: [1466] cmd type: TAMC_CMD_APP_LOGIN
2026-04-30 01:11:29.211820[INFO] tams_proc: [1466] Parsing TAMC_CMD_APP_LOGIN Req status: TAM_SUCCESS
2026-04-30 01:11:29.211940[INFO] tams_proc: [1466] Processing TAMC_CMD_APP_LOGIN Req status: TAM_SUCCESS_IN_PROCESS
2026-04-30 01:11:29.235881[INFO] tams_proc: [1466] cmd type: TAMD_CMD_DEVICE_BIND
2026-04-30 01:11:29.235964[INFO] tams_proc: [1466] Parsing TAMD_CMD_DEVICE_BIND Rsp status: TAM_SUCCESS
2026-04-30 01:11:29.236128[INFO] tams_proc: [1466] Processing TAMD_CMD_DEVICE_BIND Rsp status: TAM_SUCCESS
2026-04-30 01:11:29.238581[INFO] tams_proc: [1466] cmd type: TAMC_CMD_SO_DELETE
2026-04-30 01:11:29.238730[INFO] tams_proc: [1466] Parsing TAMC_CMD_SO_DELETE Req status: TAM_SUCCESS
2026-04-30 01:11:29.238855[INFO] tams_proc: [1466] Processing TAMC_CMD_SO_DELETE Req status: TAM_SUCCESS
2026-04-30 01:11:29.282931[INFO] tams_proc: [1466] cmd type: TAMD_CMD_GET_SO_DELETE
2026-04-30 01:11:29.283015[INFO] tams_proc: [1466] Parsing TAMD_CMD_GET_SO_DELETE Rsp status: TAM_SUCCESS
2026-04-30 01:11:29.283095[INFO] tams_proc: [1466] Processing TAMD_CMD_GET_SO_DELETE Rsp status: TAM_SUCCESS
2026-04-30 01:11:29.285504[INFO] tams_proc: [1466] cmd type: TAMC_CMD_SO_CREATE
2026-04-30 01:11:29.285730[INFO] tams_proc: [1466] Parsing TAMC_CMD_SO_CREATE Req status: TAM_SUCCESS
2026-04-30 01:11:29.285899[INFO] tams_proc: [1466] Processing TAMC_CMD_SO_CREATE Req status: TAM_SUCCESS
2026-04-30 01:11:29.350565[INFO] tams_proc: [1466] cmd type: TAMD_CMD_GET_SO_CREATE
2026-04-30 01:11:29.350617[INFO] tams_proc: [1466] Parsing TAMD_CMD_GET_SO_CREATE Rsp status: TAM_SUCCESS
2026-04-30 01:11:29.350679[INFO] tams_proc: [1466] Processing TAMD_CMD_GET_SO_CREATE Rsp status: TAM_SUCCESS
2026-04-30 01:11:29.352970[INFO] tams_proc: [1466] cmd type: TAMC_CMD_SO_WRITE
2026-04-30 01:11:29.353104[INFO] tams_proc: [1466] Parsing TAMC_CMD_SO_WRITE Req status: TAM_SUCCESS
2026-04-30 01:11:29.353202[INFO] tams_proc: [1466] Processing TAMC_CMD_SO_WRITE Req status: TAM_SUCCESS
2026-04-30 01:11:29.380077[INFO] tams_proc: [1466] cmd type: TAMD_CMD_GET_SO_WRITE
2026-04-30 01:11:29.380120[INFO] tams_proc: [1466] Parsing TAMD_CMD_GET_SO_WRITE Rsp status: TAM_SUCCESS
2026-04-30 01:11:29.380173[INFO] tams_proc: [1466] Processing TAMD_CMD_GET_SO_WRITE Rsp status: TAM_SUCCESS
2026-04-30 01:11:29.382459[INFO] tams_proc: [1466] cmd type: TAMC_CMD_SO_READ
2026-04-30 01:11:29.382562[INFO] tams_proc: [1466] Parsing TAMC_CMD_SO_READ Req status: TAM_SUCCESS
2026-04-30 01:11:29.382660[INFO] tams_proc: [1466] Processing TAMC_CMD_SO_READ Req status: TAM_SUCCESS
2026-04-30 01:11:29.403967[INFO] tams_proc: [1466] cmd type: TAMD_CMD_GET_SO_READ
2026-04-30 01:11:29.404013[INFO] tams_proc: [1466] Parsing TAMD_CMD_GET_SO_READ Rsp status: TAM_SUCCESS
2026-04-30 01:11:29.404057[INFO] tams_proc: [1466] Processing TAMD_CMD_GET_SO_READ Rsp status: TAM_SUCCESS
2026-04-30 01:11:29.406882[INFO] tams_proc: [1466] cmd type: TAMC_CMD_SO_DELETE
2026-04-30 01:11:29.406979[INFO] tams_proc: [1466] Parsing TAMC_CMD_SO_DELETE Req status: TAM_SUCCESS
2026-04-30 01:11:29.407056[INFO] tams_proc: [1466] Processing TAMC_CMD_SO_DELETE Req status: TAM_SUCCESS
2026-04-30 01:11:29.463425[INFO] tams_proc: [1466] cmd type: TAMD_CMD_GET_SO_DELETE
2026-04-30 01:11:29.463495[INFO] tams_proc: [1466] Parsing TAMD_CMD_GET_SO_DELETE Rsp status: TAM_SUCCESS
2026-04-30 01:11:29.463560[INFO] tams_proc: [1466] Processing TAMD_CMD_GET_SO_DELETE Rsp status: TAM_SUCCESS
2026-04-30 01:11:29.465843[INFO] tams_proc: [1466] cmd type: TAMC_CMD_APP_LOGOUT
2026-04-30 01:11:29.465908[INFO] tams_proc: [1466] Parsing TAMC_CMD_APP_LOGOUT Req status: TAM_SUCCESS
2026-04-30 01:11:29.465988[INFO] tams_proc: [1466] Processing TAMC_CMD_APP_LOGOUT Req status: TAM_SUCCESS
2026-04-30 01:11:29.473034[INFO] tams_proc: [1466] cmd type: TAMC_CMD_APP_LOGIN
2026-04-30 01:11:29.473118[INFO] tams_proc: [1466] Parsing TAMC_CMD_APP_LOGIN Req status: TAM_SUCCESS
2026-04-30 01:11:29.484697[INFO] tams_proc: [1466] Processing TAMC_CMD_APP_LOGIN Req status: TAM_SUCCESS
2026-04-30 01:11:29.496462[INFO] tams_proc: [1466] cmd type: TAMC_CMD_APP_LOGIN
2026-04-30 01:11:29.496495[INFO] tams_proc: [1466] Parsing TAMC_CMD_APP_LOGIN Req status: TAM_SUCCESS
2026-04-30 01:11:29.496548[INFO] tams_proc: [1466] Processing TAMC_CMD_APP_LOGIN Req status: TAM_SUCCESS_IN_PROCESS
2026-04-30 01:11:29.540251[INFO] tams_proc: [1466] cmd type: TAMD_CMD_DEVICE_BIND
2026-04-30 01:11:29.540307[INFO] tams_proc: [1466] Parsing TAMD_CMD_DEVICE_BIND Rsp status: TAM_SUCCESS
2026-04-30 01:11:29.540415[INFO] tams_proc: [1466] Processing TAMD_CMD_DEVICE_BIND Rsp status: TAM_SUCCESS
2026-04-30 01:11:29.542670[INFO] tams_proc: [1466] cmd type: TAMC_CMD_SO_DELETE
2026-04-30 01:11:29.542778[INFO] tams_proc: [1466] Parsing TAMC_CMD_SO_DELETE Req status: TAM_SUCCESS
2026-04-30 01:11:29.542952[INFO] tams_proc: [1466] Processing TAMC_CMD_SO_DELETE Req status: TAM_SUCCESS
2026-04-30 01:11:29.588067[INFO] tams_proc: [1466] cmd type: TAMD_CMD_GET_SO_DELETE
2026-04-30 01:11:29.588152[INFO] tams_proc: [1466] Parsing TAMD_CMD_GET_SO_DELETE Rsp status: TAM_SUCCESS
2026-04-30 01:11:29.588243[INFO] tams_proc: [1466] Processing TAMD_CMD_GET_SO_DELETE Rsp status: TAM_SUCCESS
2026-04-30 01:11:29.592071[INFO] tams_proc: [1466] cmd type: TAMC_CMD_SO_CREATE
2026-04-30 01:11:29.592282[INFO] tams_proc: [1466] Parsing TAMC_CMD_SO_CREATE Req status: TAM_SUCCESS
2026-04-30 01:11:29.592418[INFO] tams_proc: [1466] Processing TAMC_CMD_SO_CREATE Req status: TAM_SUCCESS
2026-04-30 01:11:29.694189[INFO] tams_proc: [1466] cmd type: TAMD_CMD_GET_SO_CREATE
2026-04-30 01:11:29.694236[INFO] tams_proc: [1466] Parsing TAMD_CMD_GET_SO_CREATE Rsp status: TAM_SUCCESS
2026-04-30 01:11:29.694269[INFO] tams_proc: [1466] Processing TAMD_CMD_GET_SO_CREATE Rsp status: TAM_SUCCESS
2026-04-30 01:11:29.696589[INFO] tams_proc: [1466] cmd type: TAMC_CMD_SO_WRITE
2026-04-30 01:11:29.696713[INFO] tams_proc: [1466] Parsing TAMC_CMD_SO_WRITE Req status: TAM_SUCCESS
2026-04-30 01:11:29.696786[INFO] tams_proc: [1466] Processing TAMC_CMD_SO_WRITE Req status: TAM_SUCCESS
2026-04-30 01:11:29.723376[INFO] tams_proc: [1466] cmd type: TAMD_CMD_GET_SO_WRITE
2026-04-30 01:11:29.723410[INFO] tams_proc: [1466] Parsing TAMD_CMD_GET_SO_WRITE Rsp status: TAM_SUCCESS
2026-04-30 01:11:29.723460[INFO] tams_proc: [1466] Processing TAMD_CMD_GET_SO_WRITE Rsp status: TAM_SUCCESS
2026-04-30 01:11:29.725864[INFO] tams_proc: [1466] cmd type: TAMC_CMD_SO_READ
2026-04-30 01:11:29.725950[INFO] tams_proc: [1466] Parsing TAMC_CMD_SO_READ Req status: TAM_SUCCESS
2026-04-30 01:11:29.726037[INFO] tams_proc: [1466] Processing TAMC_CMD_SO_READ Req status: TAM_SUCCESS
2026-04-30 01:11:29.748041[INFO] tams_proc: [1466] cmd type: TAMD_CMD_GET_SO_READ
2026-04-30 01:11:29.748090[INFO] tams_proc: [1466] Parsing TAMD_CMD_GET_SO_READ Rsp status: TAM_SUCCESS
2026-04-30 01:11:29.748116[INFO] tams_proc: [1466] Processing TAMD_CMD_GET_SO_READ Rsp status: TAM_SUCCESS
2026-04-30 01:11:29.750436[INFO] tams_proc: [1466] cmd type: TAMC_CMD_SO_DELETE
2026-04-30 01:11:29.750549[INFO] tams_proc: [1466] Parsing TAMC_CMD_SO_DELETE Req status: TAM_SUCCESS
2026-04-30 01:11:29.750630[INFO] tams_proc: [1466] Processing TAMC_CMD_SO_DELETE Req status: TAM_SUCCESS
2026-04-30 01:11:29.80482026-04-30 01:11:28.672933[INFO] tamd_proc: [1512] cmd type: TAMD_CMD_AUTHENTICATE_DEVICE
2026-04-30 01:11:28.721735[INFO] tamd_proc: [1512] Processing TAMD_CMD_AUTHENTICATE_DEVICE Req status: TAM_SUCCESS
2026-04-30 01:11:28.730179[INFO] tamd_proc: [1512] cmd type: TAMD_CMD_REGISTER_APP
2026-04-30 01:11:28.778891[INFO] tamd_proc: [1512] Processing TAMD_CMD_REGISTER_APP Req status: TAM_SUCCESS
2026-04-30 01:11:28.793338[INFO] tamd_proc: [1512] cmd type: TAMD_CMD_APP_SET_ATTR
2026-04-30 01:11:28.862571[INFO] tamd_proc: [1512] Processing TAMD_CMD_APP_SET_ATTR Req status: TAM_SUCCESS
2026-04-30 01:11:28.873116[INFO] tamd_proc: [1512] cmd type: TAMD_CMD_REGISTER_APP
2026-04-30 01:11:28.937988[INFO] tamd_proc: [1512] Processing TAMD_CMD_REGISTER_APP Req status: TAM_SUCCESS
2026-04-30 01:11:28.942862[INFO] tamd_proc: [1512] cmd type: TAMD_CMD_APP_SET_ATTR
2026-04-30 01:11:29.2106Z[INFO] tamd_proc: [1512] Processing TAMD_CMD_APP_SET_ATTR Req status: TAM_SUCCESS
2026-04-30 01:11:29.12666Z[INFO] tamd_proc: [1512] cmd type: TAMD_CMD_REGISTER_APP
2026-04-30 01:11:29.104123[INFO] tamd_proc: [1512] Processing TAMD_CMD_REGISTER_APP Req status: TAM_SUCCESS
2026-04-30 01:11:29.109504[INFO] tamd_proc: [1512] cmd type: TAMD_CMD_APP_SET_ATTR
2026-04-30 01:11:29.182011[INFO] tamd_proc: [1512] Processing TAMD_CMD_APP_SET_ATTR Req status: TAM_SUCCESS
2026-04-30 01:11:29.213299[INFO] tamd_proc: [1512] cmd type: TAMD_CMD_DEVICE_BIND
2026-04-30 01:11:29.234782[INFO] tamd_proc: [1512] Processing TAMD_CMD_DEVICE_BIND Req status: TAM_SUCCESS
2026-04-30 01:11:29.240152[INFO] tamd_proc: [1512] cmd type: TAMD_CMD_GET_SO_DELETE
2026-04-30 01:11:29.278845[INFO] tamd_proc: [1512] Processing TAMD_CMD_GET_SO_DELETE Req status: TAM_SUCCESS
2026-04-30 01:11:29.287047[INFO] tamd_proc: [1512] cmd type: TAMD_CMD_GET_SO_CREATE
2026-04-30 01:11:29.348134[INFO] tamd_proc: [1512] Processing TAMD_CMD_GET_SO_CREATE Req status: TAM_SUCCESS
2026-04-30 01:11:29.354382[INFO] tamd_proc: [1512] cmd type: TAMD_CMD_GET_SO_WRITE
2026-04-30 01:11:29.378429[INFO] tamd_proc: [1512] Processing TAMD_CMD_GET_SO_WRITE Req status: TAM_SUCCESS
2026-04-30 01:11:29.383844[INFO] tamd_proc: [1512] cmd type: TAMD_CMD_GET_SO_READ
2026-04-30 01:11:29.402873[INFO] tamd_proc: [1512] Processing TAMD_CMD_GET_SO_READ Req status: TAM_SUCCESS
2026-04-30 01:11:29.408194[INFO] tamd_proc: [1512] cmd type: TAMD_CMD_GET_SO_DELETE
2026-04-30 01:11:29.462327[INFO] tamd_proc: [1512] Processing TAMD_CMD_GET_SO_DELETE Req status: TAM_SUCCESS
2026-04-30 01:11:29.498396[INFO] tamd_proc: [1512] cmd type: TAMD_CMD_DEVICE_BIND
2026-04-30 01:11:29.538368[INFO] tamd_proc: [1512] Processing TAMD_CMD_DEVICE_BIND Req status: TAM_SUCCESS
2026-04-30 01:11:29.544020[INFO] tamd_proc: [1512] cmd type: TAMD_CMD_GET_SO_DELETE
2026-04-30 01:11:29.586944[INFO] tamd_proc: [1512] Processing TAMD_CMD_GET_SO_DELETE Req status: TAM_SUCCESS
2026-04-30 01:11:29.593684[INFO] tamd_proc: [1512] cmd type: TAMD_CMD_GET_SO_CREATE
2026-04-30 01:11:29.693049[INFO] tamd_proc: [1512] Processing TAMD_CMD_GET_SO_CREATE Req status: TAM_SUCCESS
2026-04-30 01:11:29.698521[INFO] tamd_proc: [1512] cmd type: TAMD_CMD_GET_SO_WRITE
2026-04-30 01:11:29.720360[INFO] tamd_proc: [1512] Processing TAMD_CMD_GET_SO_WRITE Req status: TAM_SUCCESS
2026-04-30 01:11:29.731810[INFO] tamd_proc: [1512] cmd type: TAMD_CMD_GET_SO_READ
2026-04-30 01:11:29.746897[INFO] tamd_proc: [1512] Processing TAMD_CMD_GET_SO_READ Req status: TAM_SUCCESS
2026-04-30 01:11:29.753764[INFO] tamd_proc: [1512] cmd type: TAMD_CMD_GET_SO_DELETE
2026-04-30 01:11:29.803721[INFO] tamd_proc: [1512] Processing TAMD_CMD_GET_SO_DELETE Req status: TAM_SUCCESS
2026-04-30 01:11:29.832290[INFO] tamd_proc: [1512] cmd type: TAMD_CMD_DEVICE_BIND
2026-04-30 01:11:29.850644[INFO] tamd_proc: [1512] Processing TAMD_CMD_DEVICE_BIND Req status: TAM_SUCCESS
2026-04-30 01:11:29.855623[INFO] tamd_proc: [1512] cmd type: TAMD_CMD_GET_SO_DELETE
2026-04-30 01:11:29.877525[INFO] tamd_proc: [1512] Processing TAMD_CMD_GET_SO_DELETE Req status: TAM_SUCCESS
2026-04-30 01:11:29.882241[INFO] tamd_proc: [1512] cmd type: TAMD_CM16[INFO] tams_proc: [1466] cmd type: TAMD_CMD_GET_SO_DELETE
2026-04-30 01:11:29.804885[INFO] tams_proc: [1466] Parsing TAMD_CMD_GET_SO_DELETE Rsp status: TAM_SUCCESS
2026-04-30 01:11:29.804921[INFO] tams_proc: [1466] Processing TAMD_CMD_GET_SO_DELETE Rsp status: TAM_SUCCESS
2026-04-30 01:11:29.807238[INFO] tams_proc: [1466] cmd type: TAMC_CMD_APP_LOGOUT
2026-04-30 01:11:29.807301[INFO] tams_proc: [1466] Parsing TAMC_CMD_APP_LOGOUT Req status: TAM_SUCCESS
2026-04-30 01:11:29.807360[INFO] tams_proc: [1466] Processing TAMC_CMD_APP_LOGOUT Req status: TAM_SUCCESS
2026-04-30 01:11:29.811715[INFO] tams_proc: [1466] cmd type: TAMC_CMD_APP_LOGIN
2026-04-30 01:11:29.811777[INFO] tams_proc: [1466] Parsing TAMC_CMD_APP_LOGIN Req status: TAM_SUCCESS
2026-04-30 01:11:29.820063[INFO] tams_proc: [1466] Processing TAMC_CMD_APP_LOGIN Req status: TAM_SUCCESS
2026-04-30 01:11:29.831014[INFO] tams_proc: [1466] cmd type: TAMC_CMD_APP_LOGIN
2026-04-30 01:11:29.831069[INFO] tams_proc: [1466] Parsing TAMC_CMD_APP_LOGIN Req status: TAM_SUCCESS
2026-04-30 01:11:29.831147[INFO] tams_proc: [1466] Processing TAMC_CMD_APP_LOGIN Req status: TAM_SUCCESS_IN_PROCESS
2026-04-30 01:11:29.851778[INFO] tams_proc: [1466] cmd type: TAMD_CMD_DEVICE_BIND
2026-04-30 01:11:29.851826[INFO] tams_proc: [1466] Parsing TAMD_CMD_DEVICE_BIND Rsp status: TAM_SUCCESS
2026-04-30 01:11:29.851905[INFO] tams_proc: [1466] Processing TAMD_CMD_DEVICE_BIND Rsp status: TAM_SUCCESS
2026-04-30 01:11:29.854147[INFO] tams_proc: [1466] cmd type: TAMC_CMD_SO_DELETE
2026-04-30 01:11:29.854260[INFO] tams_proc: [1466] Parsing TAMC_CMD_SO_DELETE Req status: TAM_SUCCESS
2026-04-30 01:11:29.854340[INFO] tams_proc: [1466] Processing TAMC_CMD_SO_DELETE Req status: TAM_SUCCESS
2026-04-30 01:11:29.878588[INFO] tams_proc: [1466] cmd type: TAMD_CMD_GET_SO_DELETE
2026-04-30 01:11:29.878630[INFO] tams_proc: [1466] Parsing TAMD_CMD_GET_SO_DELETE Rsp status: TAM_SUCCESS
2026-04-30 01:11:29.878659[INFO] tams_proc: [1466] Processing TAMD_CMD_GET_SO_DELETE Rsp status: TAM_SUCCESS
2026-04-30 01:11:29.880941[INFO] tams_proc: [1466] cmd type: TAMC_CMD_SO_CREATE
2026-04-30 01:11:29.881027[INFO] tams_proc: [1466] Parsing TAMC_CMD_SO_CREATE Req status: TAM_SUCCESS
2026-04-30 01:11:29.881111[INFO] tams_proc: [1466] Processing TAMC_CMD_SO_CREATE Req status: TAM_SUCCESS
2026-04-30 01:11:29.925487[INFO] tams_proc: [1466] cmd type: TAMD_CMD_GET_SO_CREATE
2026-04-30 01:11:29.925532[INFO] tams_proc: [1466] Parsing TAMD_CMD_GET_SO_CREATE Rsp status: TAM_SUCCESS
2026-04-30 01:11:29.925569[INFO] tams_proc: [1466] Processing TAMD_CMD_GET_SO_CREATE Rsp status: TAM_SUCCESS
2026-04-30 01:11:29.927972[INFO] tams_proc: [1466] cmd type: TAMC_CMD_SO_WRITE
2026-04-30 01:11:29.928086[INFO] tams_proc: [1466] Parsing TAMC_CMD_SO_WRITE Req status: TAM_SUCCESS
2026-04-30 01:11:29.928160[INFO] tams_proc: [1466] Processing TAMC_CMD_SO_WRITE Req status: TAM_SUCCESS
2026-04-30 01:11:29.948444[INFO] tams_proc: [1466] cmd type: TAMD_CMD_GET_SO_WRITE
2026-04-30 01:11:29.948491[INFO] tams_proc: [1466] Parsing TAMD_CMD_GET_SO_WRITE Rsp status: TAM_SUCCESS
2026-04-30 01:11:29.948524[INFO] tams_proc: [1466] Processing TAMD_CMD_GET_SO_WRITE Rsp status: TAM_SUCCESS
2026-04-30 01:11:29.950835[INFO] tams_proc: [1466] cmd type: TAMC_CMD_SO_READ
2026-04-30 01:11:29.950930[INFO] tams_proc: [1466] Parsing TAMC_CMD_SO_READ Req status: TAM_SUCCESS
2026-04-30 01:11:29.951007[INFO] tams_proc: [1466] Processing TAMC_CMD_SO_READ Req status: TAM_SUCCESS
2026-04-30 01:11:29.970744[INFO] tams_proc: [1466] cmd type: TAMD_CMD_GET_SO_READ
2026-04-30 01:11:29.970792[INFO] tams_proc: [1466] Parsing TAMD_CMD_GET_SO_READ Rsp status: TAM_SUCCESS
2026-04-30 01:11:29.970816[INFO] tams_proc: [1466] Processing TAMD_CMD_GET_SO_READ Rsp status: TAM_SUCCESS
2026-04-30 01:11:29.973056[INFO] tams_proc: [1466] cmd type: TAMC_CMD_SO_DELETE
2026-04-30 01:11:29.973194[INFO] tams_proc: [1466] Parsing TAMC_CMD_SO_DELETE Req status: TAM_SUCCESS
2026-04-30 01:11:29.973258[INFO] tams_proc: [1466] Processing TAMC_CMD_SO_DELETE Req status: TAM_SUCCESS
2026-04-30 01:11:30.10980Z[INFO] tams_proc: [1466] cmd type: TAMD_CMD_GET_SO_DELETE
2026-04-30 01:11:30.11032Z[INFO] tams_proc: [1466] Parsing TAMD_CMD_GET_SO_DELETE Rsp status: TAM_SUCCESS
2026-04-30 01:11:30.11083Z[INFO] tams_proc: [1466] Processing TAMD_CMD_GET_SO_DELETE Rsp status: TAM_SUCCESS
2026-04-30 01:11:30.13555Z[INFO] tams_proc: [1466] cmd type: TAMC_CMD_APP_LOGOUT
2026-04-30 01:11:30.13596Z[INFO] tams_proc: [1466] Parsing TAMC_CMD_APP_LOGOUT Req status: TAM_SUCCESS
2026-04-30 01:11:30.13638Z[INFO] tams_proc: [1466] Processing TAMC_CMD_APP_LOGOUT Req status: TAM_SUCCESS
2026-04-30 01:11:30.18110Z[INFO] tams_proc: [1466] cmd type: TAMM_CMD_VUDI_INIT
2026-04-30 01:11:30.18170Z[INFO] tams_proc: [1466] Parsing TAMM_CMD_VUDI_INIT Req status: TAM_SUCCESS
2026-04-30 01:11:30.18256Z[INFO] tams_proc: [1466] Processing TAMM_CMD_VUDI_INIT Req status: TAM_SUCCESS_IN_PROCESS
2026-04-30 01:11:30.105615[INFO] tams_proc: [1466] cmd type: TAMD_CMD_VUDI_INIT
2026-04-30 01:11:30.105658[INFO] tams_proc: [1466] Parsing TAMD_CMD_VUDI_INIT Rsp status: TAM_SUCCESS
2026-04-30 01:11:30.105688[INFO] tams_proc: [1466] Processing TAMD_CMD_VUDI_INIT Rsp status: TAM_SUCCESS
2026-04-30 01:11:30.110657[INFO] tams_proc: [1466] cmd type: TAMC_CMD_APP_LOGIN
2026-04-30 01:11:30.110856[INFO] tams_proc: [1466] Parsing TAMC_CMD_APP_LOGIN Req status: TAM_SUCCESS
2026-04-30 01:11:30.119084[INFO] tams_proc: [1466] Processing TAMC_CMD_APP_LOGIN Req status: TAM_SUCCESS
2026-04-30 01:11:30.130077[INFO] tams_proc: [1466] cmd type: TAMC_CMD_APP_LOGIN
2026-04-30 01:11:30.130108[INFO] tams_proc: [1466] Parsing TAMC_CMD_APP_LOGIN Req status: TAM_SUCCESS
2026-04-30 01:11:30.130161[INFO] tams_proc: [1466] Processing TAMC_CMD_APP_LOGIN Req status: TAM_SUCCESS_IN_PROCESS
2026-04-30 01:11:30.148859[INFO] tams_proc: [1466] cmd type: TAMD_CMD_DEVICE_BIND
2026-04-30 01:11:30.148901[INFO] tams_proc: [1466] Parsing TAMD_CMD_DEVICE_BIND Rsp status: TAM_SUCCESS
2026-04-30 01:11:30.148974[INFO] tams_proc: [1466] Processing TAMD_CMD_DEVICE_BIND Rsp status: TAM_SUCCESS
2026-04-30 01:11:30.151276[INFO] tams_proc: [1466] cmd type: TAMC_CMD_UDI
2026-04-30 01:11:30.151334[INFO] tams_proc: [1466] Parsing TAMC_CMD_UDI Req status: TAM_SUCCESS
2026-04-30 01:11:30.151396[INFO] tams_proc: [1466] Processing TAMC_CMD_UDI Req status: TAM_SUCCESS
2026-04-30 01:11:30.171931[INFO] tams_proc: [1466] cmd type: TAMD_CMD_UDI
2026-04-30 01:11:30.171978[INFO] tams_proc: [1466] Parsing TAMD_CMD_UDI Rsp status: TAM_SUCCESS
2026-04-30 01:11:30.172009[INFO] tams_proc: [1466] Processing TAMD_CMD_UDI Rsp status: TAM_SUCCESS
2026-04-30 01:11:30.174810[INFO] tams_proc: [1466] cmd type: TAMC_CMD_APP_LOGOUT
2026-04-30 01:11:30.174877[INFO] tams_proc: [1466] Parsing TAMC_CMD_APP_LOGOUT Req status: TAM_SUCCESS
2026-04-30 01:11:30.174938[INFO] tams_proc: [1466] Processing TAMC_CMD_APP_LOGOUT Req status: TAM_SUCCESS
2026-04-30 01:12:03.144719[INFO] tams_proc: [1466] cmd type: TAMC_CMD_APP_LOGIN
2026-04-30 01:12:03.144804[INFO] tams_proc: [1466] Parsing TAMC_CMD_APP_LOGIN Req status: TAM_SUCCESS
2026-04-30 01:12:03.170000[INFO] tams_proc: [1466] Processing TAMC_CMD_APP_LOGIN Req status: TAM_SUCCESS
2026-04-30 01:12:03.229756[INFO] tams_proc: [1466] cmd type: TAMC_CMD_APP_LOGIN
2026-04-30 01:12:03.230027[INFO] tams_proc: [1466] Parsing TAMC_CMD_APP_LOGIN Req status: TAM_SUCCESS
2026-04-30 01:12:03.230474[INFO] tams_proc: [1466] Processing TAMC_CMD_APP_LOGIN Req status: TAM_SUCCESS_IN_PROCESS
2026-04-30 01:12:03.476042[INFO] tams_proc: [1466] cmd type: TAMC_CMD_APP_LOGIN
2026-04-30 01:12:03.476127[INFO] tams_proc: [1466] Parsing TAMC_CMD_APP_LOGIN Req status: TAM_SUCCESS
2026-04-30 01:12:03.709870[INFO] tams_proc: [1466] Processing TAMC_CMD_APP_LOGIN Req status: TAM_SUCCESS
2026-04-30 01:12:03.724833[INFO] tams_proc: [1466] cmd type: TAMD_CMD_DEVICE_BIND
2026-04-30 01:12:03.725057[INFO] tams_proc: [1466] Parsing TAMD_CMD_DEVICE_BIND Rsp status: TAM_SUCCESS
2026-04-30 01:12:03.725549[INFO] tams_proc: [1466] Processing TAMD_CMD_DEVICE_BIND Rsp status: TAM_SUCCESS
2026-04-30 01:12:03.755880[INFO] tams_proc: [1466] cmd type: TAMC_CMD_APP_LOGIN
2026-04-30 01:12:03.756143[INFO] tams_proc: [1466] Parsing TAMC_CMD_APP_LOGIN Req status: TAM_SUCCESS
2026-04-30 01:12:03.775517[INFO] tams_proc: [1466] Processing TAMC_CMD_APP_LOGIN Req status: TAM_SUCCESS_IN_PROCESS
2026-04-30 01:12:03.861108[INFO] tams_proc: [1466] cmd type: TAMD_CMD_DEVICE_BIND
2026-04-30 01:12:03.861550[INFO] tams_proc: [1466] Parsing TAMD_CMD_DEVICE_BIND Rsp status: TAM_SUCCESS
2026-04-30 01:12:03.861984[INFO] tams_proc: [1466] Processing TAMD_CMD_DEVICE_BIND Rsp status: TAM_SUCCESS
2026-04-30 01:12:03.867348[INFO] tams_proc: [1466] cmd type: TAMC_CMD_DEVICE_CAP
2026-04-30 01:12:03.868020[INFO] tams_proc: [1466] Parsing TAMC_CMD_DEVICE_CAP Req status: TAM_SUCCESS
2026-04-30 01:12:03.868120[INFO] tams_proc: [1466] Processing TAMC_CMD_DEVICE_CAP Req status: TAM_SUCCESS_IN_PROCESS
2026-04-30 01:12:03.874179[INFO] tams_proc: [1466] cmd type: TAMD_CMD_DEVICE_CAP
2026-04-30 01:12:03.874510[INFO] tams_proc: [1466] Parsing TAMD_CMD_DEVICE_CAP Rsp status: TAM_SUCCESS
2026-04-30 01:12:03.874595[INFO] tams_proc: [1466] Processing TAMD_CMD_DEVICE_CAP Rsp status: TAM_SUCCESS
2026-04-30 01:12:03.881239[INFO] tams_proc: [1466] cmd type: TAMC_CMD_SO_READ
2026-04-30 01:12:03.881756[INFO] tams_proc: [1466] Parsing TAMC_CMD_SO_READ Req status: TAM_SUCCESS
2026-04-30 01:12:03.882182[INFO] tams_proc: [1466] Processing TAMC_CMD_SO_READ Req status: TAM_SUCCESS
2026-04-30 01:12:03.933503[INFO] tams_proc: [1466] cmd type: TAMD_CMD_GET_SO_READ
2026-04-30 01:12:03.933564[INFO] tams_proc: [1466] Parsing TAMD_CMD_GET_SO_READ Rsp status: TAM_SUCCESS
2026-04-30 01:12:03.933598[INFO] tams_proc: [1466] Processing TAMD_CMD_GET_SO_READ Rsp status: TAM_SUCCESS
2026-04-30 01:12:03.937906[INFO] tams_proc: [1466] cmd type: TAMC_CMD_SO_CREATE
2026-04-30 01:12:03.938069[INFO] tams_proc: [1466] Parsing TAMC_CMD_SO_CREATE Req status: TAM_SUCCESS
2026-04-30 01:12:03.938158[INFO] tams_proc: [1466] Processing TAMC_CMD_SO_CREATE Req status: TAM_SUCCESS
2026-04-30 01:12:04.68774Z[INFO] tams_proc: [1466] cmd type: TAMC_CMD_SO_READ
2026-04-30 01:12:04.68901Z[INFO] tams_proc: [1466] Parsing TAMC_CMD_SO_READ Req status: TAM_SUCCESS
2026-04-30 01:12:04.68995Z[INFO] tams_proc: [1466] Processing TAMC_CMD_SO_READ Req status: TAM_SUCCESS
2026-04-30 01:12:04.236283[INFO] tams_proc: [1466] cmd type: TAMD_CMD_GET_SO_CREATE
2026-04-30 01:12:04.236344[INFO] tams_proc: [1466] Parsing TAMD_CMD_GET_SO_CREATE Rsp status: TAM_SUCCESS
2026-04-30 01:12:04.236381[INFO] tams_proc: [1466] Processing TAMD_CMD_GET_SO_CREATE Rsp status: TAM_SUCCESS
2026-04-30 01:12:04.243051[INFO] tams_proc: [1466] cmd type: TAMC_CMD_SO_WRITE
2026-04-30 01:12:04.243195[INFO] tams_proc: [1466] Parsing TAMC_CMD_SO_WRITE Req status: TAM_SUCCESS
2026-04-30 01:12:04.243277[INFO] tams_proc: [1466] Processing TAMC_CMD_SO_WRITE Req status: TAM_SUCCESS
2026-04-30 01:12:04.285679[INFO] tams_proc: [1466] cmd type: TAMD_CMD_GET_SO_READ
2026-04-30 01:12:04.285743[INFO] tams_proc: [1466] Parsing TAMD_CMD_GET_SO_READ Rsp status: TAM_SUCCESS
2026-04-30 01:12:04.285775[INFO] tams_proc: [1466] Processing TAMD_CMD_GET_SO_READ Rsp status: TAM_SUCCESS
2026-04-30 01:12:04.348646[INFO] tams_proc: [1466] cmd type: TAMC_CMD_SO_READ
2026-04-30 01:12:04.348765[INFO] tams_proc: [1466] Parsing TAMC_CMD_SO_READ Req status: TAM_SUCCESS
2026-04-30 01:12:04.348849[INFO] tams_proc: [1466] Processing TAMC_CMD_SO_READ Req status: TAM_SUCCESS
2026-04-30 01:12:04.352733[INFO] tams_proc: [1466] cmd type: TAMD_CMD_GET_SO_WRITE
2026-04-30 01:12:04.352827[INFO] tams_proc: [1466] Parsing TAMD_CMD_GET_SO_WRITE Rsp status: TAM_SUCCESS
2026-04-30 01:12:04.352869[INFO] tams_proc: [1466] Processing TAMD_CMD_GET_SO_WRITE Rsp status: TAM_SUCCESS
2026-04-30 01:12:04.359644[INFO] tams_proc: [1466] cmd type: TAMC_CMD_SO_CREATE
2026-04-30 01:12:04.359821[INFO] tams_proc: [1466] Parsing TAMC_CMD_SO_CREATE Req status: TAM_SUCCESS
2026-04-30 01:12:04.359901[INFO] tams_proc: [1466] Processing TAMC_CMD_SO_CREATE Req status: TAM_SUCCESS
2026-04-30 01:12:04.467776[INFO] tams_proc: [1466] cmd type: TAMD_CMD_GET_SO_READ
2026-04-30 01:12:04.467901[INFO] tams_proD_GET_SO_CREATE
2026-04-30 01:11:29.924262[INFO] tamd_proc: [1512] Processing TAMD_CMD_GET_SO_CREATE Req status: TAM_SUCCESS
2026-04-30 01:11:29.929278[INFO] tamd_proc: [1512] cmd type: TAMD_CMD_GET_SO_WRITE
2026-04-30 01:11:29.947347[INFO] tamd_proc: [1512] Processing TAMD_CMD_GET_SO_WRITE Req status: TAM_SUCCESS
2026-04-30 01:11:29.952191[INFO] tamd_proc: [1512] cmd type: TAMD_CMD_GET_SO_READ
2026-04-30 01:11:29.969648[INFO] tamd_proc: [1512] Processing TAMD_CMD_GET_SO_READ Req status: TAM_SUCCESS
2026-04-30 01:11:29.974726[INFO] tamd_proc: [1512] cmd type: TAMD_CMD_GET_SO_DELETE
2026-04-30 01:11:30.9922Z[INFO] tamd_proc: [1512] Processing TAMD_CMD_GET_SO_DELETE Req status: TAM_SUCCESS
2026-04-30 01:11:30.19436Z[INFO] tamd_proc: [1512] cmd type: TAMD_CMD_VUDI_INIT
2026-04-30 01:11:30.104556[INFO] tamd_proc: [1512] Processing TAMD_CMD_VUDI_INIT Req status: TAM_SUCCESS
2026-04-30 01:11:30.131298[INFO] tamd_proc: [1512] cmd type: TAMD_CMD_DEVICE_BIND
2026-04-30 01:11:30.147799[INFO] tamd_proc: [1512] Processing TAMD_CMD_DEVICE_BIND Req status: TAM_SUCCESS
2026-04-30 01:11:30.152553[INFO] tamd_proc: [1512] cmd type: TAMD_CMD_UDI
2026-04-30 01:11:30.170249[INFO] tamd_proc: [1512] Processing TAMD_CMD_UDI Req status: TAM_SUCCESS
2026-04-30 01:12:03.232686[INFO] tamd_proc: [1512] cmd type: TAMD_CMD_DEVICE_BIND
2026-04-30 01:12:03.552763[INFO] tamd_proc: [1512] Processing TAMD_CMD_DEVICE_BIND Req status: TAM_SUCCESS
2026-04-30 01:12:03.779210[INFO] tamd_proc: [1512] cmd type: TAMD_CMD_DEVICE_BIND
2026-04-30 01:12:03.858653[INFO] tamd_proc: [1512] Processing TAMD_CMD_DEVICE_BIND Req status: TAM_SUCCESS
2026-04-30 01:12:03.871904[INFO] tamd_proc: [1512] cmd type: TAMD_CMD_DEVICE_CAP
2026-04-30 01:12:03.872026[INFO] tamd_proc: [1512] Processing TAMD_CMD_DEVICE_CAP Req status: TAM_SUCCESS
2026-04-30 01:12:03.886865[INFO] tamd_proc: [1512] cmd type: TAMD_CMD_GET_SO_READ
2026-04-30 01:12:03.931648[INFO] tamd_proc: [1512] Processing TAMD_CMD_GET_SO_READ Req status: TAM_SUCCESS
2026-04-30 01:12:03.941027[INFO] tamd_proc: [1512] cmd type: TAMD_CMD_GET_SO_CREATE
2026-04-30 01:12:04.232440[INFO] tamd_proc: [1512] Processing TAMD_CMD_GET_SO_CREATE Req status: TAM_SUCCESS
2026-04-30 01:12:04.235756[INFO] tamd_proc: [1512] cmd type: TAMD_CMD_GET_SO_READ
2026-04-30 01:12:04.283384[INFO] tamd_proc: [1512] Processing TAMD_CMD_GET_SO_READ Req status: TAM_SUCCESS
2026-04-30 01:12:04.285903[INFO] tamd_proc: [1512] cmd type: TAMD_CMD_GET_SO_WRITE
2026-04-30 01:12:04.349718[INFO] tamd_proc: [1512] Processing TAMD_CMD_GET_SO_WRITE Req status: TAM_SUCCESS
2026-04-30 01:12:04.352942[INFO] tamd_proc: [1512] cmd type: TAMD_CMD_GET_SO_READ
2026-04-30 01:12:04.463963[INFO] tamd_proc: [1512] Processing TAMD_CMD_GET_SO_READ Req status: TAM_SUCCESS
2026-04-30 01:12:04.475194[INFO] tamd_proc: [1512] cmd type: TAMD_CMD_GET_SO_CREATE
2026-04-30 01:12:04.701746[INFO] tamd_proc: [1512] Processing TAMD_CMD_GET_SO_CREATE Req status: TAM_SUCCESS
2026-04-30 01:12:04.705366[INFO] tamd_proc: [1512] cmd type: TAMD_CMD_GET_SO_WRITE
2026-04-30 01:12:04.766445[INFO] tamd_proc: [1512] Processing TAMD_CMD_GET_SO_WRITE Req status: TAM_SUCCESS
2026-04-30 01:12:04.769291[INFO] tamd_proc: [1512] cmd type: TAMD_CMD_GET_SO_WRITE
2026-04-30 01:12:04.904580[INFO] tamd_proc: [1512] Processing TAMD_CMD_GET_SO_WRITE Req status: TAM_SUCCESS
2026-04-30 01:12:04.907386[INFO] tamd_proc: [1512] cmd type: TAMD_CMD_GET_SO_CREATE
2026-04-30 01:12:05.347284[INFO] tamd_proc: [1512] Processing TAMD_CMD_GET_SO_CREATE Req status: TAM_SUCCESS
2026-04-30 01:12:05.367595[INFO] tamd_proc: [1512] cmd type: TAMD_CMD_GET_SO_WRITE
2026-04-30 01:12:05.590765[INFO] tamd_proc: [1512] Processing TAMD_CMD_GET_SO_WRITE Req status: TAM_SUCCESS
2026-04-30 01:12:05.604167[INFO] tamd_proc: [1512] cmd type: TAMD_CMD_GET_SO_READ
2026-04-30 01:12:05.751833[INFO] tamd_proc: [1512] Processing TAMD_CMD_GET_SO_READ Req status: TAM_SUCCESS
2026-04-30 01:12:05.889347[INFO] tamd_proc: [1512] cmd type: TAMD_CMD_GET_SO_DELETE
2026-04-30 01:12:06.31134Z[INFO] tamd_proc: [1512] Processing TAMD_CMD_GET_SO_DELETE Req status: TAM_SUCc: [1466] Parsing TAMD_CMD_GET_SO_READ Rsp status: TAM_SUCCESS
2026-04-30 01:12:04.467950[INFO] tams_proc: [1466] Processing TAMD_CMD_GET_SO_READ Rsp status: TAM_SUCCESS
2026-04-30 01:12:04.477864[INFO] tams_proc: [1466] cmd type: TAMC_CMD_SO_WRITE
2026-04-30 01:12:04.477977[INFO] tams_proc: [1466] Parsing TAMC_CMD_SO_WRITE Req status: TAM_SUCCESS
2026-04-30 01:12:04.478051[INFO] tams_proc: [1466] Processing TAMC_CMD_SO_WRITE Req status: TAM_SUCCESS
2026-04-30 01:12:04.705121[INFO] tams_proc: [1466] cmd type: TAMD_CMD_GET_SO_CREATE
2026-04-30 01:12:04.705189[INFO] tams_proc: [1466] Parsing TAMD_CMD_GET_SO_CREATE Rsp status: TAM_SUCCESS
2026-04-30 01:12:04.705230[INFO] tams_proc: [1466] Processing TAMD_CMD_GET_SO_CREATE Rsp status: TAM_SUCCESS
2026-04-30 01:12:04.719311[INFO] tams_proc: [1466] cmd type: TAMC_CMD_SO_WRITE
2026-04-30 01:12:04.719454[INFO] tams_proc: [1466] Parsing TAMC_CMD_SO_WRITE Req status: TAM_SUCCESS
2026-04-30 01:12:04.719542[INFO] tams_proc: [1466] Processing TAMC_CMD_SO_WRITE Req status: TAM_SUCCESS
2026-04-30 01:12:04.769064[INFO] tams_proc: [1466] cmd type: TAMD_CMD_GET_SO_WRITE
2026-04-30 01:12:04.769134[INFO] tams_proc: [1466] Parsing TAMD_CMD_GET_SO_WRITE Rsp status: TAM_SUCCESS
2026-04-30 01:12:04.769165[INFO] tams_proc: [1466] Processing TAMD_CMD_GET_SO_WRITE Rsp status: TAM_SUCCESS
2026-04-30 01:12:04.775228[INFO] tams_proc: [1466] cmd type: TAMC_CMD_SO_CREATE
2026-04-30 01:12:04.775386[INFO] tams_proc: [1466] Parsing TAMC_CMD_SO_CREATE Req status: TAM_SUCCESS
2026-04-30 01:12:04.775464[INFO] tams_proc: [1466] Processing TAMC_CMD_SO_CREATE Req status: TAM_SUCCESS
2026-04-30 01:12:04.907153[INFO] tams_proc: [1466] cmd type: TAMD_CMD_GET_SO_WRITE
2026-04-30 01:12:04.907212[INFO] tams_proc: [1466] Parsing TAMD_CMD_GET_SO_WRITE Rsp status: TAM_SUCCESS
2026-04-30 01:12:04.907253[INFO] tams_proc: [1466] Processing TAMD_CMD_GET_SO_WRITE Rsp status: TAM_SUCCESS
2026-04-30 01:12:05.353042[INFO] tams_proc: [1466] cmd type: TAMD_CMD_GET_SO_CREATE
2026-04-30 01:12:05.353112[INFO] tams_proc: [1466] Parsing TAMD_CMD_GET_SO_CREATE Rsp status: TAM_SUCCESS
2026-04-30 01:12:05.353152[INFO] tams_proc: [1466] Processing TAMD_CMD_GET_SO_CREATE Rsp status: TAM_SUCCESS
2026-04-30 01:12:05.365673[INFO] tams_proc: [1466] cmd type: TAMC_CMD_SO_WRITE
2026-04-30 01:12:05.365813[INFO] tams_proc: [1466] Parsing TAMC_CMD_SO_WRITE Req status: TAM_SUCCESS
2026-04-30 01:12:05.365907[INFO] tams_proc: [1466] Processing TAMC_CMD_SO_WRITE Req status: TAM_SUCCESS
2026-04-30 01:12:05.596041[INFO] tams_proc: [1466] cmd type: TAMD_CMD_GET_SO_WRITE
2026-04-30 01:12:05.596113[INFO] tams_proc: [1466] Parsing TAMD_CMD_GET_SO_WRITE Rsp status: TAM_SUCCESS
2026-04-30 01:12:05.596154[INFO] tams_proc: [1466] Processing TAMD_CMD_GET_SO_WRITE Rsp status: TAM_SUCCESS
2026-04-30 01:12:05.600325[INFO] tams_proc: [1466] cmd type: TAMC_CMD_SO_READ
2026-04-30 01:12:05.600442[INFO] tams_proc: [1466] Parsing TAMC_CMD_SO_READ Req status: TAM_SUCCESS
2026-04-30 01:12:05.600527[INFO] tams_proc: [1466] Processing TAMC_CMD_SO_READ Req status: TAM_SUCCESS
2026-04-30 01:12:05.761145[INFO] tams_proc: [1466] cmd type: TAMD_CMD_GET_SO_READ
2026-04-30 01:12:05.761211[INFO] tams_proc: [1466] Parsing TAMD_CMD_GET_SO_READ Rsp status: TAM_SUCCESS
2026-04-30 01:12:05.761241[INFO] tams_proc: [1466] Processing TAMD_CMD_GET_SO_READ Rsp status: TAM_SUCCESS
2026-04-30 01:12:05.887514[INFO] tams_proc: [1466] cmd type: TAMC_CMD_SO_DELETE
2026-04-30 01:12:05.887653[INFO] tams_proc: [1466] Parsing TAMC_CMD_SO_DELETE Req status: TAM_SUCCESS
2026-04-30 01:12:05.887745[INFO] tams_proc: [1466] Processing TAMC_CMD_SO_DELETE Req status: TAM_SUCCESS
2026-04-30 01:12:06.32236Z[INFO] tams_proc: [1466] cmd type: TAMD_CMD_GET_SO_DELETE
2026-04-30 01:12:06.32294Z[INFO] tams_proc: [1466] Parsing TAMD_CMD_GET_SO_DELETE Rsp status: TAM_SUCCESS
2026-04-30 01:12:06.32322Z[INFO] tams_proc: [1466] Processing TAMD_CMD_GET_SO_DELETE Rsp status: TAM_SUCCESS
2026-04-30 01:12:07.79463Z[INFO] tams_proc: [1466] cmd type: TAMC_CMD_APP_LOGIN
2026-04-30 01:12:07.79552Z[INFO] tams_proc: [1466] Parsing TAMC_CMD_APP_LOGIN Req status: TAM_SUCCESS
2026-04-30 01:12:07.89839Z[INFO] tams_proc: [1466] Processing TAMC_CMD_APP_LOGIN Req status: TAM_SUCCESS
2026-04-30 01:12:07.104728[INFO] tams_proc: [1466] cmd type: TAMC_CMD_APP_LOGIN
2026-04-30 01:12:07.105013[INFO] tams_proc: [1466] Parsing TAMC_CMD_APP_LOGIN Req status: TAM_SUCCESS
2026-04-30 01:12:07.105527[INFO] tams_proc: [1466] Processing TAMC_CMD_APP_LOGIN Req status: TAM_SUCCESS_IN_PROCESS
2026-04-30 01:12:07.210461[INFO] tams_proc: [1466] cmd type: TAMD_CMD_DEVICE_BIND
2026-04-30 01:12:07.210533[INFO] tams_proc: [1466] Parsing TAMD_CMD_DEVICE_BIND Rsp status: TAM_SUCCESS
2026-04-30 01:12:07.210617[INFO] tams_proc: [1466] Processing TAMD_CMD_DEVICE_BIND Rsp status: TAM_SUCCESS
2026-04-30 01:12:07.213792[INFO] tams_proc: [1466] cmd type: TAMC_CMD_SO_READ
2026-04-30 01:12:07.213932[INFO] tams_proc: [1466] Parsing TAMC_CMD_SO_READ Req status: TAM_SUCCESS
2026-04-30 01:12:07.214039[INFO] tams_proc: [1466] Processing TAMC_CMD_SO_READ Req status: TAM_SUCCESS
2026-04-30 01:12:07.248933[INFO] tams_proc: [1466] cmd type: TAMD_CMD_GET_SO_READ
2026-04-30 01:12:07.248999[INFO] tams_proc: [1466] Parsing TAMD_CMD_GET_SO_READ Rsp status: TAM_SUCCESS
2026-04-30 01:12:07.249033[INFO] tams_proc: [1466] Processing TAMD_CMD_GET_SO_READ Rsp status: TAM_SUCCESS
2026-04-30 01:12:07.257116[INFO] tams_proc: [1466] cmd type: TAMC_CMD_APP_LOGOUT
2026-04-30 01:12:07.257201[INFO] tams_proc: [1466] Parsing TAMC_CMD_APP_LOGOUT Req status: TAM_SUCCESS
2026-04-30 01:12:07.257263[INFO] tams_proc: [1466] Processing TAMC_CMD_APP_LOGOUT Req status: TAM_SUCCESS
2026-04-30 01:12:07.317219[INFO] tams_proc: [1466] cmd type: TAMC_CMD_APP_LOGIN
2026-04-30 01:12:07.317298[INFO] tams_proc: [1466] Parsing TAMC_CMD_APP_LOGIN Req status: TAM_SUCCESS
2026-04-30 01:12:07.325550[INFO] tams_proc: [1466] Processing TAMC_CMD_APP_LOGIN Req status: TAM_SUCCESS
2026-04-30 01:12:07.379672[INFO] tams_proc: [1466] cmd type: TAMC_CMD_APP_LOGIN
2026-04-30 01:12:07.379746[INFO] tams_proc: [1466] Parsing TAMC_CMD_APP_LOGIN Req status: TAM_SUCCESS
2026-04-30 01:12:07.379834[INFO] tams_proc: [1466] Processing TAMC_CMD_APP_LOGIN Req status: TAM_SUCCESS_IN_PROCESS
2026-04-30 01:12:07.478448[INFO] tams_proc: [1466] cmd type: TAMD_CMD_DEVICE_BIND
2026-04-30 01:12:07.478503[INFO] tams_proc: [1466] Parsing TAMD_CMD_DEVICE_BIND Rsp status: TAM_SUCCESS
2026-04-30 01:12:07.478583[INFO] tams_proc: [1466] Processing TAMD_CMD_DEVICE_BIND Rsp status: TAM_SUCCESS
2026-04-30 01:12:16.459945[INFO] tams_proc: [1466] cmd type: TAMC_CMD_APP_LOGIN
2026-04-30 01:12:16.460019[INFO] tams_proc: [1466] Parsing TAMC_CMD_APP_LOGIN Req status: TAM_SUCCESS
2026-04-30 01:12:16.483132[INFO] tams_proc: [1466] Processing TAMC_CMD_APP_LOGIN Req status: TAM_SUCCESS
2026-04-30 01:12:16.493382[INFO] tams_proc: [1466] cmd type: TAMC_CMD_APP_LOGIN
2026-04-30 01:12:16.493447[INFO] tams_proc: [1466] Parsing TAMC_CMD_APP_LOGIN Req status: TAM_SUCCESS
2026-04-30 01:12:16.493538[INFO] tams_proc: [1466] Processing TAMC_CMD_APP_LOGIN Req status: TAM_SUCCESS_IN_PROCESS
2026-04-30 01:12:16.565449[INFO] tams_proc: [1466] cmd type: TAMD_CMD_DEVICE_BIND
2026-04-30 01:12:16.565515[INFO] tams_proc: [1466] Parsing TAMD_CMD_DEVICE_BIND Rsp status: TAM_SUCCESS
2026-04-30 01:12:16.565598[INFO] tams_proc: [1466] Processing TAMD_CMD_DEVICE_BIND Rsp status: TAM_SUCCESS
2026-04-30 01:12:16.569108[INFO] tams_proc: [1466] cmd type: TAMC_CMD_DEVICE_CAP
2026-04-30 01:12:16.569266[INFO] tams_proc: [1466] Parsing TAMC_CMD_DEVICE_CAP Req status: TAM_SUCCESS
2026-04-30 01:12:16.569355[INFO] tams_proc: [1466] Processing TAMC_CMD_DEVICE_CAP Req status: TAM_SUCCESS_IN_PROCESS
2026-04-30 01:12:16.573385[INFO] tams_proc: [1466] cmd type: TAMD_CMD_DEVICE_CAP
2026-04-30 01:12:16.573463[INFO] tams_proc: [1466] Parsing TAMD_CMD_DEVICE_CAP Rsp status: TAM_SUCCESS
2026-04-30 01:12:16.573490[INFO] tams_proc: [1466] Processing TAMD_CMD_DEVICE_CAP Rsp status: TAM_SUCCESS
2026-04-30 01:12:16.585686[INFO] tams_proc: [1466] cmd type: TAMC_CMD_SO_READ
2026-04-30 01:12:16.585799[INFO] tams_proc: [1466] Parsing TAMC_CMD_SO