2026-04-30T01:11:08.668404+00:00 p1-xr2 crond[417]: (CRON) STARTUP (1.5.5)
2026-04-30T01:11:08.668409+00:00 p1-xr2 crond[417]: (CRON) INFO (Syslog will be used instead of sendmail.)
2026-04-30T01:11:08.668414+00:00 p1-xr2 crond[417]: (CRON) INFO (RANDOM_DELAY will be scaled with factor 39% if used.)
2026-04-30T01:13:01.593646+00:00 p1-xr2 CROND[5668]: (root) CMD (/etc/xrd_filecleanup.sh 90 >/dev/null 2>&1)
2026-04-30T01:15:01.671899+00:00 p1-xr2 CROND[6496]: (root) CMD (/pkg/bin/monitor_coreinfo.sh)
2026-04-30T01:15:01.672153+00:00 p1-xr2 CROND[6497]: (root) CMD (/etc/init.d/tmpdir_cleanup.sh 80 >/dev/null 2>&1)
2026-04-30T01:15:01.672313+00:00 p1-xr2 CROND[6498]: (root) CMD (env PATH=/usr/bin:/usr/sbin:/bin:/sbin logrotate /etc/logrotate.conf)
2026-04-30T01:16:01.703574+00:00 p1-xr2 CROND[6573]: (root) CMD (env PATH=/usr/bin:/usr/sbin:/bin:/sbin thinxr-logrotate-app.sh)
2026-04-30T01:18:01.719823+00:00 p1-xr2 CROND[9255]: (root) CMD (/etc/xrd_filecleanup.sh 90 >/dev/null 2>&1)
2026-04-30T01:20:01.799149+00:00 p1-xr2 CROND[9435]: (root) CMD (/etc/init.d/tmpdir_cleanup.sh 80 >/dev/null 2>&1)
2026-04-30T01:20:01.799513+00:00 p1-xr2 CROND[9436]: (root) CMD (env PATH=/usr/bin:/usr/sbin:/bin:/sbin logrotate /etc/logrotate.conf)
2026-04-30T01:21:01.829229+00:00 p1-xr2 CROND[9503]: (root) CMD (env PATH=/usr/bin:/usr/sbin:/bin:/sbin thinxr-logrotate-app.sh)
2026-04-30T01:23:01.837115+00:00 p1-xr2 CROND[9580]: (root) CMD (/etc/xrd_filecleanup.sh 90 >/dev/null 2>&1)
2026-04-30T01:25:01.919522+00:00 p1-xr2 CROND[9715]: (root) CMD (/etc/init.d/tmpdir_cleanup.sh 80 >/dev/null 2>&1)
2026-04-30T01:25:01.919850+00:00 p1-xr2 CROND[9716]: (root) CMD (env PATH=/usr/bin:/usr/sbin:/bin:/sbin logrotate /etc/logrotate.conf)
2026-04-30T01:26:01.952527+00:00 p1-xr2 CROND[9788]: (root) CMD (env PATH=/usr/bin:/usr/sbin:/bin:/sbin thinxr-logrotate-app.sh)
2026-04-30T01:28:01.960318+00:00 p1-xr2 CROND[9866]: (root) CMD (/etc/xrd_filecleanup.sh 90 >/dev/null 2>&1)
2026-04-30T01:30:01.038207+00:00 p1-xr2 CROND[9970]: (root) CMD (/pkg/bin/monitor_coreinfo.sh)
2026-04-30T01:30:01.038537+00:00 p1-xr2 CROND[9971]: (root) CMD (/etc/init.d/tmpdir_cleanup.sh 80 >/dev/null 2>&1)
2026-04-30T01:30:01.038740+00:00 p1-xr2 CROND[9972]: (root) CMD (env PATH=/usr/bin:/usr/sbin:/bin:/sbin logrotate /etc/logrotate.conf)
2026-04-30T01:31:01.069397+00:00 p1-xr2 CROND[10041]: (root) CMD (env PATH=/usr/bin:/usr/sbin:/bin:/sbin thinxr-logrotate-app.sh)
2026-04-30T01:33:01.078739+00:00 p1-xr2 CROND[10139]: (root) CMD (/etc/xrd_filecleanup.sh 90 >/dev/null 2>&1)
2026-04-30T01:35:01.159210+00:00 p1-xr2 CROND[10271]: (root) CMD (/etc/init.d/tmpdir_cleanup.sh 80 >/dev/null 2>&1)
2026-04-30T01:35:01.159712+00:00 p1-xr2 CROND[10272]: (root) CMD (env PATH=/usr/bin:/usr/sbin:/bin:/sbin logrotate /etc/logrotate.conf)
2026-04-30T01:36:01.192233+00:00 p1-xr2 CROND[10346]: (root) CMD (env PATH=/usr/bin:/usr/sbin:/bin:/sbin thinxr-logrotate-app.sh)
