2026-04-30 01:11:27.807551[ERR] tamsvcs_tamm: [1335] 
*
*
* Starting tamsvcs_tamm process...
*
*
*
2026-04-30 01:11:27.807615[INFO] tamsvcs_tamm: [1335] TAM sync is NOT enabled for this platform
2026-04-30 01:11:27.807624[INFO] tamsvcs_tamm: [1335] TAM entropy is NOT enabled for this platform
2026-04-30 01:11:27.908606[INFO] tamsvcs_tamm: [1335] Successfully registered with sysmgr for proc_role change
2026-04-30 01:11:27.914000[INFO] tamsvcs_tamm: [1335] tams_proc started 1407
2026-04-30 01:11:27.914049[INFO] tamsvcs_tamm: [1335] Creating TAM:XRD_TAMDB of type:2
2026-04-30 01:11:27.914063[INFO] tamsvcs_tamm: [1335] Registering device :XRD_TAMDB Type:2 
2026-04-30 01:11:28.828906[INFO] tamsvcs_tamm: [1335] cmd type: TAMM_CMD_REGISTER_DEVICE
2026-04-30 01:11:28.828985[INFO] tamsvcs_tamm: [1335] Parsing TAMM_CMD_REGISTER_DEVICE Rsp status: TAM_SUCCESS
2026-04-30 01:11:28.903204[INFO] tamsvcs_tamm: [1335] cmd type: TAMM_CMD_REGISTER_DEVICE
2026-04-30 01:11:28.903281[INFO] tamsvcs_tamm: [1335] Parsing TAMM_CMD_REGISTER_DEVICE Rsp status: TAM_SUCCESS
2026-04-30 01:11:28.903326[INFO] tamsvcs_tamm: [1335] cmd type: TAMM_CMD_REGISTER_DEVICE
2026-04-30 01:11:28.903381[INFO] tamsvcs_tamm: [1335] Parsing TAMM_CMD_REGISTER_DEVICE Rsp status: TAM_SUCCESS
2026-04-30 01:11:28.903396[INFO] tamsvcs_tamm: [1335] Register device response TAM_SUCCESS
2026-04-30 01:11:28.904865[INFO] tamsvcs_tamm: [1335] Successfully registered device XRD_TAMDB Type: 2
2026-04-30 01:11:28.914185[INFO] tamsvcs_tamm: [1335] cmd type: TAMM_CMD_REGISTER_APP
2026-04-30 01:11:28.914264[INFO] tamsvcs_tamm: [1335] Parsing TAMM_CMD_REGISTER_APP Rsp status: TAM_SUCCESS
2026-04-30 01:11:28.995495[INFO] tamsvcs_tamm: [1335] cmd type: TAMM_CMD_REGISTER_APP
2026-04-30 01:11:28.995544[INFO] tamsvcs_tamm: [1335] Parsing TAMM_CMD_REGISTER_APP Rsp status: TAM_SUCCESS
2026-04-30 01:11:28.995570[INFO] tamsvcs_tamm: [1335] cmd type: TAMM_CMD_REGISTER_APP
2026-04-30 01:11:28.995607[INFO] tamsvcs_tamm: [1335] Parsing TAMM_CMD_REGISTER_APP Rsp status: TAM_SUCCESS
2026-04-30 01:11:28.998061[INFO] tamsvcs_tamm: [1335] cmd type: TAMM_CMD_APP_SET_ATTR
2026-04-30 01:11:28.998104[INFO] tamsvcs_tamm: [1335] Parsing TAMM_CMD_APP_SET_ATTR Rsp status: TAM_SUCCESS
2026-04-30 01:11:29.70656Z[INFO] tamsvcs_tamm: [1335] cmd type: TAMM_CMD_APP_SET_ATTR
2026-04-30 01:11:29.70735Z[INFO] tamsvcs_tamm: [1335] Parsing TAMM_CMD_APP_SET_ATTR Rsp status: TAM_SUCCESS
2026-04-30 01:11:29.70781Z[INFO] tamsvcs_tamm: [1335] cmd type: TAMM_CMD_APP_SET_ATTR
2026-04-30 01:11:29.70842Z[INFO] tamsvcs_tamm: [1335] Parsing TAMM_CMD_APP_SET_ATTR Rsp status: TAM_SUCCESS
2026-04-30 01:11:29.83541Z[INFO] tamsvcs_tamm: [1335] cmd type: TAMM_CMD_REGISTER_APP
2026-04-30 01:11:29.83623Z[INFO] tamsvcs_tamm: [1335] Parsing TAMM_CMD_REGISTER_APP Rsp status: TAM_SUCCESS
2026-04-30 01:11:29.162352[INFO] tamsvcs_tamm: [1335] cmd type: TAMM_CMD_REGISTER_APP
2026-04-30 01:11:29.162422[INFO] tamsvcs_tamm: [1335] Parsing TAMM_CMD_REGISTER_APP Rsp status: TAM_SUCCESS
2026-04-30 01:11:29.162457[INFO] tamsvcs_tamm: [1335] cmd type: TAMM_CMD_REGISTER_APP
2026-04-30 01:11:29.162508[INFO] tamsvcs_tamm: [1335] Parsing TAMM_CMD_REGISTER_APP Rsp status: TAM_SUCCESS
2026-04-30 01:11:29.166071[INFO] tamsvcs_tamm: [1335] cmd type: TAMM_CMD_APP_SET_ATTR
2026-04-30 01:11:29.166138[INFO] tamsvcs_tamm: [1335] Parsing TAMM_CMD_APP_SET_ATTR Rsp status: TAM_SUCCESS
2026-04-30 01:11:29.239950[INFO] tamsvcs_tamm: [1335] cmd type: TAMM_CMD_APP_SET_ATTR
2026-04-30 01:11:29.240013[INFO] tamsvcs_tamm: [1335] Parsing TAMM_CMD_APP_SET_ATTR Rsp status: TAM_SUCCESS
2026-04-30 01:11:29.240054[INFO] tamsvcs_tamm: [1335] cmd type: TAMM_CMD_APP_SET_ATTR
2026-04-30 01:11:29.240095[INFO] tamsvcs_tamm: [1335] Parsing TAMM_CMD_APP_SET_ATTR Rsp status: TAM_SUCCESS
2026-04-30 01:11:29.244570[INFO] tamsvcs_tamm: [1335] cmd type: TAMM_CMD_REGISTER_APP
2026-04-30 01:11:29.244631[INFO] tamsvcs_tamm: [1335] Parsing TAMM_CMD_REGISTER_APP Rsp status: TAM_SUCCESS
2026-04-30 01:11:29.304484[INFO] tamsvcs_tamm: [1335] cmd type: TAMM_CMD_REGISTER_APP
2026-04-30 01:11:29.304544[INFO] 2026-04-30 01:11:28.244895[INFO] tams_proc: [1407] Opened TAMS Client local listener on fd=85
2026-04-30 01:11:28.244964[INFO] tams_proc: [1407] Opened TAMS Client TCP listener on 192.0.0.4:7000 fd=88
2026-04-30 01:11:28.244993[INFO] tams_proc: [1407] Opened TAMS Mgmt local listener on fd=89
2026-04-30 01:11:28.245049[INFO] tams_proc: [1407] tams_proc Version:ciscotamservices 12.1.0
2026-04-30 01:11:28.292660[INFO] tams_proc: [1407] cmd type: TAMM_CMD_REGISTER_DEVICE
2026-04-30 01:11:28.292725[INFO] tams_proc: [1407] Parsing TAMM_CMD_REGISTER_DEVICE Req status: TAM_SUCCESS
2026-04-30 01:11:28.301503[INFO] tams_proc: [1407] tamd_proc_pid = 1450
2026-04-30 01:11:28.826965[INFO] tams_proc: [1407] Processing TAMM_CMD_REGISTER_DEVICE Req status: TAM_SUCCESS
2026-04-30 01:11:28.901125[INFO] tams_proc: [1407] cmd type: TAMD_CMD_AUTHENTICATE_DEVICE
2026-04-30 01:11:28.901236[INFO] tams_proc: [1407] Parsing TAMD_CMD_AUTHENTICATE_DEVICE Rsp status: TAM_SUCCESS
2026-04-30 01:11:28.901301[INFO] tams_proc: [1407] Processing TAMD_CMD_AUTHENTICATE_DEVICE Rsp status: TAM_SUCCESS
2026-04-30 01:11:28.907693[INFO] tams_proc: [1407] cmd type: TAMM_CMD_REGISTER_APP
2026-04-30 01:11:28.907783[INFO] tams_proc: [1407] Parsing TAMM_CMD_REGISTER_APP Req status: TAM_SUCCESS
2026-04-30 01:11:28.911980[INFO] tams_proc: [1407] Processing TAMM_CMD_REGISTER_APP Req status: TAM_SUCCESS_IN_PROCESS
2026-04-30 01:11:28.993934[INFO] tams_proc: [1407] cmd type: TAMD_CMD_REGISTER_APP
2026-04-30 01:11:28.993985[INFO] tams_proc: [1407] Parsing TAMD_CMD_REGISTER_APP Rsp status: TAM_SUCCESS
2026-04-30 01:11:28.994020[INFO] tams_proc: [1407] Processing TAMD_CMD_REGISTER_APP Rsp status: TAM_SUCCESS
2026-04-30 01:11:28.996837[INFO] tams_proc: [1407] cmd type: TAMM_CMD_APP_SET_ATTR
2026-04-30 01:11:28.996905[INFO] tams_proc: [1407] Parsing TAMM_CMD_APP_SET_ATTR Req status: TAM_SUCCESS
2026-04-30 01:11:28.996967[INFO] tams_proc: [1407] Processing TAMM_CMD_APP_SET_ATTR Req status: TAM_SUCCESS_IN_PROCESS
2026-04-30 01:11:29.69364Z[INFO] tams_proc: [1407] cmd type: TAMD_CMD_APP_SET_ATTR
2026-04-30 01:11:29.69444Z[INFO] tams_proc: [1407] Parsing TAMD_CMD_APP_SET_ATTR Rsp status: TAM_SUCCESS
2026-04-30 01:11:29.69481Z[INFO] tams_proc: [1407] Processing TAMD_CMD_APP_SET_ATTR Rsp status: TAM_SUCCESS
2026-04-30 01:11:29.72168Z[INFO] tams_proc: [1407] cmd type: TAMM_CMD_REGISTER_APP
2026-04-30 01:11:29.72249Z[INFO] tams_proc: [1407] Parsing TAMM_CMD_REGISTER_APP Req status: TAM_SUCCESS
2026-04-30 01:11:29.79187Z[INFO] tams_proc: [1407] Processing TAMM_CMD_REGISTER_APP Req status: TAM_SUCCESS_IN_PROCESS
2026-04-30 01:11:29.161097[INFO] tams_proc: [1407] cmd type: TAMD_CMD_REGISTER_APP
2026-04-30 01:11:29.161172[INFO] tams_proc: [1407] Parsing TAMD_CMD_REGISTER_APP Rsp status: TAM_SUCCESS
2026-04-30 01:11:29.161208[INFO] tams_proc: [1407] Processing TAMD_CMD_REGISTER_APP Rsp status: TAM_SUCCESS
2026-04-30 01:11:29.163924[INFO] tams_proc: [1407] cmd type: TAMM_CMD_APP_SET_ATTR
2026-04-30 01:11:29.164043[INFO] tams_proc: [1407] Parsing TAMM_CMD_APP_SET_ATTR Req status: TAM_SUCCESS
2026-04-30 01:11:29.164154[INFO] tams_proc: [1407] Processing TAMM_CMD_APP_SET_ATTR Req status: TAM_SUCCESS_IN_PROCESS
2026-04-30 01:11:29.238635[INFO] tams_proc: [1407] cmd type: TAMD_CMD_APP_SET_ATTR
2026-04-30 01:11:29.238702[INFO] tams_proc: [1407] Parsing TAMD_CMD_APP_SET_ATTR Rsp status: TAM_SUCCESS
2026-04-30 01:11:29.238748[INFO] tams_proc: [1407] Processing TAMD_CMD_APP_SET_ATTR Rsp status: TAM_SUCCESS
2026-04-30 01:11:29.241369[INFO] tams_proc: [1407] cmd type: TAMM_CMD_REGISTER_APP
2026-04-30 01:11:29.241467[INFO] tams_proc: [1407] Parsing TAMM_CMD_REGISTER_APP Req status: TAM_SUCCESS
2026-04-30 01:11:29.243448[INFO] tams_proc: [1407] Processing TAMM_CMD_REGISTER_APP Req status: TAM_SUCCESS_IN_PROCESS
2026-04-30 01:11:29.303232[INFO] tams_proc: [1407] cmd type: TAMD_CMD_REGISTER_APP
2026-04-30 01:11:29.303306[INFO] tams_proc: [1407] Parsing TAMD_CMD_REGISTER_APP Rsp status: TAM_SUCCESS
2026-04-30 01:11:29.303340[INFO] tams_proc: [1407] Processing TAMD_CMD_REGISTER_APP Rsp status: TAM_SUCCESS
2026-04-30 01:11:29.306737[INFO] tams_proc: [1407] cmd type: TAMM_CMD_APP_SET_ATTR
2026-04-30 01:11:29.306834[INFO] tams_proc: [1407] Parsing TAMM_CMD_APP_SET_ATTR Req status: TAM_SUCCESS
2026-04-30 01:11:29.306922[INFO] tams_proc: [1407] Processing TAMM_CMD_APP_SET_ATTR Req status: TAM_SUCCESS_IN_PROCESS
2026-04-30 01:11:29.357982[INFO] tams_proc: [1407] cmd type: TAMD_CMD_APP_SET_ATTR
2026-04-30 01:11:29.358017[INFO] tams_proc: [1407] Parsing TAMD_CMD_APP_SET_ATTR Rsp status: TAM_SUCCESS
2026-04-30 01:11:29.358036[INFO] tams_proc: [1407] Processing TAMD_CMD_APP_SET_ATTR Rsp status: TAM_SUCCESS
2026-04-30 01:11:29.362586[INFO] tams_proc: [1407] cmd type: TAMC_CMD_APP_LOGIN
2026-04-30 01:11:29.362644[INFO] tams_proc: [1407] Parsing TAMC_CMD_APP_LOGIN Req status: TAM_SUCCESS
2026-04-30 01:11:29.371232[INFO] tams_proc: [1407] Processing TAMC_CMD_APP_LOGIN Req status: TAM_SUCCESS
2026-04-30 01:11:29.384032[INFO] tams_proc: [1407] cmd type: TAMC_CMD_APP_LOGIN
2026-04-30 01:11:29.384078[INFO] tams_proc: [1407] Parsing TAMC_CMD_APP_LOGIN Req status: TAM_SUCCESS
2026-04-30 01:11:29.384153[INFO] tams_proc: [1407] Processing TAMC_CMD_APP_LOGIN Req status: TAM_SUCCESS_IN_PROCESS
2026-04-30 01:11:29.407902[INFO] tams_proc: [1407] cmd type: TAMD_CMD_DEVICE_BIND
2026-04-30 01:11:29.407945[INFO] tams_proc: [1407] Parsing TAMD_CMD_DEVICE_BIND Rsp status: TAM_SUCCESS
2026-04-30 01:11:29.408028[INFO] tams_proc: [1407] Processing TAMD_CMD_DEVICE_BIND Rsp status: TAM_SUCCESS
2026-04-30 01:11:29.410365[INFO] tams_proc: [1407] cmd type: TAMC_CMD_SO_DELETE
2026-04-30 01:11:29.410481[INFO] tams_proc: [1407] Parsing TAMC_CMD_SO_DELETE Req status: TAM_SUCCESS
2026-04-30 01:11:29.410555[INFO] tams_proc: [1407] Processing TAMC_CMD_SO_DELETE Req status: TAM_SUCCESS
2026-04-30 01:11:29.441891[INFO] tams_proc: [1407] cmd type: TAMD_CMD_GET_SO_DELETE
2026-04-30 01:11:29.441938[INFO] tams_proc: [1407] Parsing TAMD_CMD_GET_SO_DELETE Rsp status: TAM_SUCCESS
2026-04-30 01:11:29.441965[INFO] tams_proc: [1407] Processing TAMD_CMD_GET_SO_DELETE Rsp status: TAM_SUCCESS
2026-04-30 01:11:29.444286[INFO] tams_proc: [1407] cmd type: TAMC_CMD_SO_CREATE
2026-04-30 01:11:29.444371[INFO] tams_proc: [1407] Parsing TAMC_CMD_SO_CREATE Req status: TAM_SUCCESS
2026-04-30 01:11:29.444422[INFO] tams_proc: [1407] Processing TAMC_CMD_SO_CREATE Req status: TAM_SUCCESS
2026-04-30 01:11:29.511119[INFO] tams_proc: [1407] cmd type: TAMD_CMD_GET_SO_CREATE
2026-04-30 01:11:29.511163[INFO] tams_proc: [1407] Parsing TAMD_CMD_GET_SO_CREATE Rsp status: TAM_SUCCESS
2026-04-30 01:11:29.511197[INFO] tams_proc: [1407] Processing TAMD_CMD_GET_SO_CREATE Rsp status: TAM_SUCCESS
2026-04-30 01:11:29.513532[INFO] tams_proc: [1407] cmd type: TAMC_CMD_SO_WRITE
2026-04-30 01:11:29.513654[INFO] tams_proc: [1407] Parsing TAMC_CMD_SO_WRITE Req status: TAM_SUCCESS
2026-04-30 01:11:29.513729[INFO] tams_proc: [1407] Processing TAMC_CMD_SO_WRITE Req status: TAM_SUCCESS
2026-04-30 01:11:29.666968[INFO] tams_proc: [1407] cmd type: TAMD_CMD_GET_SO_WRITE
2026-04-30 01:11:29.668064[INFO] tams_proc: [1407] Parsing TAMD_CMD_GET_SO_WRITE Rsp status: TAM_SUCCESS
2026-04-30 01:11:29.669021[INFO] tams_proc: [1407] Processing TAMD_CMD_GET_SO_WRITE Rsp status: TAM_SUCCESS
2026-04-30 01:11:29.674892[INFO] tams_proc: [1407] cmd type: TAMC_CMD_SO_READ
2026-04-30 01:11:29.675034[INFO] tams_proc: [1407] Parsing TAMC_CMD_SO_READ Req status: TAM_SUCCESS
2026-04-30 01:11:29.675158[INFO] tams_proc: [1407] Processing TAMC_CMD_SO_READ Req status: TAM_SUCCESS
2026-04-30 01:11:29.697491[INFO] tams_proc: [1407] cmd type: TAMD_CMD_GET_SO_READ
2026-04-30 01:11:29.697537[INFO] tams_proc: [1407] Parsing TAMD_CMD_GET_SO_READ Rsp status: TAM_SUCCESS
2026-04-30 01:11:29.697564[INFO] tams_proc: [1407] Processing TAMD_CMD_GET_SO_READ Rsp status: TAM_SUCCESS
2026-04-30 01:11:29.700983[INFO] tams_proc: [1407] cmd type: TAMC_CMD_SO_DELETE
2026-04-30 01:11:29.701242[INFO] tams_proc: [1407] Parsing TAMC_CMD_SO_DELETE Req status: TAM_SUCCESS
2026-04-30 01:11:29.701326[INFO] tams_proc: [1407] Processing TAMC_CMD_SO_DELETE Req status: TAM_SUCCESS
2026-04-30 01:11:29.743825[INFO] tams_proc: [1407] cmd type: TAMD_CMD_GET_SO_DELETE
2026-04-30 01:11:29.743902[INFO] tams_proc: [1407] Parsing TAMD_CMD_GET_SO_DELETE Rsp status: TAM_SUCCESS
2026-04-30 01:11:29.743940[INFO] tams_proc: [1407] Processing TAMD_CMD_GET_SO_DELETE Rsp status: TAM_SUCCESS
2026-04-30 01:11:29.746529[INFO] tams_proc: [1407] cmd type: TAMC_CMD_APP_LOGOUT
2026-04-30 01:11:29.746597[INFO] tams_proc: [1407] Parsing TAMC_CMD_APP_LOGOUT Req status: TAM_SUCCESS
2026-04-30 01:11:29.746657[INFO] tams_proc: [1407] Processing TAMC_CMD_APP_LOGOUT Req status: TAM_SUCCESS
2026-04-30 01:11:29.751306[INFO] tams_proc: [1407] cmd type: TAMC_CMD_APP_LOGIN
2026-04-30 01:11:29.751369[INFO] tams_proc: [1407] Parsing TAMC_CMD_APP_LOGIN Req status: TAM_SUCCESS
2026-04-30 01:11:29.762673[INFO] tams_proc: [1407] Processing TAMC_CMD_APP_LOGIN Req status: TAM_SUCCESS
2026-04-30 01:11:29.775736[INFO] tams_proc: [1407] cmd type: TAMC_CMD_APP_LOGIN
2026-04-30 01:11:29.775783[INFO] tams_proc: [1407] Parsing TAMC_CMD_APP_LOGIN Req status: TAM_SUCCESS
2026-04-30 01:11:29.775859[INFO] tams_proc: [1407] Processing TAMC_CMD_APP_LOGIN Req status: TAM_SUCCESS_IN_PROCESS
2026-04-30 01:11:29.800698[INFO] tams_proc: [1407] cmd type: TAMD_CMD_DEVICE_BIND
2026-04-30 01:11:29.800732[INFO] tams_proc: [1407] Parsing TAMD_CMD_DEVICE_BIND Rsp status: TAM_SUCCESS
2026-04-30 01:11:29.800783[INFO] tams_proc: [1407] Processing TAMD_CMD_DEVICE_BIND Rsp status: TAM_SUCCESS
2026-04-30 01:11:29.803254[INFO] tams_proc: [1407] cmd type: TAMC_CMD_SO_DELETE
2026-04-30 01:11:29.803365[INFO] tams_proc: [1407] Parsing TAMC_CMD_SO_DELETE Req status: TAM_SUCCESS
2026-04-30 01:11:29.803459[INFO] tams_proc: [1407] Processing TAMC_CMD_SO_DELETE Req status: TAM_SUCCESS
2026-04-30 01:11:29.827054[INFO] tams_proc: [1407] cmd type: TAMD_CMD_GET_SO_DELETE
2026-04-30 01:11:29.827097[INFO] tams_proc: [1407] Parsing TAMD_CMD_GET_SO_DELETE Rsp status: TAM_SUCCESS
2026-04-30 01:11:29.827125[INFO] tams_proc: [1407] Processing TAMD_CMD_GET_SO_DELETE Rsp status: TAM_SUCCESS
2026-04-30 01:11:29.832874[INFO] tams_proc: [1407] cmd type: TAMC_CMD_SO_CREATE
2026-04-30 01:11:29.833024[INFO] tams_proc: [1407] Parsing TAMC_CMD_SO_CREATE Req status: TAM_SUCCESS
2026-04-30 01:11:29.833110[INFO] tams_proc: [1407] Processing TAMC_CMD_SO_CREATE Req status: TAM_SUCCESS
2026-04-30 01:11:29.876079[INFO] tams_proc: [1407] cmd type: TAMD_CMD_GET_SO_CREATE
2026-04-30 01:11:29.876124[INFO] tams_proc: [1407] Parsing TAMD_CMD_GET_SO_CREATE Rsp status: TAM_SUCCESS
2026-04-30 01:11:29.876160[INFO] tams_proc: [1407] Processing TAMD_CMD_GET_SO_CREATE Rsp status: TAM_SUCCESS
2026-04-30 01:11:29.880445[INFO] tams_proc: [1407] cmd type: TAMC_CMD_SO_WRITE
2026-04-30 01:11:29.880561[INFO] tams_proc: [1407] Parsing TAMC_CMD_SO_WRITE Req status: TAM_SUCCESS
2026-04-30 01:11:29.880633[INFO] tams_proc: [1407] Processing TAMC_CMD_SO_WRITE Req status: TAM_SUCCESS
2026-04-30 01:11:29.902727[INFO] tams_proc: [1407] cmd type: TAMD_CMD_GET_SO_WRITE
2026-04-30 01:11:29.902774[INFO] tams_proc: [1407] Parsing TAMD_CMD_GET_SO_WRITE Rsp status: TAM_SUCCESS
2026-04-30 01:11:29.902812[INFO] tams_proc: [1407] Processing TAMD_CMD_GET_SO_WRITE Rsp status: TAM_SUCCESS
2026-04-30 01:11:29.905225[INFO] tams_proc: [1407] cmd type: TAMC_CMD_SO_READ
2026-04-30 01:11:29.905330[INFO] tams_proc: [1407] Parsing TAMC_CMD_SO_READ Req status: TAM_SUCCESS
2026-04-30 01:11:29.905417[INFO] tams_proc: [1407] Processing TAMC_CMD_SO_READ Req status: TAM_SUCCESS
2026-04-30 01:11:29.925629[INFO] tams_proc: [1407] cmd type: TAMD_CMD_GET_SO_READ
2026-04-30 01:11:29.925660[INFO] tams_proc: [1407] Parsing TAMD_CMD_GET_SO_READ Rsp status: TAM_SUCCESS
2026-04-30 01:11:29.925679[INFO] tams_proc: [1407] Processing TAMD_CMD_GET_SO_READ Rsp status: TAM_SUCCESS
2026-04-30 01:11:29.927963[INFO] tams_proc: [1407] cmd type: TAMC_CMD_SO_DELETE
2026-04-30 01:11:29.928027[INFO] tams_proc: [1407] Parsing TAMC_CMD_SO_DELETE Req status: TAM_SUCCESS
2026-04-30 01:11:29.928078[INFO] tams_proc: [1407] Processing TAMC_CMD_SO_DELETE Req status: TAM_SUCCESS
2026-04-30 01:11:292026-04-30 01:11:28.828353[INFO] tamd_proc: [1450] cmd type: TAMD_CMD_AUTHENTICATE_DEVICE
2026-04-30 01:11:28.899942[INFO] tamd_proc: [1450] Processing TAMD_CMD_AUTHENTICATE_DEVICE Req status: TAM_SUCCESS
2026-04-30 01:11:28.914321[INFO] tamd_proc: [1450] cmd type: TAMD_CMD_REGISTER_APP
2026-04-30 01:11:28.990316[INFO] tamd_proc: [1450] Processing TAMD_CMD_REGISTER_APP Req status: TAM_SUCCESS
2026-04-30 01:11:28.998155[INFO] tamd_proc: [1450] cmd type: TAMD_CMD_APP_SET_ATTR
2026-04-30 01:11:29.68166Z[INFO] tamd_proc: [1450] Processing TAMD_CMD_APP_SET_ATTR Req status: TAM_SUCCESS
2026-04-30 01:11:29.80358Z[INFO] tamd_proc: [1450] cmd type: TAMD_CMD_REGISTER_APP
2026-04-30 01:11:29.160025[INFO] tamd_proc: [1450] Processing TAMD_CMD_REGISTER_APP Req status: TAM_SUCCESS
2026-04-30 01:11:29.166188[INFO] tamd_proc: [1450] cmd type: TAMD_CMD_APP_SET_ATTR
2026-04-30 01:11:29.237568[INFO] tamd_proc: [1450] Processing TAMD_CMD_APP_SET_ATTR Req status: TAM_SUCCESS
2026-04-30 01:11:29.244621[INFO] tamd_proc: [1450] cmd type: TAMD_CMD_REGISTER_APP
2026-04-30 01:11:29.302117[INFO] tamd_proc: [1450] Processing TAMD_CMD_REGISTER_APP Req status: TAM_SUCCESS
2026-04-30 01:11:29.308128[INFO] tamd_proc: [1450] cmd type: TAMD_CMD_APP_SET_ATTR
2026-04-30 01:11:29.356919[INFO] tamd_proc: [1450] Processing TAMD_CMD_APP_SET_ATTR Req status: TAM_SUCCESS
2026-04-30 01:11:29.385841[INFO] tamd_proc: [1450] cmd type: TAMD_CMD_DEVICE_BIND
2026-04-30 01:11:29.406806[INFO] tamd_proc: [1450] Processing TAMD_CMD_DEVICE_BIND Req status: TAM_SUCCESS
2026-04-30 01:11:29.413308[INFO] tamd_proc: [1450] cmd type: TAMD_CMD_GET_SO_DELETE
2026-04-30 01:11:29.439504[INFO] tamd_proc: [1450] Processing TAMD_CMD_GET_SO_DELETE Req status: TAM_SUCCESS
2026-04-30 01:11:29.445789[INFO] tamd_proc: [1450] cmd type: TAMD_CMD_GET_SO_CREATE
2026-04-30 01:11:29.510052[INFO] tamd_proc: [1450] Processing TAMD_CMD_GET_SO_CREATE Req status: TAM_SUCCESS
2026-04-30 01:11:29.514912[INFO] tamd_proc: [1450] cmd type: TAMD_CMD_GET_SO_WRITE
2026-04-30 01:11:29.665711[INFO] tamd_proc: [1450] Processing TAMD_CMD_GET_SO_WRITE Req status: TAM_SUCCESS
2026-04-30 01:11:29.676768[INFO] tamd_proc: [1450] cmd type: TAMD_CMD_GET_SO_READ
2026-04-30 01:11:29.696427[INFO] tamd_proc: [1450] Processing TAMD_CMD_GET_SO_READ Req status: TAM_SUCCESS
2026-04-30 01:11:29.702789[INFO] tamd_proc: [1450] cmd type: TAMD_CMD_GET_SO_DELETE
2026-04-30 01:11:29.742758[INFO] tamd_proc: [1450] Processing TAMD_CMD_GET_SO_DELETE Req status: TAM_SUCCESS
2026-04-30 01:11:29.777027[INFO] tamd_proc: [1450] cmd type: TAMD_CMD_DEVICE_BIND
2026-04-30 01:11:29.798942[INFO] tamd_proc: [1450] Processing TAMD_CMD_DEVICE_BIND Req status: TAM_SUCCESS
2026-04-30 01:11:29.804656[INFO] tamd_proc: [1450] cmd type: TAMD_CMD_GET_SO_DELETE
2026-04-30 01:11:29.825993[INFO] tamd_proc: [1450] Processing TAMD_CMD_GET_SO_DELETE Req status: TAM_SUCCESS
2026-04-30 01:11:29.834297[INFO] tamd_proc: [1450] cmd type: TAMD_CMD_GET_SO_CREATE
2026-04-30 01:11:29.874982[INFO] tamd_proc: [1450] Processing TAMD_CMD_GET_SO_CREATE Req status: TAM_SUCCESS
2026-04-30 01:11:29.881800[INFO] tamd_proc: [1450] cmd type: TAMD_CMD_GET_SO_WRITE
2026-04-30 01:11:29.901515[INFO] tamd_proc: [1450] Processing TAMD_CMD_GET_SO_WRITE Req status: TAM_SUCCESS
2026-04-30 01:11:29.906540[INFO] tamd_proc: [1450] cmd type: TAMD_CMD_GET_SO_READ
2026-04-30 01:11:29.923236[INFO] tamd_proc: [1450] Processing TAMD_CMD_GET_SO_READ Req status: TAM_SUCCESS
2026-04-30 01:11:29.929222[INFO] tamd_proc: [1450] cmd type: TAMD_CMD_GET_SO_DELETE
2026-04-30 01:11:29.960958[INFO] tamd_proc: [1450] Processing TAMD_CMD_GET_SO_DELETE Req status: TAM_SUCCESS
2026-04-30 01:11:29.986366[INFO] tamd_proc: [1450] cmd type: TAMD_CMD_DEVICE_BIND
2026-04-30 01:11:30.289Z[INFO] tamd_proc: [1450] Processing TAMD_CMD_DEVICE_BIND Req status: TAM_SUCCESS
2026-04-30 01:11:30.5344Z[INFO] tamd_proc: [1450] cmd type: TAMD_CMD_GET_SO_DELETE
2026-04-30 01:11:30.21759Z[INFO] tamd_proc: [1450] Processing TAMD_CMD_GET_SO_DELETE Req status: TAM_SUCCESS
2026-04-30 01:11:30.28670Z[INFO] tamd_proc: [1450] cmd type: TAMD_CMD_.962049[INFO] tams_proc: [1407] cmd type: TAMD_CMD_GET_SO_DELETE
2026-04-30 01:11:29.962094[INFO] tams_proc: [1407] Parsing TAMD_CMD_GET_SO_DELETE Rsp status: TAM_SUCCESS
2026-04-30 01:11:29.962118[INFO] tams_proc: [1407] Processing TAMD_CMD_GET_SO_DELETE Rsp status: TAM_SUCCESS
2026-04-30 01:11:29.964426[INFO] tams_proc: [1407] cmd type: TAMC_CMD_APP_LOGOUT
2026-04-30 01:11:29.964488[INFO] tams_proc: [1407] Parsing TAMC_CMD_APP_LOGOUT Req status: TAM_SUCCESS
2026-04-30 01:11:29.964544[INFO] tams_proc: [1407] Processing TAMC_CMD_APP_LOGOUT Req status: TAM_SUCCESS
2026-04-30 01:11:29.968931[INFO] tams_proc: [1407] cmd type: TAMC_CMD_APP_LOGIN
2026-04-30 01:11:29.968991[INFO] tams_proc: [1407] Parsing TAMC_CMD_APP_LOGIN Req status: TAM_SUCCESS
2026-04-30 01:11:29.973345[INFO] tams_proc: [1407] Processing TAMC_CMD_APP_LOGIN Req status: TAM_SUCCESS
2026-04-30 01:11:29.985021[INFO] tams_proc: [1407] cmd type: TAMC_CMD_APP_LOGIN
2026-04-30 01:11:29.985097[INFO] tams_proc: [1407] Parsing TAMC_CMD_APP_LOGIN Req status: TAM_SUCCESS
2026-04-30 01:11:29.985181[INFO] tams_proc: [1407] Processing TAMC_CMD_APP_LOGIN Req status: TAM_SUCCESS_IN_PROCESS
2026-04-30 01:11:30.1432Z[INFO] tams_proc: [1407] cmd type: TAMD_CMD_DEVICE_BIND
2026-04-30 01:11:30.1479Z[INFO] tams_proc: [1407] Parsing TAMD_CMD_DEVICE_BIND Rsp status: TAM_SUCCESS
2026-04-30 01:11:30.1554Z[INFO] tams_proc: [1407] Processing TAMD_CMD_DEVICE_BIND Rsp status: TAM_SUCCESS
2026-04-30 01:11:30.4020Z[INFO] tams_proc: [1407] cmd type: TAMC_CMD_SO_DELETE
2026-04-30 01:11:30.4131Z[INFO] tams_proc: [1407] Parsing TAMC_CMD_SO_DELETE Req status: TAM_SUCCESS
2026-04-30 01:11:30.4204Z[INFO] tams_proc: [1407] Processing TAMC_CMD_SO_DELETE Req status: TAM_SUCCESS
2026-04-30 01:11:30.22821Z[INFO] tams_proc: [1407] cmd type: TAMD_CMD_GET_SO_DELETE
2026-04-30 01:11:30.22864Z[INFO] tams_proc: [1407] Parsing TAMD_CMD_GET_SO_DELETE Rsp status: TAM_SUCCESS
2026-04-30 01:11:30.22889Z[INFO] tams_proc: [1407] Processing TAMD_CMD_GET_SO_DELETE Rsp status: TAM_SUCCESS
2026-04-30 01:11:30.26434Z[INFO] tams_proc: [1407] cmd type: TAMC_CMD_SO_CREATE
2026-04-30 01:11:30.26554Z[INFO] tams_proc: [1407] Parsing TAMC_CMD_SO_CREATE Req status: TAM_SUCCESS
2026-04-30 01:11:30.26609Z[INFO] tams_proc: [1407] Processing TAMC_CMD_SO_CREATE Req status: TAM_SUCCESS
2026-04-30 01:11:30.65190Z[INFO] tams_proc: [1407] cmd type: TAMD_CMD_GET_SO_CREATE
2026-04-30 01:11:30.65239Z[INFO] tams_proc: [1407] Parsing TAMD_CMD_GET_SO_CREATE Rsp status: TAM_SUCCESS
2026-04-30 01:11:30.65275Z[INFO] tams_proc: [1407] Processing TAMD_CMD_GET_SO_CREATE Rsp status: TAM_SUCCESS
2026-04-30 01:11:30.67605Z[INFO] tams_proc: [1407] cmd type: TAMC_CMD_SO_WRITE
2026-04-30 01:11:30.67719Z[INFO] tams_proc: [1407] Parsing TAMC_CMD_SO_WRITE Req status: TAM_SUCCESS
2026-04-30 01:11:30.67792Z[INFO] tams_proc: [1407] Processing TAMC_CMD_SO_WRITE Req status: TAM_SUCCESS
2026-04-30 01:11:30.91216Z[INFO] tams_proc: [1407] cmd type: TAMD_CMD_GET_SO_WRITE
2026-04-30 01:11:30.91256Z[INFO] tams_proc: [1407] Parsing TAMD_CMD_GET_SO_WRITE Rsp status: TAM_SUCCESS
2026-04-30 01:11:30.91288Z[INFO] tams_proc: [1407] Processing TAMD_CMD_GET_SO_WRITE Rsp status: TAM_SUCCESS
2026-04-30 01:11:30.93903Z[INFO] tams_proc: [1407] cmd type: TAMC_CMD_SO_READ
2026-04-30 01:11:30.93961Z[INFO] tams_proc: [1407] Parsing TAMC_CMD_SO_READ Req status: TAM_SUCCESS
2026-04-30 01:11:30.94012Z[INFO] tams_proc: [1407] Processing TAMC_CMD_SO_READ Req status: TAM_SUCCESS
2026-04-30 01:11:30.113101[INFO] tams_proc: [1407] cmd type: TAMD_CMD_GET_SO_READ
2026-04-30 01:11:30.113146[INFO] tams_proc: [1407] Parsing TAMD_CMD_GET_SO_READ Rsp status: TAM_SUCCESS
2026-04-30 01:11:30.113172[INFO] tams_proc: [1407] Processing TAMD_CMD_GET_SO_READ Rsp status: TAM_SUCCESS
2026-04-30 01:11:30.115475[INFO] tams_proc: [1407] cmd type: TAMC_CMD_SO_DELETE
2026-04-30 01:11:30.115584[INFO] tams_proc: [1407] Parsing TAMC_CMD_SO_DELETE Req status: TAM_SUCCESS
2026-04-30 01:11:30.115665[INFO] tams_proc: [1407] Processing TAMC_CMD_SO_DELETE Req status: TAM_SUCCESS
2026-04-30 01:11:30.159180[INFO] tams_proc: [1407] cmd type: TAMD_CMD_GET_SO_DELETE
2026-04-30 01:11:30.159247[INFO] tams_proc: [1407] Parsing TAMD_CMD_GET_SO_DELETE Rsp status: TAM_SUCCESS
2026-04-30 01:11:30.159281[INFO] tams_proc: [1407] Processing TAMD_CMD_GET_SO_DELETE Rsp status: TAM_SUCCESS
2026-04-30 01:11:30.161555[INFO] tams_proc: [1407] cmd type: TAMC_CMD_APP_LOGOUT
2026-04-30 01:11:30.161598[INFO] tams_proc: [1407] Parsing TAMC_CMD_APP_LOGOUT Req status: TAM_SUCCESS
2026-04-30 01:11:30.161632[INFO] tams_proc: [1407] Processing TAMC_CMD_APP_LOGOUT Req status: TAM_SUCCESS
2026-04-30 01:11:30.166137[INFO] tams_proc: [1407] cmd type: TAMM_CMD_VUDI_INIT
2026-04-30 01:11:30.166197[INFO] tams_proc: [1407] Parsing TAMM_CMD_VUDI_INIT Req status: TAM_SUCCESS
2026-04-30 01:11:30.166287[INFO] tams_proc: [1407] Processing TAMM_CMD_VUDI_INIT Req status: TAM_SUCCESS_IN_PROCESS
2026-04-30 01:11:30.247659[INFO] tams_proc: [1407] cmd type: TAMD_CMD_VUDI_INIT
2026-04-30 01:11:30.247708[INFO] tams_proc: [1407] Parsing TAMD_CMD_VUDI_INIT Rsp status: TAM_SUCCESS
2026-04-30 01:11:30.247739[INFO] tams_proc: [1407] Processing TAMD_CMD_VUDI_INIT Rsp status: TAM_SUCCESS
2026-04-30 01:11:30.252298[INFO] tams_proc: [1407] cmd type: TAMC_CMD_APP_LOGIN
2026-04-30 01:11:30.252339[INFO] tams_proc: [1407] Parsing TAMC_CMD_APP_LOGIN Req status: TAM_SUCCESS
2026-04-30 01:11:30.256739[INFO] tams_proc: [1407] Processing TAMC_CMD_APP_LOGIN Req status: TAM_SUCCESS
2026-04-30 01:11:30.268162[INFO] tams_proc: [1407] cmd type: TAMC_CMD_APP_LOGIN
2026-04-30 01:11:30.268195[INFO] tams_proc: [1407] Parsing TAMC_CMD_APP_LOGIN Req status: TAM_SUCCESS
2026-04-30 01:11:30.268317[INFO] tams_proc: [1407] Processing TAMC_CMD_APP_LOGIN Req status: TAM_SUCCESS_IN_PROCESS
2026-04-30 01:11:30.286774[INFO] tams_proc: [1407] cmd type: TAMD_CMD_DEVICE_BIND
2026-04-30 01:11:30.286821[INFO] tams_proc: [1407] Parsing TAMD_CMD_DEVICE_BIND Rsp status: TAM_SUCCESS
2026-04-30 01:11:30.286898[INFO] tams_proc: [1407] Processing TAMD_CMD_DEVICE_BIND Rsp status: TAM_SUCCESS
2026-04-30 01:11:30.291630[INFO] tams_proc: [1407] cmd type: TAMC_CMD_UDI
2026-04-30 01:11:30.291698[INFO] tams_proc: [1407] Parsing TAMC_CMD_UDI Req status: TAM_SUCCESS
2026-04-30 01:11:30.291770[INFO] tams_proc: [1407] Processing TAMC_CMD_UDI Req status: TAM_SUCCESS
2026-04-30 01:11:30.312665[INFO] tams_proc: [1407] cmd type: TAMD_CMD_UDI
2026-04-30 01:11:30.312710[INFO] tams_proc: [1407] Parsing TAMD_CMD_UDI Rsp status: TAM_SUCCESS
2026-04-30 01:11:30.312737[INFO] tams_proc: [1407] Processing TAMD_CMD_UDI Rsp status: TAM_SUCCESS
2026-04-30 01:11:30.315155[INFO] tams_proc: [1407] cmd type: TAMC_CMD_APP_LOGOUT
2026-04-30 01:11:30.315221[INFO] tams_proc: [1407] Parsing TAMC_CMD_APP_LOGOUT Req status: TAM_SUCCESS
2026-04-30 01:11:30.315280[INFO] tams_proc: [1407] Processing TAMC_CMD_APP_LOGOUT Req status: TAM_SUCCESS
2026-04-30 01:12:04.237654[INFO] tams_proc: [1407] cmd type: TAMC_CMD_APP_LOGIN
2026-04-30 01:12:04.237725[INFO] tams_proc: [1407] Parsing TAMC_CMD_APP_LOGIN Req status: TAM_SUCCESS
2026-04-30 01:12:04.244635[INFO] tams_proc: [1407] Processing TAMC_CMD_APP_LOGIN Req status: TAM_SUCCESS
2026-04-30 01:12:04.264928[INFO] tams_proc: [1407] cmd type: TAMC_CMD_APP_LOGIN
2026-04-30 01:12:04.265204[INFO] tams_proc: [1407] Parsing TAMC_CMD_APP_LOGIN Req status: TAM_SUCCESS
2026-04-30 01:12:04.265503[INFO] tams_proc: [1407] Processing TAMC_CMD_APP_LOGIN Req status: TAM_SUCCESS_IN_PROCESS
2026-04-30 01:12:04.337722[INFO] tams_proc: [1407] cmd type: TAMC_CMD_APP_LOGIN
2026-04-30 01:12:04.337803[INFO] tams_proc: [1407] Parsing TAMC_CMD_APP_LOGIN Req status: TAM_SUCCESS
2026-04-30 01:12:04.378798[INFO] tams_proc: [1407] Processing TAMC_CMD_APP_LOGIN Req status: TAM_SUCCESS
2026-04-30 01:12:04.395145[INFO] tams_proc: [1407] cmd type: TAMD_CMD_DEVICE_BIND
2026-04-30 01:12:04.395469[INFO] tams_proc: [1407] Parsing TAMD_CMD_DEVICE_BIND Rsp status: TAM_SUCCESS
2026-04-30 01:12:04.395830[INFO] tams_proc: [1407] Processing TAMD_CMD_DEVICE_BIND Rsp status: TAM_SUCCESS
2026-04-30 01:12:04.498131[INFO] tams_proc: [1407] cmd type: TAMC_CMD_APP_LOGIN
2026-04-30 01:12:04.498205[INFO] tams_proc: [1407] Parsing TAMC_CMD_APP_LOGIN Req status: TAM_SUCCESS
2026-04-30 01:12:04.498338[INFO] tams_proc: [1407] Processing TAMC_CMD_APP_LOGIN Req status: TAM_SUCCESS_IN_PROCESS
2026-04-30 01:12:04.675987[INFO] tams_proc: [1407] cmd type: TAMD_CMD_DEVICE_BIND
2026-04-30 01:12:04.676054[INFO] tams_proc: [1407] Parsing TAMD_CMD_DEVICE_BIND Rsp status: TAM_SUCCESS
2026-04-30 01:12:04.676139[INFO] tams_proc: [1407] Processing TAMD_CMD_DEVICE_BIND Rsp status: TAM_SUCCESS
2026-04-30 01:12:04.681419[INFO] tams_proc: [1407] cmd type: TAMC_CMD_DEVICE_CAP
2026-04-30 01:12:04.681509[INFO] tams_proc: [1407] Parsing TAMC_CMD_DEVICE_CAP Req status: TAM_SUCCESS
2026-04-30 01:12:04.681594[INFO] tams_proc: [1407] Processing TAMC_CMD_DEVICE_CAP Req status: TAM_SUCCESS_IN_PROCESS
2026-04-30 01:12:04.689110[INFO] tams_proc: [1407] cmd type: TAMD_CMD_DEVICE_CAP
2026-04-30 01:12:04.689194[INFO] tams_proc: [1407] Parsing TAMD_CMD_DEVICE_CAP Rsp status: TAM_SUCCESS
2026-04-30 01:12:04.689223[INFO] tams_proc: [1407] Processing TAMD_CMD_DEVICE_CAP Rsp status: TAM_SUCCESS
2026-04-30 01:12:04.700882[INFO] tams_proc: [1407] cmd type: TAMC_CMD_SO_READ
2026-04-30 01:12:04.700985[INFO] tams_proc: [1407] Parsing TAMC_CMD_SO_READ Req status: TAM_SUCCESS
2026-04-30 01:12:04.701062[INFO] tams_proc: [1407] Processing TAMC_CMD_SO_READ Req status: TAM_SUCCESS
2026-04-30 01:12:04.890924[INFO] tams_proc: [1407] cmd type: TAMD_CMD_GET_SO_READ
2026-04-30 01:12:04.890991[INFO] tams_proc: [1407] Parsing TAMD_CMD_GET_SO_READ Rsp status: TAM_SUCCESS
2026-04-30 01:12:04.891021[INFO] tams_proc: [1407] Processing TAMD_CMD_GET_SO_READ Rsp status: TAM_SUCCESS
2026-04-30 01:12:04.898741[INFO] tams_proc: [1407] cmd type: TAMC_CMD_SO_CREATE
2026-04-30 01:12:04.902577[INFO] tams_proc: [1407] Parsing TAMC_CMD_SO_CREATE Req status: TAM_SUCCESS
2026-04-30 01:12:04.902663[INFO] tams_proc: [1407] Processing TAMC_CMD_SO_CREATE Req status: TAM_SUCCESS
2026-04-30 01:12:04.961215[INFO] tams_proc: [1407] cmd type: TAMC_CMD_SO_READ
2026-04-30 01:12:04.961340[INFO] tams_proc: [1407] Parsing TAMC_CMD_SO_READ Req status: TAM_SUCCESS
2026-04-30 01:12:04.961437[INFO] tams_proc: [1407] Processing TAMC_CMD_SO_READ Req status: TAM_SUCCESS
2026-04-30 01:12:05.223630[INFO] tams_proc: [1407] cmd type: TAMD_CMD_GET_SO_CREATE
2026-04-30 01:12:05.223688[INFO] tams_proc: [1407] Parsing TAMD_CMD_GET_SO_CREATE Rsp status: TAM_SUCCESS
2026-04-30 01:12:05.223727[INFO] tams_proc: [1407] Processing TAMD_CMD_GET_SO_CREATE Rsp status: TAM_SUCCESS
2026-04-30 01:12:05.232246[INFO] tams_proc: [1407] cmd type: TAMC_CMD_SO_WRITE
2026-04-30 01:12:05.232399[INFO] tams_proc: [1407] Parsing TAMC_CMD_SO_WRITE Req status: TAM_SUCCESS
2026-04-30 01:12:05.232490[INFO] tams_proc: [1407] Processing TAMC_CMD_SO_WRITE Req status: TAM_SUCCESS
2026-04-30 01:12:05.300398[INFO] tams_proc: [1407] cmd type: TAMD_CMD_GET_SO_READ
2026-04-30 01:12:05.300479[INFO] tams_proc: [1407] Parsing TAMD_CMD_GET_SO_READ Rsp status: TAM_SUCCESS
2026-04-30 01:12:05.300512[INFO] tams_proc: [1407] Processing TAMD_CMD_GET_SO_READ Rsp status: TAM_SUCCESS
2026-04-30 01:12:05.331680[INFO] tams_proc: [1407] cmd type: TAMC_CMD_SO_READ
2026-04-30 01:12:05.331808[INFO] tams_proc: [1407] Parsing TAMC_CMD_SO_READ Req status: TAM_SUCCESS
2026-04-30 01:12:05.331894[INFO] tams_proc: [1407] Processing TAMC_CMD_SO_READ Req status: TAM_SUCCESS
2026-04-30 01:12:05.428012[INFO] tams_proc: [1407] cmd type: TAMD_CMD_GET_SO_WRITE
2026-04-30 01:12:05.428070[INFO] tams_proc: [1407] Parsing TAMD_CMD_GET_SO_WRITE Rsp status: TAM_SUCCESS
2026-04-30 01:12:05.428109[INFO] tams_proc: [1407] Processing TAMD_CMD_GET_SO_WRITE Rsp status: TAM_SUCCESS
2026-04-30 01:12:05.433277[INFO] tams_proc: [1407] cmd type: TAMC_CMD_SO_CREATE
2026-04-30 01:12:05.433444[INFO] tams_proc: [1407] Parsing TAMC_CMD_SO_CREATE Req status: TAM_SUCCESS
2026-04-30 01:12:05.433520[INFO] tams_proc: [1407] Processing TAMC_CMD_SO_CREATE Req status: TAM_SUCCESS
2026-04-30 01:12:05.509773[INFO] tams_proc: [1407] cmd type: TAMD_CMD_GET_SO_READ
2026-04-30 01:12:05.509832[INFO] tams_procGET_SO_CREATE
2026-04-30 01:11:30.63205Z[INFO] tamd_proc: [1450] Processing TAMD_CMD_GET_SO_CREATE Req status: TAM_SUCCESS
2026-04-30 01:11:30.68977Z[INFO] tamd_proc: [1450] cmd type: TAMD_CMD_GET_SO_WRITE
2026-04-30 01:11:30.90154Z[INFO] tamd_proc: [1450] Processing TAMD_CMD_GET_SO_WRITE Req status: TAM_SUCCESS
2026-04-30 01:11:30.95172Z[INFO] tamd_proc: [1450] cmd type: TAMD_CMD_GET_SO_READ
2026-04-30 01:11:30.112039[INFO] tamd_proc: [1450] Processing TAMD_CMD_GET_SO_READ Req status: TAM_SUCCESS
2026-04-30 01:11:30.117262[INFO] tamd_proc: [1450] cmd type: TAMD_CMD_GET_SO_DELETE
2026-04-30 01:11:30.157226[INFO] tamd_proc: [1450] Processing TAMD_CMD_GET_SO_DELETE Req status: TAM_SUCCESS
2026-04-30 01:11:30.167459[INFO] tamd_proc: [1450] cmd type: TAMD_CMD_VUDI_INIT
2026-04-30 01:11:30.246560[INFO] tamd_proc: [1450] Processing TAMD_CMD_VUDI_INIT Req status: TAM_SUCCESS
2026-04-30 01:11:30.269406[INFO] tamd_proc: [1450] cmd type: TAMD_CMD_DEVICE_BIND
2026-04-30 01:11:30.285645[INFO] tamd_proc: [1450] Processing TAMD_CMD_DEVICE_BIND Req status: TAM_SUCCESS
2026-04-30 01:11:30.292931[INFO] tamd_proc: [1450] cmd type: TAMD_CMD_UDI
2026-04-30 01:11:30.311612[INFO] tamd_proc: [1450] Processing TAMD_CMD_UDI Req status: TAM_SUCCESS
2026-04-30 01:12:04.267319[INFO] tamd_proc: [1450] cmd type: TAMD_CMD_DEVICE_BIND
2026-04-30 01:12:04.392939[INFO] tamd_proc: [1450] Processing TAMD_CMD_DEVICE_BIND Req status: TAM_SUCCESS
2026-04-30 01:12:04.513898[INFO] tamd_proc: [1450] cmd type: TAMD_CMD_DEVICE_BIND
2026-04-30 01:12:04.673224[INFO] tamd_proc: [1450] Processing TAMD_CMD_DEVICE_BIND Req status: TAM_SUCCESS
2026-04-30 01:12:04.685200[INFO] tamd_proc: [1450] cmd type: TAMD_CMD_DEVICE_CAP
2026-04-30 01:12:04.685558[INFO] tamd_proc: [1450] Processing TAMD_CMD_DEVICE_CAP Req status: TAM_SUCCESS
2026-04-30 01:12:04.702360[INFO] tamd_proc: [1450] cmd type: TAMD_CMD_GET_SO_READ
2026-04-30 01:12:04.863894[INFO] tamd_proc: [1450] Processing TAMD_CMD_GET_SO_READ Req status: TAM_SUCCESS
2026-04-30 01:12:04.910266[INFO] tamd_proc: [1450] cmd type: TAMD_CMD_GET_SO_CREATE
2026-04-30 01:12:05.222314[INFO] tamd_proc: [1450] Processing TAMD_CMD_GET_SO_CREATE Req status: TAM_SUCCESS
2026-04-30 01:12:05.223837[INFO] tamd_proc: [1450] cmd type: TAMD_CMD_GET_SO_READ
2026-04-30 01:12:05.296966[INFO] tamd_proc: [1450] Processing TAMD_CMD_GET_SO_READ Req status: TAM_SUCCESS
2026-04-30 01:12:05.300211[INFO] tamd_proc: [1450] cmd type: TAMD_CMD_GET_SO_WRITE
2026-04-30 01:12:05.426919[INFO] tamd_proc: [1450] Processing TAMD_CMD_GET_SO_WRITE Req status: TAM_SUCCESS
2026-04-30 01:12:05.429138[INFO] tamd_proc: [1450] cmd type: TAMD_CMD_GET_SO_READ
2026-04-30 01:12:05.504698[INFO] tamd_proc: [1450] Processing TAMD_CMD_GET_SO_READ Req status: TAM_SUCCESS
2026-04-30 01:12:05.510011[INFO] tamd_proc: [1450] cmd type: TAMD_CMD_GET_SO_CREATE
2026-04-30 01:12:05.873051[INFO] tamd_proc: [1450] Processing TAMD_CMD_GET_SO_CREATE Req status: TAM_SUCCESS
2026-04-30 01:12:05.876612[INFO] tamd_proc: [1450] cmd type: TAMD_CMD_GET_SO_WRITE
2026-04-30 01:12:06.3088Z[INFO] tamd_proc: [1450] Processing TAMD_CMD_GET_SO_WRITE Req status: TAM_SUCCESS
2026-04-30 01:12:06.16515Z[INFO] tamd_proc: [1450] cmd type: TAMD_CMD_GET_SO_WRITE
2026-04-30 01:12:06.181633[INFO] tamd_proc: [1450] Processing TAMD_CMD_GET_SO_WRITE Req status: TAM_SUCCESS
2026-04-30 01:12:06.182926[INFO] tamd_proc: [1450] cmd type: TAMD_CMD_GET_SO_CREATE
2026-04-30 01:12:06.356660[INFO] tamd_proc: [1450] Processing TAMD_CMD_GET_SO_CREATE Req status: TAM_SUCCESS
2026-04-30 01:12:06.366664[INFO] tamd_proc: [1450] cmd type: TAMD_CMD_GET_SO_WRITE
2026-04-30 01:12:06.479609[INFO] tamd_proc: [1450] Processing TAMD_CMD_GET_SO_WRITE Req status: TAM_SUCCESS
2026-04-30 01:12:06.497660[INFO] tamd_proc: [1450] cmd type: TAMD_CMD_GET_SO_READ
2026-04-30 01:12:06.617252[INFO] tamd_proc: [1450] Processing TAMD_CMD_GET_SO_READ Req status: TAM_SUCCESS
2026-04-30 01:12:06.802456[INFO] tamd_proc: [1450] cmd type: TAMD_CMD_GET_SO_DELETE
2026-04-30 01:12:06.958524[INFO] tamd_proc: [1450] Processing TAMD_CMD_GET_SO_DELETE Req status: TAM_SUCCE: [1407] Parsing TAMD_CMD_GET_SO_READ Rsp status: TAM_SUCCESS
2026-04-30 01:12:05.509883[INFO] tams_proc: [1407] Processing TAMD_CMD_GET_SO_READ Rsp status: TAM_SUCCESS
2026-04-30 01:12:05.512649[INFO] tams_proc: [1407] cmd type: TAMC_CMD_SO_WRITE
2026-04-30 01:12:05.512879[INFO] tams_proc: [1407] Parsing TAMC_CMD_SO_WRITE Req status: TAM_SUCCESS
2026-04-30 01:12:05.512954[INFO] tams_proc: [1407] Processing TAMC_CMD_SO_WRITE Req status: TAM_SUCCESS
2026-04-30 01:12:05.876386[INFO] tams_proc: [1407] cmd type: TAMD_CMD_GET_SO_CREATE
2026-04-30 01:12:05.876449[INFO] tams_proc: [1407] Parsing TAMD_CMD_GET_SO_CREATE Rsp status: TAM_SUCCESS
2026-04-30 01:12:05.876487[INFO] tams_proc: [1407] Processing TAMD_CMD_GET_SO_CREATE Rsp status: TAM_SUCCESS
2026-04-30 01:12:05.879056[INFO] tams_proc: [1407] cmd type: TAMC_CMD_SO_WRITE
2026-04-30 01:12:05.879181[INFO] tams_proc: [1407] Parsing TAMC_CMD_SO_WRITE Req status: TAM_SUCCESS
2026-04-30 01:12:05.879257[INFO] tams_proc: [1407] Processing TAMC_CMD_SO_WRITE Req status: TAM_SUCCESS
2026-04-30 01:12:06.16308Z[INFO] tams_proc: [1407] cmd type: TAMD_CMD_GET_SO_WRITE
2026-04-30 01:12:06.16367Z[INFO] tams_proc: [1407] Parsing TAMD_CMD_GET_SO_WRITE Rsp status: TAM_SUCCESS
2026-04-30 01:12:06.16396Z[INFO] tams_proc: [1407] Processing TAMD_CMD_GET_SO_WRITE Rsp status: TAM_SUCCESS
2026-04-30 01:12:06.41157Z[INFO] tams_proc: [1407] cmd type: TAMC_CMD_SO_CREATE
2026-04-30 01:12:06.41324Z[INFO] tams_proc: [1407] Parsing TAMC_CMD_SO_CREATE Req status: TAM_SUCCESS
2026-04-30 01:12:06.41413Z[INFO] tams_proc: [1407] Processing TAMC_CMD_SO_CREATE Req status: TAM_SUCCESS
2026-04-30 01:12:06.182701[INFO] tams_proc: [1407] cmd type: TAMD_CMD_GET_SO_WRITE
2026-04-30 01:12:06.182757[INFO] tams_proc: [1407] Parsing TAMD_CMD_GET_SO_WRITE Rsp status: TAM_SUCCESS
2026-04-30 01:12:06.182795[INFO] tams_proc: [1407] Processing TAMD_CMD_GET_SO_WRITE Rsp status: TAM_SUCCESS
2026-04-30 01:12:06.357733[INFO] tams_proc: [1407] cmd type: TAMD_CMD_GET_SO_CREATE
2026-04-30 01:12:06.357800[INFO] tams_proc: [1407] Parsing TAMD_CMD_GET_SO_CREATE Rsp status: TAM_SUCCESS
2026-04-30 01:12:06.357844[INFO] tams_proc: [1407] Processing TAMD_CMD_GET_SO_CREATE Rsp status: TAM_SUCCESS
2026-04-30 01:12:06.365068[INFO] tams_proc: [1407] cmd type: TAMC_CMD_SO_WRITE
2026-04-30 01:12:06.365293[INFO] tams_proc: [1407] Parsing TAMC_CMD_SO_WRITE Req status: TAM_SUCCESS
2026-04-30 01:12:06.365385[INFO] tams_proc: [1407] Processing TAMC_CMD_SO_WRITE Req status: TAM_SUCCESS
2026-04-30 01:12:06.480744[INFO] tams_proc: [1407] cmd type: TAMD_CMD_GET_SO_WRITE
2026-04-30 01:12:06.480796[INFO] tams_proc: [1407] Parsing TAMD_CMD_GET_SO_WRITE Rsp status: TAM_SUCCESS
2026-04-30 01:12:06.480829[INFO] tams_proc: [1407] Processing TAMD_CMD_GET_SO_WRITE Rsp status: TAM_SUCCESS
2026-04-30 01:12:06.494711[INFO] tams_proc: [1407] cmd type: TAMC_CMD_SO_READ
2026-04-30 01:12:06.494836[INFO] tams_proc: [1407] Parsing TAMC_CMD_SO_READ Req status: TAM_SUCCESS
2026-04-30 01:12:06.494951[INFO] tams_proc: [1407] Processing TAMC_CMD_SO_READ Req status: TAM_SUCCESS
2026-04-30 01:12:06.618315[INFO] tams_proc: [1407] cmd type: TAMD_CMD_GET_SO_READ
2026-04-30 01:12:06.618369[INFO] tams_proc: [1407] Parsing TAMD_CMD_GET_SO_READ Rsp status: TAM_SUCCESS
2026-04-30 01:12:06.618399[INFO] tams_proc: [1407] Processing TAMD_CMD_GET_SO_READ Rsp status: TAM_SUCCESS
2026-04-30 01:12:06.797584[INFO] tams_proc: [1407] cmd type: TAMC_CMD_SO_DELETE
2026-04-30 01:12:06.797689[INFO] tams_proc: [1407] Parsing TAMC_CMD_SO_DELETE Req status: TAM_SUCCESS
2026-04-30 01:12:06.797760[INFO] tams_proc: [1407] Processing TAMC_CMD_SO_DELETE Req status: TAM_SUCCESS
2026-04-30 01:12:06.959632[INFO] tams_proc: [1407] cmd type: TAMD_CMD_GET_SO_DELETE
2026-04-30 01:12:06.959694[INFO] tams_proc: [1407] Parsing TAMD_CMD_GET_SO_DELETE Rsp status: TAM_SUCCESS
2026-04-30 01:12:06.959724[INFO] tams_proc: [1407] Processing TAMD_CMD_GET_SO_DELETE Rsp status: TAM_SUCCESS
2026-04-30 01:12:08.755064[INFO] tams_proc: [1407] cmd type: TAMC_CMD_APP_LOGIN
2026-04-30 01:12:08.755151[INFO] tams_proc: [1407] Parsing TAMC_CMD_APP_LOGIN Req status: TAM_SUCCESS
2026-04-30 01:12:08.763122[INFO] tams_proc: [1407] Processing TAMC_CMD_APP_LOGIN Req status: TAM_SUCCESS
2026-04-30 01:12:08.772895[INFO] tams_proc: [1407] cmd type: TAMC_CMD_APP_LOGIN
2026-04-30 01:12:08.773155[INFO] tams_proc: [1407] Parsing TAMC_CMD_APP_LOGIN Req status: TAM_SUCCESS
2026-04-30 01:12:08.773381[INFO] tams_proc: [1407] Processing TAMC_CMD_APP_LOGIN Req status: TAM_SUCCESS_IN_PROCESS
2026-04-30 01:12:08.866097[INFO] tams_proc: [1407] cmd type: TAMD_CMD_DEVICE_BIND
2026-04-30 01:12:08.866148[INFO] tams_proc: [1407] Parsing TAMD_CMD_DEVICE_BIND Rsp status: TAM_SUCCESS
2026-04-30 01:12:08.866222[INFO] tams_proc: [1407] Processing TAMD_CMD_DEVICE_BIND Rsp status: TAM_SUCCESS
2026-04-30 01:12:08.868591[INFO] tams_proc: [1407] cmd type: TAMC_CMD_SO_READ
2026-04-30 01:12:08.868686[INFO] tams_proc: [1407] Parsing TAMC_CMD_SO_READ Req status: TAM_SUCCESS
2026-04-30 01:12:08.868763[INFO] tams_proc: [1407] Processing TAMC_CMD_SO_READ Req status: TAM_SUCCESS
2026-04-30 01:12:08.920839[INFO] tams_proc: [1407] cmd type: TAMD_CMD_GET_SO_READ
2026-04-30 01:12:08.920900[INFO] tams_proc: [1407] Parsing TAMD_CMD_GET_SO_READ Rsp status: TAM_SUCCESS
2026-04-30 01:12:08.920930[INFO] tams_proc: [1407] Processing TAMD_CMD_GET_SO_READ Rsp status: TAM_SUCCESS
2026-04-30 01:12:08.923979[INFO] tams_proc: [1407] cmd type: TAMC_CMD_APP_LOGOUT
2026-04-30 01:12:08.924085[INFO] tams_proc: [1407] Parsing TAMC_CMD_APP_LOGOUT Req status: TAM_SUCCESS
2026-04-30 01:12:08.924167[INFO] tams_proc: [1407] Processing TAMC_CMD_APP_LOGOUT Req status: TAM_SUCCESS
2026-04-30 01:12:09.4060Z[INFO] tams_proc: [1407] cmd type: TAMC_CMD_APP_LOGIN
2026-04-30 01:12:09.4145Z[INFO] tams_proc: [1407] Parsing TAMC_CMD_APP_LOGIN Req status: TAM_SUCCESS
2026-04-30 01:12:09.11961Z[INFO] tams_proc: [1407] Processing TAMC_CMD_APP_LOGIN Req status: TAM_SUCCESS
2026-04-30 01:12:09.36216Z[INFO] tams_proc: [1407] cmd type: TAMC_CMD_APP_LOGIN
2026-04-30 01:12:09.37578Z[INFO] tams_proc: [1407] Parsing TAMC_CMD_APP_LOGIN Req status: TAM_SUCCESS
2026-04-30 01:12:09.37810Z[INFO] tams_proc: [1407] Processing TAMC_CMD_APP_LOGIN Req status: TAM_SUCCESS_IN_PROCESS
2026-04-30 01:12:09.97842Z[INFO] tams_proc: [1407] cmd type: TAMD_CMD_DEVICE_BIND
2026-04-30 01:12:09.97910Z[INFO] tams_proc: [1407] Parsing TAMD_CMD_DEVICE_BIND Rsp status: TAM_SUCCESS
2026-04-30 01:12:09.97997Z[INFO] tams_proc: [1407] Processing TAMD_CMD_DEVICE_BIND Rsp status: TAM_SUCCESS
2026-04-30 01:12:17.219581[INFO] tams_proc: [1407] cmd type: TAMC_CMD_APP_LOGIN
2026-04-30 01:12:17.219648[INFO] tams_proc: [1407] Parsing TAMC_CMD_APP_LOGIN Req status: TAM_SUCCESS
2026-04-30 01:12:17.234668[INFO] tams_proc: [1407] Processing TAMC_CMD_APP_LOGIN Req status: TAM_SUCCESS
2026-04-30 01:12:17.248992[INFO] tams_proc: [1407] cmd type: TAMC_CMD_APP_LOGIN
2026-04-30 01:12:17.249233[INFO] tams_proc: [1407] Parsing TAMC_CMD_APP_LOGIN Req status: TAM_SUCCESS
2026-04-30 01:12:17.249538[INFO] tams_proc: [1407] Processing TAMC_CMD_APP_LOGIN Req status: TAM_SUCCESS_IN_PROCESS
2026-04-30 01:12:17.317535[INFO] tams_proc: [1407] cmd type: TAMD_CMD_DEVICE_BIND
2026-04-30 01:12:17.317591[INFO] tams_proc: [1407] Parsing TAMD_CMD_DEVICE_BIND Rsp status: TAM_SUCCESS
2026-04-30 01:12:17.317672[INFO] tams_proc: [1407] Processing TAMD_CMD_DEVICE_BIND Rsp status: TAM_SUCCESS
2026-04-30 01:12:17.321538[INFO] tams_proc: [1407] cmd type: TAMC_CMD_DEVICE_CAP
2026-04-30 01:12:17.321634[INFO] tams_proc: [1407] Parsing TAMC_CMD_DEVICE_CAP Req status: TAM_SUCCESS
2026-04-30 01:12:17.321714[INFO] tams_proc: [1407] Processing TAMC_CMD_DEVICE_CAP Req status: TAM_SUCCESS_IN_PROCESS
2026-04-30 01:12:17.324391[INFO] tams_proc: [1407] cmd type: TAMD_CMD_DEVICE_CAP
2026-04-30 01:12:17.324459[INFO] tams_proc: [1407] Parsing TAMD_CMD_DEVICE_CAP Rsp status: TAM_SUCCESS
2026-04-30 01:12:17.324485[INFO] tams_proc: [1407] Processing TAMD_CMD_DEVICE_CAP Rsp status: TAM_SUCCESS
2026-04-30 01:12:17.329585[INFO] tams_proc: [1407] cmd type: TAMC_CMD_SO_READ
2026-04-30 01:12:17.329698[INFO] tams_proc: [1407] Parsing TAMC_CMD_SO_RE