2026-04-30T01:10:59.660613+00:00 p4-xr1 groupadd[474]: group added to /etc/group: name=iosxr, GID=1000
2026-04-30T01:10:59.661913+00:00 p4-xr1 groupadd[474]: group added to /etc/gshadow: name=iosxr
2026-04-30T01:10:59.665922+00:00 p4-xr1 groupadd[474]: new group: name=iosxr, GID=1000
2026-04-30T01:10:59.688483+00:00 p4-xr1 useradd[480]: new user: name=iosxr, UID=993, GID=1000, home=/home/iosxr, shell=/bin/false, from=none
2026-04-30T01:11:17.110445+00:00 p4-xr1 sshd[748]: Server listening on 0.0.0.0 port 22.
2026-04-30T01:11:17.110680+00:00 p4-xr1 sshd[748]: Server listening on :: port 22.
2026-04-30T01:11:49.996072+00:00 p4-xr1 groupadd[2898]: group added to /etc/group: name=cisco-support, GID=1001
2026-04-30T01:11:50.025110+00:00 p4-xr1 groupadd[2898]: group added to /etc/gshadow: name=cisco-support
2026-04-30T01:11:50.070204+00:00 p4-xr1 groupadd[2898]: new group: name=cisco-support, GID=1001
2026-04-30T01:11:50.126783+00:00 p4-xr1 groupadd[2924]: group added to /etc/group: name=maintenance, GID=1002
2026-04-30T01:11:50.139632+00:00 p4-xr1 groupadd[2924]: group added to /etc/gshadow: name=maintenance
2026-04-30T01:11:50.233900+00:00 p4-xr1 groupadd[2924]: new group: name=maintenance, GID=1002
2026-04-30T01:11:50.408264+00:00 p4-xr1 groupadd[2957]: group added to /etc/group: name=netadmin, GID=1003
2026-04-30T01:11:50.419951+00:00 p4-xr1 groupadd[2957]: group added to /etc/gshadow: name=netadmin
2026-04-30T01:11:50.424124+00:00 p4-xr1 groupadd[2957]: new group: name=netadmin, GID=1003
2026-04-30T01:11:50.524977+00:00 p4-xr1 groupadd[2978]: group added to /etc/group: name=provisioning, GID=1004
2026-04-30T01:11:50.540018+00:00 p4-xr1 groupadd[2978]: group added to /etc/gshadow: name=provisioning
2026-04-30T01:11:50.540111+00:00 p4-xr1 groupadd[2978]: new group: name=provisioning, GID=1004
2026-04-30T01:11:50.750336+00:00 p4-xr1 groupadd[2987]: group added to /etc/group: name=retrieve, GID=1005
2026-04-30T01:11:50.787657+00:00 p4-xr1 groupadd[2987]: group added to /etc/gshadow: name=retrieve
2026-04-30T01:11:50.797669+00:00 p4-xr1 groupadd[2987]: new group: name=retrieve, GID=1005
2026-04-30T01:11:50.953262+00:00 p4-xr1 groupadd[3000]: group added to /etc/group: name=root-lr, GID=1006
2026-04-30T01:11:51.018996+00:00 p4-xr1 groupadd[3000]: group added to /etc/gshadow: name=root-lr
2026-04-30T01:11:51.020216+00:00 p4-xr1 groupadd[3000]: new group: name=root-lr, GID=1006
2026-04-30T01:11:51.083876+00:00 p4-xr1 groupadd[3012]: group added to /etc/group: name=root-system, GID=1007
2026-04-30T01:11:51.091278+00:00 p4-xr1 groupadd[3012]: group added to /etc/gshadow: name=root-system
2026-04-30T01:11:51.097162+00:00 p4-xr1 groupadd[3012]: new group: name=root-system, GID=1007
2026-04-30T01:11:51.150251+00:00 p4-xr1 groupadd[3022]: group added to /etc/group: name=serviceadmin, GID=1008
2026-04-30T01:11:51.164720+00:00 p4-xr1 groupadd[3022]: group added to /etc/gshadow: name=serviceadmin
2026-04-30T01:11:51.177493+00:00 p4-xr1 groupadd[3022]: new group: name=serviceadmin, GID=1008
2026-04-30T01:11:51.277578+00:00 p4-xr1 groupadd[3034]: group added to /etc/group: name=sysadmin, GID=1009
2026-04-30T01:11:51.277943+00:00 p4-xr1 groupadd[3034]: group added to /etc/gshadow: name=sysadmin
2026-04-30T01:11:51.285276+00:00 p4-xr1 groupadd[3034]: new group: name=sysadmin, GID=1009
2026-04-30T01:11:51.309451+00:00 p4-xr1 groupadd[3042]: group added to /etc/group: name=read-only-tg, GID=1010
2026-04-30T01:11:51.317398+00:00 p4-xr1 groupadd[3042]: group added to /etc/gshadow: name=read-only-tg
2026-04-30T01:11:51.328751+00:00 p4-xr1 groupadd[3042]: new group: name=read-only-tg, GID=1010
2026-04-30T01:12:18.785815+00:00 p4-xr1 useradd[5243]: new group: name=clab, GID=1011
2026-04-30T01:12:18.786083+00:00 p4-xr1 useradd[5243]: new user: name=clab, UID=1000, GID=1011, home=/home/clab, shell=/bin/sh, from=none
2026-04-30T01:12:18.902263+00:00 p4-xr1 usermod[5260]: add 'clab' to group 'root-lr'
2026-04-30T01:12:18.902469+00:00 p4-xr1 usermod[5260]: add 'clab' to shadow group 'root-lr'
2026-04-30T01:12:18.951397+00:00 p4-xr1 usermod[5269]: add 'clab' to group 'sudo'
2026-04-30T01:12:18.951586+00:00 p4-xr1 usermod[5269]: add 'clab' to shadow group 'sudo'
2026-04-30T01:12:19.038576+00:00 p4-xr1 usermod[5285]: add 'clab' to group 'cisco-support'
2026-04-30T01:12:19.041798+00:00 p4-xr1 usermod[5285]: add 'clab' to shadow group 'cisco-support'
2026-04-30T01:12:19.847505+00:00 p4-xr1 sshd[5383]: debug1: Set /proc/self/oom_score_adj from 0 to -1000
2026-04-30T01:12:19.847605+00:00 p4-xr1 sshd[5383]: Sending to syslog proxy : Set /proc/self/oom_score_adj from 0 to -1000
2026-04-30T01:12:19.847761+00:00 p4-xr1 sshd[5383]: debug1: Bind to port 22 on 0.0.0.0.
2026-04-30T01:12:19.847839+00:00 p4-xr1 sshd[5383]: Sending to syslog proxy : Bind to port 22 on 0.0.0.0.
2026-04-30T01:12:19.847974+00:00 p4-xr1 sshd[5383]: Server listening on 0.0.0.0 port 22.
2026-04-30T01:12:19.848064+00:00 p4-xr1 sshd[5383]: Sending to syslog proxy : Server listening on 0.0.0.0 port 22.
2026-04-30T01:12:19.848952+00:00 p4-xr1 sshd[5383]: debug1: Bind to port 22 on ::.
2026-04-30T01:12:19.849040+00:00 p4-xr1 sshd[5383]: Sending to syslog proxy : Bind to port 22 on ::.
2026-04-30T01:12:19.849162+00:00 p4-xr1 sshd[5383]: Server listening on :: port 22.
2026-04-30T01:12:19.849232+00:00 p4-xr1 sshd[5383]: Sending to syslog proxy : Server listening on :: port 22.
2026-04-30T01:12:20.858149+00:00 p4-xr1 sshd[5383]: Received signal 15; terminating.
2026-04-30T01:12:20.858385+00:00 p4-xr1 sshd[5383]: Sending to syslog proxy : Received signal 15; terminating.
2026-04-30T01:12:20.962159+00:00 p4-xr1 sshd[5458]: debug1: Set /proc/self/oom_score_adj from 0 to -1000
2026-04-30T01:12:20.962370+00:00 p4-xr1 sshd[5458]: Sending to syslog proxy : Set /proc/self/oom_score_adj from 0 to -1000
2026-04-30T01:12:20.962566+00:00 p4-xr1 sshd[5458]: debug1: Bind to port 830 on 0.0.0.0.
2026-04-30T01:12:20.962707+00:00 p4-xr1 sshd[5458]: Sending to syslog proxy : Bind to port 830 on 0.0.0.0.
2026-04-30T01:12:20.962870+00:00 p4-xr1 sshd[5458]: Server listening on 0.0.0.0 port 830.
2026-04-30T01:12:20.962999+00:00 p4-xr1 sshd[5458]: Sending to syslog proxy : Server listening on 0.0.0.0 port 830.
2026-04-30T01:12:20.963614+00:00 p4-xr1 sshd[5458]: debug1: Bind to port 830 on ::.
2026-04-30T01:12:20.963734+00:00 p4-xr1 sshd[5458]: Sending to syslog proxy : Bind to port 830 on ::.
2026-04-30T01:12:20.963874+00:00 p4-xr1 sshd[5458]: Server listening on :: port 830.
2026-04-30T01:12:20.963993+00:00 p4-xr1 sshd[5458]: Sending to syslog proxy : Server listening on :: port 830.
2026-04-30T01:12:20.964357+00:00 p4-xr1 sshd[5458]: debug1: Bind to port 22 on 0.0.0.0.
2026-04-30T01:12:20.964492+00:00 p4-xr1 sshd[5458]: Sending to syslog proxy : Bind to port 22 on 0.0.0.0.
2026-04-30T01:12:20.964650+00:00 p4-xr1 sshd[5458]: Server listening on 0.0.0.0 port 22.
2026-04-30T01:12:20.973871+00:00 p4-xr1 sshd[5458]: Sending to syslog proxy : Server listening on 0.0.0.0 port 22.
2026-04-30T01:12:20.974531+00:00 p4-xr1 sshd[5458]: debug1: Bind to port 22 on ::.
2026-04-30T01:12:20.974678+00:00 p4-xr1 sshd[5458]: Sending to syslog proxy : Bind to port 22 on ::.
2026-04-30T01:12:20.974879+00:00 p4-xr1 sshd[5458]: Server listening on :: port 22.
2026-04-30T01:12:20.975003+00:00 p4-xr1 sshd[5458]: Sending to syslog proxy : Server listening on :: port 22.
