2026-04-30T01:10:59.530958+00:00 p4-xr1 crond[437]: (CRON) STARTUP (1.5.5)
2026-04-30T01:10:59.530961+00:00 p4-xr1 crond[437]: (CRON) INFO (Syslog will be used instead of sendmail.)
2026-04-30T01:10:59.530967+00:00 p4-xr1 crond[437]: (CRON) INFO (RANDOM_DELAY will be scaled with factor 46% if used.)
2026-04-30T01:11:01.386439+00:00 p4-xr1 CROND[549]: (root) CMD (env PATH=/usr/bin:/usr/sbin:/bin:/sbin thinxr-logrotate-app.sh)
2026-04-30T01:13:01.420166+00:00 p4-xr1 CROND[5730]: (root) CMD (/etc/xrd_filecleanup.sh 90 >/dev/null 2>&1)
2026-04-30T01:15:01.495692+00:00 p4-xr1 CROND[6559]: (root) CMD (/pkg/bin/monitor_coreinfo.sh)
2026-04-30T01:15:01.495947+00:00 p4-xr1 CROND[6560]: (root) CMD (/etc/init.d/tmpdir_cleanup.sh 80 >/dev/null 2>&1)
2026-04-30T01:15:01.496078+00:00 p4-xr1 CROND[6561]: (root) CMD (env PATH=/usr/bin:/usr/sbin:/bin:/sbin logrotate /etc/logrotate.conf)
2026-04-30T01:16:01.523779+00:00 p4-xr1 CROND[6636]: (root) CMD (env PATH=/usr/bin:/usr/sbin:/bin:/sbin thinxr-logrotate-app.sh)
2026-04-30T01:18:01.531491+00:00 p4-xr1 CROND[9318]: (root) CMD (/etc/xrd_filecleanup.sh 90 >/dev/null 2>&1)
2026-04-30T01:20:01.610482+00:00 p4-xr1 CROND[9418]: (root) CMD (/etc/init.d/tmpdir_cleanup.sh 80 >/dev/null 2>&1)
2026-04-30T01:20:01.610723+00:00 p4-xr1 CROND[9419]: (root) CMD (env PATH=/usr/bin:/usr/sbin:/bin:/sbin logrotate /etc/logrotate.conf)
2026-04-30T01:21:01.638563+00:00 p4-xr1 CROND[9485]: (root) CMD (env PATH=/usr/bin:/usr/sbin:/bin:/sbin thinxr-logrotate-app.sh)
2026-04-30T01:23:01.645979+00:00 p4-xr1 CROND[9563]: (root) CMD (/etc/xrd_filecleanup.sh 90 >/dev/null 2>&1)
2026-04-30T01:25:01.724228+00:00 p4-xr1 CROND[9698]: (root) CMD (/etc/init.d/tmpdir_cleanup.sh 80 >/dev/null 2>&1)
2026-04-30T01:25:01.724525+00:00 p4-xr1 CROND[9699]: (root) CMD (env PATH=/usr/bin:/usr/sbin:/bin:/sbin logrotate /etc/logrotate.conf)
2026-04-30T01:26:01.753037+00:00 p4-xr1 CROND[9771]: (root) CMD (env PATH=/usr/bin:/usr/sbin:/bin:/sbin thinxr-logrotate-app.sh)
2026-04-30T01:28:01.760655+00:00 p4-xr1 CROND[9850]: (root) CMD (/etc/xrd_filecleanup.sh 90 >/dev/null 2>&1)
2026-04-30T01:30:01.838411+00:00 p4-xr1 CROND[9954]: (root) CMD (/pkg/bin/monitor_coreinfo.sh)
2026-04-30T01:30:01.838752+00:00 p4-xr1 CROND[9955]: (root) CMD (/etc/init.d/tmpdir_cleanup.sh 80 >/dev/null 2>&1)
2026-04-30T01:30:01.838903+00:00 p4-xr1 CROND[9956]: (root) CMD (env PATH=/usr/bin:/usr/sbin:/bin:/sbin logrotate /etc/logrotate.conf)
2026-04-30T01:31:01.865517+00:00 p4-xr1 CROND[10026]: (root) CMD (env PATH=/usr/bin:/usr/sbin:/bin:/sbin thinxr-logrotate-app.sh)
2026-04-30T01:33:01.873392+00:00 p4-xr1 CROND[10123]: (root) CMD (/etc/xrd_filecleanup.sh 90 >/dev/null 2>&1)
2026-04-30T01:35:01.951907+00:00 p4-xr1 CROND[10255]: (root) CMD (/etc/init.d/tmpdir_cleanup.sh 80 >/dev/null 2>&1)
2026-04-30T01:35:01.952234+00:00 p4-xr1 CROND[10256]: (root) CMD (env PATH=/usr/bin:/usr/sbin:/bin:/sbin logrotate /etc/logrotate.conf)
2026-04-30T01:36:01.981704+00:00 p4-xr1 CROND[10330]: (root) CMD (env PATH=/usr/bin:/usr/sbin:/bin:/sbin thinxr-logrotate-app.sh)
