2026-04-30 01:11:27.382636[ERR] tamsvcs_tamm: [1380] 
*
*
* Starting tamsvcs_tamm process...
*
*
*
2026-04-30 01:11:27.382674[INFO] tamsvcs_tamm: [1380] TAM sync is NOT enabled for this platform
2026-04-30 01:11:27.382682[INFO] tamsvcs_tamm: [1380] TAM entropy is NOT enabled for this platform
2026-04-30 01:11:27.495941[INFO] tamsvcs_tamm: [1380] Successfully registered with sysmgr for proc_role change
2026-04-30 01:11:27.496968[INFO] tamsvcs_tamm: [1380] tams_proc started 1467
2026-04-30 01:11:27.497002[INFO] tamsvcs_tamm: [1380] Creating TAM:XRD_TAMDB of type:2
2026-04-30 01:11:27.497015[INFO] tamsvcs_tamm: [1380] Registering device :XRD_TAMDB Type:2 
2026-04-30 01:11:28.747843[INFO] tamsvcs_tamm: [1380] cmd type: TAMM_CMD_REGISTER_DEVICE
2026-04-30 01:11:28.747891[INFO] tamsvcs_tamm: [1380] Parsing TAMM_CMD_REGISTER_DEVICE Rsp status: TAM_SUCCESS
2026-04-30 01:11:28.792702[INFO] tamsvcs_tamm: [1380] cmd type: TAMM_CMD_REGISTER_DEVICE
2026-04-30 01:11:28.792742[INFO] tamsvcs_tamm: [1380] Parsing TAMM_CMD_REGISTER_DEVICE Rsp status: TAM_SUCCESS
2026-04-30 01:11:28.792766[INFO] tamsvcs_tamm: [1380] cmd type: TAMM_CMD_REGISTER_DEVICE
2026-04-30 01:11:28.792796[INFO] tamsvcs_tamm: [1380] Parsing TAMM_CMD_REGISTER_DEVICE Rsp status: TAM_SUCCESS
2026-04-30 01:11:28.792802[INFO] tamsvcs_tamm: [1380] Register device response TAM_SUCCESS
2026-04-30 01:11:28.793731[INFO] tamsvcs_tamm: [1380] Successfully registered device XRD_TAMDB Type: 2
2026-04-30 01:11:28.800344[INFO] tamsvcs_tamm: [1380] cmd type: TAMM_CMD_REGISTER_APP
2026-04-30 01:11:28.800387[INFO] tamsvcs_tamm: [1380] Parsing TAMM_CMD_REGISTER_APP Rsp status: TAM_SUCCESS
2026-04-30 01:11:28.865457[INFO] tamsvcs_tamm: [1380] cmd type: TAMM_CMD_REGISTER_APP
2026-04-30 01:11:28.865534[INFO] tamsvcs_tamm: [1380] Parsing TAMM_CMD_REGISTER_APP Rsp status: TAM_SUCCESS
2026-04-30 01:11:28.865570[INFO] tamsvcs_tamm: [1380] cmd type: TAMM_CMD_REGISTER_APP
2026-04-30 01:11:28.865624[INFO] tamsvcs_tamm: [1380] Parsing TAMM_CMD_REGISTER_APP Rsp status: TAM_SUCCESS
2026-04-30 01:11:28.872182[INFO] tamsvcs_tamm: [1380] cmd type: TAMM_CMD_APP_SET_ATTR
2026-04-30 01:11:28.872257[INFO] tamsvcs_tamm: [1380] Parsing TAMM_CMD_APP_SET_ATTR Rsp status: TAM_SUCCESS
2026-04-30 01:11:28.953421[INFO] tamsvcs_tamm: [1380] cmd type: TAMM_CMD_APP_SET_ATTR
2026-04-30 01:11:28.953471[INFO] tamsvcs_tamm: [1380] Parsing TAMM_CMD_APP_SET_ATTR Rsp status: TAM_SUCCESS
2026-04-30 01:11:28.953499[INFO] tamsvcs_tamm: [1380] cmd type: TAMM_CMD_APP_SET_ATTR
2026-04-30 01:11:28.953537[INFO] tamsvcs_tamm: [1380] Parsing TAMM_CMD_APP_SET_ATTR Rsp status: TAM_SUCCESS
2026-04-30 01:11:28.958071[INFO] tamsvcs_tamm: [1380] cmd type: TAMM_CMD_REGISTER_APP
2026-04-30 01:11:28.958115[INFO] tamsvcs_tamm: [1380] Parsing TAMM_CMD_REGISTER_APP Rsp status: TAM_SUCCESS
2026-04-30 01:11:29.16002Z[INFO] tamsvcs_tamm: [1380] cmd type: TAMM_CMD_REGISTER_APP
2026-04-30 01:11:29.16043Z[INFO] tamsvcs_tamm: [1380] Parsing TAMM_CMD_REGISTER_APP Rsp status: TAM_SUCCESS
2026-04-30 01:11:29.16067Z[INFO] tamsvcs_tamm: [1380] cmd type: TAMM_CMD_REGISTER_APP
2026-04-30 01:11:29.16097Z[INFO] tamsvcs_tamm: [1380] Parsing TAMM_CMD_REGISTER_APP Rsp status: TAM_SUCCESS
2026-04-30 01:11:29.21350Z[INFO] tamsvcs_tamm: [1380] cmd type: TAMM_CMD_APP_SET_ATTR
2026-04-30 01:11:29.21392Z[INFO] tamsvcs_tamm: [1380] Parsing TAMM_CMD_APP_SET_ATTR Rsp status: TAM_SUCCESS
2026-04-30 01:11:29.103129[INFO] tamsvcs_tamm: [1380] cmd type: TAMM_CMD_APP_SET_ATTR
2026-04-30 01:11:29.103193[INFO] tamsvcs_tamm: [1380] Parsing TAMM_CMD_APP_SET_ATTR Rsp status: TAM_SUCCESS
2026-04-30 01:11:29.103240[INFO] tamsvcs_tamm: [1380] cmd type: TAMM_CMD_APP_SET_ATTR
2026-04-30 01:11:29.103292[INFO] tamsvcs_tamm: [1380] Parsing TAMM_CMD_APP_SET_ATTR Rsp status: TAM_SUCCESS
2026-04-30 01:11:29.108043[INFO] tamsvcs_tamm: [1380] cmd type: TAMM_CMD_REGISTER_APP
2026-04-30 01:11:29.108122[INFO] tamsvcs_tamm: [1380] Parsing TAMM_CMD_REGISTER_APP Rsp status: TAM_SUCCESS
2026-04-30 01:11:29.181056[INFO] tamsvcs_tamm: [1380] cmd type: TAMM_CMD_REGISTER_APP
2026-04-30 01:11:29.181108[INFO] 2026-04-30 01:11:28.142708[INFO] tams_proc: [1467] Opened TAMS Client local listener on fd=86
2026-04-30 01:11:28.142780[INFO] tams_proc: [1467] Opened TAMS Client TCP listener on 192.0.0.4:7000 fd=89
2026-04-30 01:11:28.142814[INFO] tams_proc: [1467] Opened TAMS Mgmt local listener on fd=90
2026-04-30 01:11:28.142871[INFO] tams_proc: [1467] tams_proc Version:ciscotamservices 12.1.0
2026-04-30 01:11:28.281769[INFO] tams_proc: [1467] cmd type: TAMM_CMD_REGISTER_DEVICE
2026-04-30 01:11:28.281825[INFO] tams_proc: [1467] Parsing TAMM_CMD_REGISTER_DEVICE Req status: TAM_SUCCESS
2026-04-30 01:11:28.289637[INFO] tams_proc: [1467] tamd_proc_pid = 1512
2026-04-30 01:11:28.746697[INFO] tams_proc: [1467] Processing TAMM_CMD_REGISTER_DEVICE Req status: TAM_SUCCESS
2026-04-30 01:11:28.791182[INFO] tams_proc: [1467] cmd type: TAMD_CMD_AUTHENTICATE_DEVICE
2026-04-30 01:11:28.791238[INFO] tams_proc: [1467] Parsing TAMD_CMD_AUTHENTICATE_DEVICE Rsp status: TAM_SUCCESS
2026-04-30 01:11:28.791270[INFO] tams_proc: [1467] Processing TAMD_CMD_AUTHENTICATE_DEVICE Rsp status: TAM_SUCCESS
2026-04-30 01:11:28.796823[INFO] tams_proc: [1467] cmd type: TAMM_CMD_REGISTER_APP
2026-04-30 01:11:28.796901[INFO] tams_proc: [1467] Parsing TAMM_CMD_REGISTER_APP Req status: TAM_SUCCESS
2026-04-30 01:11:28.799242[INFO] tams_proc: [1467] Processing TAMM_CMD_REGISTER_APP Req status: TAM_SUCCESS_IN_PROCESS
2026-04-30 01:11:28.863756[INFO] tams_proc: [1467] cmd type: TAMD_CMD_REGISTER_APP
2026-04-30 01:11:28.863850[INFO] tams_proc: [1467] Parsing TAMD_CMD_REGISTER_APP Rsp status: TAM_SUCCESS
2026-04-30 01:11:28.863902[INFO] tams_proc: [1467] Processing TAMD_CMD_REGISTER_APP Rsp status: TAM_SUCCESS
2026-04-30 01:11:28.867420[INFO] tams_proc: [1467] cmd type: TAMM_CMD_APP_SET_ATTR
2026-04-30 01:11:28.867529[INFO] tams_proc: [1467] Parsing TAMM_CMD_APP_SET_ATTR Req status: TAM_SUCCESS
2026-04-30 01:11:28.867640[INFO] tams_proc: [1467] Processing TAMM_CMD_APP_SET_ATTR Req status: TAM_SUCCESS_IN_PROCESS
2026-04-30 01:11:28.952088[INFO] tams_proc: [1467] cmd type: TAMD_CMD_APP_SET_ATTR
2026-04-30 01:11:28.952135[INFO] tams_proc: [1467] Parsing TAMD_CMD_APP_SET_ATTR Rsp status: TAM_SUCCESS
2026-04-30 01:11:28.952165[INFO] tams_proc: [1467] Processing TAMD_CMD_APP_SET_ATTR Rsp status: TAM_SUCCESS
2026-04-30 01:11:28.954754[INFO] tams_proc: [1467] cmd type: TAMM_CMD_REGISTER_APP
2026-04-30 01:11:28.954838[INFO] tams_proc: [1467] Parsing TAMM_CMD_REGISTER_APP Req status: TAM_SUCCESS
2026-04-30 01:11:28.956967[INFO] tams_proc: [1467] Processing TAMM_CMD_REGISTER_APP Req status: TAM_SUCCESS_IN_PROCESS
2026-04-30 01:11:29.13245Z[INFO] tams_proc: [1467] cmd type: TAMD_CMD_REGISTER_APP
2026-04-30 01:11:29.13287Z[INFO] tams_proc: [1467] Parsing TAMD_CMD_REGISTER_APP Rsp status: TAM_SUCCESS
2026-04-30 01:11:29.13314Z[INFO] tams_proc: [1467] Processing TAMD_CMD_REGISTER_APP Rsp status: TAM_SUCCESS
2026-04-30 01:11:29.20028Z[INFO] tams_proc: [1467] cmd type: TAMM_CMD_APP_SET_ATTR
2026-04-30 01:11:29.20097Z[INFO] tams_proc: [1467] Parsing TAMM_CMD_APP_SET_ATTR Req status: TAM_SUCCESS
2026-04-30 01:11:29.20161Z[INFO] tams_proc: [1467] Processing TAMM_CMD_APP_SET_ATTR Req status: TAM_SUCCESS_IN_PROCESS
2026-04-30 01:11:29.100646[INFO] tams_proc: [1467] cmd type: TAMD_CMD_APP_SET_ATTR
2026-04-30 01:11:29.100724[INFO] tams_proc: [1467] Parsing TAMD_CMD_APP_SET_ATTR Rsp status: TAM_SUCCESS
2026-04-30 01:11:29.100762[INFO] tams_proc: [1467] Processing TAMD_CMD_APP_SET_ATTR Rsp status: TAM_SUCCESS
2026-04-30 01:11:29.104616[INFO] tams_proc: [1467] cmd type: TAMM_CMD_REGISTER_APP
2026-04-30 01:11:29.104701[INFO] tams_proc: [1467] Parsing TAMM_CMD_REGISTER_APP Req status: TAM_SUCCESS
2026-04-30 01:11:29.106894[INFO] tams_proc: [1467] Processing TAMM_CMD_REGISTER_APP Req status: TAM_SUCCESS_IN_PROCESS
2026-04-30 01:11:29.179899[INFO] tams_proc: [1467] cmd type: TAMD_CMD_REGISTER_APP
2026-04-30 01:11:29.179944[INFO] tams_proc: [1467] Parsing TAMD_CMD_REGISTER_APP Rsp status: TAM_SUCCESS
2026-04-30 01:11:29.179973[INFO] tams_proc: [1467] Processing TAMD_CMD_REGISTER_APP Rsp status: TAM_SUCCESS
2026-04-30 01:11:29.185100[INFO] tams_proc: [1467] cmd type: TAMM_CMD_APP_SET_ATTR
2026-04-30 01:11:29.185190[INFO] tams_proc: [1467] Parsing TAMM_CMD_APP_SET_ATTR Req status: TAM_SUCCESS
2026-04-30 01:11:29.185254[INFO] tams_proc: [1467] Processing TAMM_CMD_APP_SET_ATTR Req status: TAM_SUCCESS_IN_PROCESS
2026-04-30 01:11:29.248472[INFO] tams_proc: [1467] cmd type: TAMD_CMD_APP_SET_ATTR
2026-04-30 01:11:29.248521[INFO] tams_proc: [1467] Parsing TAMD_CMD_APP_SET_ATTR Rsp status: TAM_SUCCESS
2026-04-30 01:11:29.248552[INFO] tams_proc: [1467] Processing TAMD_CMD_APP_SET_ATTR Rsp status: TAM_SUCCESS
2026-04-30 01:11:29.253231[INFO] tams_proc: [1467] cmd type: TAMC_CMD_APP_LOGIN
2026-04-30 01:11:29.253288[INFO] tams_proc: [1467] Parsing TAMC_CMD_APP_LOGIN Req status: TAM_SUCCESS
2026-04-30 01:11:29.260815[INFO] tams_proc: [1467] Processing TAMC_CMD_APP_LOGIN Req status: TAM_SUCCESS
2026-04-30 01:11:29.287262[INFO] tams_proc: [1467] cmd type: TAMC_CMD_APP_LOGIN
2026-04-30 01:11:29.287308[INFO] tams_proc: [1467] Parsing TAMC_CMD_APP_LOGIN Req status: TAM_SUCCESS
2026-04-30 01:11:29.287411[INFO] tams_proc: [1467] Processing TAMC_CMD_APP_LOGIN Req status: TAM_SUCCESS_IN_PROCESS
2026-04-30 01:11:29.329270[INFO] tams_proc: [1467] cmd type: TAMD_CMD_DEVICE_BIND
2026-04-30 01:11:29.329317[INFO] tams_proc: [1467] Parsing TAMD_CMD_DEVICE_BIND Rsp status: TAM_SUCCESS
2026-04-30 01:11:29.329398[INFO] tams_proc: [1467] Processing TAMD_CMD_DEVICE_BIND Rsp status: TAM_SUCCESS
2026-04-30 01:11:29.332296[INFO] tams_proc: [1467] cmd type: TAMC_CMD_SO_DELETE
2026-04-30 01:11:29.332407[INFO] tams_proc: [1467] Parsing TAMC_CMD_SO_DELETE Req status: TAM_SUCCESS
2026-04-30 01:11:29.332494[INFO] tams_proc: [1467] Processing TAMC_CMD_SO_DELETE Req status: TAM_SUCCESS
2026-04-30 01:11:29.358185[INFO] tams_proc: [1467] cmd type: TAMD_CMD_GET_SO_DELETE
2026-04-30 01:11:29.358232[INFO] tams_proc: [1467] Parsing TAMD_CMD_GET_SO_DELETE Rsp status: TAM_SUCCESS
2026-04-30 01:11:29.358259[INFO] tams_proc: [1467] Processing TAMD_CMD_GET_SO_DELETE Rsp status: TAM_SUCCESS
2026-04-30 01:11:29.363588[INFO] tams_proc: [1467] cmd type: TAMC_CMD_SO_CREATE
2026-04-30 01:11:29.363737[INFO] tams_proc: [1467] Parsing TAMC_CMD_SO_CREATE Req status: TAM_SUCCESS
2026-04-30 01:11:29.363810[INFO] tams_proc: [1467] Processing TAMC_CMD_SO_CREATE Req status: TAM_SUCCESS
2026-04-30 01:11:29.400275[INFO] tams_proc: [1467] cmd type: TAMD_CMD_GET_SO_CREATE
2026-04-30 01:11:29.400319[INFO] tams_proc: [1467] Parsing TAMD_CMD_GET_SO_CREATE Rsp status: TAM_SUCCESS
2026-04-30 01:11:29.400355[INFO] tams_proc: [1467] Processing TAMD_CMD_GET_SO_CREATE Rsp status: TAM_SUCCESS
2026-04-30 01:11:29.403289[INFO] tams_proc: [1467] cmd type: TAMC_CMD_SO_WRITE
2026-04-30 01:11:29.403409[INFO] tams_proc: [1467] Parsing TAMC_CMD_SO_WRITE Req status: TAM_SUCCESS
2026-04-30 01:11:29.403485[INFO] tams_proc: [1467] Processing TAMC_CMD_SO_WRITE Req status: TAM_SUCCESS
2026-04-30 01:11:29.430407[INFO] tams_proc: [1467] cmd type: TAMD_CMD_GET_SO_WRITE
2026-04-30 01:11:29.430452[INFO] tams_proc: [1467] Parsing TAMD_CMD_GET_SO_WRITE Rsp status: TAM_SUCCESS
2026-04-30 01:11:29.430488[INFO] tams_proc: [1467] Processing TAMD_CMD_GET_SO_WRITE Rsp status: TAM_SUCCESS
2026-04-30 01:11:29.432814[INFO] tams_proc: [1467] cmd type: TAMC_CMD_SO_READ
2026-04-30 01:11:29.432906[INFO] tams_proc: [1467] Parsing TAMC_CMD_SO_READ Req status: TAM_SUCCESS
2026-04-30 01:11:29.432985[INFO] tams_proc: [1467] Processing TAMC_CMD_SO_READ Req status: TAM_SUCCESS
2026-04-30 01:11:29.449819[INFO] tams_proc: [1467] cmd type: TAMD_CMD_GET_SO_READ
2026-04-30 01:11:29.449864[INFO] tams_proc: [1467] Parsing TAMD_CMD_GET_SO_READ Rsp status: TAM_SUCCESS
2026-04-30 01:11:29.449888[INFO] tams_proc: [1467] Processing TAMD_CMD_GET_SO_READ Rsp status: TAM_SUCCESS
2026-04-30 01:11:29.452214[INFO] tams_proc: [1467] cmd type: TAMC_CMD_SO_DELETE
2026-04-30 01:11:29.452314[INFO] tams_proc: [1467] Parsing TAMC_CMD_SO_DELETE Req status: TAM_SUCCESS
2026-04-30 01:11:29.452383[INFO] tams_proc: [1467] Processing TAMC_CMD_SO_DELETE Req status: TAM_SUCCESS
2026-04-30 01:11:29.505791[INFO] tams_proc: [1467] cmd type: TAMD_CMD_GET_SO_DELETE
2026-04-30 01:11:29.505861[INFO] tams_proc: [1467] Parsing TAMD_CMD_GET_SO_DELETE Rsp status: TAM_SUCCESS
2026-04-30 01:11:29.505898[INFO] tams_proc: [1467] Processing TAMD_CMD_GET_SO_DELETE Rsp status: TAM_SUCCESS
2026-04-30 01:11:29.508248[INFO] tams_proc: [1467] cmd type: TAMC_CMD_APP_LOGOUT
2026-04-30 01:11:29.508314[INFO] tams_proc: [1467] Parsing TAMC_CMD_APP_LOGOUT Req status: TAM_SUCCESS
2026-04-30 01:11:29.508374[INFO] tams_proc: [1467] Processing TAMC_CMD_APP_LOGOUT Req status: TAM_SUCCESS
2026-04-30 01:11:29.512551[INFO] tams_proc: [1467] cmd type: TAMC_CMD_APP_LOGIN
2026-04-30 01:11:29.512615[INFO] tams_proc: [1467] Parsing TAMC_CMD_APP_LOGIN Req status: TAM_SUCCESS
2026-04-30 01:11:29.520134[INFO] tams_proc: [1467] Processing TAMC_CMD_APP_LOGIN Req status: TAM_SUCCESS
2026-04-30 01:11:29.532779[INFO] tams_proc: [1467] cmd type: TAMC_CMD_APP_LOGIN
2026-04-30 01:11:29.532830[INFO] tams_proc: [1467] Parsing TAMC_CMD_APP_LOGIN Req status: TAM_SUCCESS
2026-04-30 01:11:29.532907[INFO] tams_proc: [1467] Processing TAMC_CMD_APP_LOGIN Req status: TAM_SUCCESS_IN_PROCESS
2026-04-30 01:11:29.560372[INFO] tams_proc: [1467] cmd type: TAMD_CMD_DEVICE_BIND
2026-04-30 01:11:29.560448[INFO] tams_proc: [1467] Parsing TAMD_CMD_DEVICE_BIND Rsp status: TAM_SUCCESS
2026-04-30 01:11:29.560583[INFO] tams_proc: [1467] Processing TAMD_CMD_DEVICE_BIND Rsp status: TAM_SUCCESS
2026-04-30 01:11:29.563101[INFO] tams_proc: [1467] cmd type: TAMC_CMD_SO_DELETE
2026-04-30 01:11:29.563266[INFO] tams_proc: [1467] Parsing TAMC_CMD_SO_DELETE Req status: TAM_SUCCESS
2026-04-30 01:11:29.563396[INFO] tams_proc: [1467] Processing TAMC_CMD_SO_DELETE Req status: TAM_SUCCESS
2026-04-30 01:11:29.592719[INFO] tams_proc: [1467] cmd type: TAMD_CMD_GET_SO_DELETE
2026-04-30 01:11:29.592820[INFO] tams_proc: [1467] Parsing TAMD_CMD_GET_SO_DELETE Rsp status: TAM_SUCCESS
2026-04-30 01:11:29.592887[INFO] tams_proc: [1467] Processing TAMD_CMD_GET_SO_DELETE Rsp status: TAM_SUCCESS
2026-04-30 01:11:29.595309[INFO] tams_proc: [1467] cmd type: TAMC_CMD_SO_CREATE
2026-04-30 01:11:29.595534[INFO] tams_proc: [1467] Parsing TAMC_CMD_SO_CREATE Req status: TAM_SUCCESS
2026-04-30 01:11:29.595642[INFO] tams_proc: [1467] Processing TAMC_CMD_SO_CREATE Req status: TAM_SUCCESS
2026-04-30 01:11:29.693217[INFO] tams_proc: [1467] cmd type: TAMD_CMD_GET_SO_CREATE
2026-04-30 01:11:29.693261[INFO] tams_proc: [1467] Parsing TAMD_CMD_GET_SO_CREATE Rsp status: TAM_SUCCESS
2026-04-30 01:11:29.693295[INFO] tams_proc: [1467] Processing TAMD_CMD_GET_SO_CREATE Rsp status: TAM_SUCCESS
2026-04-30 01:11:29.695893[INFO] tams_proc: [1467] cmd type: TAMC_CMD_SO_WRITE
2026-04-30 01:11:29.696013[INFO] tams_proc: [1467] Parsing TAMC_CMD_SO_WRITE Req status: TAM_SUCCESS
2026-04-30 01:11:29.696090[INFO] tams_proc: [1467] Processing TAMC_CMD_SO_WRITE Req status: TAM_SUCCESS
2026-04-30 01:11:29.722256[INFO] tams_proc: [1467] cmd type: TAMD_CMD_GET_SO_WRITE
2026-04-30 01:11:29.722301[INFO] tams_proc: [1467] Parsing TAMD_CMD_GET_SO_WRITE Rsp status: TAM_SUCCESS
2026-04-30 01:11:29.722337[INFO] tams_proc: [1467] Processing TAMD_CMD_GET_SO_WRITE Rsp status: TAM_SUCCESS
2026-04-30 01:11:29.724756[INFO] tams_proc: [1467] cmd type: TAMC_CMD_SO_READ
2026-04-30 01:11:29.724814[INFO] tams_proc: [1467] Parsing TAMC_CMD_SO_READ Req status: TAM_SUCCESS
2026-04-30 01:11:29.724864[INFO] tams_proc: [1467] Processing TAMC_CMD_SO_READ Req status: TAM_SUCCESS
2026-04-30 01:11:29.744871[INFO] tams_proc: [1467] cmd type: TAMD_CMD_GET_SO_READ
2026-04-30 01:11:29.744917[INFO] tams_proc: [1467] Parsing TAMD_CMD_GET_SO_READ Rsp status: TAM_SUCCESS
2026-04-30 01:11:29.744942[INFO] tams_proc: [1467] Processing TAMD_CMD_GET_SO_READ Rsp status: TAM_SUCCESS
2026-04-30 01:11:29.749614[INFO] tams_proc: [1467] cmd type: TAMC_CMD_SO_DELETE
2026-04-30 01:11:29.749681[INFO] tams_proc: [1467] Parsing TAMC_CMD_SO_DELETE Req status: TAM_SUCCESS
2026-04-30 01:11:29.749745[INFO] tams_proc: [1467] Processing TAMC_CMD_SO_DELETE Req status: TAM_SUCCESS
2026-04-30 01:11:292026-04-30 01:11:28.747962[INFO] tamd_proc: [1512] cmd type: TAMD_CMD_AUTHENTICATE_DEVICE
2026-04-30 01:11:28.790098[INFO] tamd_proc: [1512] Processing TAMD_CMD_AUTHENTICATE_DEVICE Req status: TAM_SUCCESS
2026-04-30 01:11:28.800424[INFO] tamd_proc: [1512] cmd type: TAMD_CMD_REGISTER_APP
2026-04-30 01:11:28.862675[INFO] tamd_proc: [1512] Processing TAMD_CMD_REGISTER_APP Req status: TAM_SUCCESS
2026-04-30 01:11:28.869277[INFO] tamd_proc: [1512] cmd type: TAMD_CMD_APP_SET_ATTR
2026-04-30 01:11:28.950986[INFO] tamd_proc: [1512] Processing TAMD_CMD_APP_SET_ATTR Req status: TAM_SUCCESS
2026-04-30 01:11:28.958099[INFO] tamd_proc: [1512] cmd type: TAMD_CMD_REGISTER_APP
2026-04-30 01:11:29.12180Z[INFO] tamd_proc: [1512] Processing TAMD_CMD_REGISTER_APP Req status: TAM_SUCCESS
2026-04-30 01:11:29.21425Z[INFO] tamd_proc: [1512] cmd type: TAMD_CMD_APP_SET_ATTR
2026-04-30 01:11:29.99577Z[INFO] tamd_proc: [1512] Processing TAMD_CMD_APP_SET_ATTR Req status: TAM_SUCCESS
2026-04-30 01:11:29.108584[INFO] tamd_proc: [1512] cmd type: TAMD_CMD_REGISTER_APP
2026-04-30 01:11:29.178831[INFO] tamd_proc: [1512] Processing TAMD_CMD_REGISTER_APP Req status: TAM_SUCCESS
2026-04-30 01:11:29.187583[INFO] tamd_proc: [1512] cmd type: TAMD_CMD_APP_SET_ATTR
2026-04-30 01:11:29.247408[INFO] tamd_proc: [1512] Processing TAMD_CMD_APP_SET_ATTR Req status: TAM_SUCCESS
2026-04-30 01:11:29.289255[INFO] tamd_proc: [1512] cmd type: TAMD_CMD_DEVICE_BIND
2026-04-30 01:11:29.326764[INFO] tamd_proc: [1512] Processing TAMD_CMD_DEVICE_BIND Req status: TAM_SUCCESS
2026-04-30 01:11:29.335797[INFO] tamd_proc: [1512] cmd type: TAMD_CMD_GET_SO_DELETE
2026-04-30 01:11:29.356753[INFO] tamd_proc: [1512] Processing TAMD_CMD_GET_SO_DELETE Req status: TAM_SUCCESS
2026-04-30 01:11:29.364956[INFO] tamd_proc: [1512] cmd type: TAMD_CMD_GET_SO_CREATE
2026-04-30 01:11:29.399146[INFO] tamd_proc: [1512] Processing TAMD_CMD_GET_SO_CREATE Req status: TAM_SUCCESS
2026-04-30 01:11:29.404621[INFO] tamd_proc: [1512] cmd type: TAMD_CMD_GET_SO_WRITE
2026-04-30 01:11:29.429339[INFO] tamd_proc: [1512] Processing TAMD_CMD_GET_SO_WRITE Req status: TAM_SUCCESS
2026-04-30 01:11:29.434368[INFO] tamd_proc: [1512] cmd type: TAMD_CMD_GET_SO_READ
2026-04-30 01:11:29.448535[INFO] tamd_proc: [1512] Processing TAMD_CMD_GET_SO_READ Req status: TAM_SUCCESS
2026-04-30 01:11:29.456637[INFO] tamd_proc: [1512] cmd type: TAMD_CMD_GET_SO_DELETE
2026-04-30 01:11:29.504735[INFO] tamd_proc: [1512] Processing TAMD_CMD_GET_SO_DELETE Req status: TAM_SUCCESS
2026-04-30 01:11:29.536386[INFO] tamd_proc: [1512] cmd type: TAMD_CMD_DEVICE_BIND
2026-04-30 01:11:29.558575[INFO] tamd_proc: [1512] Processing TAMD_CMD_DEVICE_BIND Req status: TAM_SUCCESS
2026-04-30 01:11:29.564655[INFO] tamd_proc: [1512] cmd type: TAMD_CMD_GET_SO_DELETE
2026-04-30 01:11:29.591513[INFO] tamd_proc: [1512] Processing TAMD_CMD_GET_SO_DELETE Req status: TAM_SUCCESS
2026-04-30 01:11:29.597132[INFO] tamd_proc: [1512] cmd type: TAMD_CMD_GET_SO_CREATE
2026-04-30 01:11:29.691440[INFO] tamd_proc: [1512] Processing TAMD_CMD_GET_SO_CREATE Req status: TAM_SUCCESS
2026-04-30 01:11:29.697233[INFO] tamd_proc: [1512] cmd type: TAMD_CMD_GET_SO_WRITE
2026-04-30 01:11:29.721051[INFO] tamd_proc: [1512] Processing TAMD_CMD_GET_SO_WRITE Req status: TAM_SUCCESS
2026-04-30 01:11:29.726195[INFO] tamd_proc: [1512] cmd type: TAMD_CMD_GET_SO_READ
2026-04-30 01:11:29.743759[INFO] tamd_proc: [1512] Processing TAMD_CMD_GET_SO_READ Req status: TAM_SUCCESS
2026-04-30 01:11:29.751034[INFO] tamd_proc: [1512] cmd type: TAMD_CMD_GET_SO_DELETE
2026-04-30 01:11:29.785570[INFO] tamd_proc: [1512] Processing TAMD_CMD_GET_SO_DELETE Req status: TAM_SUCCESS
2026-04-30 01:11:29.814452[INFO] tamd_proc: [1512] cmd type: TAMD_CMD_DEVICE_BIND
2026-04-30 01:11:29.832045[INFO] tamd_proc: [1512] Processing TAMD_CMD_DEVICE_BIND Req status: TAM_SUCCESS
2026-04-30 01:11:29.840064[INFO] tamd_proc: [1512] cmd type: TAMD_CMD_GET_SO_DELETE
2026-04-30 01:11:29.860894[INFO] tamd_proc: [1512] Processing TAMD_CMD_GET_SO_DELETE Req status: TAM_SUCCESS
2026-04-30 01:11:29.872567[INFO] tamd_proc: [1512] cmd type: TAMD_C.786634[INFO] tams_proc: [1467] cmd type: TAMD_CMD_GET_SO_DELETE
2026-04-30 01:11:29.786699[INFO] tams_proc: [1467] Parsing TAMD_CMD_GET_SO_DELETE Rsp status: TAM_SUCCESS
2026-04-30 01:11:29.786732[INFO] tams_proc: [1467] Processing TAMD_CMD_GET_SO_DELETE Rsp status: TAM_SUCCESS
2026-04-30 01:11:29.789418[INFO] tams_proc: [1467] cmd type: TAMC_CMD_APP_LOGOUT
2026-04-30 01:11:29.789484[INFO] tams_proc: [1467] Parsing TAMC_CMD_APP_LOGOUT Req status: TAM_SUCCESS
2026-04-30 01:11:29.789549[INFO] tams_proc: [1467] Processing TAMC_CMD_APP_LOGOUT Req status: TAM_SUCCESS
2026-04-30 01:11:29.794940[INFO] tams_proc: [1467] cmd type: TAMC_CMD_APP_LOGIN
2026-04-30 01:11:29.795007[INFO] tams_proc: [1467] Parsing TAMC_CMD_APP_LOGIN Req status: TAM_SUCCESS
2026-04-30 01:11:29.804396[INFO] tams_proc: [1467] Processing TAMC_CMD_APP_LOGIN Req status: TAM_SUCCESS
2026-04-30 01:11:29.813207[INFO] tams_proc: [1467] cmd type: TAMC_CMD_APP_LOGIN
2026-04-30 01:11:29.813248[INFO] tams_proc: [1467] Parsing TAMC_CMD_APP_LOGIN Req status: TAM_SUCCESS
2026-04-30 01:11:29.813302[INFO] tams_proc: [1467] Processing TAMC_CMD_APP_LOGIN Req status: TAM_SUCCESS_IN_PROCESS
2026-04-30 01:11:29.833383[INFO] tams_proc: [1467] cmd type: TAMD_CMD_DEVICE_BIND
2026-04-30 01:11:29.833437[INFO] tams_proc: [1467] Parsing TAMD_CMD_DEVICE_BIND Rsp status: TAM_SUCCESS
2026-04-30 01:11:29.833529[INFO] tams_proc: [1467] Processing TAMD_CMD_DEVICE_BIND Rsp status: TAM_SUCCESS
2026-04-30 01:11:29.835890[INFO] tams_proc: [1467] cmd type: TAMC_CMD_SO_DELETE
2026-04-30 01:11:29.836001[INFO] tams_proc: [1467] Parsing TAMC_CMD_SO_DELETE Req status: TAM_SUCCESS
2026-04-30 01:11:29.836075[INFO] tams_proc: [1467] Processing TAMC_CMD_SO_DELETE Req status: TAM_SUCCESS
2026-04-30 01:11:29.864468[INFO] tams_proc: [1467] cmd type: TAMD_CMD_GET_SO_DELETE
2026-04-30 01:11:29.864521[INFO] tams_proc: [1467] Parsing TAMD_CMD_GET_SO_DELETE Rsp status: TAM_SUCCESS
2026-04-30 01:11:29.864551[INFO] tams_proc: [1467] Processing TAMD_CMD_GET_SO_DELETE Rsp status: TAM_SUCCESS
2026-04-30 01:11:29.871155[INFO] tams_proc: [1467] cmd type: TAMC_CMD_SO_CREATE
2026-04-30 01:11:29.871303[INFO] tams_proc: [1467] Parsing TAMC_CMD_SO_CREATE Req status: TAM_SUCCESS
2026-04-30 01:11:29.871376[INFO] tams_proc: [1467] Processing TAMC_CMD_SO_CREATE Req status: TAM_SUCCESS
2026-04-30 01:11:29.919495[INFO] tams_proc: [1467] cmd type: TAMD_CMD_GET_SO_CREATE
2026-04-30 01:11:29.919538[INFO] tams_proc: [1467] Parsing TAMD_CMD_GET_SO_CREATE Rsp status: TAM_SUCCESS
2026-04-30 01:11:29.919570[INFO] tams_proc: [1467] Processing TAMD_CMD_GET_SO_CREATE Rsp status: TAM_SUCCESS
2026-04-30 01:11:29.921957[INFO] tams_proc: [1467] cmd type: TAMC_CMD_SO_WRITE
2026-04-30 01:11:29.922030[INFO] tams_proc: [1467] Parsing TAMC_CMD_SO_WRITE Req status: TAM_SUCCESS
2026-04-30 01:11:29.922086[INFO] tams_proc: [1467] Processing TAMC_CMD_SO_WRITE Req status: TAM_SUCCESS
2026-04-30 01:11:29.943243[INFO] tams_proc: [1467] cmd type: TAMD_CMD_GET_SO_WRITE
2026-04-30 01:11:29.943297[INFO] tams_proc: [1467] Parsing TAMD_CMD_GET_SO_WRITE Rsp status: TAM_SUCCESS
2026-04-30 01:11:29.943333[INFO] tams_proc: [1467] Processing TAMD_CMD_GET_SO_WRITE Rsp status: TAM_SUCCESS
2026-04-30 01:11:29.946334[INFO] tams_proc: [1467] cmd type: TAMC_CMD_SO_READ
2026-04-30 01:11:29.946430[INFO] tams_proc: [1467] Parsing TAMC_CMD_SO_READ Req status: TAM_SUCCESS
2026-04-30 01:11:29.946504[INFO] tams_proc: [1467] Processing TAMC_CMD_SO_READ Req status: TAM_SUCCESS
2026-04-30 01:11:29.963334[INFO] tams_proc: [1467] cmd type: TAMD_CMD_GET_SO_READ
2026-04-30 01:11:29.963377[INFO] tams_proc: [1467] Parsing TAMD_CMD_GET_SO_READ Rsp status: TAM_SUCCESS
2026-04-30 01:11:29.963398[INFO] tams_proc: [1467] Processing TAMD_CMD_GET_SO_READ Rsp status: TAM_SUCCESS
2026-04-30 01:11:29.965773[INFO] tams_proc: [1467] cmd type: TAMC_CMD_SO_DELETE
2026-04-30 01:11:29.965871[INFO] tams_proc: [1467] Parsing TAMC_CMD_SO_DELETE Req status: TAM_SUCCESS
2026-04-30 01:11:29.965935[INFO] tams_proc: [1467] Processing TAMC_CMD_SO_DELETE Req status: TAM_SUCCESS
2026-04-30 01:11:30.936Z[INFO] tams_proc: [1467] cmd type: TAMD_CMD_GET_SO_DELETE
2026-04-30 01:11:30.1004Z[INFO] tams_proc: [1467] Parsing TAMD_CMD_GET_SO_DELETE Rsp status: TAM_SUCCESS
2026-04-30 01:11:30.1042Z[INFO] tams_proc: [1467] Processing TAMD_CMD_GET_SO_DELETE Rsp status: TAM_SUCCESS
2026-04-30 01:11:30.4613Z[INFO] tams_proc: [1467] cmd type: TAMC_CMD_APP_LOGOUT
2026-04-30 01:11:30.4674Z[INFO] tams_proc: [1467] Parsing TAMC_CMD_APP_LOGOUT Req status: TAM_SUCCESS
2026-04-30 01:11:30.4731Z[INFO] tams_proc: [1467] Processing TAMC_CMD_APP_LOGOUT Req status: TAM_SUCCESS
2026-04-30 01:11:30.10977Z[INFO] tams_proc: [1467] cmd type: TAMM_CMD_VUDI_INIT
2026-04-30 01:11:30.11033Z[INFO] tams_proc: [1467] Parsing TAMM_CMD_VUDI_INIT Req status: TAM_SUCCESS
2026-04-30 01:11:30.11233Z[INFO] tams_proc: [1467] Processing TAMM_CMD_VUDI_INIT Req status: TAM_SUCCESS_IN_PROCESS
2026-04-30 01:11:30.89798Z[INFO] tams_proc: [1467] cmd type: TAMD_CMD_VUDI_INIT
2026-04-30 01:11:30.89846Z[INFO] tams_proc: [1467] Parsing TAMD_CMD_VUDI_INIT Rsp status: TAM_SUCCESS
2026-04-30 01:11:30.89872Z[INFO] tams_proc: [1467] Processing TAMD_CMD_VUDI_INIT Rsp status: TAM_SUCCESS
2026-04-30 01:11:30.93498Z[INFO] tams_proc: [1467] cmd type: TAMC_CMD_APP_LOGIN
2026-04-30 01:11:30.93562Z[INFO] tams_proc: [1467] Parsing TAMC_CMD_APP_LOGIN Req status: TAM_SUCCESS
2026-04-30 01:11:30.100425[INFO] tams_proc: [1467] Processing TAMC_CMD_APP_LOGIN Req status: TAM_SUCCESS
2026-04-30 01:11:30.110193[INFO] tams_proc: [1467] cmd type: TAMC_CMD_APP_LOGIN
2026-04-30 01:11:30.110245[INFO] tams_proc: [1467] Parsing TAMC_CMD_APP_LOGIN Req status: TAM_SUCCESS
2026-04-30 01:11:30.110326[INFO] tams_proc: [1467] Processing TAMC_CMD_APP_LOGIN Req status: TAM_SUCCESS_IN_PROCESS
2026-04-30 01:11:30.126536[INFO] tams_proc: [1467] cmd type: TAMD_CMD_DEVICE_BIND
2026-04-30 01:11:30.126582[INFO] tams_proc: [1467] Parsing TAMD_CMD_DEVICE_BIND Rsp status: TAM_SUCCESS
2026-04-30 01:11:30.126656[INFO] tams_proc: [1467] Processing TAMD_CMD_DEVICE_BIND Rsp status: TAM_SUCCESS
2026-04-30 01:11:30.128963[INFO] tams_proc: [1467] cmd type: TAMC_CMD_UDI
2026-04-30 01:11:30.129030[INFO] tams_proc: [1467] Parsing TAMC_CMD_UDI Req status: TAM_SUCCESS
2026-04-30 01:11:30.129115[INFO] tams_proc: [1467] Processing TAMC_CMD_UDI Req status: TAM_SUCCESS
2026-04-30 01:11:30.148828[INFO] tams_proc: [1467] cmd type: TAMD_CMD_UDI
2026-04-30 01:11:30.148860[INFO] tams_proc: [1467] Parsing TAMD_CMD_UDI Rsp status: TAM_SUCCESS
2026-04-30 01:11:30.148879[INFO] tams_proc: [1467] Processing TAMD_CMD_UDI Rsp status: TAM_SUCCESS
2026-04-30 01:11:30.151224[INFO] tams_proc: [1467] cmd type: TAMC_CMD_APP_LOGOUT
2026-04-30 01:11:30.151264[INFO] tams_proc: [1467] Parsing TAMC_CMD_APP_LOGOUT Req status: TAM_SUCCESS
2026-04-30 01:11:30.151304[INFO] tams_proc: [1467] Processing TAMC_CMD_APP_LOGOUT Req status: TAM_SUCCESS
2026-04-30 01:12:02.44878Z[INFO] tams_proc: [1467] cmd type: TAMC_CMD_APP_LOGIN
2026-04-30 01:12:02.44971Z[INFO] tams_proc: [1467] Parsing TAMC_CMD_APP_LOGIN Req status: TAM_SUCCESS
2026-04-30 01:12:02.63730Z[INFO] tams_proc: [1467] Processing TAMC_CMD_APP_LOGIN Req status: TAM_SUCCESS
2026-04-30 01:12:02.83868Z[INFO] tams_proc: [1467] cmd type: TAMC_CMD_APP_LOGIN
2026-04-30 01:12:02.84078Z[INFO] tams_proc: [1467] Parsing TAMC_CMD_APP_LOGIN Req status: TAM_SUCCESS
2026-04-30 01:12:02.84592Z[INFO] tams_proc: [1467] Processing TAMC_CMD_APP_LOGIN Req status: TAM_SUCCESS_IN_PROCESS
2026-04-30 01:12:02.190984[INFO] tams_proc: [1467] cmd type: TAMD_CMD_DEVICE_BIND
2026-04-30 01:12:02.191054[INFO] tams_proc: [1467] Parsing TAMD_CMD_DEVICE_BIND Rsp status: TAM_SUCCESS
2026-04-30 01:12:02.191332[INFO] tams_proc: [1467] Processing TAMD_CMD_DEVICE_BIND Rsp status: TAM_SUCCESS
2026-04-30 01:12:02.834866[INFO] tams_proc: [1467] cmd type: TAMC_CMD_APP_LOGIN
2026-04-30 01:12:02.834953[INFO] tams_proc: [1467] Parsing TAMC_CMD_APP_LOGIN Req status: TAM_SUCCESS
2026-04-30 01:12:02.868650[INFO] tams_proc: [1467] Processing TAMC_CMD_APP_LOGIN Req status: TAM_SUCCESS
2026-04-30 01:12:02.904037[INFO] tams_proc: [1467] cmd type: TAMC_CMD_APP_LOGIN
2026-04-30 01:12:02.904274[INFO] tams_proc: [1467] Parsing TAMC_CMD_APP_LOGIN Req status: TAM_SUCCESS
2026-04-30 01:12:02.904672[INFO] tams_proc: [1467] Processing TAMC_CMD_APP_LOGIN Req status: TAM_SUCCESS_IN_PROCESS
2026-04-30 01:12:02.980005[INFO] tams_proc: [1467] cmd type: TAMD_CMD_DEVICE_BIND
2026-04-30 01:12:02.980067[INFO] tams_proc: [1467] Parsing TAMD_CMD_DEVICE_BIND Rsp status: TAM_SUCCESS
2026-04-30 01:12:02.980151[INFO] tams_proc: [1467] Processing TAMD_CMD_DEVICE_BIND Rsp status: TAM_SUCCESS
2026-04-30 01:12:03.491Z[INFO] tams_proc: [1467] cmd type: TAMC_CMD_DEVICE_CAP
2026-04-30 01:12:03.575Z[INFO] tams_proc: [1467] Parsing TAMC_CMD_DEVICE_CAP Req status: TAM_SUCCESS
2026-04-30 01:12:03.657Z[INFO] tams_proc: [1467] Processing TAMC_CMD_DEVICE_CAP Req status: TAM_SUCCESS_IN_PROCESS
2026-04-30 01:12:03.5974Z[INFO] tams_proc: [1467] cmd type: TAMD_CMD_DEVICE_CAP
2026-04-30 01:12:03.6051Z[INFO] tams_proc: [1467] Parsing TAMD_CMD_DEVICE_CAP Rsp status: TAM_SUCCESS
2026-04-30 01:12:03.6078Z[INFO] tams_proc: [1467] Processing TAMD_CMD_DEVICE_CAP Rsp status: TAM_SUCCESS
2026-04-30 01:12:03.8990Z[INFO] tams_proc: [1467] cmd type: TAMC_CMD_SO_READ
2026-04-30 01:12:03.9181Z[INFO] tams_proc: [1467] Parsing TAMC_CMD_SO_READ Req status: TAM_SUCCESS
2026-04-30 01:12:03.9270Z[INFO] tams_proc: [1467] Processing TAMC_CMD_SO_READ Req status: TAM_SUCCESS
2026-04-30 01:12:03.109118[INFO] tams_proc: [1467] cmd type: TAMD_CMD_GET_SO_READ
2026-04-30 01:12:03.109171[INFO] tams_proc: [1467] Parsing TAMD_CMD_GET_SO_READ Rsp status: TAM_SUCCESS
2026-04-30 01:12:03.109197[INFO] tams_proc: [1467] Processing TAMD_CMD_GET_SO_READ Rsp status: TAM_SUCCESS
2026-04-30 01:12:03.111722[INFO] tams_proc: [1467] cmd type: TAMC_CMD_SO_CREATE
2026-04-30 01:12:03.111870[INFO] tams_proc: [1467] Parsing TAMC_CMD_SO_CREATE Req status: TAM_SUCCESS
2026-04-30 01:12:03.111946[INFO] tams_proc: [1467] Processing TAMC_CMD_SO_CREATE Req status: TAM_SUCCESS
2026-04-30 01:12:03.294406[INFO] tams_proc: [1467] cmd type: TAMD_CMD_GET_SO_CREATE
2026-04-30 01:12:03.294474[INFO] tams_proc: [1467] Parsing TAMD_CMD_GET_SO_CREATE Rsp status: TAM_SUCCESS
2026-04-30 01:12:03.294514[INFO] tams_proc: [1467] Processing TAMD_CMD_GET_SO_CREATE Rsp status: TAM_SUCCESS
2026-04-30 01:12:03.296916[INFO] tams_proc: [1467] cmd type: TAMC_CMD_SO_WRITE
2026-04-30 01:12:03.297044[INFO] tams_proc: [1467] Parsing TAMC_CMD_SO_WRITE Req status: TAM_SUCCESS
2026-04-30 01:12:03.300132[INFO] tams_proc: [1467] Processing TAMC_CMD_SO_WRITE Req status: TAM_SUCCESS
2026-04-30 01:12:03.359612[INFO] tams_proc: [1467] cmd type: TAMD_CMD_GET_SO_WRITE
2026-04-30 01:12:03.359668[INFO] tams_proc: [1467] Parsing TAMD_CMD_GET_SO_WRITE Rsp status: TAM_SUCCESS
2026-04-30 01:12:03.359699[INFO] tams_proc: [1467] Processing TAMD_CMD_GET_SO_WRITE Rsp status: TAM_SUCCESS
2026-04-30 01:12:03.362233[INFO] tams_proc: [1467] cmd type: TAMC_CMD_SO_CREATE
2026-04-30 01:12:03.362475[INFO] tams_proc: [1467] Parsing TAMC_CMD_SO_CREATE Req status: TAM_SUCCESS
2026-04-30 01:12:03.362574[INFO] tams_proc: [1467] Processing TAMC_CMD_SO_CREATE Req status: TAM_SUCCESS
2026-04-30 01:12:03.432908[INFO] tams_proc: [1467] cmd type: TAMC_CMD_SO_READ
2026-04-30 01:12:03.433019[INFO] tams_proc: [1467] Parsing TAMC_CMD_SO_READ Req status: TAM_SUCCESS
2026-04-30 01:12:03.433138[INFO] tams_proc: [1467] Processing TAMC_CMD_SO_READ Req status: TAM_SUCCESS
2026-04-30 01:12:03.544676[INFO] tams_proc: [1467] cmd type: TAMD_CMD_GET_SO_CREATE
2026-04-30 01:12:03.544730[INFO] tams_proc: [1467] Parsing TAMD_CMD_GET_SO_CREATE Rsp status: TAM_SUCCESS
2026-04-30 01:12:03.544763[INFO] tams_proc: [1467] Processing TAMD_CMD_GET_SO_CREATE Rsp status: TAM_SUCCESS
2026-04-30 01:12:03.550396[INFO] tams_proc: [1467] cmd type: TAMC_CMD_SO_WRITE
2026-04-30 01:12:03.550545[INFO] tams_proc: [1467] Parsing TAMC_CMD_SO_WRITE Req status: TAM_SUCCESS
2026-04-30 01:12:03.550630[INFO] tams_proc: [1467] Processing TAMC_CMD_SO_WRITE Req status: TAM_SUCCESS
2026-04-30 01:12:03.695205[INFO] tams_proc: [1467] cmd type: TAMD_CMD_GET_SO_READ
2026-04-30 01:12:03.695261[INFO] tams_proc: [1MD_GET_SO_CREATE
2026-04-30 01:11:29.916648[INFO] tamd_proc: [1512] Processing TAMD_CMD_GET_SO_CREATE Req status: TAM_SUCCESS
2026-04-30 01:11:29.925342[INFO] tamd_proc: [1512] cmd type: TAMD_CMD_GET_SO_WRITE
2026-04-30 01:11:29.942131[INFO] tamd_proc: [1512] Processing TAMD_CMD_GET_SO_WRITE Req status: TAM_SUCCESS
2026-04-30 01:11:29.947682[INFO] tamd_proc: [1512] cmd type: TAMD_CMD_GET_SO_READ
2026-04-30 01:11:29.962275[INFO] tamd_proc: [1512] Processing TAMD_CMD_GET_SO_READ Req status: TAM_SUCCESS
2026-04-30 01:11:29.967088[INFO] tamd_proc: [1512] cmd type: TAMD_CMD_GET_SO_DELETE
2026-04-30 01:11:29.999674[INFO] tamd_proc: [1512] Processing TAMD_CMD_GET_SO_DELETE Req status: TAM_SUCCESS
2026-04-30 01:11:30.12435Z[INFO] tamd_proc: [1512] cmd type: TAMD_CMD_VUDI_INIT
2026-04-30 01:11:30.88314Z[INFO] tamd_proc: [1512] Processing TAMD_CMD_VUDI_INIT Req status: TAM_SUCCESS
2026-04-30 01:11:30.111499[INFO] tamd_proc: [1512] cmd type: TAMD_CMD_DEVICE_BIND
2026-04-30 01:11:30.125470[INFO] tamd_proc: [1512] Processing TAMD_CMD_DEVICE_BIND Req status: TAM_SUCCESS
2026-04-30 01:11:30.130269[INFO] tamd_proc: [1512] cmd type: TAMD_CMD_UDI
2026-04-30 01:11:30.147750[INFO] tamd_proc: [1512] Processing TAMD_CMD_UDI Req status: TAM_SUCCESS
2026-04-30 01:12:02.85558Z[INFO] tamd_proc: [1512] cmd type: TAMD_CMD_DEVICE_BIND
2026-04-30 01:12:02.185250[INFO] tamd_proc: [1512] Processing TAMD_CMD_DEVICE_BIND Req status: TAM_SUCCESS
2026-04-30 01:12:02.906029[INFO] tamd_proc: [1512] cmd type: TAMD_CMD_DEVICE_BIND
2026-04-30 01:12:02.967580[INFO] tamd_proc: [1512] Processing TAMD_CMD_DEVICE_BIND Req status: TAM_SUCCESS
2026-04-30 01:12:03.4571Z[INFO] tamd_proc: [1512] cmd type: TAMD_CMD_DEVICE_CAP
2026-04-30 01:12:03.4909Z[INFO] tamd_proc: [1512] Processing TAMD_CMD_DEVICE_CAP Req status: TAM_SUCCESS
2026-04-30 01:12:03.27870Z[INFO] tamd_proc: [1512] cmd type: TAMD_CMD_GET_SO_READ
2026-04-30 01:12:03.107900[INFO] tamd_proc: [1512] Processing TAMD_CMD_GET_SO_READ Req status: TAM_SUCCESS
2026-04-30 01:12:03.113477[INFO] tamd_proc: [1512] cmd type: TAMD_CMD_GET_SO_CREATE
2026-04-30 01:12:03.292248[INFO] tamd_proc: [1512] Processing TAMD_CMD_GET_SO_CREATE Req status: TAM_SUCCESS
2026-04-30 01:12:03.305108[INFO] tamd_proc: [1512] cmd type: TAMD_CMD_GET_SO_WRITE
2026-04-30 01:12:03.352927[INFO] tamd_proc: [1512] Processing TAMD_CMD_GET_SO_WRITE Req status: TAM_SUCCESS
2026-04-30 01:12:03.363785[INFO] tamd_proc: [1512] cmd type: TAMD_CMD_GET_SO_CREATE
2026-04-30 01:12:03.542706[INFO] tamd_proc: [1512] Processing TAMD_CMD_GET_SO_CREATE Req status: TAM_SUCCESS
2026-04-30 01:12:03.544871[INFO] tamd_proc: [1512] cmd type: TAMD_CMD_GET_SO_READ
2026-04-30 01:12:03.690940[INFO] tamd_proc: [1512] Processing TAMD_CMD_GET_SO_READ Req status: TAM_SUCCESS
2026-04-30 01:12:03.695435[INFO] tamd_proc: [1512] cmd type: TAMD_CMD_GET_SO_WRITE
2026-04-30 01:12:03.838880[INFO] tamd_proc: [1512] Processing TAMD_CMD_GET_SO_WRITE Req status: TAM_SUCCESS
2026-04-30 01:12:03.840211[INFO] tamd_proc: [1512] cmd type: TAMD_CMD_GET_SO_READ
2026-04-30 01:12:03.969370[INFO] tamd_proc: [1512] Processing TAMD_CMD_GET_SO_READ Req status: TAM_SUCCESS
2026-04-30 01:12:04.11464Z[INFO] tamd_proc: [1512] cmd type: TAMD_CMD_GET_SO_WRITE
2026-04-30 01:12:04.127156[INFO] tamd_proc: [1512] Processing TAMD_CMD_GET_SO_WRITE Req status: TAM_SUCCESS
2026-04-30 01:12:04.142288[INFO] tamd_proc: [1512] cmd type: TAMD_CMD_GET_SO_CREATE
2026-04-30 01:12:04.446667[INFO] tamd_proc: [1512] Processing TAMD_CMD_GET_SO_CREATE Req status: TAM_SUCCESS
2026-04-30 01:12:04.469264[INFO] tamd_proc: [1512] cmd type: TAMD_CMD_GET_SO_WRITE
2026-04-30 01:12:04.590331[INFO] tamd_proc: [1512] Processing TAMD_CMD_GET_SO_WRITE Req status: TAM_SUCCESS
2026-04-30 01:12:04.604583[INFO] tamd_proc: [1512] cmd type: TAMD_CMD_GET_SO_READ
2026-04-30 01:12:04.736257[INFO] tamd_proc: [1512] Processing TAMD_CMD_GET_SO_READ Req status: TAM_SUCCESS
2026-04-30 01:12:05.53680Z[INFO] tamd_proc: [1512] cmd type: TAMD_CMD_GET_SO_DELETE
2026-04-30 01:12:05.186652[INFO] tamd_proc: [1512] Processing TAMD_CMD_GET_SO_DELETE Req status: TAM_SUC467] Parsing TAMD_CMD_GET_SO_READ Rsp status: TAM_SUCCESS
2026-04-30 01:12:03.695313[INFO] tams_proc: [1467] Processing TAMD_CMD_GET_SO_READ Rsp status: TAM_SUCCESS
2026-04-30 01:12:03.732655[INFO] tams_proc: [1467] cmd type: TAMC_CMD_SO_READ
2026-04-30 01:12:03.736467[INFO] tams_proc: [1467] Parsing TAMC_CMD_SO_READ Req status: TAM_SUCCESS
2026-04-30 01:12:03.736553[INFO] tams_proc: [1467] Processing TAMC_CMD_SO_READ Req status: TAM_SUCCESS
2026-04-30 01:12:03.840739[INFO] tams_proc: [1467] cmd type: TAMD_CMD_GET_SO_WRITE
2026-04-30 01:12:03.840787[INFO] tams_proc: [1467] Parsing TAMD_CMD_GET_SO_WRITE Rsp status: TAM_SUCCESS
2026-04-30 01:12:03.840827[INFO] tams_proc: [1467] Processing TAMD_CMD_GET_SO_WRITE Rsp status: TAM_SUCCESS
2026-04-30 01:12:03.975776[INFO] tams_proc: [1467] cmd type: TAMD_CMD_GET_SO_READ
2026-04-30 01:12:03.975834[INFO] tams_proc: [1467] Parsing TAMD_CMD_GET_SO_READ Rsp status: TAM_SUCCESS
2026-04-30 01:12:03.975863[INFO] tams_proc: [1467] Processing TAMD_CMD_GET_SO_READ Rsp status: TAM_SUCCESS
2026-04-30 01:12:03.997695[INFO] tams_proc: [1467] cmd type: TAMC_CMD_SO_WRITE
2026-04-30 01:12:03.997834[INFO] tams_proc: [1467] Parsing TAMC_CMD_SO_WRITE Req status: TAM_SUCCESS
2026-04-30 01:12:03.998149[INFO] tams_proc: [1467] Processing TAMC_CMD_SO_WRITE Req status: TAM_SUCCESS
2026-04-30 01:12:04.135861[INFO] tams_proc: [1467] cmd type: TAMD_CMD_GET_SO_WRITE
2026-04-30 01:12:04.135924[INFO] tams_proc: [1467] Parsing TAMD_CMD_GET_SO_WRITE Rsp status: TAM_SUCCESS
2026-04-30 01:12:04.135952[INFO] tams_proc: [1467] Processing TAMD_CMD_GET_SO_WRITE Rsp status: TAM_SUCCESS
2026-04-30 01:12:04.139067[INFO] tams_proc: [1467] cmd type: TAMC_CMD_SO_CREATE
2026-04-30 01:12:04.139236[INFO] tams_proc: [1467] Parsing TAMC_CMD_SO_CREATE Req status: TAM_SUCCESS
2026-04-30 01:12:04.139324[INFO] tams_proc: [1467] Processing TAMC_CMD_SO_CREATE Req status: TAM_SUCCESS
2026-04-30 01:12:04.462909[INFO] tams_proc: [1467] cmd type: TAMD_CMD_GET_SO_CREATE
2026-04-30 01:12:04.462971[INFO] tams_proc: [1467] Parsing TAMD_CMD_GET_SO_CREATE Rsp status: TAM_SUCCESS
2026-04-30 01:12:04.463009[INFO] tams_proc: [1467] Processing TAMD_CMD_GET_SO_CREATE Rsp status: TAM_SUCCESS
2026-04-30 01:12:04.465956[INFO] tams_proc: [1467] cmd type: TAMC_CMD_SO_WRITE
2026-04-30 01:12:04.466244[INFO] tams_proc: [1467] Parsing TAMC_CMD_SO_WRITE Req status: TAM_SUCCESS
2026-04-30 01:12:04.466334[INFO] tams_proc: [1467] Processing TAMC_CMD_SO_WRITE Req status: TAM_SUCCESS
2026-04-30 01:12:04.594170[INFO] tams_proc: [1467] cmd type: TAMD_CMD_GET_SO_WRITE
2026-04-30 01:12:04.594226[INFO] tams_proc: [1467] Parsing TAMD_CMD_GET_SO_WRITE Rsp status: TAM_SUCCESS
2026-04-30 01:12:04.594257[INFO] tams_proc: [1467] Processing TAMD_CMD_GET_SO_WRITE Rsp status: TAM_SUCCESS
2026-04-30 01:12:04.599431[INFO] tams_proc: [1467] cmd type: TAMC_CMD_SO_READ
2026-04-30 01:12:04.599549[INFO] tams_proc: [1467] Parsing TAMC_CMD_SO_READ Req status: TAM_SUCCESS
2026-04-30 01:12:04.599641[INFO] tams_proc: [1467] Processing TAMC_CMD_SO_READ Req status: TAM_SUCCESS
2026-04-30 01:12:04.740647[INFO] tams_proc: [1467] cmd type: TAMD_CMD_GET_SO_READ
2026-04-30 01:12:04.740722[INFO] tams_proc: [1467] Parsing TAMD_CMD_GET_SO_READ Rsp status: TAM_SUCCESS
2026-04-30 01:12:04.740754[INFO] tams_proc: [1467] Processing TAMD_CMD_GET_SO_READ Rsp status: TAM_SUCCESS
2026-04-30 01:12:05.52214Z[INFO] tams_proc: [1467] cmd type: TAMC_CMD_SO_DELETE
2026-04-30 01:12:05.52354Z[INFO] tams_proc: [1467] Parsing TAMC_CMD_SO_DELETE Req status: TAM_SUCCESS
2026-04-30 01:12:05.52449Z[INFO] tams_proc: [1467] Processing TAMC_CMD_SO_DELETE Req status: TAM_SUCCESS
2026-04-30 01:12:05.188640[INFO] tams_proc: [1467] cmd type: TAMD_CMD_GET_SO_DELETE
2026-04-30 01:12:05.188694[INFO] tams_proc: [1467] Parsing TAMD_CMD_GET_SO_DELETE Rsp status: TAM_SUCCESS
2026-04-30 01:12:05.188719[INFO] tams_proc: [1467] Processing TAMD_CMD_GET_SO_DELETE Rsp status: TAM_SUCCESS
2026-04-30 01:12:06.945158[INFO] tams_proc: [1467] cmd type: TAMC_CMD_APP_LOGIN
2026-04-30 01:12:06.945239[INFO] tams_proc: [1467] Parsing TAMC_CMD_APP_LOGIN Req status: TAM_SUCCESS
2026-04-30 01:12:06.965964[INFO] tams_proc: [1467] Processing TAMC_CMD_APP_LOGIN Req status: TAM_SUCCESS
2026-04-30 01:12:07.5299Z[INFO] tams_proc: [1467] cmd type: TAMC_CMD_APP_LOGIN
2026-04-30 01:12:07.5540Z[INFO] tams_proc: [1467] Parsing TAMC_CMD_APP_LOGIN Req status: TAM_SUCCESS
2026-04-30 01:12:07.5961Z[INFO] tams_proc: [1467] Processing TAMC_CMD_APP_LOGIN Req status: TAM_SUCCESS_IN_PROCESS
2026-04-30 01:12:07.65804Z[INFO] tams_proc: [1467] cmd type: TAMD_CMD_DEVICE_BIND
2026-04-30 01:12:07.65870Z[INFO] tams_proc: [1467] Parsing TAMD_CMD_DEVICE_BIND Rsp status: TAM_SUCCESS
2026-04-30 01:12:07.65950Z[INFO] tams_proc: [1467] Processing TAMD_CMD_DEVICE_BIND Rsp status: TAM_SUCCESS
2026-04-30 01:12:07.68407Z[INFO] tams_proc: [1467] cmd type: TAMC_CMD_SO_READ
2026-04-30 01:12:07.68513Z[INFO] tams_proc: [1467] Parsing TAMC_CMD_SO_READ Req status: TAM_SUCCESS
2026-04-30 01:12:07.68600Z[INFO] tams_proc: [1467] Processing TAMC_CMD_SO_READ Req status: TAM_SUCCESS
2026-04-30 01:12:07.137478[INFO] tams_proc: [1467] cmd type: TAMD_CMD_GET_SO_READ
2026-04-30 01:12:07.137568[INFO] tams_proc: [1467] Parsing TAMD_CMD_GET_SO_READ Rsp status: TAM_SUCCESS
2026-04-30 01:12:07.137595[INFO] tams_proc: [1467] Processing TAMD_CMD_GET_SO_READ Rsp status: TAM_SUCCESS
2026-04-30 01:12:07.140644[INFO] tams_proc: [1467] cmd type: TAMC_CMD_APP_LOGOUT
2026-04-30 01:12:07.140724[INFO] tams_proc: [1467] Parsing TAMC_CMD_APP_LOGOUT Req status: TAM_SUCCESS
2026-04-30 01:12:07.140788[INFO] tams_proc: [1467] Processing TAMC_CMD_APP_LOGOUT Req status: TAM_SUCCESS
2026-04-30 01:12:07.271183[INFO] tams_proc: [1467] cmd type: TAMC_CMD_APP_LOGIN
2026-04-30 01:12:07.271259[INFO] tams_proc: [1467] Parsing TAMC_CMD_APP_LOGIN Req status: TAM_SUCCESS
2026-04-30 01:12:07.336733[INFO] tams_proc: [1467] Processing TAMC_CMD_APP_LOGIN Req status: TAM_SUCCESS
2026-04-30 01:12:07.351574[INFO] tams_proc: [1467] cmd type: TAMC_CMD_APP_LOGIN
2026-04-30 01:12:07.351637[INFO] tams_proc: [1467] Parsing TAMC_CMD_APP_LOGIN Req status: TAM_SUCCESS
2026-04-30 01:12:07.351715[INFO] tams_proc: [1467] Processing TAMC_CMD_APP_LOGIN Req status: TAM_SUCCESS_IN_PROCESS
2026-04-30 01:12:07.539826[INFO] tams_proc: [1467] cmd type: TAMD_CMD_DEVICE_BIND
2026-04-30 01:12:07.539888[INFO] tams_proc: [1467] Parsing TAMD_CMD_DEVICE_BIND Rsp status: TAM_SUCCESS
2026-04-30 01:12:07.539967[INFO] tams_proc: [1467] Processing TAMD_CMD_DEVICE_BIND Rsp status: TAM_SUCCESS
2026-04-30 01:12:16.222687[INFO] tams_proc: [1467] cmd type: TAMC_CMD_APP_LOGIN
2026-04-30 01:12:16.222773[INFO] tams_proc: [1467] Parsing TAMC_CMD_APP_LOGIN Req status: TAM_SUCCESS
2026-04-30 01:12:16.238718[INFO] tams_proc: [1467] Processing TAMC_CMD_APP_LOGIN Req status: TAM_SUCCESS
2026-04-30 01:12:16.248784[INFO] tams_proc: [1467] cmd type: TAMC_CMD_APP_LOGIN
2026-04-30 01:12:16.249042[INFO] tams_proc: [1467] Parsing TAMC_CMD_APP_LOGIN Req status: TAM_SUCCESS
2026-04-30 01:12:16.249577[INFO] tams_proc: [1467] Processing TAMC_CMD_APP_LOGIN Req status: TAM_SUCCESS_IN_PROCESS
2026-04-30 01:12:16.287437[INFO] tams_proc: [1467] cmd type: TAMD_CMD_DEVICE_BIND
2026-04-30 01:12:16.287969[INFO] tams_proc: [1467] Parsing TAMD_CMD_DEVICE_BIND Rsp status: TAM_SUCCESS
2026-04-30 01:12:16.288249[INFO] tams_proc: [1467] Processing TAMD_CMD_DEVICE_BIND Rsp status: TAM_SUCCESS
2026-04-30 01:12:16.290536[INFO] tams_proc: [1467] cmd type: TAMC_CMD_DEVICE_CAP
2026-04-30 01:12:16.290889[INFO] tams_proc: [1467] Parsing TAMC_CMD_DEVICE_CAP Req status: TAM_SUCCESS
2026-04-30 01:12:16.291240[INFO] tams_proc: [1467] Processing TAMC_CMD_DEVICE_CAP Req status: TAM_SUCCESS_IN_PROCESS
2026-04-30 01:12:16.293952[INFO] tams_proc: [1467] cmd type: TAMD_CMD_DEVICE_CAP
2026-04-30 01:12:16.294318[INFO] tams_proc: [1467] Parsing TAMD_CMD_DEVICE_CAP Rsp status: TAM_SUCCESS
2026-04-30 01:12:16.294415[INFO] tams_proc: [1467] Processing TAMD_CMD_DEVICE_CAP Rsp status: TAM_SUCCESS
2026-04-30 01:12:16.297682[INFO] tams_proc: [1467] cmd type: TAMC_CMD_SO_READ
2026-04-30 01:12:16.298171[INFO] tams_proc: [1467] Parsing TAMC_CMD_SO_READ Req status: