INFO Apr-30 01:11:03 === Started libdnf-0.11.1 ===
DEBUG Apr-30 01:11:03 fetching rpmdb
INFO Apr-30 01:11:37 === Started libdnf-0.11.1 ===
DEBUG Apr-30 01:11:37 fetching rpmdb
INFO Apr-30 01:11:38 === Started libdnf-0.11.1 ===
DEBUG Apr-30 01:11:38 fetching rpmdb
INFO Apr-30 01:11:38 === Started libdnf-0.11.1 ===
DEBUG Apr-30 01:11:38 fetching rpmdb
INFO Apr-30 01:11:39 === Started libdnf-0.11.1 ===
DEBUG Apr-30 01:11:39 fetching rpmdb
INFO Apr-30 01:11:40 === Started libdnf-0.11.1 ===
DEBUG Apr-30 01:11:40 fetching rpmdb
INFO Apr-30 01:11:43 === Started libdnf-0.11.1 ===
DEBUG Apr-30 01:11:43 fetching rpmdb
INFO Apr-30 01:11:43 === Started libdnf-0.11.1 ===
DEBUG Apr-30 01:11:45 fetching rpmdb
INFO Apr-30 01:11:52 === Started libdnf-0.11.1 ===
DEBUG Apr-30 01:11:52 fetching rpmdb
INFO Apr-30 01:11:52 Downloading: file:///var/opt/cisco/iosxr/install/mirror/iosxr_install_internal_repo/repodata/repomd.xml
INFO Apr-30 01:11:52 Error during transfer: Curl error (37): Couldn't read a file:// file for file:///var/opt/cisco/iosxr/install/mirror/iosxr_install_internal_repo/repodata/repomd.xml [Couldn't open file /var/opt/cisco/iosxr/install/mirror/iosxr_install_internal_repo/repodata/repomd.xml]
INFO Apr-30 01:11:52 Error while downloading: Cannot download repodata/repomd.xml: All mirrors were tried
INFO Apr-30 01:11:56 === Started libdnf-0.11.1 ===
DEBUG Apr-30 01:11:56 fetching rpmdb
INFO Apr-30 01:12:01 === Started libdnf-0.11.1 ===
DEBUG Apr-30 01:12:01 fetching rpmdb
INFO Apr-30 01:12:07 === Started libdnf-0.11.1 ===
DEBUG Apr-30 01:12:07 fetching rpmdb
