INFO Apr-30 01:11:24 === Started libdnf-0.11.1 ===
DEBUG Apr-30 01:11:24 fetching rpmdb
INFO Apr-30 01:11:38 === Started libdnf-0.11.1 ===
DEBUG Apr-30 01:11:38 fetching rpmdb
INFO Apr-30 01:11:39 === Started libdnf-0.11.1 ===
DEBUG Apr-30 01:11:39 fetching rpmdb
INFO Apr-30 01:11:39 === Started libdnf-0.11.1 ===
DEBUG Apr-30 01:11:39 fetching rpmdb
INFO Apr-30 01:11:40 === Started libdnf-0.11.1 ===
DEBUG Apr-30 01:11:40 fetching rpmdb
INFO Apr-30 01:11:41 === Started libdnf-0.11.1 ===
DEBUG Apr-30 01:11:41 fetching rpmdb
INFO Apr-30 01:11:45 === Started libdnf-0.11.1 ===
DEBUG Apr-30 01:11:45 fetching rpmdb
INFO Apr-30 01:11:45 === Started libdnf-0.11.1 ===
DEBUG Apr-30 01:11:47 fetching rpmdb
INFO Apr-30 01:11:53 === Started libdnf-0.11.1 ===
DEBUG Apr-30 01:11:53 fetching rpmdb
INFO Apr-30 01:11:54 Downloading: file:///var/opt/cisco/iosxr/install/mirror/iosxr_install_internal_repo/repodata/repomd.xml
INFO Apr-30 01:11:54 Error during transfer: Curl error (37): Couldn't read a file:// file for file:///var/opt/cisco/iosxr/install/mirror/iosxr_install_internal_repo/repodata/repomd.xml [Couldn't open file /var/opt/cisco/iosxr/install/mirror/iosxr_install_internal_repo/repodata/repomd.xml]
INFO Apr-30 01:11:54 Error while downloading: Cannot download repodata/repomd.xml: All mirrors were tried
INFO Apr-30 01:12:03 === Started libdnf-0.11.1 ===
DEBUG Apr-30 01:12:03 fetching rpmdb
INFO Apr-30 01:12:05 === Started libdnf-0.11.1 ===
DEBUG Apr-30 01:12:05 fetching rpmdb
INFO Apr-30 01:12:11 === Started libdnf-0.11.1 ===
DEBUG Apr-30 01:12:11 fetching rpmdb
