2026-04-30T01:11:08.688529+00:00 p1-xr1 crond[425]: (CRON) STARTUP (1.5.5)
2026-04-30T01:11:08.688534+00:00 p1-xr1 crond[425]: (CRON) INFO (Syslog will be used instead of sendmail.)
2026-04-30T01:11:08.688537+00:00 p1-xr1 crond[425]: (CRON) INFO (RANDOM_DELAY will be scaled with factor 87% if used.)
2026-04-30T01:13:01.972894+00:00 p1-xr1 CROND[5712]: (root) CMD (/etc/xrd_filecleanup.sh 90 >/dev/null 2>&1)
2026-04-30T01:15:01.048232+00:00 p1-xr1 CROND[6595]: (root) CMD (/pkg/bin/monitor_coreinfo.sh)
2026-04-30T01:15:01.048468+00:00 p1-xr1 CROND[6596]: (root) CMD (/etc/init.d/tmpdir_cleanup.sh 80 >/dev/null 2>&1)
2026-04-30T01:15:01.048609+00:00 p1-xr1 CROND[6597]: (root) CMD (env PATH=/usr/bin:/usr/sbin:/bin:/sbin logrotate /etc/logrotate.conf)
2026-04-30T01:16:01.076515+00:00 p1-xr1 CROND[6672]: (root) CMD (env PATH=/usr/bin:/usr/sbin:/bin:/sbin thinxr-logrotate-app.sh)
2026-04-30T01:18:01.119581+00:00 p1-xr1 CROND[9381]: (root) CMD (/etc/xrd_filecleanup.sh 90 >/dev/null 2>&1)
2026-04-30T01:20:01.208115+00:00 p1-xr1 CROND[9797]: (root) CMD (/etc/init.d/tmpdir_cleanup.sh 80 >/dev/null 2>&1)
2026-04-30T01:20:01.208319+00:00 p1-xr1 CROND[9798]: (root) CMD (env PATH=/usr/bin:/usr/sbin:/bin:/sbin logrotate /etc/logrotate.conf)
2026-04-30T01:21:01.234979+00:00 p1-xr1 CROND[9864]: (root) CMD (env PATH=/usr/bin:/usr/sbin:/bin:/sbin thinxr-logrotate-app.sh)
2026-04-30T01:23:01.242686+00:00 p1-xr1 CROND[9943]: (root) CMD (/etc/xrd_filecleanup.sh 90 >/dev/null 2>&1)
2026-04-30T01:25:01.319895+00:00 p1-xr1 CROND[10080]: (root) CMD (/etc/init.d/tmpdir_cleanup.sh 80 >/dev/null 2>&1)
2026-04-30T01:25:01.320146+00:00 p1-xr1 CROND[10081]: (root) CMD (env PATH=/usr/bin:/usr/sbin:/bin:/sbin logrotate /etc/logrotate.conf)
2026-04-30T01:26:01.346883+00:00 p1-xr1 CROND[10154]: (root) CMD (env PATH=/usr/bin:/usr/sbin:/bin:/sbin thinxr-logrotate-app.sh)
2026-04-30T01:28:01.354753+00:00 p1-xr1 CROND[10231]: (root) CMD (/etc/xrd_filecleanup.sh 90 >/dev/null 2>&1)
2026-04-30T01:30:01.431288+00:00 p1-xr1 CROND[10335]: (root) CMD (/pkg/bin/monitor_coreinfo.sh)
2026-04-30T01:30:01.431637+00:00 p1-xr1 CROND[10336]: (root) CMD (/etc/init.d/tmpdir_cleanup.sh 80 >/dev/null 2>&1)
2026-04-30T01:30:01.431782+00:00 p1-xr1 CROND[10337]: (root) CMD (env PATH=/usr/bin:/usr/sbin:/bin:/sbin logrotate /etc/logrotate.conf)
2026-04-30T01:31:01.457979+00:00 p1-xr1 CROND[10406]: (root) CMD (env PATH=/usr/bin:/usr/sbin:/bin:/sbin thinxr-logrotate-app.sh)
2026-04-30T01:33:01.465714+00:00 p1-xr1 CROND[10504]: (root) CMD (/etc/xrd_filecleanup.sh 90 >/dev/null 2>&1)
2026-04-30T01:35:01.542756+00:00 p1-xr1 CROND[10636]: (root) CMD (/etc/init.d/tmpdir_cleanup.sh 80 >/dev/null 2>&1)
2026-04-30T01:35:01.543017+00:00 p1-xr1 CROND[10637]: (root) CMD (env PATH=/usr/bin:/usr/sbin:/bin:/sbin logrotate /etc/logrotate.conf)
2026-04-30T01:36:01.569788+00:00 p1-xr1 CROND[10712]: (root) CMD (env PATH=/usr/bin:/usr/sbin:/bin:/sbin thinxr-logrotate-app.sh)
