2026-04-30 01:11:27.33472Z[ERR] tamsvcs_tamm: [1380] 
*
*
* Starting tamsvcs_tamm process...
*
*
*
2026-04-30 01:11:27.35068Z[INFO] tamsvcs_tamm: [1380] TAM sync is NOT enabled for this platform
2026-04-30 01:11:27.35078Z[INFO] tamsvcs_tamm: [1380] TAM entropy is NOT enabled for this platform
2026-04-30 01:11:27.170281[INFO] tamsvcs_tamm: [1380] Successfully registered with sysmgr for proc_role change
2026-04-30 01:11:27.172095[INFO] tamsvcs_tamm: [1380] tams_proc started 1451
2026-04-30 01:11:27.172141[INFO] tamsvcs_tamm: [1380] Creating TAM:XRD_TAMDB of type:2
2026-04-30 01:11:27.172159[INFO] tamsvcs_tamm: [1380] Registering device :XRD_TAMDB Type:2 
2026-04-30 01:11:28.491991[INFO] tamsvcs_tamm: [1380] cmd type: TAMM_CMD_REGISTER_DEVICE
2026-04-30 01:11:28.492035[INFO] tamsvcs_tamm: [1380] Parsing TAMM_CMD_REGISTER_DEVICE Rsp status: TAM_SUCCESS
2026-04-30 01:11:28.540538[INFO] tamsvcs_tamm: [1380] cmd type: TAMM_CMD_REGISTER_DEVICE
2026-04-30 01:11:28.540581[INFO] tamsvcs_tamm: [1380] Parsing TAMM_CMD_REGISTER_DEVICE Rsp status: TAM_SUCCESS
2026-04-30 01:11:28.540606[INFO] tamsvcs_tamm: [1380] cmd type: TAMM_CMD_REGISTER_DEVICE
2026-04-30 01:11:28.540637[INFO] tamsvcs_tamm: [1380] Parsing TAMM_CMD_REGISTER_DEVICE Rsp status: TAM_SUCCESS
2026-04-30 01:11:28.540643[INFO] tamsvcs_tamm: [1380] Register device response TAM_SUCCESS
2026-04-30 01:11:28.541691[INFO] tamsvcs_tamm: [1380] Successfully registered device XRD_TAMDB Type: 2
2026-04-30 01:11:28.546991[INFO] tamsvcs_tamm: [1380] cmd type: TAMM_CMD_REGISTER_APP
2026-04-30 01:11:28.547036[INFO] tamsvcs_tamm: [1380] Parsing TAMM_CMD_REGISTER_APP Rsp status: TAM_SUCCESS
2026-04-30 01:11:28.595263[INFO] tamsvcs_tamm: [1380] cmd type: TAMM_CMD_REGISTER_APP
2026-04-30 01:11:28.595305[INFO] tamsvcs_tamm: [1380] Parsing TAMM_CMD_REGISTER_APP Rsp status: TAM_SUCCESS
2026-04-30 01:11:28.595328[INFO] tamsvcs_tamm: [1380] cmd type: TAMM_CMD_REGISTER_APP
2026-04-30 01:11:28.595359[INFO] tamsvcs_tamm: [1380] Parsing TAMM_CMD_REGISTER_APP Rsp status: TAM_SUCCESS
2026-04-30 01:11:28.597787[INFO] tamsvcs_tamm: [1380] cmd type: TAMM_CMD_APP_SET_ATTR
2026-04-30 01:11:28.597828[INFO] tamsvcs_tamm: [1380] Parsing TAMM_CMD_APP_SET_ATTR Rsp status: TAM_SUCCESS
2026-04-30 01:11:28.652913[INFO] tamsvcs_tamm: [1380] cmd type: TAMM_CMD_APP_SET_ATTR
2026-04-30 01:11:28.652952[INFO] tamsvcs_tamm: [1380] Parsing TAMM_CMD_APP_SET_ATTR Rsp status: TAM_SUCCESS
2026-04-30 01:11:28.652971[INFO] tamsvcs_tamm: [1380] cmd type: TAMM_CMD_APP_SET_ATTR
2026-04-30 01:11:28.653001[INFO] tamsvcs_tamm: [1380] Parsing TAMM_CMD_APP_SET_ATTR Rsp status: TAM_SUCCESS
2026-04-30 01:11:28.658748[INFO] tamsvcs_tamm: [1380] cmd type: TAMM_CMD_REGISTER_APP
2026-04-30 01:11:28.658796[INFO] tamsvcs_tamm: [1380] Parsing TAMM_CMD_REGISTER_APP Rsp status: TAM_SUCCESS
2026-04-30 01:11:28.709816[INFO] tamsvcs_tamm: [1380] cmd type: TAMM_CMD_REGISTER_APP
2026-04-30 01:11:28.709864[INFO] tamsvcs_tamm: [1380] Parsing TAMM_CMD_REGISTER_APP Rsp status: TAM_SUCCESS
2026-04-30 01:11:28.709891[INFO] tamsvcs_tamm: [1380] cmd type: TAMM_CMD_REGISTER_APP
2026-04-30 01:11:28.709927[INFO] tamsvcs_tamm: [1380] Parsing TAMM_CMD_REGISTER_APP Rsp status: TAM_SUCCESS
2026-04-30 01:11:28.712789[INFO] tamsvcs_tamm: [1380] cmd type: TAMM_CMD_APP_SET_ATTR
2026-04-30 01:11:28.712818[INFO] tamsvcs_tamm: [1380] Parsing TAMM_CMD_APP_SET_ATTR Rsp status: TAM_SUCCESS
2026-04-30 01:11:28.765368[INFO] tamsvcs_tamm: [1380] cmd type: TAMM_CMD_APP_SET_ATTR
2026-04-30 01:11:28.765423[INFO] tamsvcs_tamm: [1380] Parsing TAMM_CMD_APP_SET_ATTR Rsp status: TAM_SUCCESS
2026-04-30 01:11:28.765450[INFO] tamsvcs_tamm: [1380] cmd type: TAMM_CMD_APP_SET_ATTR
2026-04-30 01:11:28.765485[INFO] tamsvcs_tamm: [1380] Parsing TAMM_CMD_APP_SET_ATTR Rsp status: TAM_SUCCESS
2026-04-30 01:11:28.773065[INFO] tamsvcs_tamm: [1380] cmd type: TAMM_CMD_REGISTER_APP
2026-04-30 01:11:28.773132[INFO] tamsvcs_tamm: [1380] Parsing TAMM_CMD_REGISTER_APP Rsp status: TAM_SUCCESS
2026-04-30 01:11:28.832519[INFO] tamsvcs_tamm: [1380] cmd type: TAMM_CMD_REGISTER_APP
2026-04-30 01:11:28.832590[INFO] 2026-04-30 01:11:27.612779[INFO] tams_proc: [1451] Opened TAMS Client local listener on fd=85
2026-04-30 01:11:27.612849[INFO] tams_proc: [1451] Opened TAMS Client TCP listener on 192.0.0.4:7000 fd=88
2026-04-30 01:11:27.612883[INFO] tams_proc: [1451] Opened TAMS Mgmt local listener on fd=93
2026-04-30 01:11:27.612938[INFO] tams_proc: [1451] tams_proc Version:ciscotamservices 12.1.0
2026-04-30 01:11:27.955704[INFO] tams_proc: [1451] cmd type: TAMM_CMD_REGISTER_DEVICE
2026-04-30 01:11:27.955778[INFO] tams_proc: [1451] Parsing TAMM_CMD_REGISTER_DEVICE Req status: TAM_SUCCESS
2026-04-30 01:11:27.987634[INFO] tams_proc: [1451] tamd_proc_pid = 1475
2026-04-30 01:11:28.490882[INFO] tams_proc: [1451] Processing TAMM_CMD_REGISTER_DEVICE Req status: TAM_SUCCESS
2026-04-30 01:11:28.539334[INFO] tams_proc: [1451] cmd type: TAMD_CMD_AUTHENTICATE_DEVICE
2026-04-30 01:11:28.539386[INFO] tams_proc: [1451] Parsing TAMD_CMD_AUTHENTICATE_DEVICE Rsp status: TAM_SUCCESS
2026-04-30 01:11:28.539419[INFO] tams_proc: [1451] Processing TAMD_CMD_AUTHENTICATE_DEVICE Rsp status: TAM_SUCCESS
2026-04-30 01:11:28.542910[INFO] tams_proc: [1451] cmd type: TAMM_CMD_REGISTER_APP
2026-04-30 01:11:28.542990[INFO] tams_proc: [1451] Parsing TAMM_CMD_REGISTER_APP Req status: TAM_SUCCESS
2026-04-30 01:11:28.545895[INFO] tams_proc: [1451] Processing TAMM_CMD_REGISTER_APP Req status: TAM_SUCCESS_IN_PROCESS
2026-04-30 01:11:28.594079[INFO] tams_proc: [1451] cmd type: TAMD_CMD_REGISTER_APP
2026-04-30 01:11:28.594122[INFO] tams_proc: [1451] Parsing TAMD_CMD_REGISTER_APP Rsp status: TAM_SUCCESS
2026-04-30 01:11:28.594149[INFO] tams_proc: [1451] Processing TAMD_CMD_REGISTER_APP Rsp status: TAM_SUCCESS
2026-04-30 01:11:28.596564[INFO] tams_proc: [1451] cmd type: TAMM_CMD_APP_SET_ATTR
2026-04-30 01:11:28.596631[INFO] tams_proc: [1451] Parsing TAMM_CMD_APP_SET_ATTR Req status: TAM_SUCCESS
2026-04-30 01:11:28.596693[INFO] tams_proc: [1451] Processing TAMM_CMD_APP_SET_ATTR Req status: TAM_SUCCESS_IN_PROCESS
2026-04-30 01:11:28.651742[INFO] tams_proc: [1451] cmd type: TAMD_CMD_APP_SET_ATTR
2026-04-30 01:11:28.651782[INFO] tams_proc: [1451] Parsing TAMD_CMD_APP_SET_ATTR Rsp status: TAM_SUCCESS
2026-04-30 01:11:28.651808[INFO] tams_proc: [1451] Processing TAMD_CMD_APP_SET_ATTR Rsp status: TAM_SUCCESS
2026-04-30 01:11:28.655282[INFO] tams_proc: [1451] cmd type: TAMM_CMD_REGISTER_APP
2026-04-30 01:11:28.655361[INFO] tams_proc: [1451] Parsing TAMM_CMD_REGISTER_APP Req status: TAM_SUCCESS
2026-04-30 01:11:28.657652[INFO] tams_proc: [1451] Processing TAMM_CMD_REGISTER_APP Req status: TAM_SUCCESS_IN_PROCESS
2026-04-30 01:11:28.708326[INFO] tams_proc: [1451] cmd type: TAMD_CMD_REGISTER_APP
2026-04-30 01:11:28.708374[INFO] tams_proc: [1451] Parsing TAMD_CMD_REGISTER_APP Rsp status: TAM_SUCCESS
2026-04-30 01:11:28.708403[INFO] tams_proc: [1451] Processing TAMD_CMD_REGISTER_APP Rsp status: TAM_SUCCESS
2026-04-30 01:11:28.711280[INFO] tams_proc: [1451] cmd type: TAMM_CMD_APP_SET_ATTR
2026-04-30 01:11:28.711350[INFO] tams_proc: [1451] Parsing TAMM_CMD_APP_SET_ATTR Req status: TAM_SUCCESS
2026-04-30 01:11:28.711418[INFO] tams_proc: [1451] Processing TAMM_CMD_APP_SET_ATTR Req status: TAM_SUCCESS_IN_PROCESS
2026-04-30 01:11:28.764188[INFO] tams_proc: [1451] cmd type: TAMD_CMD_APP_SET_ATTR
2026-04-30 01:11:28.764236[INFO] tams_proc: [1451] Parsing TAMD_CMD_APP_SET_ATTR Rsp status: TAM_SUCCESS
2026-04-30 01:11:28.764276[INFO] tams_proc: [1451] Processing TAMD_CMD_APP_SET_ATTR Rsp status: TAM_SUCCESS
2026-04-30 01:11:28.766690[INFO] tams_proc: [1451] cmd type: TAMM_CMD_REGISTER_APP
2026-04-30 01:11:28.766775[INFO] tams_proc: [1451] Parsing TAMM_CMD_REGISTER_APP Req status: TAM_SUCCESS
2026-04-30 01:11:28.768886[INFO] tams_proc: [1451] Processing TAMM_CMD_REGISTER_APP Req status: TAM_SUCCESS_IN_PROCESS
2026-04-30 01:11:28.831058[INFO] tams_proc: [1451] cmd type: TAMD_CMD_REGISTER_APP
2026-04-30 01:11:28.831123[INFO] tams_proc: [1451] Parsing TAMD_CMD_REGISTER_APP Rsp status: TAM_SUCCESS
2026-04-30 01:11:28.831171[INFO] tams_proc: [1451] Processing TAMD_CMD_REGISTER_APP Rsp status: TAM_SUCCESS
2026-04-30 01:11:28.834743[INFO] tams_proc: [1451] cmd type: TAMM_CMD_APP_SET_ATTR
2026-04-30 01:11:28.834865[INFO] tams_proc: [1451] Parsing TAMM_CMD_APP_SET_ATTR Req status: TAM_SUCCESS
2026-04-30 01:11:28.834965[INFO] tams_proc: [1451] Processing TAMM_CMD_APP_SET_ATTR Req status: TAM_SUCCESS_IN_PROCESS
2026-04-30 01:11:28.913113[INFO] tams_proc: [1451] cmd type: TAMD_CMD_APP_SET_ATTR
2026-04-30 01:11:28.913194[INFO] tams_proc: [1451] Parsing TAMD_CMD_APP_SET_ATTR Rsp status: TAM_SUCCESS
2026-04-30 01:11:28.913235[INFO] tams_proc: [1451] Processing TAMD_CMD_APP_SET_ATTR Rsp status: TAM_SUCCESS
2026-04-30 01:11:28.917172[INFO] tams_proc: [1451] cmd type: TAMC_CMD_APP_LOGIN
2026-04-30 01:11:28.917268[INFO] tams_proc: [1451] Parsing TAMC_CMD_APP_LOGIN Req status: TAM_SUCCESS
2026-04-30 01:11:28.930158[INFO] tams_proc: [1451] Processing TAMC_CMD_APP_LOGIN Req status: TAM_SUCCESS
2026-04-30 01:11:28.945096[INFO] tams_proc: [1451] cmd type: TAMC_CMD_APP_LOGIN
2026-04-30 01:11:28.945144[INFO] tams_proc: [1451] Parsing TAMC_CMD_APP_LOGIN Req status: TAM_SUCCESS
2026-04-30 01:11:28.945220[INFO] tams_proc: [1451] Processing TAMC_CMD_APP_LOGIN Req status: TAM_SUCCESS_IN_PROCESS
2026-04-30 01:11:29.14971Z[INFO] tams_proc: [1451] cmd type: TAMD_CMD_DEVICE_BIND
2026-04-30 01:11:29.15018Z[INFO] tams_proc: [1451] Parsing TAMD_CMD_DEVICE_BIND Rsp status: TAM_SUCCESS
2026-04-30 01:11:29.15103Z[INFO] tams_proc: [1451] Processing TAMD_CMD_DEVICE_BIND Rsp status: TAM_SUCCESS
2026-04-30 01:11:29.20332Z[INFO] tams_proc: [1451] cmd type: TAMC_CMD_SO_DELETE
2026-04-30 01:11:29.20441Z[INFO] tams_proc: [1451] Parsing TAMC_CMD_SO_DELETE Req status: TAM_SUCCESS
2026-04-30 01:11:29.20517Z[INFO] tams_proc: [1451] Processing TAMC_CMD_SO_DELETE Req status: TAM_SUCCESS
2026-04-30 01:11:29.71329Z[INFO] tams_proc: [1451] cmd type: TAMD_CMD_GET_SO_DELETE
2026-04-30 01:11:29.71383Z[INFO] tams_proc: [1451] Parsing TAMD_CMD_GET_SO_DELETE Rsp status: TAM_SUCCESS
2026-04-30 01:11:29.71412Z[INFO] tams_proc: [1451] Processing TAMD_CMD_GET_SO_DELETE Rsp status: TAM_SUCCESS
2026-04-30 01:11:29.75508Z[INFO] tams_proc: [1451] cmd type: TAMC_CMD_SO_CREATE
2026-04-30 01:11:29.75659Z[INFO] tams_proc: [1451] Parsing TAMC_CMD_SO_CREATE Req status: TAM_SUCCESS
2026-04-30 01:11:29.75747Z[INFO] tams_proc: [1451] Processing TAMC_CMD_SO_CREATE Req status: TAM_SUCCESS
2026-04-30 01:11:29.182208[INFO] tams_proc: [1451] cmd type: TAMD_CMD_GET_SO_CREATE
2026-04-30 01:11:29.182255[INFO] tams_proc: [1451] Parsing TAMD_CMD_GET_SO_CREATE Rsp status: TAM_SUCCESS
2026-04-30 01:11:29.182289[INFO] tams_proc: [1451] Processing TAMD_CMD_GET_SO_CREATE Rsp status: TAM_SUCCESS
2026-04-30 01:11:29.184558[INFO] tams_proc: [1451] cmd type: TAMC_CMD_SO_WRITE
2026-04-30 01:11:29.184694[INFO] tams_proc: [1451] Parsing TAMC_CMD_SO_WRITE Req status: TAM_SUCCESS
2026-04-30 01:11:29.184771[INFO] tams_proc: [1451] Processing TAMC_CMD_SO_WRITE Req status: TAM_SUCCESS
2026-04-30 01:11:29.216088[INFO] tams_proc: [1451] cmd type: TAMD_CMD_GET_SO_WRITE
2026-04-30 01:11:29.216174[INFO] tams_proc: [1451] Parsing TAMD_CMD_GET_SO_WRITE Rsp status: TAM_SUCCESS
2026-04-30 01:11:29.216233[INFO] tams_proc: [1451] Processing TAMD_CMD_GET_SO_WRITE Rsp status: TAM_SUCCESS
2026-04-30 01:11:29.221475[INFO] tams_proc: [1451] cmd type: TAMC_CMD_SO_READ
2026-04-30 01:11:29.221577[INFO] tams_proc: [1451] Parsing TAMC_CMD_SO_READ Req status: TAM_SUCCESS
2026-04-30 01:11:29.221671[INFO] tams_proc: [1451] Processing TAMC_CMD_SO_READ Req status: TAM_SUCCESS
2026-04-30 01:11:29.257700[INFO] tams_proc: [1451] cmd type: TAMD_CMD_GET_SO_READ
2026-04-30 01:11:29.257755[INFO] tams_proc: [1451] Parsing TAMD_CMD_GET_SO_READ Rsp status: TAM_SUCCESS
2026-04-30 01:11:29.257780[INFO] tams_proc: [1451] Processing TAMD_CMD_GET_SO_READ Rsp status: TAM_SUCCESS
2026-04-30 01:11:29.260401[INFO] tams_proc: [1451] cmd type: TAMC_CMD_SO_DELETE
2026-04-30 01:11:29.260568[INFO] tams_proc: [1451] Parsing TAMC_CMD_SO_DELETE Req status: TAM_SUCCESS
2026-04-30 01:11:29.260699[INFO] tams_proc: [1451] Processing TAMC_CMD_SO_DELETE Req status: TAM_SUCCESS
2026-04-30 01:11:29.332648[INFO] tams_proc: [1451] cmd type: TAMD_CMD_GET_SO_DELETE
2026-04-30 01:11:29.332713[INFO] tams_proc: [1451] Parsing TAMD_CMD_GET_SO_DELETE Rsp status: TAM_SUCCESS
2026-04-30 01:11:29.332745[INFO] tams_proc: [1451] Processing TAMD_CMD_GET_SO_DELETE Rsp status: TAM_SUCCESS
2026-04-30 01:11:29.335068[INFO] tams_proc: [1451] cmd type: TAMC_CMD_APP_LOGOUT
2026-04-30 01:11:29.335136[INFO] tams_proc: [1451] Parsing TAMC_CMD_APP_LOGOUT Req status: TAM_SUCCESS
2026-04-30 01:11:29.335240[INFO] tams_proc: [1451] Processing TAMC_CMD_APP_LOGOUT Req status: TAM_SUCCESS
2026-04-30 01:11:29.340263[INFO] tams_proc: [1451] cmd type: TAMC_CMD_APP_LOGIN
2026-04-30 01:11:29.340304[INFO] tams_proc: [1451] Parsing TAMC_CMD_APP_LOGIN Req status: TAM_SUCCESS
2026-04-30 01:11:29.347294[INFO] tams_proc: [1451] Processing TAMC_CMD_APP_LOGIN Req status: TAM_SUCCESS
2026-04-30 01:11:29.357970[INFO] tams_proc: [1451] cmd type: TAMC_CMD_APP_LOGIN
2026-04-30 01:11:29.358003[INFO] tams_proc: [1451] Parsing TAMC_CMD_APP_LOGIN Req status: TAM_SUCCESS
2026-04-30 01:11:29.358053[INFO] tams_proc: [1451] Processing TAMC_CMD_APP_LOGIN Req status: TAM_SUCCESS_IN_PROCESS
2026-04-30 01:11:29.377411[INFO] tams_proc: [1451] cmd type: TAMD_CMD_DEVICE_BIND
2026-04-30 01:11:29.377457[INFO] tams_proc: [1451] Parsing TAMD_CMD_DEVICE_BIND Rsp status: TAM_SUCCESS
2026-04-30 01:11:29.377535[INFO] tams_proc: [1451] Processing TAMD_CMD_DEVICE_BIND Rsp status: TAM_SUCCESS
2026-04-30 01:11:29.380595[INFO] tams_proc: [1451] cmd type: TAMC_CMD_SO_DELETE
2026-04-30 01:11:29.380703[INFO] tams_proc: [1451] Parsing TAMC_CMD_SO_DELETE Req status: TAM_SUCCESS
2026-04-30 01:11:29.380779[INFO] tams_proc: [1451] Processing TAMC_CMD_SO_DELETE Req status: TAM_SUCCESS
2026-04-30 01:11:29.405257[INFO] tams_proc: [1451] cmd type: TAMD_CMD_GET_SO_DELETE
2026-04-30 01:11:29.405303[INFO] tams_proc: [1451] Parsing TAMD_CMD_GET_SO_DELETE Rsp status: TAM_SUCCESS
2026-04-30 01:11:29.405330[INFO] tams_proc: [1451] Processing TAMD_CMD_GET_SO_DELETE Rsp status: TAM_SUCCESS
2026-04-30 01:11:29.408003[INFO] tams_proc: [1451] cmd type: TAMC_CMD_SO_CREATE
2026-04-30 01:11:29.408138[INFO] tams_proc: [1451] Parsing TAMC_CMD_SO_CREATE Req status: TAM_SUCCESS
2026-04-30 01:11:29.408210[INFO] tams_proc: [1451] Processing TAMC_CMD_SO_CREATE Req status: TAM_SUCCESS
2026-04-30 01:11:29.459036[INFO] tams_proc: [1451] cmd type: TAMD_CMD_GET_SO_CREATE
2026-04-30 01:11:29.459086[INFO] tams_proc: [1451] Parsing TAMD_CMD_GET_SO_CREATE Rsp status: TAM_SUCCESS
2026-04-30 01:11:29.459126[INFO] tams_proc: [1451] Processing TAMD_CMD_GET_SO_CREATE Rsp status: TAM_SUCCESS
2026-04-30 01:11:29.462402[INFO] tams_proc: [1451] cmd type: TAMC_CMD_SO_WRITE
2026-04-30 01:11:29.462524[INFO] tams_proc: [1451] Parsing TAMC_CMD_SO_WRITE Req status: TAM_SUCCESS
2026-04-30 01:11:29.462598[INFO] tams_proc: [1451] Processing TAMC_CMD_SO_WRITE Req status: TAM_SUCCESS
2026-04-30 01:11:29.495878[INFO] tams_proc: [1451] cmd type: TAMD_CMD_GET_SO_WRITE
2026-04-30 01:11:29.495925[INFO] tams_proc: [1451] Parsing TAMD_CMD_GET_SO_WRITE Rsp status: TAM_SUCCESS
2026-04-30 01:11:29.495970[INFO] tams_proc: [1451] Processing TAMD_CMD_GET_SO_WRITE Rsp status: TAM_SUCCESS
2026-04-30 01:11:29.499697[INFO] tams_proc: [1451] cmd type: TAMC_CMD_SO_READ
2026-04-30 01:11:29.499798[INFO] tams_proc: [1451] Parsing TAMC_CMD_SO_READ Req status: TAM_SUCCESS
2026-04-30 01:11:29.499875[INFO] tams_proc: [1451] Processing TAMC_CMD_SO_READ Req status: TAM_SUCCESS
2026-04-30 01:11:29.524065[INFO] tams_proc: [1451] cmd type: TAMD_CMD_GET_SO_READ
2026-04-30 01:11:29.524119[INFO] tams_proc: [1451] Parsing TAMD_CMD_GET_SO_READ Rsp status: TAM_SUCCESS
2026-04-30 01:11:29.524152[INFO] tams_proc: [1451] Processing TAMD_CMD_GET_SO_READ Rsp status: TAM_SUCCESS
2026-04-30 01:11:29.526566[INFO] tams_proc: [1451] cmd type: TAMC_CMD_SO_DELETE
2026-04-30 01:11:29.526681[INFO] tams_proc: [1451] Parsing TAMC_CMD_SO_DELETE Req status: TAM_SUCCESS
2026-04-30 01:11:29.526754[INFO] tams_proc: [1451] Processing TAMC_CMD_SO_DELETE Req status: TAM_SUCCESS
2026-04-30 01:11:292026-04-30 01:11:28.492143[INFO] tamd_proc: [1475] cmd type: TAMD_CMD_AUTHENTICATE_DEVICE
2026-04-30 01:11:28.538267[INFO] tamd_proc: [1475] Processing TAMD_CMD_AUTHENTICATE_DEVICE Req status: TAM_SUCCESS
2026-04-30 01:11:28.547072[INFO] tamd_proc: [1475] cmd type: TAMD_CMD_REGISTER_APP
2026-04-30 01:11:28.593014[INFO] tamd_proc: [1475] Processing TAMD_CMD_REGISTER_APP Req status: TAM_SUCCESS
2026-04-30 01:11:28.597864[INFO] tamd_proc: [1475] cmd type: TAMD_CMD_APP_SET_ATTR
2026-04-30 01:11:28.650680[INFO] tamd_proc: [1475] Processing TAMD_CMD_APP_SET_ATTR Req status: TAM_SUCCESS
2026-04-30 01:11:28.658835[INFO] tamd_proc: [1475] cmd type: TAMD_CMD_REGISTER_APP
2026-04-30 01:11:28.707119[INFO] tamd_proc: [1475] Processing TAMD_CMD_REGISTER_APP Req status: TAM_SUCCESS
2026-04-30 01:11:28.712565[INFO] tamd_proc: [1475] cmd type: TAMD_CMD_APP_SET_ATTR
2026-04-30 01:11:28.761938[INFO] tamd_proc: [1475] Processing TAMD_CMD_APP_SET_ATTR Req status: TAM_SUCCESS
2026-04-30 01:11:28.770295[INFO] tamd_proc: [1475] cmd type: TAMD_CMD_REGISTER_APP
2026-04-30 01:11:28.829565[INFO] tamd_proc: [1475] Processing TAMD_CMD_REGISTER_APP Req status: TAM_SUCCESS
2026-04-30 01:11:28.836182[INFO] tamd_proc: [1475] cmd type: TAMD_CMD_APP_SET_ATTR
2026-04-30 01:11:28.908733[INFO] tamd_proc: [1475] Processing TAMD_CMD_APP_SET_ATTR Req status: TAM_SUCCESS
2026-04-30 01:11:28.946394[INFO] tamd_proc: [1475] cmd type: TAMD_CMD_DEVICE_BIND
2026-04-30 01:11:29.12886Z[INFO] tamd_proc: [1475] Processing TAMD_CMD_DEVICE_BIND Req status: TAM_SUCCESS
2026-04-30 01:11:29.23300Z[INFO] tamd_proc: [1475] cmd type: TAMD_CMD_GET_SO_DELETE
2026-04-30 01:11:29.69451Z[INFO] tamd_proc: [1475] Processing TAMD_CMD_GET_SO_DELETE Req status: TAM_SUCCESS
2026-04-30 01:11:29.76903Z[INFO] tamd_proc: [1475] cmd type: TAMD_CMD_GET_SO_CREATE
2026-04-30 01:11:29.181140[INFO] tamd_proc: [1475] Processing TAMD_CMD_GET_SO_CREATE Req status: TAM_SUCCESS
2026-04-30 01:11:29.185944[INFO] tamd_proc: [1475] cmd type: TAMD_CMD_GET_SO_WRITE
2026-04-30 01:11:29.215003[INFO] tamd_proc: [1475] Processing TAMD_CMD_GET_SO_WRITE Req status: TAM_SUCCESS
2026-04-30 01:11:29.223847[INFO] tamd_proc: [1475] cmd type: TAMD_CMD_GET_SO_READ
2026-04-30 01:11:29.255801[INFO] tamd_proc: [1475] Processing TAMD_CMD_GET_SO_READ Req status: TAM_SUCCESS
2026-04-30 01:11:29.261955[INFO] tamd_proc: [1475] cmd type: TAMD_CMD_GET_SO_DELETE
2026-04-30 01:11:29.331583[INFO] tamd_proc: [1475] Processing TAMD_CMD_GET_SO_DELETE Req status: TAM_SUCCESS
2026-04-30 01:11:29.359199[INFO] tamd_proc: [1475] cmd type: TAMD_CMD_DEVICE_BIND
2026-04-30 01:11:29.376267[INFO] tamd_proc: [1475] Processing TAMD_CMD_DEVICE_BIND Req status: TAM_SUCCESS
2026-04-30 01:11:29.383228[INFO] tamd_proc: [1475] cmd type: TAMD_CMD_GET_SO_DELETE
2026-04-30 01:11:29.404129[INFO] tamd_proc: [1475] Processing TAMD_CMD_GET_SO_DELETE Req status: TAM_SUCCESS
2026-04-30 01:11:29.410897[INFO] tamd_proc: [1475] cmd type: TAMD_CMD_GET_SO_CREATE
2026-04-30 01:11:29.456774[INFO] tamd_proc: [1475] Processing TAMD_CMD_GET_SO_CREATE Req status: TAM_SUCCESS
2026-04-30 01:11:29.463747[INFO] tamd_proc: [1475] cmd type: TAMD_CMD_GET_SO_WRITE
2026-04-30 01:11:29.494760[INFO] tamd_proc: [1475] Processing TAMD_CMD_GET_SO_WRITE Req status: TAM_SUCCESS
2026-04-30 01:11:29.501060[INFO] tamd_proc: [1475] cmd type: TAMD_CMD_GET_SO_READ
2026-04-30 01:11:29.522465[INFO] tamd_proc: [1475] Processing TAMD_CMD_GET_SO_READ Req status: TAM_SUCCESS
2026-04-30 01:11:29.527940[INFO] tamd_proc: [1475] cmd type: TAMD_CMD_GET_SO_DELETE
2026-04-30 01:11:29.640686[INFO] tamd_proc: [1475] Processing TAMD_CMD_GET_SO_DELETE Req status: TAM_SUCCESS
2026-04-30 01:11:29.679663[INFO] tamd_proc: [1475] cmd type: TAMD_CMD_DEVICE_BIND
2026-04-30 01:11:29.700680[INFO] tamd_proc: [1475] Processing TAMD_CMD_DEVICE_BIND Req status: TAM_SUCCESS
2026-04-30 01:11:29.710893[INFO] tamd_proc: [1475] cmd type: TAMD_CMD_GET_SO_DELETE
2026-04-30 01:11:29.726406[INFO] tamd_proc: [1475] Processing TAMD_CMD_GET_SO_DELETE Req status: TAM_SUCCESS
2026-04-30 01:11:29.732333[INFO] tamd_proc: [1475] cmd type: TAMD_C.642410[INFO] tams_proc: [1451] cmd type: TAMD_CMD_GET_SO_DELETE
2026-04-30 01:11:29.644352[INFO] tams_proc: [1451] Parsing TAMD_CMD_GET_SO_DELETE Rsp status: TAM_SUCCESS
2026-04-30 01:11:29.644410[INFO] tams_proc: [1451] Processing TAMD_CMD_GET_SO_DELETE Rsp status: TAM_SUCCESS
2026-04-30 01:11:29.647568[INFO] tams_proc: [1451] cmd type: TAMC_CMD_APP_LOGOUT
2026-04-30 01:11:29.647645[INFO] tams_proc: [1451] Parsing TAMC_CMD_APP_LOGOUT Req status: TAM_SUCCESS
2026-04-30 01:11:29.647707[INFO] tams_proc: [1451] Processing TAMC_CMD_APP_LOGOUT Req status: TAM_SUCCESS
2026-04-30 01:11:29.653153[INFO] tams_proc: [1451] cmd type: TAMC_CMD_APP_LOGIN
2026-04-30 01:11:29.653244[INFO] tams_proc: [1451] Parsing TAMC_CMD_APP_LOGIN Req status: TAM_SUCCESS
2026-04-30 01:11:29.666351[INFO] tams_proc: [1451] Processing TAMC_CMD_APP_LOGIN Req status: TAM_SUCCESS
2026-04-30 01:11:29.677949[INFO] tams_proc: [1451] cmd type: TAMC_CMD_APP_LOGIN
2026-04-30 01:11:29.678003[INFO] tams_proc: [1451] Parsing TAMC_CMD_APP_LOGIN Req status: TAM_SUCCESS
2026-04-30 01:11:29.678082[INFO] tams_proc: [1451] Processing TAMC_CMD_APP_LOGIN Req status: TAM_SUCCESS_IN_PROCESS
2026-04-30 01:11:29.707183[INFO] tams_proc: [1451] cmd type: TAMD_CMD_DEVICE_BIND
2026-04-30 01:11:29.707231[INFO] tams_proc: [1451] Parsing TAMD_CMD_DEVICE_BIND Rsp status: TAM_SUCCESS
2026-04-30 01:11:29.707309[INFO] tams_proc: [1451] Processing TAMD_CMD_DEVICE_BIND Rsp status: TAM_SUCCESS
2026-04-30 01:11:29.709599[INFO] tams_proc: [1451] cmd type: TAMC_CMD_SO_DELETE
2026-04-30 01:11:29.709701[INFO] tams_proc: [1451] Parsing TAMC_CMD_SO_DELETE Req status: TAM_SUCCESS
2026-04-30 01:11:29.709777[INFO] tams_proc: [1451] Processing TAMC_CMD_SO_DELETE Req status: TAM_SUCCESS
2026-04-30 01:11:29.727477[INFO] tams_proc: [1451] cmd type: TAMD_CMD_GET_SO_DELETE
2026-04-30 01:11:29.727525[INFO] tams_proc: [1451] Parsing TAMD_CMD_GET_SO_DELETE Rsp status: TAM_SUCCESS
2026-04-30 01:11:29.727554[INFO] tams_proc: [1451] Processing TAMD_CMD_GET_SO_DELETE Rsp status: TAM_SUCCESS
2026-04-30 01:11:29.729885[INFO] tams_proc: [1451] cmd type: TAMC_CMD_SO_CREATE
2026-04-30 01:11:29.730023[INFO] tams_proc: [1451] Parsing TAMC_CMD_SO_CREATE Req status: TAM_SUCCESS
2026-04-30 01:11:29.730095[INFO] tams_proc: [1451] Processing TAMC_CMD_SO_CREATE Req status: TAM_SUCCESS
2026-04-30 01:11:29.774135[INFO] tams_proc: [1451] cmd type: TAMD_CMD_GET_SO_CREATE
2026-04-30 01:11:29.774187[INFO] tams_proc: [1451] Parsing TAMD_CMD_GET_SO_CREATE Rsp status: TAM_SUCCESS
2026-04-30 01:11:29.774223[INFO] tams_proc: [1451] Processing TAMD_CMD_GET_SO_CREATE Rsp status: TAM_SUCCESS
2026-04-30 01:11:29.776561[INFO] tams_proc: [1451] cmd type: TAMC_CMD_SO_WRITE
2026-04-30 01:11:29.776675[INFO] tams_proc: [1451] Parsing TAMC_CMD_SO_WRITE Req status: TAM_SUCCESS
2026-04-30 01:11:29.776746[INFO] tams_proc: [1451] Processing TAMC_CMD_SO_WRITE Req status: TAM_SUCCESS
2026-04-30 01:11:29.806892[INFO] tams_proc: [1451] cmd type: TAMD_CMD_GET_SO_WRITE
2026-04-30 01:11:29.806938[INFO] tams_proc: [1451] Parsing TAMD_CMD_GET_SO_WRITE Rsp status: TAM_SUCCESS
2026-04-30 01:11:29.806972[INFO] tams_proc: [1451] Processing TAMD_CMD_GET_SO_WRITE Rsp status: TAM_SUCCESS
2026-04-30 01:11:29.809952[INFO] tams_proc: [1451] cmd type: TAMC_CMD_SO_READ
2026-04-30 01:11:29.810047[INFO] tams_proc: [1451] Parsing TAMC_CMD_SO_READ Req status: TAM_SUCCESS
2026-04-30 01:11:29.810125[INFO] tams_proc: [1451] Processing TAMC_CMD_SO_READ Req status: TAM_SUCCESS
2026-04-30 01:11:29.834358[INFO] tams_proc: [1451] cmd type: TAMD_CMD_GET_SO_READ
2026-04-30 01:11:29.834407[INFO] tams_proc: [1451] Parsing TAMD_CMD_GET_SO_READ Rsp status: TAM_SUCCESS
2026-04-30 01:11:29.834439[INFO] tams_proc: [1451] Processing TAMD_CMD_GET_SO_READ Rsp status: TAM_SUCCESS
2026-04-30 01:11:29.836748[INFO] tams_proc: [1451] cmd type: TAMC_CMD_SO_DELETE
2026-04-30 01:11:29.836852[INFO] tams_proc: [1451] Parsing TAMC_CMD_SO_DELETE Req status: TAM_SUCCESS
2026-04-30 01:11:29.836927[INFO] tams_proc: [1451] Processing TAMC_CMD_SO_DELETE Req status: TAM_SUCCESS
2026-04-30 01:11:29.880517[INFO] tams_proc: [1451] cmd type: TAMD_CMD_GET_SO_DELETE
2026-04-30 01:11:29.880582[INFO] tams_proc: [1451] Parsing TAMD_CMD_GET_SO_DELETE Rsp status: TAM_SUCCESS
2026-04-30 01:11:29.880615[INFO] tams_proc: [1451] Processing TAMD_CMD_GET_SO_DELETE Rsp status: TAM_SUCCESS
2026-04-30 01:11:29.883805[INFO] tams_proc: [1451] cmd type: TAMC_CMD_APP_LOGOUT
2026-04-30 01:11:29.883877[INFO] tams_proc: [1451] Parsing TAMC_CMD_APP_LOGOUT Req status: TAM_SUCCESS
2026-04-30 01:11:29.883942[INFO] tams_proc: [1451] Processing TAMC_CMD_APP_LOGOUT Req status: TAM_SUCCESS
2026-04-30 01:11:29.890003[INFO] tams_proc: [1451] cmd type: TAMM_CMD_VUDI_INIT
2026-04-30 01:11:29.890042[INFO] tams_proc: [1451] Parsing TAMM_CMD_VUDI_INIT Req status: TAM_SUCCESS
2026-04-30 01:11:29.890152[INFO] tams_proc: [1451] Processing TAMM_CMD_VUDI_INIT Req status: TAM_SUCCESS_IN_PROCESS
2026-04-30 01:11:29.963393[INFO] tams_proc: [1451] cmd type: TAMD_CMD_VUDI_INIT
2026-04-30 01:11:29.963435[INFO] tams_proc: [1451] Parsing TAMD_CMD_VUDI_INIT Rsp status: TAM_SUCCESS
2026-04-30 01:11:29.963460[INFO] tams_proc: [1451] Processing TAMD_CMD_VUDI_INIT Rsp status: TAM_SUCCESS
2026-04-30 01:11:29.968205[INFO] tams_proc: [1451] cmd type: TAMC_CMD_APP_LOGIN
2026-04-30 01:11:29.968247[INFO] tams_proc: [1451] Parsing TAMC_CMD_APP_LOGIN Req status: TAM_SUCCESS
2026-04-30 01:11:29.975713[INFO] tams_proc: [1451] Processing TAMC_CMD_APP_LOGIN Req status: TAM_SUCCESS
2026-04-30 01:11:29.986804[INFO] tams_proc: [1451] cmd type: TAMC_CMD_APP_LOGIN
2026-04-30 01:11:29.986849[INFO] tams_proc: [1451] Parsing TAMC_CMD_APP_LOGIN Req status: TAM_SUCCESS
2026-04-30 01:11:29.986915[INFO] tams_proc: [1451] Processing TAMC_CMD_APP_LOGIN Req status: TAM_SUCCESS_IN_PROCESS
2026-04-30 01:11:30.5256Z[INFO] tams_proc: [1451] cmd type: TAMD_CMD_DEVICE_BIND
2026-04-30 01:11:30.5298Z[INFO] tams_proc: [1451] Parsing TAMD_CMD_DEVICE_BIND Rsp status: TAM_SUCCESS
2026-04-30 01:11:30.5368Z[INFO] tams_proc: [1451] Processing TAMD_CMD_DEVICE_BIND Rsp status: TAM_SUCCESS
2026-04-30 01:11:30.9520Z[INFO] tams_proc: [1451] cmd type: TAMC_CMD_UDI
2026-04-30 01:11:30.9594Z[INFO] tams_proc: [1451] Parsing TAMC_CMD_UDI Req status: TAM_SUCCESS
2026-04-30 01:11:30.9672Z[INFO] tams_proc: [1451] Processing TAMC_CMD_UDI Req status: TAM_SUCCESS
2026-04-30 01:11:30.30582Z[INFO] tams_proc: [1451] cmd type: TAMD_CMD_UDI
2026-04-30 01:11:30.30680Z[INFO] tams_proc: [1451] Parsing TAMD_CMD_UDI Rsp status: TAM_SUCCESS
2026-04-30 01:11:30.30703Z[INFO] tams_proc: [1451] Processing TAMD_CMD_UDI Rsp status: TAM_SUCCESS
2026-04-30 01:11:30.34144Z[INFO] tams_proc: [1451] cmd type: TAMC_CMD_APP_LOGOUT
2026-04-30 01:11:30.34203Z[INFO] tams_proc: [1451] Parsing TAMC_CMD_APP_LOGOUT Req status: TAM_SUCCESS
2026-04-30 01:11:30.34259Z[INFO] tams_proc: [1451] Processing TAMC_CMD_APP_LOGOUT Req status: TAM_SUCCESS
2026-04-30 01:12:02.752637[INFO] tams_proc: [1451] cmd type: TAMC_CMD_APP_LOGIN
2026-04-30 01:12:02.753193[INFO] tams_proc: [1451] Parsing TAMC_CMD_APP_LOGIN Req status: TAM_SUCCESS
2026-04-30 01:12:02.761164[INFO] tams_proc: [1451] Processing TAMC_CMD_APP_LOGIN Req status: TAM_SUCCESS
2026-04-30 01:12:02.789145[INFO] tams_proc: [1451] cmd type: TAMC_CMD_APP_LOGIN
2026-04-30 01:12:02.789207[INFO] tams_proc: [1451] Parsing TAMC_CMD_APP_LOGIN Req status: TAM_SUCCESS
2026-04-30 01:12:02.789595[INFO] tams_proc: [1451] Processing TAMC_CMD_APP_LOGIN Req status: TAM_SUCCESS_IN_PROCESS
2026-04-30 01:12:03.15512Z[INFO] tams_proc: [1451] cmd type: TAMD_CMD_DEVICE_BIND
2026-04-30 01:12:03.15578Z[INFO] tams_proc: [1451] Parsing TAMD_CMD_DEVICE_BIND Rsp status: TAM_SUCCESS
2026-04-30 01:12:03.15662Z[INFO] tams_proc: [1451] Processing TAMD_CMD_DEVICE_BIND Rsp status: TAM_SUCCESS
2026-04-30 01:12:03.665582[INFO] tams_proc: [1451] cmd type: TAMC_CMD_APP_LOGIN
2026-04-30 01:12:03.665667[INFO] tams_proc: [1451] Parsing TAMC_CMD_APP_LOGIN Req status: TAM_SUCCESS
2026-04-30 01:12:03.687662[INFO] tams_proc: [1451] Processing TAMC_CMD_APP_LOGIN Req status: TAM_SUCCESS
2026-04-30 01:12:03.704847[INFO] tams_proc: [1451] cmd type: TAMC_CMD_APP_LOGIN
2026-04-30 01:12:03.705184[INFO] tams_proc: [1451] Parsing TAMC_CMD_APP_LOGIN Req status: TAM_SUCCESS
2026-04-30 01:12:03.705636[INFO] tams_proc: [1451] Processing TAMC_CMD_APP_LOGIN Req status: TAM_SUCCESS_IN_PROCESS
2026-04-30 01:12:03.817217[INFO] tams_proc: [1451] cmd type: TAMD_CMD_DEVICE_BIND
2026-04-30 01:12:03.817284[INFO] tams_proc: [1451] Parsing TAMD_CMD_DEVICE_BIND Rsp status: TAM_SUCCESS
2026-04-30 01:12:03.817365[INFO] tams_proc: [1451] Processing TAMD_CMD_DEVICE_BIND Rsp status: TAM_SUCCESS
2026-04-30 01:12:03.820439[INFO] tams_proc: [1451] cmd type: TAMC_CMD_DEVICE_CAP
2026-04-30 01:12:03.820528[INFO] tams_proc: [1451] Parsing TAMC_CMD_DEVICE_CAP Req status: TAM_SUCCESS
2026-04-30 01:12:03.820606[INFO] tams_proc: [1451] Processing TAMC_CMD_DEVICE_CAP Req status: TAM_SUCCESS_IN_PROCESS
2026-04-30 01:12:03.825170[INFO] tams_proc: [1451] cmd type: TAMD_CMD_DEVICE_CAP
2026-04-30 01:12:03.825242[INFO] tams_proc: [1451] Parsing TAMD_CMD_DEVICE_CAP Rsp status: TAM_SUCCESS
2026-04-30 01:12:03.825270[INFO] tams_proc: [1451] Processing TAMD_CMD_DEVICE_CAP Rsp status: TAM_SUCCESS
2026-04-30 01:12:03.828395[INFO] tams_proc: [1451] cmd type: TAMC_CMD_SO_READ
2026-04-30 01:12:03.828496[INFO] tams_proc: [1451] Parsing TAMC_CMD_SO_READ Req status: TAM_SUCCESS
2026-04-30 01:12:03.828575[INFO] tams_proc: [1451] Processing TAMC_CMD_SO_READ Req status: TAM_SUCCESS
2026-04-30 01:12:03.897008[INFO] tams_proc: [1451] cmd type: TAMD_CMD_GET_SO_READ
2026-04-30 01:12:03.897394[INFO] tams_proc: [1451] Parsing TAMD_CMD_GET_SO_READ Rsp status: TAM_SUCCESS
2026-04-30 01:12:03.897424[INFO] tams_proc: [1451] Processing TAMD_CMD_GET_SO_READ Rsp status: TAM_SUCCESS
2026-04-30 01:12:03.902062[INFO] tams_proc: [1451] cmd type: TAMC_CMD_SO_CREATE
2026-04-30 01:12:03.902225[INFO] tams_proc: [1451] Parsing TAMC_CMD_SO_CREATE Req status: TAM_SUCCESS
2026-04-30 01:12:03.902312[INFO] tams_proc: [1451] Processing TAMC_CMD_SO_CREATE Req status: TAM_SUCCESS
2026-04-30 01:12:04.132908[INFO] tams_proc: [1451] cmd type: TAMD_CMD_GET_SO_CREATE
2026-04-30 01:12:04.132972[INFO] tams_proc: [1451] Parsing TAMD_CMD_GET_SO_CREATE Rsp status: TAM_SUCCESS
2026-04-30 01:12:04.133008[INFO] tams_proc: [1451] Processing TAMD_CMD_GET_SO_CREATE Rsp status: TAM_SUCCESS
2026-04-30 01:12:04.139531[INFO] tams_proc: [1451] cmd type: TAMC_CMD_SO_WRITE
2026-04-30 01:12:04.139662[INFO] tams_proc: [1451] Parsing TAMC_CMD_SO_WRITE Req status: TAM_SUCCESS
2026-04-30 01:12:04.139746[INFO] tams_proc: [1451] Processing TAMC_CMD_SO_WRITE Req status: TAM_SUCCESS
2026-04-30 01:12:04.196264[INFO] tams_proc: [1451] cmd type: TAMC_CMD_SO_READ
2026-04-30 01:12:04.196384[INFO] tams_proc: [1451] Parsing TAMC_CMD_SO_READ Req status: TAM_SUCCESS
2026-04-30 01:12:04.196467[INFO] tams_proc: [1451] Processing TAMC_CMD_SO_READ Req status: TAM_SUCCESS
2026-04-30 01:12:04.205827[INFO] tams_proc: [1451] cmd type: TAMD_CMD_GET_SO_WRITE
2026-04-30 01:12:04.205897[INFO] tams_proc: [1451] Parsing TAMD_CMD_GET_SO_WRITE Rsp status: TAM_SUCCESS
2026-04-30 01:12:04.205941[INFO] tams_proc: [1451] Processing TAMD_CMD_GET_SO_WRITE Rsp status: TAM_SUCCESS
2026-04-30 01:12:04.211165[INFO] tams_proc: [1451] cmd type: TAMC_CMD_SO_CREATE
2026-04-30 01:12:04.211329[INFO] tams_proc: [1451] Parsing TAMC_CMD_SO_CREATE Req status: TAM_SUCCESS
2026-04-30 01:12:04.211415[INFO] tams_proc: [1451] Processing TAMC_CMD_SO_CREATE Req status: TAM_SUCCESS
2026-04-30 01:12:04.287569[INFO] tams_proc: [1451] cmd type: TAMD_CMD_GET_SO_READ
2026-04-30 01:12:04.287631[INFO] tams_proc: [1451] Parsing TAMD_CMD_GET_SO_READ Rsp status: TAM_SUCCESS
2026-04-30 01:12:04.287657[INFO] tams_proc: [1451] Processing TAMD_CMD_GET_SO_READ Rsp status: TAM_SUCCESS
2026-04-30 01:12:04.341822[INFO] tams_proc: [1451] cmd type: TAMC_CMD_SO_READ
2026-04-30 01:12:04.341938[INFO] tams_proc: [1451] Parsing TAMC_CMD_SO_READ Req status: TAM_SUCCESS
2026-04-30 01:12:04.342024[INFO] tams_proc: [1451] Processing TAMC_CMD_SO_READ Req status: TAM_SUCCESS
2026-04-30 01:12:04.399501[INFO] tams_proc: [1451] cmd type: TAMD_CMD_GET_SO_CREATE
2026-04-30 01:12:04.399558[INFO] tams_prMD_GET_SO_CREATE
2026-04-30 01:11:29.773059[INFO] tamd_proc: [1475] Processing TAMD_CMD_GET_SO_CREATE Req status: TAM_SUCCESS
2026-04-30 01:11:29.780542[INFO] tamd_proc: [1475] cmd type: TAMD_CMD_GET_SO_WRITE
2026-04-30 01:11:29.804712[INFO] tamd_proc: [1475] Processing TAMD_CMD_GET_SO_WRITE Req status: TAM_SUCCESS
2026-04-30 01:11:29.811348[INFO] tamd_proc: [1475] cmd type: TAMD_CMD_GET_SO_READ
2026-04-30 01:11:29.833290[INFO] tamd_proc: [1475] Processing TAMD_CMD_GET_SO_READ Req status: TAM_SUCCESS
2026-04-30 01:11:29.838106[INFO] tamd_proc: [1475] cmd type: TAMD_CMD_GET_SO_DELETE
2026-04-30 01:11:29.879189[INFO] tamd_proc: [1475] Processing TAMD_CMD_GET_SO_DELETE Req status: TAM_SUCCESS
2026-04-30 01:11:29.891685[INFO] tamd_proc: [1475] cmd type: TAMD_CMD_VUDI_INIT
2026-04-30 01:11:29.962111[INFO] tamd_proc: [1475] Processing TAMD_CMD_VUDI_INIT Req status: TAM_SUCCESS
2026-04-30 01:11:29.988074[INFO] tamd_proc: [1475] cmd type: TAMD_CMD_DEVICE_BIND
2026-04-30 01:11:30.4197Z[INFO] tamd_proc: [1475] Processing TAMD_CMD_DEVICE_BIND Req status: TAM_SUCCESS
2026-04-30 01:11:30.10880Z[INFO] tamd_proc: [1475] cmd type: TAMD_CMD_UDI
2026-04-30 01:11:30.29531Z[INFO] tamd_proc: [1475] Processing TAMD_CMD_UDI Req status: TAM_SUCCESS
2026-04-30 01:12:02.790647[INFO] tamd_proc: [1475] cmd type: TAMD_CMD_DEVICE_BIND
2026-04-30 01:12:03.24034Z[INFO] tamd_proc: [1475] Processing TAMD_CMD_DEVICE_BIND Req status: TAM_SUCCESS
2026-04-30 01:12:03.706702[INFO] tamd_proc: [1475] cmd type: TAMD_CMD_DEVICE_BIND
2026-04-30 01:12:03.811508[INFO] tamd_proc: [1475] Processing TAMD_CMD_DEVICE_BIND Req status: TAM_SUCCESS
2026-04-30 01:12:03.823666[INFO] tamd_proc: [1475] cmd type: TAMD_CMD_DEVICE_CAP
2026-04-30 01:12:03.824016[INFO] tamd_proc: [1475] Processing TAMD_CMD_DEVICE_CAP Req status: TAM_SUCCESS
2026-04-30 01:12:03.829849[INFO] tamd_proc: [1475] cmd type: TAMD_CMD_GET_SO_READ
2026-04-30 01:12:03.893001[INFO] tamd_proc: [1475] Processing TAMD_CMD_GET_SO_READ Req status: TAM_SUCCESS
2026-04-30 01:12:03.911701[INFO] tamd_proc: [1475] cmd type: TAMD_CMD_GET_SO_CREATE
2026-04-30 01:12:04.130905[INFO] tamd_proc: [1475] Processing TAMD_CMD_GET_SO_CREATE Req status: TAM_SUCCESS
2026-04-30 01:12:04.141213[INFO] tamd_proc: [1475] cmd type: TAMD_CMD_GET_SO_WRITE
2026-04-30 01:12:04.202515[INFO] tamd_proc: [1475] Processing TAMD_CMD_GET_SO_WRITE Req status: TAM_SUCCESS
2026-04-30 01:12:04.206065[INFO] tamd_proc: [1475] cmd type: TAMD_CMD_GET_SO_READ
2026-04-30 01:12:04.283775[INFO] tamd_proc: [1475] Processing TAMD_CMD_GET_SO_READ Req status: TAM_SUCCESS
2026-04-30 01:12:04.287794[INFO] tamd_proc: [1475] cmd type: TAMD_CMD_GET_SO_CREATE
2026-04-30 01:12:04.398430[INFO] tamd_proc: [1475] Processing TAMD_CMD_GET_SO_CREATE Req status: TAM_SUCCESS
2026-04-30 01:12:04.399735[INFO] tamd_proc: [1475] cmd type: TAMD_CMD_GET_SO_READ
2026-04-30 01:12:04.512649[INFO] tamd_proc: [1475] Processing TAMD_CMD_GET_SO_READ Req status: TAM_SUCCESS
2026-04-30 01:12:04.515649[INFO] tamd_proc: [1475] cmd type: TAMD_CMD_GET_SO_WRITE
2026-04-30 01:12:04.652091[INFO] tamd_proc: [1475] Processing TAMD_CMD_GET_SO_WRITE Req status: TAM_SUCCESS
2026-04-30 01:12:04.660847[INFO] tamd_proc: [1475] cmd type: TAMD_CMD_GET_SO_WRITE
2026-04-30 01:12:04.802909[INFO] tamd_proc: [1475] Processing TAMD_CMD_GET_SO_WRITE Req status: TAM_SUCCESS
2026-04-30 01:12:04.810634[INFO] tamd_proc: [1475] cmd type: TAMD_CMD_GET_SO_CREATE
2026-04-30 01:12:05.100417[INFO] tamd_proc: [1475] Processing TAMD_CMD_GET_SO_CREATE Req status: TAM_SUCCESS
2026-04-30 01:12:05.129555[INFO] tamd_proc: [1475] cmd type: TAMD_CMD_GET_SO_WRITE
2026-04-30 01:12:05.185988[INFO] tamd_proc: [1475] Processing TAMD_CMD_GET_SO_WRITE Req status: TAM_SUCCESS
2026-04-30 01:12:05.205831[INFO] tamd_proc: [1475] cmd type: TAMD_CMD_GET_SO_READ
2026-04-30 01:12:05.413153[INFO] tamd_proc: [1475] Processing TAMD_CMD_GET_SO_READ Req status: TAM_SUCCESS
2026-04-30 01:12:05.539114[INFO] tamd_proc: [1475] cmd type: TAMD_CMD_GET_SO_DELETE
2026-04-30 01:12:05.760708[INFO] tamd_proc: [1475] Processing TAMD_CMD_GET_SO_DELETE Req status: TAM_SUoc: [1451] Parsing TAMD_CMD_GET_SO_CREATE Rsp status: TAM_SUCCESS
2026-04-30 01:12:04.399617[INFO] tams_proc: [1451] Processing TAMD_CMD_GET_SO_CREATE Rsp status: TAM_SUCCESS
2026-04-30 01:12:04.401994[INFO] tams_proc: [1451] cmd type: TAMC_CMD_SO_WRITE
2026-04-30 01:12:04.402114[INFO] tams_proc: [1451] Parsing TAMC_CMD_SO_WRITE Req status: TAM_SUCCESS
2026-04-30 01:12:04.402194[INFO] tams_proc: [1451] Processing TAMC_CMD_SO_WRITE Req status: TAM_SUCCESS
2026-04-30 01:12:04.518720[INFO] tams_proc: [1451] cmd type: TAMD_CMD_GET_SO_READ
2026-04-30 01:12:04.518785[INFO] tams_proc: [1451] Parsing TAMD_CMD_GET_SO_READ Rsp status: TAM_SUCCESS
2026-04-30 01:12:04.518817[INFO] tams_proc: [1451] Processing TAMD_CMD_GET_SO_READ Rsp status: TAM_SUCCESS
2026-04-30 01:12:04.532017[INFO] tams_proc: [1451] cmd type: TAMC_CMD_SO_WRITE
2026-04-30 01:12:04.532152[INFO] tams_proc: [1451] Parsing TAMC_CMD_SO_WRITE Req status: TAM_SUCCESS
2026-04-30 01:12:04.532241[INFO] tams_proc: [1451] Processing TAMC_CMD_SO_WRITE Req status: TAM_SUCCESS
2026-04-30 01:12:04.663027[INFO] tams_proc: [1451] cmd type: TAMD_CMD_GET_SO_WRITE
2026-04-30 01:12:04.663078[INFO] tams_proc: [1451] Parsing TAMD_CMD_GET_SO_WRITE Rsp status: TAM_SUCCESS
2026-04-30 01:12:04.663110[INFO] tams_proc: [1451] Processing TAMD_CMD_GET_SO_WRITE Rsp status: TAM_SUCCESS
2026-04-30 01:12:04.805781[INFO] tams_proc: [1451] cmd type: TAMD_CMD_GET_SO_WRITE
2026-04-30 01:12:04.805844[INFO] tams_proc: [1451] Parsing TAMD_CMD_GET_SO_WRITE Rsp status: TAM_SUCCESS
2026-04-30 01:12:04.805875[INFO] tams_proc: [1451] Processing TAMD_CMD_GET_SO_WRITE Rsp status: TAM_SUCCESS
2026-04-30 01:12:04.809108[INFO] tams_proc: [1451] cmd type: TAMC_CMD_SO_CREATE
2026-04-30 01:12:04.809267[INFO] tams_proc: [1451] Parsing TAMC_CMD_SO_CREATE Req status: TAM_SUCCESS
2026-04-30 01:12:04.809341[INFO] tams_proc: [1451] Processing TAMC_CMD_SO_CREATE Req status: TAM_SUCCESS
2026-04-30 01:12:05.117601[INFO] tams_proc: [1451] cmd type: TAMD_CMD_GET_SO_CREATE
2026-04-30 01:12:05.118046[INFO] tams_proc: [1451] Parsing TAMD_CMD_GET_SO_CREATE Rsp status: TAM_SUCCESS
2026-04-30 01:12:05.118145[INFO] tams_proc: [1451] Processing TAMD_CMD_GET_SO_CREATE Rsp status: TAM_SUCCESS
2026-04-30 01:12:05.124535[INFO] tams_proc: [1451] cmd type: TAMC_CMD_SO_WRITE
2026-04-30 01:12:05.124669[INFO] tams_proc: [1451] Parsing TAMC_CMD_SO_WRITE Req status: TAM_SUCCESS
2026-04-30 01:12:05.124762[INFO] tams_proc: [1451] Processing TAMC_CMD_SO_WRITE Req status: TAM_SUCCESS
2026-04-30 01:12:05.187054[INFO] tams_proc: [1451] cmd type: TAMD_CMD_GET_SO_WRITE
2026-04-30 01:12:05.187110[INFO] tams_proc: [1451] Parsing TAMD_CMD_GET_SO_WRITE Rsp status: TAM_SUCCESS
2026-04-30 01:12:05.187147[INFO] tams_proc: [1451] Processing TAMD_CMD_GET_SO_WRITE Rsp status: TAM_SUCCESS
2026-04-30 01:12:05.199940[INFO] tams_proc: [1451] cmd type: TAMC_CMD_SO_READ
2026-04-30 01:12:05.200054[INFO] tams_proc: [1451] Parsing TAMC_CMD_SO_READ Req status: TAM_SUCCESS
2026-04-30 01:12:05.200140[INFO] tams_proc: [1451] Processing TAMC_CMD_SO_READ Req status: TAM_SUCCESS
2026-04-30 01:12:05.421387[INFO] tams_proc: [1451] cmd type: TAMD_CMD_GET_SO_READ
2026-04-30 01:12:05.421459[INFO] tams_proc: [1451] Parsing TAMD_CMD_GET_SO_READ Rsp status: TAM_SUCCESS
2026-04-30 01:12:05.421487[INFO] tams_proc: [1451] Processing TAMD_CMD_GET_SO_READ Rsp status: TAM_SUCCESS
2026-04-30 01:12:05.537293[INFO] tams_proc: [1451] cmd type: TAMC_CMD_SO_DELETE
2026-04-30 01:12:05.537478[INFO] tams_proc: [1451] Parsing TAMC_CMD_SO_DELETE Req status: TAM_SUCCESS
2026-04-30 01:12:05.537608[INFO] tams_proc: [1451] Processing TAMC_CMD_SO_DELETE Req status: TAM_SUCCESS
2026-04-30 01:12:05.761857[INFO] tams_proc: [1451] cmd type: TAMD_CMD_GET_SO_DELETE
2026-04-30 01:12:05.761919[INFO] tams_proc: [1451] Parsing TAMD_CMD_GET_SO_DELETE Rsp status: TAM_SUCCESS
2026-04-30 01:12:05.761946[INFO] tams_proc: [1451] Processing TAMD_CMD_GET_SO_DELETE Rsp status: TAM_SUCCESS
2026-04-30 01:12:07.686074[INFO] tams_proc: [1451] cmd type: TAMC_CMD_APP_LOGIN
2026-04-30 01:12:07.686154[INFO] tams_proc: [1451] Parsing TAMC_CMD_APP_LOGIN Req status: TAM_SUCCESS
2026-04-30 01:12:07.697718[INFO] tams_proc: [1451] Processing TAMC_CMD_APP_LOGIN Req status: TAM_SUCCESS
2026-04-30 01:12:07.727130[INFO] tams_proc: [1451] cmd type: TAMC_CMD_APP_LOGIN
2026-04-30 01:12:07.727233[INFO] tams_proc: [1451] Parsing TAMC_CMD_APP_LOGIN Req status: TAM_SUCCESS
2026-04-30 01:12:07.727449[INFO] tams_proc: [1451] Processing TAMC_CMD_APP_LOGIN Req status: TAM_SUCCESS_IN_PROCESS
2026-04-30 01:12:07.824996[INFO] tams_proc: [1451] cmd type: TAMD_CMD_DEVICE_BIND
2026-04-30 01:12:07.825063[INFO] tams_proc: [1451] Parsing TAMD_CMD_DEVICE_BIND Rsp status: TAM_SUCCESS
2026-04-30 01:12:07.825174[INFO] tams_proc: [1451] Processing TAMD_CMD_DEVICE_BIND Rsp status: TAM_SUCCESS
2026-04-30 01:12:07.833884[INFO] tams_proc: [1451] cmd type: TAMC_CMD_SO_READ
2026-04-30 01:12:07.834001[INFO] tams_proc: [1451] Parsing TAMC_CMD_SO_READ Req status: TAM_SUCCESS
2026-04-30 01:12:07.834086[INFO] tams_proc: [1451] Processing TAMC_CMD_SO_READ Req status: TAM_SUCCESS
2026-04-30 01:12:07.896273[INFO] tams_proc: [1451] cmd type: TAMD_CMD_GET_SO_READ
2026-04-30 01:12:07.896343[INFO] tams_proc: [1451] Parsing TAMD_CMD_GET_SO_READ Rsp status: TAM_SUCCESS
2026-04-30 01:12:07.896376[INFO] tams_proc: [1451] Processing TAMD_CMD_GET_SO_READ Rsp status: TAM_SUCCESS
2026-04-30 01:12:07.900453[INFO] tams_proc: [1451] cmd type: TAMC_CMD_APP_LOGOUT
2026-04-30 01:12:07.900539[INFO] tams_proc: [1451] Parsing TAMC_CMD_APP_LOGOUT Req status: TAM_SUCCESS
2026-04-30 01:12:07.900600[INFO] tams_proc: [1451] Processing TAMC_CMD_APP_LOGOUT Req status: TAM_SUCCESS
2026-04-30 01:12:07.985120[INFO] tams_proc: [1451] cmd type: TAMC_CMD_APP_LOGIN
2026-04-30 01:12:07.986440[INFO] tams_proc: [1451] Parsing TAMC_CMD_APP_LOGIN Req status: TAM_SUCCESS
2026-04-30 01:12:08.1964Z[INFO] tams_proc: [1451] Processing TAMC_CMD_APP_LOGIN Req status: TAM_SUCCESS
2026-04-30 01:12:08.19162Z[INFO] tams_proc: [1451] cmd type: TAMC_CMD_APP_LOGIN
2026-04-30 01:12:08.19368Z[INFO] tams_proc: [1451] Parsing TAMC_CMD_APP_LOGIN Req status: TAM_SUCCESS
2026-04-30 01:12:08.19848Z[INFO] tams_proc: [1451] Processing TAMC_CMD_APP_LOGIN Req status: TAM_SUCCESS_IN_PROCESS
2026-04-30 01:12:08.107245[INFO] tams_proc: [1451] cmd type: TAMD_CMD_DEVICE_BIND
2026-04-30 01:12:08.107303[INFO] tams_proc: [1451] Parsing TAMD_CMD_DEVICE_BIND Rsp status: TAM_SUCCESS
2026-04-30 01:12:08.107371[INFO] tams_proc: [1451] Processing TAMD_CMD_DEVICE_BIND Rsp status: TAM_SUCCESS
2026-04-30 01:12:16.619994[INFO] tams_proc: [1451] cmd type: TAMC_CMD_APP_LOGIN
2026-04-30 01:12:16.620077[INFO] tams_proc: [1451] Parsing TAMC_CMD_APP_LOGIN Req status: TAM_SUCCESS
2026-04-30 01:12:16.639685[INFO] tams_proc: [1451] Processing TAMC_CMD_APP_LOGIN Req status: TAM_SUCCESS
2026-04-30 01:12:16.660751[INFO] tams_proc: [1451] cmd type: TAMC_CMD_APP_LOGIN
2026-04-30 01:12:16.660964[INFO] tams_proc: [1451] Parsing TAMC_CMD_APP_LOGIN Req status: TAM_SUCCESS
2026-04-30 01:12:16.661218[INFO] tams_proc: [1451] Processing TAMC_CMD_APP_LOGIN Req status: TAM_SUCCESS_IN_PROCESS
2026-04-30 01:12:16.718660[INFO] tams_proc: [1451] cmd type: TAMD_CMD_DEVICE_BIND
2026-04-30 01:12:16.718715[INFO] tams_proc: [1451] Parsing TAMD_CMD_DEVICE_BIND Rsp status: TAM_SUCCESS
2026-04-30 01:12:16.718794[INFO] tams_proc: [1451] Processing TAMD_CMD_DEVICE_BIND Rsp status: TAM_SUCCESS
2026-04-30 01:12:16.723658[INFO] tams_proc: [1451] cmd type: TAMC_CMD_DEVICE_CAP
2026-04-30 01:12:16.723739[INFO] tams_proc: [1451] Parsing TAMC_CMD_DEVICE_CAP Req status: TAM_SUCCESS
2026-04-30 01:12:16.723818[INFO] tams_proc: [1451] Processing TAMC_CMD_DEVICE_CAP Req status: TAM_SUCCESS_IN_PROCESS
2026-04-30 01:12:16.729027[INFO] tams_proc: [1451] cmd type: TAMD_CMD_DEVICE_CAP
2026-04-30 01:12:16.729141[INFO] tams_proc: [1451] Parsing TAMD_CMD_DEVICE_CAP Rsp status: TAM_SUCCESS
2026-04-30 01:12:16.729167[INFO] tams_proc: [1451] Processing TAMD_CMD_DEVICE_CAP Rsp status: TAM_SUCCESS
2026-04-30 01:12:16.738045[INFO] tams_proc: [1451] cmd type: TAMC_CMD_SO_READ
2026-04-30 01:12:16.738142[INFO] tams_proc: [1451] Parsing TAMC_CMD_SO_R