2026-04-30 01:11:18.543 UTC: xrinstall: RPMDB format check succeeded
2026-04-30 01:11:18.576 UTC: xrinstall: RPMDB detailed info check succeeded
2026-04-30 01:11:18.991 UTC: xrinstall: RPMDB check via dnf command succeeded
2026-04-30 01:11:18.996 UTC: xrinstall: Setting up dumper and build info files
2026-04-30 01:11:19.001 UTC: xrinstall: Platform did not provide watchdog punch function, not punching watchdog for Dumper info file creation
2026-04-30 01:11:19.053 UTC: xrinstall: Platform did not provide watchdog punch function, not punching watchdog for Dumper info file creation complete
2026-04-30 01:11:19.061 UTC: xrinstall: Platform did not provide watchdog punch function, not punching watchdog for Getting buildhost information
2026-04-30 01:11:19.093 UTC: xrinstall: Platform did not provide watchdog punch function, not punching watchdog for Getting version information
2026-04-30 01:11:19.132 UTC: xrinstall: Platform did not provide watchdog punch function, not punching watchdog for Getting packager information
2026-04-30 01:11:19.185 UTC: xrinstall: Platform did not provide watchdog punch function, not punching watchdog for Getting lineup information
2026-04-30 01:11:19.219 UTC: xrinstall: Platform did not provide watchdog punch function, not punching watchdog for Getting build time information
2026-04-30 01:11:19.269 UTC: xrinstall: Platform did not provide watchdog punch function, not punching watchdog for Build information gathering complete
2026-04-30 01:11:19.304 UTC: xrinstall: XR Lineup:  r252x.lu%EFR-00000472913
2026-04-30 01:11:19.318 UTC: xrinstall: XR Version: 25.2.1
2026-04-30 01:11:19.325 UTC: xrinstall: Completed set up of dumper and build info files
2026-04-30 01:11:19.331 UTC: xrinstall: Preparing IOS-XR (first boot)
2026-04-30 01:11:23.211 UTC: xrinstall: Owner and partner RPMs disabled
2026-04-30 01:11:23.230 UTC: xrinstall: Cleaning up any temporary repos.
2026-04-30 01:11:23.237 UTC: xrinstall: Checking if rollback cleanup is required
2026-04-30 01:11:23.253 UTC: xrinstall: Finished rollback cleanup stage
2026-04-30 01:11:23.260 UTC: xrinstall: Cleaning up disk erase data
2026-04-30 01:11:23.269 UTC: xrinstall: Single node: starting XR
2026-04-30 01:11:23.278 UTC: xrinstall: Platform did not provide watchdog notification stop function, not stopping notifications for Diskboot Exit
2026-04-30 01:11:23.282 UTC: xrinstall: xrnginstall completed successfully
