2026-04-30T01:11:14.026848+00:00 p2-xr1 crond[430]: (CRON) STARTUP (1.5.5)
2026-04-30T01:11:14.026851+00:00 p2-xr1 crond[430]: (CRON) INFO (Syslog will be used instead of sendmail.)
2026-04-30T01:11:14.026855+00:00 p2-xr1 crond[430]: (CRON) INFO (RANDOM_DELAY will be scaled with factor 84% if used.)
2026-04-30T01:13:01.603598+00:00 p2-xr1 CROND[5716]: (root) CMD (/etc/xrd_filecleanup.sh 90 >/dev/null 2>&1)
2026-04-30T01:15:01.680035+00:00 p2-xr1 CROND[6551]: (root) CMD (/pkg/bin/monitor_coreinfo.sh)
2026-04-30T01:15:01.680294+00:00 p2-xr1 CROND[6552]: (root) CMD (/etc/init.d/tmpdir_cleanup.sh 80 >/dev/null 2>&1)
2026-04-30T01:15:01.681317+00:00 p2-xr1 CROND[6553]: (root) CMD (env PATH=/usr/bin:/usr/sbin:/bin:/sbin logrotate /etc/logrotate.conf)
2026-04-30T01:16:01.710305+00:00 p2-xr1 CROND[6628]: (root) CMD (env PATH=/usr/bin:/usr/sbin:/bin:/sbin thinxr-logrotate-app.sh)
2026-04-30T01:18:01.719632+00:00 p2-xr1 CROND[9310]: (root) CMD (/etc/xrd_filecleanup.sh 90 >/dev/null 2>&1)
2026-04-30T01:20:01.800630+00:00 p2-xr1 CROND[9411]: (root) CMD (/etc/init.d/tmpdir_cleanup.sh 80 >/dev/null 2>&1)
2026-04-30T01:20:01.800958+00:00 p2-xr1 CROND[9412]: (root) CMD (env PATH=/usr/bin:/usr/sbin:/bin:/sbin logrotate /etc/logrotate.conf)
2026-04-30T01:21:01.831468+00:00 p2-xr1 CROND[9479]: (root) CMD (env PATH=/usr/bin:/usr/sbin:/bin:/sbin thinxr-logrotate-app.sh)
2026-04-30T01:23:01.839081+00:00 p2-xr1 CROND[9556]: (root) CMD (/etc/xrd_filecleanup.sh 90 >/dev/null 2>&1)
2026-04-30T01:25:01.921308+00:00 p2-xr1 CROND[9691]: (root) CMD (/etc/init.d/tmpdir_cleanup.sh 80 >/dev/null 2>&1)
2026-04-30T01:25:01.921630+00:00 p2-xr1 CROND[9692]: (root) CMD (env PATH=/usr/bin:/usr/sbin:/bin:/sbin logrotate /etc/logrotate.conf)
2026-04-30T01:26:01.952919+00:00 p2-xr1 CROND[9764]: (root) CMD (env PATH=/usr/bin:/usr/sbin:/bin:/sbin thinxr-logrotate-app.sh)
2026-04-30T01:28:01.960401+00:00 p2-xr1 CROND[9842]: (root) CMD (/etc/xrd_filecleanup.sh 90 >/dev/null 2>&1)
2026-04-30T01:30:01.039421+00:00 p2-xr1 CROND[9946]: (root) CMD (/etc/init.d/tmpdir_cleanup.sh 80 >/dev/null 2>&1)
2026-04-30T01:30:01.039817+00:00 p2-xr1 CROND[9948]: (root) CMD (/pkg/bin/monitor_coreinfo.sh)
2026-04-30T01:30:01.040131+00:00 p2-xr1 CROND[9947]: (root) CMD (env PATH=/usr/bin:/usr/sbin:/bin:/sbin logrotate /etc/logrotate.conf)
2026-04-30T01:31:01.068903+00:00 p2-xr1 CROND[10017]: (root) CMD (env PATH=/usr/bin:/usr/sbin:/bin:/sbin thinxr-logrotate-app.sh)
2026-04-30T01:33:01.078800+00:00 p2-xr1 CROND[10115]: (root) CMD (/etc/xrd_filecleanup.sh 90 >/dev/null 2>&1)
2026-04-30T01:35:01.157923+00:00 p2-xr1 CROND[10248]: (root) CMD (env PATH=/usr/bin:/usr/sbin:/bin:/sbin logrotate /etc/logrotate.conf)
2026-04-30T01:35:01.158386+00:00 p2-xr1 CROND[10247]: (root) CMD (/etc/init.d/tmpdir_cleanup.sh 80 >/dev/null 2>&1)
2026-04-30T01:36:01.192160+00:00 p2-xr1 CROND[10322]: (root) CMD (env PATH=/usr/bin:/usr/sbin:/bin:/sbin thinxr-logrotate-app.sh)
