2026-04-30 01:11:27.611199[ERR] tamsvcs_tamm: [1366] 
*
*
* Starting tamsvcs_tamm process...
*
*
*
2026-04-30 01:11:27.611234[INFO] tamsvcs_tamm: [1366] TAM sync is NOT enabled for this platform
2026-04-30 01:11:27.611242[INFO] tamsvcs_tamm: [1366] TAM entropy is NOT enabled for this platform
2026-04-30 01:11:27.725760[INFO] tamsvcs_tamm: [1366] Successfully registered with sysmgr for proc_role change
2026-04-30 01:11:27.726880[INFO] tamsvcs_tamm: [1366] tams_proc started 1453
2026-04-30 01:11:27.726914[INFO] tamsvcs_tamm: [1366] Creating TAM:XRD_TAMDB of type:2
2026-04-30 01:11:27.726928[INFO] tamsvcs_tamm: [1366] Registering device :XRD_TAMDB Type:2 
2026-04-30 01:11:29.96979Z[INFO] tamsvcs_tamm: [1366] cmd type: TAMM_CMD_REGISTER_DEVICE
2026-04-30 01:11:29.97046Z[INFO] tamsvcs_tamm: [1366] Parsing TAMM_CMD_REGISTER_DEVICE Rsp status: TAM_SUCCESS
2026-04-30 01:11:29.173707[INFO] tamsvcs_tamm: [1366] cmd type: TAMM_CMD_REGISTER_DEVICE
2026-04-30 01:11:29.173752[INFO] tamsvcs_tamm: [1366] Parsing TAMM_CMD_REGISTER_DEVICE Rsp status: TAM_SUCCESS
2026-04-30 01:11:29.173784[INFO] tamsvcs_tamm: [1366] cmd type: TAMM_CMD_REGISTER_DEVICE
2026-04-30 01:11:29.173813[INFO] tamsvcs_tamm: [1366] Parsing TAMM_CMD_REGISTER_DEVICE Rsp status: TAM_SUCCESS
2026-04-30 01:11:29.173819[INFO] tamsvcs_tamm: [1366] Register device response TAM_SUCCESS
2026-04-30 01:11:29.174779[INFO] tamsvcs_tamm: [1366] Successfully registered device XRD_TAMDB Type: 2
2026-04-30 01:11:29.188791[INFO] tamsvcs_tamm: [1366] cmd type: TAMM_CMD_REGISTER_APP
2026-04-30 01:11:29.188839[INFO] tamsvcs_tamm: [1366] Parsing TAMM_CMD_REGISTER_APP Rsp status: TAM_SUCCESS
2026-04-30 01:11:29.254953[INFO] tamsvcs_tamm: [1366] cmd type: TAMM_CMD_REGISTER_APP
2026-04-30 01:11:29.254997[INFO] tamsvcs_tamm: [1366] Parsing TAMM_CMD_REGISTER_APP Rsp status: TAM_SUCCESS
2026-04-30 01:11:29.255019[INFO] tamsvcs_tamm: [1366] cmd type: TAMM_CMD_REGISTER_APP
2026-04-30 01:11:29.255052[INFO] tamsvcs_tamm: [1366] Parsing TAMM_CMD_REGISTER_APP Rsp status: TAM_SUCCESS
2026-04-30 01:11:29.262032[INFO] tamsvcs_tamm: [1366] cmd type: TAMM_CMD_APP_SET_ATTR
2026-04-30 01:11:29.262098[INFO] tamsvcs_tamm: [1366] Parsing TAMM_CMD_APP_SET_ATTR Rsp status: TAM_SUCCESS
2026-04-30 01:11:29.328029[INFO] tamsvcs_tamm: [1366] cmd type: TAMM_CMD_APP_SET_ATTR
2026-04-30 01:11:29.328076[INFO] tamsvcs_tamm: [1366] Parsing TAMM_CMD_APP_SET_ATTR Rsp status: TAM_SUCCESS
2026-04-30 01:11:29.328102[INFO] tamsvcs_tamm: [1366] cmd type: TAMM_CMD_APP_SET_ATTR
2026-04-30 01:11:29.328140[INFO] tamsvcs_tamm: [1366] Parsing TAMM_CMD_APP_SET_ATTR Rsp status: TAM_SUCCESS
2026-04-30 01:11:29.335840[INFO] tamsvcs_tamm: [1366] cmd type: TAMM_CMD_REGISTER_APP
2026-04-30 01:11:29.335892[INFO] tamsvcs_tamm: [1366] Parsing TAMM_CMD_REGISTER_APP Rsp status: TAM_SUCCESS
2026-04-30 01:11:29.378326[INFO] tamsvcs_tamm: [1366] cmd type: TAMM_CMD_REGISTER_APP
2026-04-30 01:11:29.378377[INFO] tamsvcs_tamm: [1366] Parsing TAMM_CMD_REGISTER_APP Rsp status: TAM_SUCCESS
2026-04-30 01:11:29.378404[INFO] tamsvcs_tamm: [1366] cmd type: TAMM_CMD_REGISTER_APP
2026-04-30 01:11:29.378442[INFO] tamsvcs_tamm: [1366] Parsing TAMM_CMD_REGISTER_APP Rsp status: TAM_SUCCESS
2026-04-30 01:11:29.380902[INFO] tamsvcs_tamm: [1366] cmd type: TAMM_CMD_APP_SET_ATTR
2026-04-30 01:11:29.380943[INFO] tamsvcs_tamm: [1366] Parsing TAMM_CMD_APP_SET_ATTR Rsp status: TAM_SUCCESS
2026-04-30 01:11:29.413185[INFO] tamsvcs_tamm: [1366] cmd type: TAMM_CMD_APP_SET_ATTR
2026-04-30 01:11:29.413230[INFO] tamsvcs_tamm: [1366] Parsing TAMM_CMD_APP_SET_ATTR Rsp status: TAM_SUCCESS
2026-04-30 01:11:29.413253[INFO] tamsvcs_tamm: [1366] cmd type: TAMM_CMD_APP_SET_ATTR
2026-04-30 01:11:29.413283[INFO] tamsvcs_tamm: [1366] Parsing TAMM_CMD_APP_SET_ATTR Rsp status: TAM_SUCCESS
2026-04-30 01:11:29.418657[INFO] tamsvcs_tamm: [1366] cmd type: TAMM_CMD_REGISTER_APP
2026-04-30 01:11:29.418700[INFO] tamsvcs_tamm: [1366] Parsing TAMM_CMD_REGISTER_APP Rsp status: TAM_SUCCESS
2026-04-30 01:11:29.458730[INFO] tamsvcs_tamm: [1366] cmd type: TAMM_CMD_REGISTER_APP
2026-04-30 01:11:29.458779[INFO] 2026-04-30 01:11:28.395875[INFO] tams_proc: [1453] Opened TAMS Client local listener on fd=86
2026-04-30 01:11:28.395944[INFO] tams_proc: [1453] Opened TAMS Client TCP listener on 192.0.0.4:7000 fd=93
2026-04-30 01:11:28.395976[INFO] tams_proc: [1453] Opened TAMS Mgmt local listener on fd=94
2026-04-30 01:11:28.396040[INFO] tams_proc: [1453] tams_proc Version:ciscotamservices 12.1.0
2026-04-30 01:11:28.508208[INFO] tams_proc: [1453] cmd type: TAMM_CMD_REGISTER_DEVICE
2026-04-30 01:11:28.508263[INFO] tams_proc: [1453] Parsing TAMM_CMD_REGISTER_DEVICE Req status: TAM_SUCCESS
2026-04-30 01:11:28.511350[INFO] tams_proc: [1453] tamd_proc_pid = 1499
2026-04-30 01:11:29.92013Z[INFO] tams_proc: [1453] Processing TAMM_CMD_REGISTER_DEVICE Req status: TAM_SUCCESS
2026-04-30 01:11:29.169340[INFO] tams_proc: [1453] cmd type: TAMD_CMD_AUTHENTICATE_DEVICE
2026-04-30 01:11:29.169395[INFO] tams_proc: [1453] Parsing TAMD_CMD_AUTHENTICATE_DEVICE Rsp status: TAM_SUCCESS
2026-04-30 01:11:29.169431[INFO] tams_proc: [1453] Processing TAMD_CMD_AUTHENTICATE_DEVICE Rsp status: TAM_SUCCESS
2026-04-30 01:11:29.176876[INFO] tams_proc: [1453] cmd type: TAMM_CMD_REGISTER_APP
2026-04-30 01:11:29.176964[INFO] tams_proc: [1453] Parsing TAMM_CMD_REGISTER_APP Req status: TAM_SUCCESS
2026-04-30 01:11:29.185045[INFO] tams_proc: [1453] Processing TAMM_CMD_REGISTER_APP Req status: TAM_SUCCESS_IN_PROCESS
2026-04-30 01:11:29.253763[INFO] tams_proc: [1453] cmd type: TAMD_CMD_REGISTER_APP
2026-04-30 01:11:29.253810[INFO] tams_proc: [1453] Parsing TAMD_CMD_REGISTER_APP Rsp status: TAM_SUCCESS
2026-04-30 01:11:29.253839[INFO] tams_proc: [1453] Processing TAMD_CMD_REGISTER_APP Rsp status: TAM_SUCCESS
2026-04-30 01:11:29.256252[INFO] tams_proc: [1453] cmd type: TAMM_CMD_APP_SET_ATTR
2026-04-30 01:11:29.256319[INFO] tams_proc: [1453] Parsing TAMM_CMD_APP_SET_ATTR Req status: TAM_SUCCESS
2026-04-30 01:11:29.256380[INFO] tams_proc: [1453] Processing TAMM_CMD_APP_SET_ATTR Req status: TAM_SUCCESS_IN_PROCESS
2026-04-30 01:11:29.326820[INFO] tams_proc: [1453] cmd type: TAMD_CMD_APP_SET_ATTR
2026-04-30 01:11:29.326871[INFO] tams_proc: [1453] Parsing TAMD_CMD_APP_SET_ATTR Rsp status: TAM_SUCCESS
2026-04-30 01:11:29.326903[INFO] tams_proc: [1453] Processing TAMD_CMD_APP_SET_ATTR Rsp status: TAM_SUCCESS
2026-04-30 01:11:29.329811[INFO] tams_proc: [1453] cmd type: TAMM_CMD_REGISTER_APP
2026-04-30 01:11:29.329896[INFO] tams_proc: [1453] Parsing TAMM_CMD_REGISTER_APP Req status: TAM_SUCCESS
2026-04-30 01:11:29.332016[INFO] tams_proc: [1453] Processing TAMM_CMD_REGISTER_APP Req status: TAM_SUCCESS_IN_PROCESS
2026-04-30 01:11:29.376989[INFO] tams_proc: [1453] cmd type: TAMD_CMD_REGISTER_APP
2026-04-30 01:11:29.377046[INFO] tams_proc: [1453] Parsing TAMD_CMD_REGISTER_APP Rsp status: TAM_SUCCESS
2026-04-30 01:11:29.377256[INFO] tams_proc: [1453] Processing TAMD_CMD_REGISTER_APP Rsp status: TAM_SUCCESS
2026-04-30 01:11:29.379652[INFO] tams_proc: [1453] cmd type: TAMM_CMD_APP_SET_ATTR
2026-04-30 01:11:29.379732[INFO] tams_proc: [1453] Parsing TAMM_CMD_APP_SET_ATTR Req status: TAM_SUCCESS
2026-04-30 01:11:29.379800[INFO] tams_proc: [1453] Processing TAMM_CMD_APP_SET_ATTR Req status: TAM_SUCCESS_IN_PROCESS
2026-04-30 01:11:29.411827[INFO] tams_proc: [1453] cmd type: TAMD_CMD_APP_SET_ATTR
2026-04-30 01:11:29.411875[INFO] tams_proc: [1453] Parsing TAMD_CMD_APP_SET_ATTR Rsp status: TAM_SUCCESS
2026-04-30 01:11:29.411906[INFO] tams_proc: [1453] Processing TAMD_CMD_APP_SET_ATTR Rsp status: TAM_SUCCESS
2026-04-30 01:11:29.414766[INFO] tams_proc: [1453] cmd type: TAMM_CMD_REGISTER_APP
2026-04-30 01:11:29.414866[INFO] tams_proc: [1453] Parsing TAMM_CMD_REGISTER_APP Req status: TAM_SUCCESS
2026-04-30 01:11:29.416827[INFO] tams_proc: [1453] Processing TAMM_CMD_REGISTER_APP Req status: TAM_SUCCESS_IN_PROCESS
2026-04-30 01:11:29.457530[INFO] tams_proc: [1453] cmd type: TAMD_CMD_REGISTER_APP
2026-04-30 01:11:29.457580[INFO] tams_proc: [1453] Parsing TAMD_CMD_REGISTER_APP Rsp status: TAM_SUCCESS
2026-04-30 01:11:29.457608[INFO] tams_proc: [1453] Processing TAMD_CMD_REGISTER_APP Rsp status: TAM_SUCCESS
2026-04-30 01:11:29.460461[INFO] tams_proc: [1453] cmd type: TAMM_CMD_APP_SET_ATTR
2026-04-30 01:11:29.460553[INFO] tams_proc: [1453] Parsing TAMM_CMD_APP_SET_ATTR Req status: TAM_SUCCESS
2026-04-30 01:11:29.460634[INFO] tams_proc: [1453] Processing TAMM_CMD_APP_SET_ATTR Req status: TAM_SUCCESS_IN_PROCESS
2026-04-30 01:11:29.508122[INFO] tams_proc: [1453] cmd type: TAMD_CMD_APP_SET_ATTR
2026-04-30 01:11:29.508169[INFO] tams_proc: [1453] Parsing TAMD_CMD_APP_SET_ATTR Rsp status: TAM_SUCCESS
2026-04-30 01:11:29.508194[INFO] tams_proc: [1453] Processing TAMD_CMD_APP_SET_ATTR Rsp status: TAM_SUCCESS
2026-04-30 01:11:29.513860[INFO] tams_proc: [1453] cmd type: TAMC_CMD_APP_LOGIN
2026-04-30 01:11:29.513931[INFO] tams_proc: [1453] Parsing TAMC_CMD_APP_LOGIN Req status: TAM_SUCCESS
2026-04-30 01:11:29.524900[INFO] tams_proc: [1453] Processing TAMC_CMD_APP_LOGIN Req status: TAM_SUCCESS
2026-04-30 01:11:29.544495[INFO] tams_proc: [1453] cmd type: TAMC_CMD_APP_LOGIN
2026-04-30 01:11:29.544548[INFO] tams_proc: [1453] Parsing TAMC_CMD_APP_LOGIN Req status: TAM_SUCCESS
2026-04-30 01:11:29.544622[INFO] tams_proc: [1453] Processing TAMC_CMD_APP_LOGIN Req status: TAM_SUCCESS_IN_PROCESS
2026-04-30 01:11:29.565142[INFO] tams_proc: [1453] cmd type: TAMD_CMD_DEVICE_BIND
2026-04-30 01:11:29.565205[INFO] tams_proc: [1453] Parsing TAMD_CMD_DEVICE_BIND Rsp status: TAM_SUCCESS
2026-04-30 01:11:29.565343[INFO] tams_proc: [1453] Processing TAMD_CMD_DEVICE_BIND Rsp status: TAM_SUCCESS
2026-04-30 01:11:29.567911[INFO] tams_proc: [1453] cmd type: TAMC_CMD_SO_DELETE
2026-04-30 01:11:29.568070[INFO] tams_proc: [1453] Parsing TAMC_CMD_SO_DELETE Req status: TAM_SUCCESS
2026-04-30 01:11:29.568202[INFO] tams_proc: [1453] Processing TAMC_CMD_SO_DELETE Req status: TAM_SUCCESS
2026-04-30 01:11:29.598069[INFO] tams_proc: [1453] cmd type: TAMD_CMD_GET_SO_DELETE
2026-04-30 01:11:29.598179[INFO] tams_proc: [1453] Parsing TAMD_CMD_GET_SO_DELETE Rsp status: TAM_SUCCESS
2026-04-30 01:11:29.598478[INFO] tams_proc: [1453] Processing TAMD_CMD_GET_SO_DELETE Rsp status: TAM_SUCCESS
2026-04-30 01:11:29.602605[INFO] tams_proc: [1453] cmd type: TAMC_CMD_SO_CREATE
2026-04-30 01:11:29.602803[INFO] tams_proc: [1453] Parsing TAMC_CMD_SO_CREATE Req status: TAM_SUCCESS
2026-04-30 01:11:29.602984[INFO] tams_proc: [1453] Processing TAMC_CMD_SO_CREATE Req status: TAM_SUCCESS
2026-04-30 01:11:29.709174[INFO] tams_proc: [1453] cmd type: TAMD_CMD_GET_SO_CREATE
2026-04-30 01:11:29.709224[INFO] tams_proc: [1453] Parsing TAMD_CMD_GET_SO_CREATE Rsp status: TAM_SUCCESS
2026-04-30 01:11:29.709263[INFO] tams_proc: [1453] Processing TAMD_CMD_GET_SO_CREATE Rsp status: TAM_SUCCESS
2026-04-30 01:11:29.711594[INFO] tams_proc: [1453] cmd type: TAMC_CMD_SO_WRITE
2026-04-30 01:11:29.711679[INFO] tams_proc: [1453] Parsing TAMC_CMD_SO_WRITE Req status: TAM_SUCCESS
2026-04-30 01:11:29.711729[INFO] tams_proc: [1453] Processing TAMC_CMD_SO_WRITE Req status: TAM_SUCCESS
2026-04-30 01:11:29.736468[INFO] tams_proc: [1453] cmd type: TAMD_CMD_GET_SO_WRITE
2026-04-30 01:11:29.736500[INFO] tams_proc: [1453] Parsing TAMD_CMD_GET_SO_WRITE Rsp status: TAM_SUCCESS
2026-04-30 01:11:29.736524[INFO] tams_proc: [1453] Processing TAMD_CMD_GET_SO_WRITE Rsp status: TAM_SUCCESS
2026-04-30 01:11:29.739601[INFO] tams_proc: [1453] cmd type: TAMC_CMD_SO_READ
2026-04-30 01:11:29.739699[INFO] tams_proc: [1453] Parsing TAMC_CMD_SO_READ Req status: TAM_SUCCESS
2026-04-30 01:11:29.739783[INFO] tams_proc: [1453] Processing TAMC_CMD_SO_READ Req status: TAM_SUCCESS
2026-04-30 01:11:29.762181[INFO] tams_proc: [1453] cmd type: TAMD_CMD_GET_SO_READ
2026-04-30 01:11:29.762229[INFO] tams_proc: [1453] Parsing TAMD_CMD_GET_SO_READ Rsp status: TAM_SUCCESS
2026-04-30 01:11:29.762259[INFO] tams_proc: [1453] Processing TAMD_CMD_GET_SO_READ Rsp status: TAM_SUCCESS
2026-04-30 01:11:29.764566[INFO] tams_proc: [1453] cmd type: TAMC_CMD_SO_DELETE
2026-04-30 01:11:29.764666[INFO] tams_proc: [1453] Parsing TAMC_CMD_SO_DELETE Req status: TAM_SUCCESS
2026-04-30 01:11:29.764738[INFO] tams_proc: [1453] Processing TAMC_CMD_SO_DELETE Req status: TAM_SUCCESS
2026-04-30 01:11:29.813432[INFO] tams_proc: [1453] cmd type: TAMD_CMD_GET_SO_DELETE
2026-04-30 01:11:29.813477[INFO] tams_proc: [1453] Parsing TAMD_CMD_GET_SO_DELETE Rsp status: TAM_SUCCESS
2026-04-30 01:11:29.813501[INFO] tams_proc: [1453] Processing TAMD_CMD_GET_SO_DELETE Rsp status: TAM_SUCCESS
2026-04-30 01:11:29.815990[INFO] tams_proc: [1453] cmd type: TAMC_CMD_APP_LOGOUT
2026-04-30 01:11:29.816059[INFO] tams_proc: [1453] Parsing TAMC_CMD_APP_LOGOUT Req status: TAM_SUCCESS
2026-04-30 01:11:29.816117[INFO] tams_proc: [1453] Processing TAMC_CMD_APP_LOGOUT Req status: TAM_SUCCESS
2026-04-30 01:11:29.822516[INFO] tams_proc: [1453] cmd type: TAMC_CMD_APP_LOGIN
2026-04-30 01:11:29.822583[INFO] tams_proc: [1453] Parsing TAMC_CMD_APP_LOGIN Req status: TAM_SUCCESS
2026-04-30 01:11:29.829785[INFO] tams_proc: [1453] Processing TAMC_CMD_APP_LOGIN Req status: TAM_SUCCESS
2026-04-30 01:11:29.838899[INFO] tams_proc: [1453] cmd type: TAMC_CMD_APP_LOGIN
2026-04-30 01:11:29.838952[INFO] tams_proc: [1453] Parsing TAMC_CMD_APP_LOGIN Req status: TAM_SUCCESS
2026-04-30 01:11:29.839029[INFO] tams_proc: [1453] Processing TAMC_CMD_APP_LOGIN Req status: TAM_SUCCESS_IN_PROCESS
2026-04-30 01:11:29.861157[INFO] tams_proc: [1453] cmd type: TAMD_CMD_DEVICE_BIND
2026-04-30 01:11:29.861204[INFO] tams_proc: [1453] Parsing TAMD_CMD_DEVICE_BIND Rsp status: TAM_SUCCESS
2026-04-30 01:11:29.861297[INFO] tams_proc: [1453] Processing TAMD_CMD_DEVICE_BIND Rsp status: TAM_SUCCESS
2026-04-30 01:11:29.865608[INFO] tams_proc: [1453] cmd type: TAMC_CMD_SO_DELETE
2026-04-30 01:11:29.866177[INFO] tams_proc: [1453] Parsing TAMC_CMD_SO_DELETE Req status: TAM_SUCCESS
2026-04-30 01:11:29.866288[INFO] tams_proc: [1453] Processing TAMC_CMD_SO_DELETE Req status: TAM_SUCCESS
2026-04-30 01:11:29.888243[INFO] tams_proc: [1453] cmd type: TAMD_CMD_GET_SO_DELETE
2026-04-30 01:11:29.888295[INFO] tams_proc: [1453] Parsing TAMD_CMD_GET_SO_DELETE Rsp status: TAM_SUCCESS
2026-04-30 01:11:29.888346[INFO] tams_proc: [1453] Processing TAMD_CMD_GET_SO_DELETE Rsp status: TAM_SUCCESS
2026-04-30 01:11:29.890620[INFO] tams_proc: [1453] cmd type: TAMC_CMD_SO_CREATE
2026-04-30 01:11:29.890751[INFO] tams_proc: [1453] Parsing TAMC_CMD_SO_CREATE Req status: TAM_SUCCESS
2026-04-30 01:11:29.890844[INFO] tams_proc: [1453] Processing TAMC_CMD_SO_CREATE Req status: TAM_SUCCESS
2026-04-30 01:11:29.935183[INFO] tams_proc: [1453] cmd type: TAMD_CMD_GET_SO_CREATE
2026-04-30 01:11:29.935225[INFO] tams_proc: [1453] Parsing TAMD_CMD_GET_SO_CREATE Rsp status: TAM_SUCCESS
2026-04-30 01:11:29.935253[INFO] tams_proc: [1453] Processing TAMD_CMD_GET_SO_CREATE Rsp status: TAM_SUCCESS
2026-04-30 01:11:29.937536[INFO] tams_proc: [1453] cmd type: TAMC_CMD_SO_WRITE
2026-04-30 01:11:29.937641[INFO] tams_proc: [1453] Parsing TAMC_CMD_SO_WRITE Req status: TAM_SUCCESS
2026-04-30 01:11:29.937707[INFO] tams_proc: [1453] Processing TAMC_CMD_SO_WRITE Req status: TAM_SUCCESS
2026-04-30 01:11:29.955614[INFO] tams_proc: [1453] cmd type: TAMD_CMD_GET_SO_WRITE
2026-04-30 01:11:29.955658[INFO] tams_proc: [1453] Parsing TAMD_CMD_GET_SO_WRITE Rsp status: TAM_SUCCESS
2026-04-30 01:11:29.955691[INFO] tams_proc: [1453] Processing TAMD_CMD_GET_SO_WRITE Rsp status: TAM_SUCCESS
2026-04-30 01:11:29.958032[INFO] tams_proc: [1453] cmd type: TAMC_CMD_SO_READ
2026-04-30 01:11:29.958126[INFO] tams_proc: [1453] Parsing TAMC_CMD_SO_READ Req status: TAM_SUCCESS
2026-04-30 01:11:29.958202[INFO] tams_proc: [1453] Processing TAMC_CMD_SO_READ Req status: TAM_SUCCESS
2026-04-30 01:11:29.980156[INFO] tams_proc: [1453] cmd type: TAMD_CMD_GET_SO_READ
2026-04-30 01:11:29.980201[INFO] tams_proc: [1453] Parsing TAMD_CMD_GET_SO_READ Rsp status: TAM_SUCCESS
2026-04-30 01:11:29.980226[INFO] tams_proc: [1453] Processing TAMD_CMD_GET_SO_READ Rsp status: TAM_SUCCESS
2026-04-30 01:11:29.983369[INFO] tams_proc: [1453] cmd type: TAMC_CMD_SO_DELETE
2026-04-30 01:11:29.983475[INFO] tams_proc: [1453] Parsing TAMC_CMD_SO_DELETE Req status: TAM_SUCCESS
2026-04-30 01:11:29.983546[INFO] tams_proc: [1453] Processing TAMC_CMD_SO_DELETE Req status: TAM_SUCCESS
2026-04-30 01:11:302026-04-30 01:11:29.93542Z[INFO] tamd_proc: [1499] cmd type: TAMD_CMD_AUTHENTICATE_DEVICE
2026-04-30 01:11:29.167475[INFO] tamd_proc: [1499] Processing TAMD_CMD_AUTHENTICATE_DEVICE Req status: TAM_SUCCESS
2026-04-30 01:11:29.187389[INFO] tamd_proc: [1499] cmd type: TAMD_CMD_REGISTER_APP
2026-04-30 01:11:29.252656[INFO] tamd_proc: [1499] Processing TAMD_CMD_REGISTER_APP Req status: TAM_SUCCESS
2026-04-30 01:11:29.262166[INFO] tamd_proc: [1499] cmd type: TAMD_CMD_APP_SET_ATTR
2026-04-30 01:11:29.325724[INFO] tamd_proc: [1499] Processing TAMD_CMD_APP_SET_ATTR Req status: TAM_SUCCESS
2026-04-30 01:11:29.335935[INFO] tamd_proc: [1499] cmd type: TAMD_CMD_REGISTER_APP
2026-04-30 01:11:29.375825[INFO] tamd_proc: [1499] Processing TAMD_CMD_REGISTER_APP Req status: TAM_SUCCESS
2026-04-30 01:11:29.380984[INFO] tamd_proc: [1499] cmd type: TAMD_CMD_APP_SET_ATTR
2026-04-30 01:11:29.410738[INFO] tamd_proc: [1499] Processing TAMD_CMD_APP_SET_ATTR Req status: TAM_SUCCESS
2026-04-30 01:11:29.419879[INFO] tamd_proc: [1499] cmd type: TAMD_CMD_REGISTER_APP
2026-04-30 01:11:29.456429[INFO] tamd_proc: [1499] Processing TAMD_CMD_REGISTER_APP Req status: TAM_SUCCESS
2026-04-30 01:11:29.461778[INFO] tamd_proc: [1499] cmd type: TAMD_CMD_APP_SET_ATTR
2026-04-30 01:11:29.506758[INFO] tamd_proc: [1499] Processing TAMD_CMD_APP_SET_ATTR Req status: TAM_SUCCESS
2026-04-30 01:11:29.545800[INFO] tamd_proc: [1499] cmd type: TAMD_CMD_DEVICE_BIND
2026-04-30 01:11:29.563020[INFO] tamd_proc: [1499] Processing TAMD_CMD_DEVICE_BIND Req status: TAM_SUCCESS
2026-04-30 01:11:29.569453[INFO] tamd_proc: [1499] cmd type: TAMD_CMD_GET_SO_DELETE
2026-04-30 01:11:29.596128[INFO] tamd_proc: [1499] Processing TAMD_CMD_GET_SO_DELETE Req status: TAM_SUCCESS
2026-04-30 01:11:29.604243[INFO] tamd_proc: [1499] cmd type: TAMD_CMD_GET_SO_CREATE
2026-04-30 01:11:29.708049[INFO] tamd_proc: [1499] Processing TAMD_CMD_GET_SO_CREATE Req status: TAM_SUCCESS
2026-04-30 01:11:29.712882[INFO] tamd_proc: [1499] cmd type: TAMD_CMD_GET_SO_WRITE
2026-04-30 01:11:29.735243[INFO] tamd_proc: [1499] Processing TAMD_CMD_GET_SO_WRITE Req status: TAM_SUCCESS
2026-04-30 01:11:29.741608[INFO] tamd_proc: [1499] cmd type: TAMD_CMD_GET_SO_READ
2026-04-30 01:11:29.761114[INFO] tamd_proc: [1499] Processing TAMD_CMD_GET_SO_READ Req status: TAM_SUCCESS
2026-04-30 01:11:29.765925[INFO] tamd_proc: [1499] cmd type: TAMD_CMD_GET_SO_DELETE
2026-04-30 01:11:29.812326[INFO] tamd_proc: [1499] Processing TAMD_CMD_GET_SO_DELETE Req status: TAM_SUCCESS
2026-04-30 01:11:29.840209[INFO] tamd_proc: [1499] cmd type: TAMD_CMD_DEVICE_BIND
2026-04-30 01:11:29.857984[INFO] tamd_proc: [1499] Processing TAMD_CMD_DEVICE_BIND Req status: TAM_SUCCESS
2026-04-30 01:11:29.867460[INFO] tamd_proc: [1499] cmd type: TAMD_CMD_GET_SO_DELETE
2026-04-30 01:11:29.887119[INFO] tamd_proc: [1499] Processing TAMD_CMD_GET_SO_DELETE Req status: TAM_SUCCESS
2026-04-30 01:11:29.893154[INFO] tamd_proc: [1499] cmd type: TAMD_CMD_GET_SO_CREATE
2026-04-30 01:11:29.934063[INFO] tamd_proc: [1499] Processing TAMD_CMD_GET_SO_CREATE Req status: TAM_SUCCESS
2026-04-30 01:11:29.938859[INFO] tamd_proc: [1499] cmd type: TAMD_CMD_GET_SO_WRITE
2026-04-30 01:11:29.954522[INFO] tamd_proc: [1499] Processing TAMD_CMD_GET_SO_WRITE Req status: TAM_SUCCESS
2026-04-30 01:11:29.959378[INFO] tamd_proc: [1499] cmd type: TAMD_CMD_GET_SO_READ
2026-04-30 01:11:29.979100[INFO] tamd_proc: [1499] Processing TAMD_CMD_GET_SO_READ Req status: TAM_SUCCESS
2026-04-30 01:11:29.984790[INFO] tamd_proc: [1499] cmd type: TAMD_CMD_GET_SO_DELETE
2026-04-30 01:11:30.14910Z[INFO] tamd_proc: [1499] Processing TAMD_CMD_GET_SO_DELETE Req status: TAM_SUCCESS
2026-04-30 01:11:30.41138Z[INFO] tamd_proc: [1499] cmd type: TAMD_CMD_DEVICE_BIND
2026-04-30 01:11:30.60975Z[INFO] tamd_proc: [1499] Processing TAMD_CMD_DEVICE_BIND Req status: TAM_SUCCESS
2026-04-30 01:11:30.65976Z[INFO] tamd_proc: [1499] cmd type: TAMD_CMD_GET_SO_DELETE
2026-04-30 01:11:30.80105Z[INFO] tamd_proc: [1499] Processing TAMD_CMD_GET_SO_DELETE Req status: TAM_SUCCESS
2026-04-30 01:11:30.86524Z[INFO] tamd_proc: [1499] cmd type: TAMD_C.15973Z[INFO] tams_proc: [1453] cmd type: TAMD_CMD_GET_SO_DELETE
2026-04-30 01:11:30.16042Z[INFO] tams_proc: [1453] Parsing TAMD_CMD_GET_SO_DELETE Rsp status: TAM_SUCCESS
2026-04-30 01:11:30.16080Z[INFO] tams_proc: [1453] Processing TAMD_CMD_GET_SO_DELETE Rsp status: TAM_SUCCESS
2026-04-30 01:11:30.19619Z[INFO] tams_proc: [1453] cmd type: TAMC_CMD_APP_LOGOUT
2026-04-30 01:11:30.19698Z[INFO] tams_proc: [1453] Parsing TAMC_CMD_APP_LOGOUT Req status: TAM_SUCCESS
2026-04-30 01:11:30.19760Z[INFO] tams_proc: [1453] Processing TAMC_CMD_APP_LOGOUT Req status: TAM_SUCCESS
2026-04-30 01:11:30.24262Z[INFO] tams_proc: [1453] cmd type: TAMC_CMD_APP_LOGIN
2026-04-30 01:11:30.24321Z[INFO] tams_proc: [1453] Parsing TAMC_CMD_APP_LOGIN Req status: TAM_SUCCESS
2026-04-30 01:11:30.30781Z[INFO] tams_proc: [1453] Processing TAMC_CMD_APP_LOGIN Req status: TAM_SUCCESS
2026-04-30 01:11:30.38658Z[INFO] tams_proc: [1453] cmd type: TAMC_CMD_APP_LOGIN
2026-04-30 01:11:30.38706Z[INFO] tams_proc: [1453] Parsing TAMC_CMD_APP_LOGIN Req status: TAM_SUCCESS
2026-04-30 01:11:30.38779Z[INFO] tams_proc: [1453] Processing TAMC_CMD_APP_LOGIN Req status: TAM_SUCCESS_IN_PROCESS
2026-04-30 01:11:30.62121Z[INFO] tams_proc: [1453] cmd type: TAMD_CMD_DEVICE_BIND
2026-04-30 01:11:30.62173Z[INFO] tams_proc: [1453] Parsing TAMD_CMD_DEVICE_BIND Rsp status: TAM_SUCCESS
2026-04-30 01:11:30.62253Z[INFO] tams_proc: [1453] Processing TAMD_CMD_DEVICE_BIND Rsp status: TAM_SUCCESS
2026-04-30 01:11:30.64601Z[INFO] tams_proc: [1453] cmd type: TAMC_CMD_SO_DELETE
2026-04-30 01:11:30.64709Z[INFO] tams_proc: [1453] Parsing TAMC_CMD_SO_DELETE Req status: TAM_SUCCESS
2026-04-30 01:11:30.64792Z[INFO] tams_proc: [1453] Processing TAMC_CMD_SO_DELETE Req status: TAM_SUCCESS
2026-04-30 01:11:30.81171Z[INFO] tams_proc: [1453] cmd type: TAMD_CMD_GET_SO_DELETE
2026-04-30 01:11:30.81208Z[INFO] tams_proc: [1453] Parsing TAMD_CMD_GET_SO_DELETE Rsp status: TAM_SUCCESS
2026-04-30 01:11:30.81226Z[INFO] tams_proc: [1453] Processing TAMD_CMD_GET_SO_DELETE Rsp status: TAM_SUCCESS
2026-04-30 01:11:30.85118Z[INFO] tams_proc: [1453] cmd type: TAMC_CMD_SO_CREATE
2026-04-30 01:11:30.85273Z[INFO] tams_proc: [1453] Parsing TAMC_CMD_SO_CREATE Req status: TAM_SUCCESS
2026-04-30 01:11:30.85341Z[INFO] tams_proc: [1453] Processing TAMC_CMD_SO_CREATE Req status: TAM_SUCCESS
2026-04-30 01:11:30.134171[INFO] tams_proc: [1453] cmd type: TAMD_CMD_GET_SO_CREATE
2026-04-30 01:11:30.134216[INFO] tams_proc: [1453] Parsing TAMD_CMD_GET_SO_CREATE Rsp status: TAM_SUCCESS
2026-04-30 01:11:30.134250[INFO] tams_proc: [1453] Processing TAMD_CMD_GET_SO_CREATE Rsp status: TAM_SUCCESS
2026-04-30 01:11:30.136582[INFO] tams_proc: [1453] cmd type: TAMC_CMD_SO_WRITE
2026-04-30 01:11:30.136695[INFO] tams_proc: [1453] Parsing TAMC_CMD_SO_WRITE Req status: TAM_SUCCESS
2026-04-30 01:11:30.136771[INFO] tams_proc: [1453] Processing TAMC_CMD_SO_WRITE Req status: TAM_SUCCESS
2026-04-30 01:11:30.159042[INFO] tams_proc: [1453] cmd type: TAMD_CMD_GET_SO_WRITE
2026-04-30 01:11:30.159090[INFO] tams_proc: [1453] Parsing TAMD_CMD_GET_SO_WRITE Rsp status: TAM_SUCCESS
2026-04-30 01:11:30.159121[INFO] tams_proc: [1453] Processing TAMD_CMD_GET_SO_WRITE Rsp status: TAM_SUCCESS
2026-04-30 01:11:30.161426[INFO] tams_proc: [1453] cmd type: TAMC_CMD_SO_READ
2026-04-30 01:11:30.161485[INFO] tams_proc: [1453] Parsing TAMC_CMD_SO_READ Req status: TAM_SUCCESS
2026-04-30 01:11:30.161533[INFO] tams_proc: [1453] Processing TAMC_CMD_SO_READ Req status: TAM_SUCCESS
2026-04-30 01:11:30.178670[INFO] tams_proc: [1453] cmd type: TAMD_CMD_GET_SO_READ
2026-04-30 01:11:30.178712[INFO] tams_proc: [1453] Parsing TAMD_CMD_GET_SO_READ Rsp status: TAM_SUCCESS
2026-04-30 01:11:30.178738[INFO] tams_proc: [1453] Processing TAMD_CMD_GET_SO_READ Rsp status: TAM_SUCCESS
2026-04-30 01:11:30.181049[INFO] tams_proc: [1453] cmd type: TAMC_CMD_SO_DELETE
2026-04-30 01:11:30.181171[INFO] tams_proc: [1453] Parsing TAMC_CMD_SO_DELETE Req status: TAM_SUCCESS
2026-04-30 01:11:30.181235[INFO] tams_proc: [1453] Processing TAMC_CMD_SO_DELETE Req status: TAM_SUCCESS
2026-04-30 01:11:30.221209[INFO] tams_proc: [1453] cmd type: TAMD_CMD_GET_SO_DELETE
2026-04-30 01:11:30.221278[INFO] tams_proc: [1453] Parsing TAMD_CMD_GET_SO_DELETE Rsp status: TAM_SUCCESS
2026-04-30 01:11:30.221314[INFO] tams_proc: [1453] Processing TAMD_CMD_GET_SO_DELETE Rsp status: TAM_SUCCESS
2026-04-30 01:11:30.223694[INFO] tams_proc: [1453] cmd type: TAMC_CMD_APP_LOGOUT
2026-04-30 01:11:30.223761[INFO] tams_proc: [1453] Parsing TAMC_CMD_APP_LOGOUT Req status: TAM_SUCCESS
2026-04-30 01:11:30.223819[INFO] tams_proc: [1453] Processing TAMC_CMD_APP_LOGOUT Req status: TAM_SUCCESS
2026-04-30 01:11:30.229169[INFO] tams_proc: [1453] cmd type: TAMM_CMD_VUDI_INIT
2026-04-30 01:11:30.229228[INFO] tams_proc: [1453] Parsing TAMM_CMD_VUDI_INIT Req status: TAM_SUCCESS
2026-04-30 01:11:30.229308[INFO] tams_proc: [1453] Processing TAMM_CMD_VUDI_INIT Req status: TAM_SUCCESS_IN_PROCESS
2026-04-30 01:11:30.310788[INFO] tams_proc: [1453] cmd type: TAMD_CMD_VUDI_INIT
2026-04-30 01:11:30.310836[INFO] tams_proc: [1453] Parsing TAMD_CMD_VUDI_INIT Rsp status: TAM_SUCCESS
2026-04-30 01:11:30.310865[INFO] tams_proc: [1453] Processing TAMD_CMD_VUDI_INIT Rsp status: TAM_SUCCESS
2026-04-30 01:11:30.315131[INFO] tams_proc: [1453] cmd type: TAMC_CMD_APP_LOGIN
2026-04-30 01:11:30.315187[INFO] tams_proc: [1453] Parsing TAMC_CMD_APP_LOGIN Req status: TAM_SUCCESS
2026-04-30 01:11:30.323716[INFO] tams_proc: [1453] Processing TAMC_CMD_APP_LOGIN Req status: TAM_SUCCESS
2026-04-30 01:11:30.335551[INFO] tams_proc: [1453] cmd type: TAMC_CMD_APP_LOGIN
2026-04-30 01:11:30.335585[INFO] tams_proc: [1453] Parsing TAMC_CMD_APP_LOGIN Req status: TAM_SUCCESS
2026-04-30 01:11:30.335635[INFO] tams_proc: [1453] Processing TAMC_CMD_APP_LOGIN Req status: TAM_SUCCESS_IN_PROCESS
2026-04-30 01:11:30.359182[INFO] tams_proc: [1453] cmd type: TAMD_CMD_DEVICE_BIND
2026-04-30 01:11:30.359225[INFO] tams_proc: [1453] Parsing TAMD_CMD_DEVICE_BIND Rsp status: TAM_SUCCESS
2026-04-30 01:11:30.359298[INFO] tams_proc: [1453] Processing TAMD_CMD_DEVICE_BIND Rsp status: TAM_SUCCESS
2026-04-30 01:11:30.362677[INFO] tams_proc: [1453] cmd type: TAMC_CMD_UDI
2026-04-30 01:11:30.362740[INFO] tams_proc: [1453] Parsing TAMC_CMD_UDI Req status: TAM_SUCCESS
2026-04-30 01:11:30.362807[INFO] tams_proc: [1453] Processing TAMC_CMD_UDI Req status: TAM_SUCCESS
2026-04-30 01:11:30.388558[INFO] tams_proc: [1453] cmd type: TAMD_CMD_UDI
2026-04-30 01:11:30.388604[INFO] tams_proc: [1453] Parsing TAMD_CMD_UDI Rsp status: TAM_SUCCESS
2026-04-30 01:11:30.388629[INFO] tams_proc: [1453] Processing TAMD_CMD_UDI Rsp status: TAM_SUCCESS
2026-04-30 01:11:30.392621[INFO] tams_proc: [1453] cmd type: TAMC_CMD_APP_LOGOUT
2026-04-30 01:11:30.392688[INFO] tams_proc: [1453] Parsing TAMC_CMD_APP_LOGOUT Req status: TAM_SUCCESS
2026-04-30 01:11:30.392746[INFO] tams_proc: [1453] Processing TAMC_CMD_APP_LOGOUT Req status: TAM_SUCCESS
2026-04-30 01:12:02.721627[INFO] tams_proc: [1453] cmd type: TAMC_CMD_APP_LOGIN
2026-04-30 01:12:02.721703[INFO] tams_proc: [1453] Parsing TAMC_CMD_APP_LOGIN Req status: TAM_SUCCESS
2026-04-30 01:12:02.733813[INFO] tams_proc: [1453] Processing TAMC_CMD_APP_LOGIN Req status: TAM_SUCCESS
2026-04-30 01:12:02.760540[INFO] tams_proc: [1453] cmd type: TAMC_CMD_APP_LOGIN
2026-04-30 01:12:02.760766[INFO] tams_proc: [1453] Parsing TAMC_CMD_APP_LOGIN Req status: TAM_SUCCESS
2026-04-30 01:12:02.761236[INFO] tams_proc: [1453] Processing TAMC_CMD_APP_LOGIN Req status: TAM_SUCCESS_IN_PROCESS
2026-04-30 01:12:02.862880[INFO] tams_proc: [1453] cmd type: TAMD_CMD_DEVICE_BIND
2026-04-30 01:12:02.862942[INFO] tams_proc: [1453] Parsing TAMD_CMD_DEVICE_BIND Rsp status: TAM_SUCCESS
2026-04-30 01:12:02.863015[INFO] tams_proc: [1453] Processing TAMD_CMD_DEVICE_BIND Rsp status: TAM_SUCCESS
2026-04-30 01:12:02.966568[INFO] tams_proc: [1453] cmd type: TAMC_CMD_APP_LOGIN
2026-04-30 01:12:02.966656[INFO] tams_proc: [1453] Parsing TAMC_CMD_APP_LOGIN Req status: TAM_SUCCESS
2026-04-30 01:12:02.991669[INFO] tams_proc: [1453] Processing TAMC_CMD_APP_LOGIN Req status: TAM_SUCCESS
2026-04-30 01:12:03.12372Z[INFO] tams_proc: [1453] cmd type: TAMC_CMD_APP_LOGIN
2026-04-30 01:12:03.12697Z[INFO] tams_proc: [1453] Parsing TAMC_CMD_APP_LOGIN Req status: TAM_SUCCESS
2026-04-30 01:12:03.13157Z[INFO] tams_proc: [1453] Processing TAMC_CMD_APP_LOGIN Req status: TAM_SUCCESS_IN_PROCESS
2026-04-30 01:12:03.229228[INFO] tams_proc: [1453] cmd type: TAMD_CMD_DEVICE_BIND
2026-04-30 01:12:03.229295[INFO] tams_proc: [1453] Parsing TAMD_CMD_DEVICE_BIND Rsp status: TAM_SUCCESS
2026-04-30 01:12:03.229373[INFO] tams_proc: [1453] Processing TAMD_CMD_DEVICE_BIND Rsp status: TAM_SUCCESS
2026-04-30 01:12:03.252996[INFO] tams_proc: [1453] cmd type: TAMC_CMD_DEVICE_CAP
2026-04-30 01:12:03.253123[INFO] tams_proc: [1453] Parsing TAMC_CMD_DEVICE_CAP Req status: TAM_SUCCESS
2026-04-30 01:12:03.253210[INFO] tams_proc: [1453] Processing TAMC_CMD_DEVICE_CAP Req status: TAM_SUCCESS_IN_PROCESS
2026-04-30 01:12:03.281520[INFO] tams_proc: [1453] cmd type: TAMD_CMD_DEVICE_CAP
2026-04-30 01:12:03.281588[INFO] tams_proc: [1453] Parsing TAMD_CMD_DEVICE_CAP Rsp status: TAM_SUCCESS
2026-04-30 01:12:03.281614[INFO] tams_proc: [1453] Processing TAMD_CMD_DEVICE_CAP Rsp status: TAM_SUCCESS
2026-04-30 01:12:03.288991[INFO] tams_proc: [1453] cmd type: TAMC_CMD_SO_READ
2026-04-30 01:12:03.289121[INFO] tams_proc: [1453] Parsing TAMC_CMD_SO_READ Req status: TAM_SUCCESS
2026-04-30 01:12:03.289206[INFO] tams_proc: [1453] Processing TAMC_CMD_SO_READ Req status: TAM_SUCCESS
2026-04-30 01:12:03.484202[INFO] tams_proc: [1453] cmd type: TAMD_CMD_GET_SO_READ
2026-04-30 01:12:03.484268[INFO] tams_proc: [1453] Parsing TAMD_CMD_GET_SO_READ Rsp status: TAM_SUCCESS
2026-04-30 01:12:03.484296[INFO] tams_proc: [1453] Processing TAMD_CMD_GET_SO_READ Rsp status: TAM_SUCCESS
2026-04-30 01:12:03.493273[INFO] tams_proc: [1453] cmd type: TAMC_CMD_SO_CREATE
2026-04-30 01:12:03.493436[INFO] tams_proc: [1453] Parsing TAMC_CMD_SO_CREATE Req status: TAM_SUCCESS
2026-04-30 01:12:03.493521[INFO] tams_proc: [1453] Processing TAMC_CMD_SO_CREATE Req status: TAM_SUCCESS
2026-04-30 01:12:03.719494[INFO] tams_proc: [1453] cmd type: TAMD_CMD_GET_SO_CREATE
2026-04-30 01:12:03.719557[INFO] tams_proc: [1453] Parsing TAMD_CMD_GET_SO_CREATE Rsp status: TAM_SUCCESS
2026-04-30 01:12:03.719592[INFO] tams_proc: [1453] Processing TAMD_CMD_GET_SO_CREATE Rsp status: TAM_SUCCESS
2026-04-30 01:12:03.729335[INFO] tams_proc: [1453] cmd type: TAMC_CMD_SO_WRITE
2026-04-30 01:12:03.729466[INFO] tams_proc: [1453] Parsing TAMC_CMD_SO_WRITE Req status: TAM_SUCCESS
2026-04-30 01:12:03.729547[INFO] tams_proc: [1453] Processing TAMC_CMD_SO_WRITE Req status: TAM_SUCCESS
2026-04-30 01:12:03.820736[INFO] tams_proc: [1453] cmd type: TAMC_CMD_SO_READ
2026-04-30 01:12:03.820846[INFO] tams_proc: [1453] Parsing TAMC_CMD_SO_READ Req status: TAM_SUCCESS
2026-04-30 01:12:03.820919[INFO] tams_proc: [1453] Processing TAMC_CMD_SO_READ Req status: TAM_SUCCESS
2026-04-30 01:12:03.928616[INFO] tams_proc: [1453] cmd type: TAMD_CMD_GET_SO_WRITE
2026-04-30 01:12:03.928671[INFO] tams_proc: [1453] Parsing TAMD_CMD_GET_SO_WRITE Rsp status: TAM_SUCCESS
2026-04-30 01:12:03.928705[INFO] tams_proc: [1453] Processing TAMD_CMD_GET_SO_WRITE Rsp status: TAM_SUCCESS
2026-04-30 01:12:03.931401[INFO] tams_proc: [1453] cmd type: TAMC_CMD_SO_CREATE
2026-04-30 01:12:03.931557[INFO] tams_proc: [1453] Parsing TAMC_CMD_SO_CREATE Req status: TAM_SUCCESS
2026-04-30 01:12:03.931636[INFO] tams_proc: [1453] Processing TAMC_CMD_SO_CREATE Req status: TAM_SUCCESS
2026-04-30 01:12:03.993513[INFO] tams_proc: [1453] cmd type: TAMD_CMD_GET_SO_READ
2026-04-30 01:12:03.993571[INFO] tams_proc: [1453] Parsing TAMD_CMD_GET_SO_READ Rsp status: TAM_SUCCESS
2026-04-30 01:12:03.993599[INFO] tams_proc: [1453] Processing TAMD_CMD_GET_SO_READ Rsp status: TAM_SUCCESS
2026-04-30 01:12:04.37515Z[INFO] tams_proc: [1453] cmd type: TAMC_CMD_SO_READ
2026-04-30 01:12:04.37630Z[INFO] tams_proc: [1453] Parsing TAMC_CMD_SO_READ Req status: TAM_SUCCESS
2026-04-30 01:12:04.37709Z[INFO] tams_proc: [1453] Processing TAMC_CMD_SO_READ Req status: TAM_SUCCESS
2026-04-30 01:12:04.230057[INFO] tams_proc: [1453] cmd type: TAMD_CMD_GET_SO_CREATE
2026-04-30 01:12:04.230113[INFO] tMD_GET_SO_CREATE
2026-04-30 01:11:30.133103[INFO] tamd_proc: [1499] Processing TAMD_CMD_GET_SO_CREATE Req status: TAM_SUCCESS
2026-04-30 01:11:30.138882[INFO] tamd_proc: [1499] cmd type: TAMD_CMD_GET_SO_WRITE
2026-04-30 01:11:30.157976[INFO] tamd_proc: [1499] Processing TAMD_CMD_GET_SO_WRITE Req status: TAM_SUCCESS
2026-04-30 01:11:30.162677[INFO] tamd_proc: [1499] cmd type: TAMD_CMD_GET_SO_READ
2026-04-30 01:11:30.177605[INFO] tamd_proc: [1499] Processing TAMD_CMD_GET_SO_READ Req status: TAM_SUCCESS
2026-04-30 01:11:30.182656[INFO] tamd_proc: [1499] cmd type: TAMD_CMD_GET_SO_DELETE
2026-04-30 01:11:30.219263[INFO] tamd_proc: [1499] Processing TAMD_CMD_GET_SO_DELETE Req status: TAM_SUCCESS
2026-04-30 01:11:30.230428[INFO] tamd_proc: [1499] cmd type: TAMD_CMD_VUDI_INIT
2026-04-30 01:11:30.309726[INFO] tamd_proc: [1499] Processing TAMD_CMD_VUDI_INIT Req status: TAM_SUCCESS
2026-04-30 01:11:30.336797[INFO] tamd_proc: [1499] cmd type: TAMD_CMD_DEVICE_BIND
2026-04-30 01:11:30.358122[INFO] tamd_proc: [1499] Processing TAMD_CMD_DEVICE_BIND Req status: TAM_SUCCESS
2026-04-30 01:11:30.363972[INFO] tamd_proc: [1499] cmd type: TAMD_CMD_UDI
2026-04-30 01:11:30.385761[INFO] tamd_proc: [1499] Processing TAMD_CMD_UDI Req status: TAM_SUCCESS
2026-04-30 01:12:02.762256[INFO] tamd_proc: [1499] cmd type: TAMD_CMD_DEVICE_BIND
2026-04-30 01:12:02.863717[INFO] tamd_proc: [1499] Processing TAMD_CMD_DEVICE_BIND Req status: TAM_SUCCESS
2026-04-30 01:12:03.16572Z[INFO] tamd_proc: [1499] cmd type: TAMD_CMD_DEVICE_BIND
2026-04-30 01:12:03.214424[INFO] tamd_proc: [1499] Processing TAMD_CMD_DEVICE_BIND Req status: TAM_SUCCESS
2026-04-30 01:12:03.279999[INFO] tamd_proc: [1499] cmd type: TAMD_CMD_DEVICE_CAP
2026-04-30 01:12:03.280355[INFO] tamd_proc: [1499] Processing TAMD_CMD_DEVICE_CAP Req status: TAM_SUCCESS
2026-04-30 01:12:03.296395[INFO] tamd_proc: [1499] cmd type: TAMD_CMD_GET_SO_READ
2026-04-30 01:12:03.474645[INFO] tamd_proc: [1499] Processing TAMD_CMD_GET_SO_READ Req status: TAM_SUCCESS
2026-04-30 01:12:03.506973[INFO] tamd_proc: [1499] cmd type: TAMD_CMD_GET_SO_CREATE
2026-04-30 01:12:03.717423[INFO] tamd_proc: [1499] Processing TAMD_CMD_GET_SO_CREATE Req status: TAM_SUCCESS
2026-04-30 01:12:03.730917[INFO] tamd_proc: [1499] cmd type: TAMD_CMD_GET_SO_WRITE
2026-04-30 01:12:03.926551[INFO] tamd_proc: [1499] Processing TAMD_CMD_GET_SO_WRITE Req status: TAM_SUCCESS
2026-04-30 01:12:03.928812[INFO] tamd_proc: [1499] cmd type: TAMD_CMD_GET_SO_READ
2026-04-30 01:12:03.989024[INFO] tamd_proc: [1499] Processing TAMD_CMD_GET_SO_READ Req status: TAM_SUCCESS
2026-04-30 01:12:04.12398Z[INFO] tamd_proc: [1499] cmd type: TAMD_CMD_GET_SO_CREATE
2026-04-30 01:12:04.228967[INFO] tamd_proc: [1499] Processing TAMD_CMD_GET_SO_CREATE Req status: TAM_SUCCESS
2026-04-30 01:12:04.230282[INFO] tamd_proc: [1499] cmd type: TAMD_CMD_GET_SO_READ
2026-04-30 01:12:04.344013[INFO] tamd_proc: [1499] Processing TAMD_CMD_GET_SO_READ Req status: TAM_SUCCESS
2026-04-30 01:12:04.346970[INFO] tamd_proc: [1499] cmd type: TAMD_CMD_GET_SO_WRITE
2026-04-30 01:12:04.500663[INFO] tamd_proc: [1499] Processing TAMD_CMD_GET_SO_WRITE Req status: TAM_SUCCESS
2026-04-30 01:12:04.504729[INFO] tamd_proc: [1499] cmd type: TAMD_CMD_GET_SO_WRITE
2026-04-30 01:12:04.705418[INFO] tamd_proc: [1499] Processing TAMD_CMD_GET_SO_WRITE Req status: TAM_SUCCESS
2026-04-30 01:12:04.712725[INFO] tamd_proc: [1499] cmd type: TAMD_CMD_GET_SO_CREATE
2026-04-30 01:12:04.901138[INFO] tamd_proc: [1499] Processing TAMD_CMD_GET_SO_CREATE Req status: TAM_SUCCESS
2026-04-30 01:12:04.937090[INFO] tamd_proc: [1499] cmd type: TAMD_CMD_GET_SO_WRITE
2026-04-30 01:12:05.60454Z[INFO] tamd_proc: [1499] Processing TAMD_CMD_GET_SO_WRITE Req status: TAM_SUCCESS
2026-04-30 01:12:05.86772Z[INFO] tamd_proc: [1499] cmd type: TAMD_CMD_GET_SO_READ
2026-04-30 01:12:05.166499[INFO] tamd_proc: [1499] Processing TAMD_CMD_GET_SO_READ Req status: TAM_SUCCESS
2026-04-30 01:12:05.527975[INFO] tamd_proc: [1499] cmd type: TAMD_CMD_GET_SO_DELETE
2026-04-30 01:12:05.634951[INFO] tamd_proc: [1499] Processing TAMD_CMD_GET_SO_DELETE Req status: TAM_Sams_proc: [1453] Parsing TAMD_CMD_GET_SO_CREATE Rsp status: TAM_SUCCESS
2026-04-30 01:12:04.230171[INFO] tams_proc: [1453] Processing TAMD_CMD_GET_SO_CREATE Rsp status: TAM_SUCCESS
2026-04-30 01:12:04.233528[INFO] tams_proc: [1453] cmd type: TAMC_CMD_SO_WRITE
2026-04-30 01:12:04.233672[INFO] tams_proc: [1453] Parsing TAMC_CMD_SO_WRITE Req status: TAM_SUCCESS
2026-04-30 01:12:04.233757[INFO] tams_proc: [1453] Processing TAMC_CMD_SO_WRITE Req status: TAM_SUCCESS
2026-04-30 01:12:04.346803[INFO] tams_proc: [1453] cmd type: TAMD_CMD_GET_SO_READ
2026-04-30 01:12:04.346866[INFO] tams_proc: [1453] Parsing TAMD_CMD_GET_SO_READ Rsp status: TAM_SUCCESS
2026-04-30 01:12:04.346898[INFO] tams_proc: [1453] Processing TAMD_CMD_GET_SO_READ Rsp status: TAM_SUCCESS
2026-04-30 01:12:04.351226[INFO] tams_proc: [1453] cmd type: TAMC_CMD_SO_WRITE
2026-04-30 01:12:04.351354[INFO] tams_proc: [1453] Parsing TAMC_CMD_SO_WRITE Req status: TAM_SUCCESS
2026-04-30 01:12:04.351434[INFO] tams_proc: [1453] Processing TAMC_CMD_SO_WRITE Req status: TAM_SUCCESS
2026-04-30 01:12:04.506287[INFO] tams_proc: [1453] cmd type: TAMD_CMD_GET_SO_WRITE
2026-04-30 01:12:04.506336[INFO] tams_proc: [1453] Parsing TAMD_CMD_GET_SO_WRITE Rsp status: TAM_SUCCESS
2026-04-30 01:12:04.506372[INFO] tams_proc: [1453] Processing TAMD_CMD_GET_SO_WRITE Rsp status: TAM_SUCCESS
2026-04-30 01:12:04.707333[INFO] tams_proc: [1453] cmd type: TAMD_CMD_GET_SO_WRITE
2026-04-30 01:12:04.707394[INFO] tams_proc: [1453] Parsing TAMD_CMD_GET_SO_WRITE Rsp status: TAM_SUCCESS
2026-04-30 01:12:04.707425[INFO] tams_proc: [1453] Processing TAMD_CMD_GET_SO_WRITE Rsp status: TAM_SUCCESS
2026-04-30 01:12:04.710926[INFO] tams_proc: [1453] cmd type: TAMC_CMD_SO_CREATE
2026-04-30 01:12:04.711084[INFO] tams_proc: [1453] Parsing TAMC_CMD_SO_CREATE Req status: TAM_SUCCESS
2026-04-30 01:12:04.711169[INFO] tams_proc: [1453] Processing TAMC_CMD_SO_CREATE Req status: TAM_SUCCESS
2026-04-30 01:12:04.907430[INFO] tams_proc: [1453] cmd type: TAMD_CMD_GET_SO_CREATE
2026-04-30 01:12:04.907489[INFO] tams_proc: [1453] Parsing TAMD_CMD_GET_SO_CREATE Rsp status: TAM_SUCCESS
2026-04-30 01:12:04.907528[INFO] tams_proc: [1453] Processing TAMD_CMD_GET_SO_CREATE Rsp status: TAM_SUCCESS
2026-04-30 01:12:04.928617[INFO] tams_proc: [1453] cmd type: TAMC_CMD_SO_WRITE
2026-04-30 01:12:04.928752[INFO] tams_proc: [1453] Parsing TAMC_CMD_SO_WRITE Req status: TAM_SUCCESS
2026-04-30 01:12:04.928835[INFO] tams_proc: [1453] Processing TAMC_CMD_SO_WRITE Req status: TAM_SUCCESS
2026-04-30 01:12:05.69107Z[INFO] tams_proc: [1453] cmd type: TAMD_CMD_GET_SO_WRITE
2026-04-30 01:12:05.69160Z[INFO] tams_proc: [1453] Parsing TAMD_CMD_GET_SO_WRITE Rsp status: TAM_SUCCESS
2026-04-30 01:12:05.69195Z[INFO] tams_proc: [1453] Processing TAMD_CMD_GET_SO_WRITE Rsp status: TAM_SUCCESS
2026-04-30 01:12:05.79602Z[INFO] tams_proc: [1453] cmd type: TAMC_CMD_SO_READ
2026-04-30 01:12:05.79702Z[INFO] tams_proc: [1453] Parsing TAMC_CMD_SO_READ Req status: TAM_SUCCESS
2026-04-30 01:12:05.79781Z[INFO] tams_proc: [1453] Processing TAMC_CMD_SO_READ Req status: TAM_SUCCESS
2026-04-30 01:12:05.168043[INFO] tams_proc: [1453] cmd type: TAMD_CMD_GET_SO_READ
2026-04-30 01:12:05.168106[INFO] tams_proc: [1453] Parsing TAMD_CMD_GET_SO_READ Rsp status: TAM_SUCCESS
2026-04-30 01:12:05.168135[INFO] tams_proc: [1453] Processing TAMD_CMD_GET_SO_READ Rsp status: TAM_SUCCESS
2026-04-30 01:12:05.526304[INFO] tams_proc: [1453] cmd type: TAMC_CMD_SO_DELETE
2026-04-30 01:12:05.526430[INFO] tams_proc: [1453] Parsing TAMC_CMD_SO_DELETE Req status: TAM_SUCCESS
2026-04-30 01:12:05.526530[INFO] tams_proc: [1453] Processing TAMC_CMD_SO_DELETE Req status: TAM_SUCCESS
2026-04-30 01:12:05.636021[INFO] tams_proc: [1453] cmd type: TAMD_CMD_GET_SO_DELETE
2026-04-30 01:12:05.636076[INFO] tams_proc: [1453] Parsing TAMD_CMD_GET_SO_DELETE Rsp status: TAM_SUCCESS
2026-04-30 01:12:05.636109[INFO] tams_proc: [1453] Processing TAMD_CMD_GET_SO_DELETE Rsp status: TAM_SUCCESS
2026-04-30 01:12:08.216837[INFO] tams_proc: [1453] cmd type: TAMC_CMD_APP_LOGIN
2026-04-30 01:12:08.216920[INFO] tams_proc: [1453] Parsing TAMC_CMD_APP_LOGIN Req status: TAM_SUCCESS
2026-04-30 01:12:08.249322[INFO] tams_proc: [1453] Processing TAMC_CMD_APP_LOGIN Req status: TAM_SUCCESS
2026-04-30 01:12:08.296648[INFO] tams_proc: [1453] cmd type: TAMC_CMD_APP_LOGIN
2026-04-30 01:12:08.296867[INFO] tams_proc: [1453] Parsing TAMC_CMD_APP_LOGIN Req status: TAM_SUCCESS
2026-04-30 01:12:08.297266[INFO] tams_proc: [1453] Processing TAMC_CMD_APP_LOGIN Req status: TAM_SUCCESS_IN_PROCESS
2026-04-30 01:12:08.363940[INFO] tams_proc: [1453] cmd type: TAMD_CMD_DEVICE_BIND
2026-04-30 01:12:08.364011[INFO] tams_proc: [1453] Parsing TAMD_CMD_DEVICE_BIND Rsp status: TAM_SUCCESS
2026-04-30 01:12:08.364100[INFO] tams_proc: [1453] Processing TAMD_CMD_DEVICE_BIND Rsp status: TAM_SUCCESS
2026-04-30 01:12:08.372943[INFO] tams_proc: [1453] cmd type: TAMC_CMD_SO_READ
2026-04-30 01:12:08.373048[INFO] tams_proc: [1453] Parsing TAMC_CMD_SO_READ Req status: TAM_SUCCESS
2026-04-30 01:12:08.373152[INFO] tams_proc: [1453] Processing TAMC_CMD_SO_READ Req status: TAM_SUCCESS
2026-04-30 01:12:08.416785[INFO] tams_proc: [1453] cmd type: TAMD_CMD_GET_SO_READ
2026-04-30 01:12:08.416836[INFO] tams_proc: [1453] Parsing TAMD_CMD_GET_SO_READ Rsp status: TAM_SUCCESS
2026-04-30 01:12:08.416870[INFO] tams_proc: [1453] Processing TAMD_CMD_GET_SO_READ Rsp status: TAM_SUCCESS
2026-04-30 01:12:08.422498[INFO] tams_proc: [1453] cmd type: TAMC_CMD_APP_LOGOUT
2026-04-30 01:12:08.422584[INFO] tams_proc: [1453] Parsing TAMC_CMD_APP_LOGOUT Req status: TAM_SUCCESS
2026-04-30 01:12:08.422651[INFO] tams_proc: [1453] Processing TAMC_CMD_APP_LOGOUT Req status: TAM_SUCCESS
2026-04-30 01:12:08.447194[INFO] tams_proc: [1453] cmd type: TAMC_CMD_APP_LOGIN
2026-04-30 01:12:08.447270[INFO] tams_proc: [1453] Parsing TAMC_CMD_APP_LOGIN Req status: TAM_SUCCESS
2026-04-30 01:12:08.454839[INFO] tams_proc: [1453] Processing TAMC_CMD_APP_LOGIN Req status: TAM_SUCCESS
2026-04-30 01:12:08.486830[INFO] tams_proc: [1453] cmd type: TAMC_CMD_APP_LOGIN
2026-04-30 01:12:08.486890[INFO] tams_proc: [1453] Parsing TAMC_CMD_APP_LOGIN Req status: TAM_SUCCESS
2026-04-30 01:12:08.486964[INFO] tams_proc: [1453] Processing TAMC_CMD_APP_LOGIN Req status: TAM_SUCCESS_IN_PROCESS
2026-04-30 01:12:08.725136[INFO] tams_proc: [1453] cmd type: TAMD_CMD_DEVICE_BIND
2026-04-30 01:12:08.725198[INFO] tams_proc: [1453] Parsing TAMD_CMD_DEVICE_BIND Rsp status: TAM_SUCCESS
2026-04-30 01:12:08.725279[INFO] tams_proc: [1453] Processing TAMD_CMD_DEVICE_BIND Rsp status: TAM_SUCCESS
2026-04-30 01:12:17.33181Z[INFO] tams_proc: [1453] cmd type: TAMC_CMD_APP_LOGIN
2026-04-30 01:12:17.33256Z[INFO] tams_proc: [1453] Parsing TAMC_CMD_APP_LOGIN Req status: TAM_SUCCESS
2026-04-30 01:12:17.47620Z[INFO] tams_proc: [1453] Processing TAMC_CMD_APP_LOGIN Req status: TAM_SUCCESS
2026-04-30 01:12:17.66902Z[INFO] tams_proc: [1453] cmd type: TAMC_CMD_APP_LOGIN
2026-04-30 01:12:17.67152Z[INFO] tams_proc: [1453] Parsing TAMC_CMD_APP_LOGIN Req status: TAM_SUCCESS
2026-04-30 01:12:17.67583Z[INFO] tams_proc: [1453] Processing TAMC_CMD_APP_LOGIN Req status: TAM_SUCCESS_IN_PROCESS
2026-04-30 01:12:17.129189[INFO] tams_proc: [1453] cmd type: TAMD_CMD_DEVICE_BIND
2026-04-30 01:12:17.129248[INFO] tams_proc: [1453] Parsing TAMD_CMD_DEVICE_BIND Rsp status: TAM_SUCCESS
2026-04-30 01:12:17.129334[INFO] tams_proc: [1453] Processing TAMD_CMD_DEVICE_BIND Rsp status: TAM_SUCCESS
2026-04-30 01:12:17.134293[INFO] tams_proc: [1453] cmd type: TAMC_CMD_DEVICE_CAP
2026-04-30 01:12:17.134382[INFO] tams_proc: [1453] Parsing TAMC_CMD_DEVICE_CAP Req status: TAM_SUCCESS
2026-04-30 01:12:17.134477[INFO] tams_proc: [1453] Processing TAMC_CMD_DEVICE_CAP Req status: TAM_SUCCESS_IN_PROCESS
2026-04-30 01:12:17.137093[INFO] tams_proc: [1453] cmd type: TAMD_CMD_DEVICE_CAP
2026-04-30 01:12:17.137445[INFO] tams_proc: [1453] Parsing TAMD_CMD_DEVICE_CAP Rsp status: TAM_SUCCESS
2026-04-30 01:12:17.137545[INFO] tams_proc: [1453] Processing TAMD_CMD_DEVICE_CAP Rsp status: TAM_SUCCESS
2026-04-30 01:12:17.140044[INFO] tams_proc: [1453] cmd type: TAMC_CMD_SO_READ
2026-04-30 01:12:17.140584[INFO] tams_proc: [1453] Parsing TAMC_C