2026-04-30T01:11:07.327337+00:00 p5-xr1 crond[420]: (CRON) STARTUP (1.5.5)
2026-04-30T01:11:07.327343+00:00 p5-xr1 crond[420]: (CRON) INFO (Syslog will be used instead of sendmail.)
2026-04-30T01:11:07.327347+00:00 p5-xr1 crond[420]: (CRON) INFO (RANDOM_DELAY will be scaled with factor 58% if used.)
2026-04-30T01:13:01.840542+00:00 p5-xr1 CROND[5713]: (root) CMD (/etc/xrd_filecleanup.sh 90 >/dev/null 2>&1)
2026-04-30T01:15:01.916944+00:00 p5-xr1 CROND[6541]: (root) CMD (/pkg/bin/monitor_coreinfo.sh)
2026-04-30T01:15:01.917212+00:00 p5-xr1 CROND[6542]: (root) CMD (/etc/init.d/tmpdir_cleanup.sh 80 >/dev/null 2>&1)
2026-04-30T01:15:01.917353+00:00 p5-xr1 CROND[6543]: (root) CMD (env PATH=/usr/bin:/usr/sbin:/bin:/sbin logrotate /etc/logrotate.conf)
2026-04-30T01:16:01.943089+00:00 p5-xr1 CROND[6618]: (root) CMD (env PATH=/usr/bin:/usr/sbin:/bin:/sbin thinxr-logrotate-app.sh)
2026-04-30T01:18:01.958312+00:00 p5-xr1 CROND[9300]: (root) CMD (/etc/xrd_filecleanup.sh 90 >/dev/null 2>&1)
2026-04-30T01:20:01.036126+00:00 p5-xr1 CROND[9400]: (root) CMD (/etc/init.d/tmpdir_cleanup.sh 80 >/dev/null 2>&1)
2026-04-30T01:20:01.036526+00:00 p5-xr1 CROND[9401]: (root) CMD (env PATH=/usr/bin:/usr/sbin:/bin:/sbin logrotate /etc/logrotate.conf)
2026-04-30T01:21:01.063315+00:00 p5-xr1 CROND[9467]: (root) CMD (env PATH=/usr/bin:/usr/sbin:/bin:/sbin thinxr-logrotate-app.sh)
2026-04-30T01:23:01.071449+00:00 p5-xr1 CROND[9545]: (root) CMD (/etc/xrd_filecleanup.sh 90 >/dev/null 2>&1)
2026-04-30T01:25:01.155121+00:00 p5-xr1 CROND[9680]: (root) CMD (/etc/init.d/tmpdir_cleanup.sh 80 >/dev/null 2>&1)
2026-04-30T01:25:01.155358+00:00 p5-xr1 CROND[9681]: (root) CMD (env PATH=/usr/bin:/usr/sbin:/bin:/sbin logrotate /etc/logrotate.conf)
2026-04-30T01:26:01.181896+00:00 p5-xr1 CROND[9752]: (root) CMD (env PATH=/usr/bin:/usr/sbin:/bin:/sbin thinxr-logrotate-app.sh)
2026-04-30T01:28:01.190225+00:00 p5-xr1 CROND[9830]: (root) CMD (/etc/xrd_filecleanup.sh 90 >/dev/null 2>&1)
2026-04-30T01:30:01.274188+00:00 p5-xr1 CROND[9935]: (root) CMD (/pkg/bin/monitor_coreinfo.sh)
2026-04-30T01:30:01.274454+00:00 p5-xr1 CROND[9936]: (root) CMD (env PATH=/usr/bin:/usr/sbin:/bin:/sbin logrotate /etc/logrotate.conf)
2026-04-30T01:30:01.274650+00:00 p5-xr1 CROND[9937]: (root) CMD (/etc/init.d/tmpdir_cleanup.sh 80 >/dev/null 2>&1)
2026-04-30T01:31:01.300593+00:00 p5-xr1 CROND[10006]: (root) CMD (env PATH=/usr/bin:/usr/sbin:/bin:/sbin thinxr-logrotate-app.sh)
2026-04-30T01:33:01.308336+00:00 p5-xr1 CROND[10104]: (root) CMD (/etc/xrd_filecleanup.sh 90 >/dev/null 2>&1)
2026-04-30T01:35:01.385773+00:00 p5-xr1 CROND[10236]: (root) CMD (/etc/init.d/tmpdir_cleanup.sh 80 >/dev/null 2>&1)
2026-04-30T01:35:01.386044+00:00 p5-xr1 CROND[10237]: (root) CMD (env PATH=/usr/bin:/usr/sbin:/bin:/sbin logrotate /etc/logrotate.conf)
2026-04-30T01:36:01.413026+00:00 p5-xr1 CROND[10311]: (root) CMD (env PATH=/usr/bin:/usr/sbin:/bin:/sbin thinxr-logrotate-app.sh)
