Thu Apr 30 01:12:08 2026 :: 6 :: main : PAM manager start monitoring.
Thu Apr 30 01:12:08 2026 :: 3 :: Couldn't check existence of /misc/disk1/cisco_support/ directory. Will retry in 30 seconds

Thu Apr 30 01:12:38 2026 :: 3 :: Couldn't check existence of /misc/disk1/cisco_support/ directory. Will retry in 30 seconds

Thu Apr 30 01:13:08 2026 :: 3 :: Couldn't check existence of /misc/disk1/cisco_support/ directory. Will retry in 30 seconds

Thu Apr 30 01:13:38 2026 :: 3 :: Couldn't check existence of /misc/disk1/cisco_support/ directory. Will retry in 30 seconds

Thu Apr 30 01:14:08 2026 :: 3 :: Couldn't check existence of /misc/disk1/cisco_support/ directory. Will retry in 30 seconds

===Thu Apr 30 01:14:08 UTC 2026===
Action: start
===Thu Apr 30 01:14:08 UTC 2026===
Action: start
==========================
               monitor_cpu       running
      monitor_show_logging       running
             monitor_crash       running
           monitor_process       running
                pam_plugin       running
==========================
               monitor_cpu       running
      monitor_show_logging       running
             monitor_crash       running
           monitor_process       running
                pam_plugin       running
