2026-04-30 01:11:27.493348[ERR] tamsvcs_tamm: [1373] 
*
*
* Starting tamsvcs_tamm process...
*
*
*
2026-04-30 01:11:27.493390[INFO] tamsvcs_tamm: [1373] TAM sync is NOT enabled for this platform
2026-04-30 01:11:27.493398[INFO] tamsvcs_tamm: [1373] TAM entropy is NOT enabled for this platform
2026-04-30 01:11:27.610619[INFO] tamsvcs_tamm: [1373] Successfully registered with sysmgr for proc_role change
2026-04-30 01:11:27.611797[INFO] tamsvcs_tamm: [1373] tams_proc started 1452
2026-04-30 01:11:27.611830[INFO] tamsvcs_tamm: [1373] Creating TAM:XRD_TAMDB of type:2
2026-04-30 01:11:27.611842[INFO] tamsvcs_tamm: [1373] Registering device :XRD_TAMDB Type:2 
2026-04-30 01:11:28.878420[INFO] tamsvcs_tamm: [1373] cmd type: TAMM_CMD_REGISTER_DEVICE
2026-04-30 01:11:28.878493[INFO] tamsvcs_tamm: [1373] Parsing TAMM_CMD_REGISTER_DEVICE Rsp status: TAM_SUCCESS
2026-04-30 01:11:28.956079[INFO] tamsvcs_tamm: [1373] cmd type: TAMM_CMD_REGISTER_DEVICE
2026-04-30 01:11:28.956125[INFO] tamsvcs_tamm: [1373] Parsing TAMM_CMD_REGISTER_DEVICE Rsp status: TAM_SUCCESS
2026-04-30 01:11:28.956155[INFO] tamsvcs_tamm: [1373] cmd type: TAMM_CMD_REGISTER_DEVICE
2026-04-30 01:11:28.956178[INFO] tamsvcs_tamm: [1373] Parsing TAMM_CMD_REGISTER_DEVICE Rsp status: TAM_SUCCESS
2026-04-30 01:11:28.956182[INFO] tamsvcs_tamm: [1373] Register device response TAM_SUCCESS
2026-04-30 01:11:28.957046[INFO] tamsvcs_tamm: [1373] Successfully registered device XRD_TAMDB Type: 2
2026-04-30 01:11:28.960682[INFO] tamsvcs_tamm: [1373] cmd type: TAMM_CMD_REGISTER_APP
2026-04-30 01:11:28.960728[INFO] tamsvcs_tamm: [1373] Parsing TAMM_CMD_REGISTER_APP Rsp status: TAM_SUCCESS
2026-04-30 01:11:29.24453Z[INFO] tamsvcs_tamm: [1373] cmd type: TAMM_CMD_REGISTER_APP
2026-04-30 01:11:29.24500Z[INFO] tamsvcs_tamm: [1373] Parsing TAMM_CMD_REGISTER_APP Rsp status: TAM_SUCCESS
2026-04-30 01:11:29.24526Z[INFO] tamsvcs_tamm: [1373] cmd type: TAMM_CMD_REGISTER_APP
2026-04-30 01:11:29.24565Z[INFO] tamsvcs_tamm: [1373] Parsing TAMM_CMD_REGISTER_APP Rsp status: TAM_SUCCESS
2026-04-30 01:11:29.27035Z[INFO] tamsvcs_tamm: [1373] cmd type: TAMM_CMD_APP_SET_ATTR
2026-04-30 01:11:29.27079Z[INFO] tamsvcs_tamm: [1373] Parsing TAMM_CMD_APP_SET_ATTR Rsp status: TAM_SUCCESS
2026-04-30 01:11:29.98216Z[INFO] tamsvcs_tamm: [1373] cmd type: TAMM_CMD_APP_SET_ATTR
2026-04-30 01:11:29.98265Z[INFO] tamsvcs_tamm: [1373] Parsing TAMM_CMD_APP_SET_ATTR Rsp status: TAM_SUCCESS
2026-04-30 01:11:29.98290Z[INFO] tamsvcs_tamm: [1373] cmd type: TAMM_CMD_APP_SET_ATTR
2026-04-30 01:11:29.98325Z[INFO] tamsvcs_tamm: [1373] Parsing TAMM_CMD_APP_SET_ATTR Rsp status: TAM_SUCCESS
2026-04-30 01:11:29.109995[INFO] tamsvcs_tamm: [1373] cmd type: TAMM_CMD_REGISTER_APP
2026-04-30 01:11:29.110070[INFO] tamsvcs_tamm: [1373] Parsing TAMM_CMD_REGISTER_APP Rsp status: TAM_SUCCESS
2026-04-30 01:11:29.170306[INFO] tamsvcs_tamm: [1373] cmd type: TAMM_CMD_REGISTER_APP
2026-04-30 01:11:29.170354[INFO] tamsvcs_tamm: [1373] Parsing TAMM_CMD_REGISTER_APP Rsp status: TAM_SUCCESS
2026-04-30 01:11:29.170381[INFO] tamsvcs_tamm: [1373] cmd type: TAMM_CMD_REGISTER_APP
2026-04-30 01:11:29.170421[INFO] tamsvcs_tamm: [1373] Parsing TAMM_CMD_REGISTER_APP Rsp status: TAM_SUCCESS
2026-04-30 01:11:29.173336[INFO] tamsvcs_tamm: [1373] cmd type: TAMM_CMD_APP_SET_ATTR
2026-04-30 01:11:29.173379[INFO] tamsvcs_tamm: [1373] Parsing TAMM_CMD_APP_SET_ATTR Rsp status: TAM_SUCCESS
2026-04-30 01:11:29.238663[INFO] tamsvcs_tamm: [1373] cmd type: TAMM_CMD_APP_SET_ATTR
2026-04-30 01:11:29.238726[INFO] tamsvcs_tamm: [1373] Parsing TAMM_CMD_APP_SET_ATTR Rsp status: TAM_SUCCESS
2026-04-30 01:11:29.238769[INFO] tamsvcs_tamm: [1373] cmd type: TAMM_CMD_APP_SET_ATTR
2026-04-30 01:11:29.238811[INFO] tamsvcs_tamm: [1373] Parsing TAMM_CMD_APP_SET_ATTR Rsp status: TAM_SUCCESS
2026-04-30 01:11:29.243615[INFO] tamsvcs_tamm: [1373] cmd type: TAMM_CMD_REGISTER_APP
2026-04-30 01:11:29.243691[INFO] tamsvcs_tamm: [1373] Parsing TAMM_CMD_REGISTER_APP Rsp status: TAM_SUCCESS
2026-04-30 01:11:29.309287[INFO] tamsvcs_tamm: [1373] cmd type: TAMM_CMD_REGISTER_APP
2026-04-30 01:11:29.309391[INFO] 2026-04-30 01:11:28.61301Z[INFO] tams_proc: [1452] Opened TAMS Client local listener on fd=85
2026-04-30 01:11:28.61361Z[INFO] tams_proc: [1452] Opened TAMS Client TCP listener on 192.0.0.4:7000 fd=92
2026-04-30 01:11:28.61388Z[INFO] tams_proc: [1452] Opened TAMS Mgmt local listener on fd=93
2026-04-30 01:11:28.61438Z[INFO] tams_proc: [1452] tams_proc Version:ciscotamservices 12.1.0
2026-04-30 01:11:28.391540[INFO] tams_proc: [1452] cmd type: TAMM_CMD_REGISTER_DEVICE
2026-04-30 01:11:28.391604[INFO] tams_proc: [1452] Parsing TAMM_CMD_REGISTER_DEVICE Req status: TAM_SUCCESS
2026-04-30 01:11:28.394547[INFO] tams_proc: [1452] tamd_proc_pid = 1498
2026-04-30 01:11:28.875717[INFO] tams_proc: [1452] Processing TAMM_CMD_REGISTER_DEVICE Req status: TAM_SUCCESS
2026-04-30 01:11:28.954842[INFO] tams_proc: [1452] cmd type: TAMD_CMD_AUTHENTICATE_DEVICE
2026-04-30 01:11:28.954893[INFO] tams_proc: [1452] Parsing TAMD_CMD_AUTHENTICATE_DEVICE Rsp status: TAM_SUCCESS
2026-04-30 01:11:28.954925[INFO] tams_proc: [1452] Processing TAMD_CMD_AUTHENTICATE_DEVICE Rsp status: TAM_SUCCESS
2026-04-30 01:11:28.958268[INFO] tams_proc: [1452] cmd type: TAMM_CMD_REGISTER_APP
2026-04-30 01:11:28.958321[INFO] tams_proc: [1452] Parsing TAMM_CMD_REGISTER_APP Req status: TAM_SUCCESS
2026-04-30 01:11:28.959589[INFO] tams_proc: [1452] Processing TAMM_CMD_REGISTER_APP Req status: TAM_SUCCESS_IN_PROCESS
2026-04-30 01:11:29.21386Z[INFO] tams_proc: [1452] cmd type: TAMD_CMD_REGISTER_APP
2026-04-30 01:11:29.21438Z[INFO] tams_proc: [1452] Parsing TAMD_CMD_REGISTER_APP Rsp status: TAM_SUCCESS
2026-04-30 01:11:29.21472Z[INFO] tams_proc: [1452] Processing TAMD_CMD_REGISTER_APP Rsp status: TAM_SUCCESS
2026-04-30 01:11:29.25795Z[INFO] tams_proc: [1452] cmd type: TAMM_CMD_APP_SET_ATTR
2026-04-30 01:11:29.25872Z[INFO] tams_proc: [1452] Parsing TAMM_CMD_APP_SET_ATTR Req status: TAM_SUCCESS
2026-04-30 01:11:29.25936Z[INFO] tams_proc: [1452] Processing TAMM_CMD_APP_SET_ATTR Req status: TAM_SUCCESS_IN_PROCESS
2026-04-30 01:11:29.96957Z[INFO] tams_proc: [1452] cmd type: TAMD_CMD_APP_SET_ATTR
2026-04-30 01:11:29.97035Z[INFO] tams_proc: [1452] Parsing TAMD_CMD_APP_SET_ATTR Rsp status: TAM_SUCCESS
2026-04-30 01:11:29.97148Z[INFO] tams_proc: [1452] Processing TAMD_CMD_APP_SET_ATTR Rsp status: TAM_SUCCESS
2026-04-30 01:11:29.102239[INFO] tams_proc: [1452] cmd type: TAMM_CMD_REGISTER_APP
2026-04-30 01:11:29.102387[INFO] tams_proc: [1452] Parsing TAMM_CMD_REGISTER_APP Req status: TAM_SUCCESS
2026-04-30 01:11:29.104572[INFO] tams_proc: [1452] Processing TAMM_CMD_REGISTER_APP Req status: TAM_SUCCESS_IN_PROCESS
2026-04-30 01:11:29.168628[INFO] tams_proc: [1452] cmd type: TAMD_CMD_REGISTER_APP
2026-04-30 01:11:29.168675[INFO] tams_proc: [1452] Parsing TAMD_CMD_REGISTER_APP Rsp status: TAM_SUCCESS
2026-04-30 01:11:29.168701[INFO] tams_proc: [1452] Processing TAMD_CMD_REGISTER_APP Rsp status: TAM_SUCCESS
2026-04-30 01:11:29.171662[INFO] tams_proc: [1452] cmd type: TAMM_CMD_APP_SET_ATTR
2026-04-30 01:11:29.171743[INFO] tams_proc: [1452] Parsing TAMM_CMD_APP_SET_ATTR Req status: TAM_SUCCESS
2026-04-30 01:11:29.171817[INFO] tams_proc: [1452] Processing TAMM_CMD_APP_SET_ATTR Req status: TAM_SUCCESS_IN_PROCESS
2026-04-30 01:11:29.237457[INFO] tams_proc: [1452] cmd type: TAMD_CMD_APP_SET_ATTR
2026-04-30 01:11:29.237497[INFO] tams_proc: [1452] Parsing TAMD_CMD_APP_SET_ATTR Rsp status: TAM_SUCCESS
2026-04-30 01:11:29.237518[INFO] tams_proc: [1452] Processing TAMD_CMD_APP_SET_ATTR Rsp status: TAM_SUCCESS
2026-04-30 01:11:29.240096[INFO] tams_proc: [1452] cmd type: TAMM_CMD_REGISTER_APP
2026-04-30 01:11:29.240229[INFO] tams_proc: [1452] Parsing TAMM_CMD_REGISTER_APP Req status: TAM_SUCCESS
2026-04-30 01:11:29.242488[INFO] tams_proc: [1452] Processing TAMM_CMD_REGISTER_APP Req status: TAM_SUCCESS_IN_PROCESS
2026-04-30 01:11:29.308025[INFO] tams_proc: [1452] cmd type: TAMD_CMD_REGISTER_APP
2026-04-30 01:11:29.308092[INFO] tams_proc: [1452] Parsing TAMD_CMD_REGISTER_APP Rsp status: TAM_SUCCESS
2026-04-30 01:11:29.308125[INFO] tams_proc: [1452] Processing TAMD_CMD_REGISTER_APP Rsp status: TAM_SUCCESS
2026-04-30 01:11:29.310839[INFO] tams_proc: [1452] cmd type: TAMM_CMD_APP_SET_ATTR
2026-04-30 01:11:29.312518[INFO] tams_proc: [1452] Parsing TAMM_CMD_APP_SET_ATTR Req status: TAM_SUCCESS
2026-04-30 01:11:29.312627[INFO] tams_proc: [1452] Processing TAMM_CMD_APP_SET_ATTR Req status: TAM_SUCCESS_IN_PROCESS
2026-04-30 01:11:29.358542[INFO] tams_proc: [1452] cmd type: TAMD_CMD_APP_SET_ATTR
2026-04-30 01:11:29.358572[INFO] tams_proc: [1452] Parsing TAMD_CMD_APP_SET_ATTR Rsp status: TAM_SUCCESS
2026-04-30 01:11:29.358589[INFO] tams_proc: [1452] Processing TAMD_CMD_APP_SET_ATTR Rsp status: TAM_SUCCESS
2026-04-30 01:11:29.364877[INFO] tams_proc: [1452] cmd type: TAMC_CMD_APP_LOGIN
2026-04-30 01:11:29.364938[INFO] tams_proc: [1452] Parsing TAMC_CMD_APP_LOGIN Req status: TAM_SUCCESS
2026-04-30 01:11:29.370819[INFO] tams_proc: [1452] Processing TAMC_CMD_APP_LOGIN Req status: TAM_SUCCESS
2026-04-30 01:11:29.385580[INFO] tams_proc: [1452] cmd type: TAMC_CMD_APP_LOGIN
2026-04-30 01:11:29.385628[INFO] tams_proc: [1452] Parsing TAMC_CMD_APP_LOGIN Req status: TAM_SUCCESS
2026-04-30 01:11:29.385706[INFO] tams_proc: [1452] Processing TAMC_CMD_APP_LOGIN Req status: TAM_SUCCESS_IN_PROCESS
2026-04-30 01:11:29.407913[INFO] tams_proc: [1452] cmd type: TAMD_CMD_DEVICE_BIND
2026-04-30 01:11:29.407963[INFO] tams_proc: [1452] Parsing TAMD_CMD_DEVICE_BIND Rsp status: TAM_SUCCESS
2026-04-30 01:11:29.408049[INFO] tams_proc: [1452] Processing TAMD_CMD_DEVICE_BIND Rsp status: TAM_SUCCESS
2026-04-30 01:11:29.410420[INFO] tams_proc: [1452] cmd type: TAMC_CMD_SO_DELETE
2026-04-30 01:11:29.410526[INFO] tams_proc: [1452] Parsing TAMC_CMD_SO_DELETE Req status: TAM_SUCCESS
2026-04-30 01:11:29.410604[INFO] tams_proc: [1452] Processing TAMC_CMD_SO_DELETE Req status: TAM_SUCCESS
2026-04-30 01:11:29.430437[INFO] tams_proc: [1452] cmd type: TAMD_CMD_GET_SO_DELETE
2026-04-30 01:11:29.430484[INFO] tams_proc: [1452] Parsing TAMD_CMD_GET_SO_DELETE Rsp status: TAM_SUCCESS
2026-04-30 01:11:29.430519[INFO] tams_proc: [1452] Processing TAMD_CMD_GET_SO_DELETE Rsp status: TAM_SUCCESS
2026-04-30 01:11:29.433003[INFO] tams_proc: [1452] cmd type: TAMC_CMD_SO_CREATE
2026-04-30 01:11:29.433442[INFO] tams_proc: [1452] Parsing TAMC_CMD_SO_CREATE Req status: TAM_SUCCESS
2026-04-30 01:11:29.433519[INFO] tams_proc: [1452] Processing TAMC_CMD_SO_CREATE Req status: TAM_SUCCESS
2026-04-30 01:11:29.484410[INFO] tams_proc: [1452] cmd type: TAMD_CMD_GET_SO_CREATE
2026-04-30 01:11:29.484455[INFO] tams_proc: [1452] Parsing TAMD_CMD_GET_SO_CREATE Rsp status: TAM_SUCCESS
2026-04-30 01:11:29.484491[INFO] tams_proc: [1452] Processing TAMD_CMD_GET_SO_CREATE Rsp status: TAM_SUCCESS
2026-04-30 01:11:29.486839[INFO] tams_proc: [1452] cmd type: TAMC_CMD_SO_WRITE
2026-04-30 01:11:29.486958[INFO] tams_proc: [1452] Parsing TAMC_CMD_SO_WRITE Req status: TAM_SUCCESS
2026-04-30 01:11:29.487032[INFO] tams_proc: [1452] Processing TAMC_CMD_SO_WRITE Req status: TAM_SUCCESS
2026-04-30 01:11:29.513268[INFO] tams_proc: [1452] cmd type: TAMD_CMD_GET_SO_WRITE
2026-04-30 01:11:29.513318[INFO] tams_proc: [1452] Parsing TAMD_CMD_GET_SO_WRITE Rsp status: TAM_SUCCESS
2026-04-30 01:11:29.513355[INFO] tams_proc: [1452] Processing TAMD_CMD_GET_SO_WRITE Rsp status: TAM_SUCCESS
2026-04-30 01:11:29.515675[INFO] tams_proc: [1452] cmd type: TAMC_CMD_SO_READ
2026-04-30 01:11:29.515766[INFO] tams_proc: [1452] Parsing TAMC_CMD_SO_READ Req status: TAM_SUCCESS
2026-04-30 01:11:29.515833[INFO] tams_proc: [1452] Processing TAMC_CMD_SO_READ Req status: TAM_SUCCESS
2026-04-30 01:11:29.542650[INFO] tams_proc: [1452] cmd type: TAMD_CMD_GET_SO_READ
2026-04-30 01:11:29.542901[INFO] tams_proc: [1452] Parsing TAMD_CMD_GET_SO_READ Rsp status: TAM_SUCCESS
2026-04-30 01:11:29.542932[INFO] tams_proc: [1452] Processing TAMD_CMD_GET_SO_READ Rsp status: TAM_SUCCESS
2026-04-30 01:11:29.545277[INFO] tams_proc: [1452] cmd type: TAMC_CMD_SO_DELETE
2026-04-30 01:11:29.545384[INFO] tams_proc: [1452] Parsing TAMC_CMD_SO_DELETE Req status: TAM_SUCCESS
2026-04-30 01:11:29.545458[INFO] tams_proc: [1452] Processing TAMC_CMD_SO_DELETE Req status: TAM_SUCCESS
2026-04-30 01:11:29.648682[INFO] tams_proc: [1452] cmd type: TAMD_CMD_GET_SO_DELETE
2026-04-30 01:11:29.656568[INFO] tams_proc: [1452] Parsing TAMD_CMD_GET_SO_DELETE Rsp status: TAM_SUCCESS
2026-04-30 01:11:29.656622[INFO] tams_proc: [1452] Processing TAMD_CMD_GET_SO_DELETE Rsp status: TAM_SUCCESS
2026-04-30 01:11:29.660226[INFO] tams_proc: [1452] cmd type: TAMC_CMD_APP_LOGOUT
2026-04-30 01:11:29.660332[INFO] tams_proc: [1452] Parsing TAMC_CMD_APP_LOGOUT Req status: TAM_SUCCESS
2026-04-30 01:11:29.660426[INFO] tams_proc: [1452] Processing TAMC_CMD_APP_LOGOUT Req status: TAM_SUCCESS
2026-04-30 01:11:29.665199[INFO] tams_proc: [1452] cmd type: TAMC_CMD_APP_LOGIN
2026-04-30 01:11:29.665296[INFO] tams_proc: [1452] Parsing TAMC_CMD_APP_LOGIN Req status: TAM_SUCCESS
2026-04-30 01:11:29.673354[INFO] tams_proc: [1452] Processing TAMC_CMD_APP_LOGIN Req status: TAM_SUCCESS
2026-04-30 01:11:29.683767[INFO] tams_proc: [1452] cmd type: TAMC_CMD_APP_LOGIN
2026-04-30 01:11:29.683820[INFO] tams_proc: [1452] Parsing TAMC_CMD_APP_LOGIN Req status: TAM_SUCCESS
2026-04-30 01:11:29.683901[INFO] tams_proc: [1452] Processing TAMC_CMD_APP_LOGIN Req status: TAM_SUCCESS_IN_PROCESS
2026-04-30 01:11:29.706239[INFO] tams_proc: [1452] cmd type: TAMD_CMD_DEVICE_BIND
2026-04-30 01:11:29.706306[INFO] tams_proc: [1452] Parsing TAMD_CMD_DEVICE_BIND Rsp status: TAM_SUCCESS
2026-04-30 01:11:29.706387[INFO] tams_proc: [1452] Processing TAMD_CMD_DEVICE_BIND Rsp status: TAM_SUCCESS
2026-04-30 01:11:29.708852[INFO] tams_proc: [1452] cmd type: TAMC_CMD_SO_DELETE
2026-04-30 01:11:29.708969[INFO] tams_proc: [1452] Parsing TAMC_CMD_SO_DELETE Req status: TAM_SUCCESS
2026-04-30 01:11:29.709050[INFO] tams_proc: [1452] Processing TAMC_CMD_SO_DELETE Req status: TAM_SUCCESS
2026-04-30 01:11:29.731855[INFO] tams_proc: [1452] cmd type: TAMD_CMD_GET_SO_DELETE
2026-04-30 01:11:29.731903[INFO] tams_proc: [1452] Parsing TAMD_CMD_GET_SO_DELETE Rsp status: TAM_SUCCESS
2026-04-30 01:11:29.731932[INFO] tams_proc: [1452] Processing TAMD_CMD_GET_SO_DELETE Rsp status: TAM_SUCCESS
2026-04-30 01:11:29.734678[INFO] tams_proc: [1452] cmd type: TAMC_CMD_SO_CREATE
2026-04-30 01:11:29.734824[INFO] tams_proc: [1452] Parsing TAMC_CMD_SO_CREATE Req status: TAM_SUCCESS
2026-04-30 01:11:29.734909[INFO] tams_proc: [1452] Processing TAMC_CMD_SO_CREATE Req status: TAM_SUCCESS
2026-04-30 01:11:29.783266[INFO] tams_proc: [1452] cmd type: TAMD_CMD_GET_SO_CREATE
2026-04-30 01:11:29.783310[INFO] tams_proc: [1452] Parsing TAMD_CMD_GET_SO_CREATE Rsp status: TAM_SUCCESS
2026-04-30 01:11:29.783343[INFO] tams_proc: [1452] Processing TAMD_CMD_GET_SO_CREATE Rsp status: TAM_SUCCESS
2026-04-30 01:11:29.785654[INFO] tams_proc: [1452] cmd type: TAMC_CMD_SO_WRITE
2026-04-30 01:11:29.785765[INFO] tams_proc: [1452] Parsing TAMC_CMD_SO_WRITE Req status: TAM_SUCCESS
2026-04-30 01:11:29.785834[INFO] tams_proc: [1452] Processing TAMC_CMD_SO_WRITE Req status: TAM_SUCCESS
2026-04-30 01:11:29.811546[INFO] tams_proc: [1452] cmd type: TAMD_CMD_GET_SO_WRITE
2026-04-30 01:11:29.811596[INFO] tams_proc: [1452] Parsing TAMD_CMD_GET_SO_WRITE Rsp status: TAM_SUCCESS
2026-04-30 01:11:29.811632[INFO] tams_proc: [1452] Processing TAMD_CMD_GET_SO_WRITE Rsp status: TAM_SUCCESS
2026-04-30 01:11:29.813953[INFO] tams_proc: [1452] cmd type: TAMC_CMD_SO_READ
2026-04-30 01:11:29.814013[INFO] tams_proc: [1452] Parsing TAMC_CMD_SO_READ Req status: TAM_SUCCESS
2026-04-30 01:11:29.814057[INFO] tams_proc: [1452] Processing TAMC_CMD_SO_READ Req status: TAM_SUCCESS
2026-04-30 01:11:29.841691[INFO] tams_proc: [1452] cmd type: TAMD_CMD_GET_SO_READ
2026-04-30 01:11:29.841744[INFO] tams_proc: [1452] Parsing TAMD_CMD_GET_SO_READ Rsp status: TAM_SUCCESS
2026-04-30 01:11:29.841774[INFO] tams_proc: [1452] Processing TAMD_CMD_GET_SO_READ Rsp status: TAM_SUCCESS
2026-04-30 01:11:29.848037[INFO] tams_proc: [1452] cmd type: TAMC_CMD_SO_DELETE
2026-04-30 01:11:29.848146[INFO] tams_proc: [1452] Parsing TAMC_CMD_SO_DELETE Req status: TAM_SUCCESS
2026-04-30 01:11:29.848226[INFO] tams_proc: [1452] Processing TAMC_CMD_SO_DELETE Req status: TAM_SUCCESS
2026-04-30 01:11:292026-04-30 01:11:28.876969[INFO] tamd_proc: [1498] cmd type: TAMD_CMD_AUTHENTICATE_DEVICE
2026-04-30 01:11:28.953774[INFO] tamd_proc: [1498] Processing TAMD_CMD_AUTHENTICATE_DEVICE Req status: TAM_SUCCESS
2026-04-30 01:11:28.960774[INFO] tamd_proc: [1498] cmd type: TAMD_CMD_REGISTER_APP
2026-04-30 01:11:29.20254Z[INFO] tamd_proc: [1498] Processing TAMD_CMD_REGISTER_APP Req status: TAM_SUCCESS
2026-04-30 01:11:29.27120Z[INFO] tamd_proc: [1498] cmd type: TAMD_CMD_APP_SET_ATTR
2026-04-30 01:11:29.95887Z[INFO] tamd_proc: [1498] Processing TAMD_CMD_APP_SET_ATTR Req status: TAM_SUCCESS
2026-04-30 01:11:29.110130[INFO] tamd_proc: [1498] cmd type: TAMD_CMD_REGISTER_APP
2026-04-30 01:11:29.166979[INFO] tamd_proc: [1498] Processing TAMD_CMD_REGISTER_APP Req status: TAM_SUCCESS
2026-04-30 01:11:29.172945[INFO] tamd_proc: [1498] cmd type: TAMD_CMD_APP_SET_ATTR
2026-04-30 01:11:29.236390[INFO] tamd_proc: [1498] Processing TAMD_CMD_APP_SET_ATTR Req status: TAM_SUCCESS
2026-04-30 01:11:29.243746[INFO] tamd_proc: [1498] cmd type: TAMD_CMD_REGISTER_APP
2026-04-30 01:11:29.306908[INFO] tamd_proc: [1498] Processing TAMD_CMD_REGISTER_APP Req status: TAM_SUCCESS
2026-04-30 01:11:29.313909[INFO] tamd_proc: [1498] cmd type: TAMD_CMD_APP_SET_ATTR
2026-04-30 01:11:29.357481[INFO] tamd_proc: [1498] Processing TAMD_CMD_APP_SET_ATTR Req status: TAM_SUCCESS
2026-04-30 01:11:29.386965[INFO] tamd_proc: [1498] cmd type: TAMD_CMD_DEVICE_BIND
2026-04-30 01:11:29.406819[INFO] tamd_proc: [1498] Processing TAMD_CMD_DEVICE_BIND Req status: TAM_SUCCESS
2026-04-30 01:11:29.411742[INFO] tamd_proc: [1498] cmd type: TAMD_CMD_GET_SO_DELETE
2026-04-30 01:11:29.429343[INFO] tamd_proc: [1498] Processing TAMD_CMD_GET_SO_DELETE Req status: TAM_SUCCESS
2026-04-30 01:11:29.434702[INFO] tamd_proc: [1498] cmd type: TAMD_CMD_GET_SO_CREATE
2026-04-30 01:11:29.483343[INFO] tamd_proc: [1498] Processing TAMD_CMD_GET_SO_CREATE Req status: TAM_SUCCESS
2026-04-30 01:11:29.488211[INFO] tamd_proc: [1498] cmd type: TAMD_CMD_GET_SO_WRITE
2026-04-30 01:11:29.512170[INFO] tamd_proc: [1498] Processing TAMD_CMD_GET_SO_WRITE Req status: TAM_SUCCESS
2026-04-30 01:11:29.516986[INFO] tamd_proc: [1498] cmd type: TAMD_CMD_GET_SO_READ
2026-04-30 01:11:29.541585[INFO] tamd_proc: [1498] Processing TAMD_CMD_GET_SO_READ Req status: TAM_SUCCESS
2026-04-30 01:11:29.546632[INFO] tamd_proc: [1498] cmd type: TAMD_CMD_GET_SO_DELETE
2026-04-30 01:11:29.646702[INFO] tamd_proc: [1498] Processing TAMD_CMD_GET_SO_DELETE Req status: TAM_SUCCESS
2026-04-30 01:11:29.685442[INFO] tamd_proc: [1498] cmd type: TAMD_CMD_DEVICE_BIND
2026-04-30 01:11:29.705173[INFO] tamd_proc: [1498] Processing TAMD_CMD_DEVICE_BIND Req status: TAM_SUCCESS
2026-04-30 01:11:29.710388[INFO] tamd_proc: [1498] cmd type: TAMD_CMD_GET_SO_DELETE
2026-04-30 01:11:29.730017[INFO] tamd_proc: [1498] Processing TAMD_CMD_GET_SO_DELETE Req status: TAM_SUCCESS
2026-04-30 01:11:29.736092[INFO] tamd_proc: [1498] cmd type: TAMD_CMD_GET_SO_CREATE
2026-04-30 01:11:29.782204[INFO] tamd_proc: [1498] Processing TAMD_CMD_GET_SO_CREATE Req status: TAM_SUCCESS
2026-04-30 01:11:29.787004[INFO] tamd_proc: [1498] cmd type: TAMD_CMD_GET_SO_WRITE
2026-04-30 01:11:29.810286[INFO] tamd_proc: [1498] Processing TAMD_CMD_GET_SO_WRITE Req status: TAM_SUCCESS
2026-04-30 01:11:29.816218[INFO] tamd_proc: [1498] cmd type: TAMD_CMD_GET_SO_READ
2026-04-30 01:11:29.839511[INFO] tamd_proc: [1498] Processing TAMD_CMD_GET_SO_READ Req status: TAM_SUCCESS
2026-04-30 01:11:29.849756[INFO] tamd_proc: [1498] cmd type: TAMD_CMD_GET_SO_DELETE
2026-04-30 01:11:29.886846[INFO] tamd_proc: [1498] Processing TAMD_CMD_GET_SO_DELETE Req status: TAM_SUCCESS
2026-04-30 01:11:29.914784[INFO] tamd_proc: [1498] cmd type: TAMD_CMD_DEVICE_BIND
2026-04-30 01:11:29.927407[INFO] tamd_proc: [1498] Processing TAMD_CMD_DEVICE_BIND Req status: TAM_SUCCESS
2026-04-30 01:11:29.933596[INFO] tamd_proc: [1498] cmd type: TAMD_CMD_GET_SO_DELETE
2026-04-30 01:11:29.945969[INFO] tamd_proc: [1498] Processing TAMD_CMD_GET_SO_DELETE Req status: TAM_SUCCESS
2026-04-30 01:11:29.951502[INFO] tamd_proc: [1498] cmd type: TAMD_C.888033[INFO] tams_proc: [1452] cmd type: TAMD_CMD_GET_SO_DELETE
2026-04-30 01:11:29.888101[INFO] tams_proc: [1452] Parsing TAMD_CMD_GET_SO_DELETE Rsp status: TAM_SUCCESS
2026-04-30 01:11:29.888138[INFO] tams_proc: [1452] Processing TAMD_CMD_GET_SO_DELETE Rsp status: TAM_SUCCESS
2026-04-30 01:11:29.890698[INFO] tams_proc: [1452] cmd type: TAMC_CMD_APP_LOGOUT
2026-04-30 01:11:29.890762[INFO] tams_proc: [1452] Parsing TAMC_CMD_APP_LOGOUT Req status: TAM_SUCCESS
2026-04-30 01:11:29.890820[INFO] tams_proc: [1452] Processing TAMC_CMD_APP_LOGOUT Req status: TAM_SUCCESS
2026-04-30 01:11:29.896207[INFO] tams_proc: [1452] cmd type: TAMC_CMD_APP_LOGIN
2026-04-30 01:11:29.896272[INFO] tams_proc: [1452] Parsing TAMC_CMD_APP_LOGIN Req status: TAM_SUCCESS
2026-04-30 01:11:29.900962[INFO] tams_proc: [1452] Processing TAMC_CMD_APP_LOGIN Req status: TAM_SUCCESS
2026-04-30 01:11:29.913534[INFO] tams_proc: [1452] cmd type: TAMC_CMD_APP_LOGIN
2026-04-30 01:11:29.913566[INFO] tams_proc: [1452] Parsing TAMC_CMD_APP_LOGIN Req status: TAM_SUCCESS
2026-04-30 01:11:29.913617[INFO] tams_proc: [1452] Processing TAMC_CMD_APP_LOGIN Req status: TAM_SUCCESS_IN_PROCESS
2026-04-30 01:11:29.928486[INFO] tams_proc: [1452] cmd type: TAMD_CMD_DEVICE_BIND
2026-04-30 01:11:29.928529[INFO] tams_proc: [1452] Parsing TAMD_CMD_DEVICE_BIND Rsp status: TAM_SUCCESS
2026-04-30 01:11:29.928602[INFO] tams_proc: [1452] Processing TAMD_CMD_DEVICE_BIND Rsp status: TAM_SUCCESS
2026-04-30 01:11:29.932285[INFO] tams_proc: [1452] cmd type: TAMC_CMD_SO_DELETE
2026-04-30 01:11:29.932394[INFO] tams_proc: [1452] Parsing TAMC_CMD_SO_DELETE Req status: TAM_SUCCESS
2026-04-30 01:11:29.932461[INFO] tams_proc: [1452] Processing TAMC_CMD_SO_DELETE Req status: TAM_SUCCESS
2026-04-30 01:11:29.947037[INFO] tams_proc: [1452] cmd type: TAMD_CMD_GET_SO_DELETE
2026-04-30 01:11:29.947086[INFO] tams_proc: [1452] Parsing TAMD_CMD_GET_SO_DELETE Rsp status: TAM_SUCCESS
2026-04-30 01:11:29.947118[INFO] tams_proc: [1452] Processing TAMD_CMD_GET_SO_DELETE Rsp status: TAM_SUCCESS
2026-04-30 01:11:29.950116[INFO] tams_proc: [1452] cmd type: TAMC_CMD_SO_CREATE
2026-04-30 01:11:29.950261[INFO] tams_proc: [1452] Parsing TAMC_CMD_SO_CREATE Req status: TAM_SUCCESS
2026-04-30 01:11:29.950332[INFO] tams_proc: [1452] Processing TAMC_CMD_SO_CREATE Req status: TAM_SUCCESS
2026-04-30 01:11:29.986417[INFO] tams_proc: [1452] cmd type: TAMD_CMD_GET_SO_CREATE
2026-04-30 01:11:29.986447[INFO] tams_proc: [1452] Parsing TAMD_CMD_GET_SO_CREATE Rsp status: TAM_SUCCESS
2026-04-30 01:11:29.986471[INFO] tams_proc: [1452] Processing TAMD_CMD_GET_SO_CREATE Rsp status: TAM_SUCCESS
2026-04-30 01:11:29.988768[INFO] tams_proc: [1452] cmd type: TAMC_CMD_SO_WRITE
2026-04-30 01:11:29.988882[INFO] tams_proc: [1452] Parsing TAMC_CMD_SO_WRITE Req status: TAM_SUCCESS
2026-04-30 01:11:29.988948[INFO] tams_proc: [1452] Processing TAMC_CMD_SO_WRITE Req status: TAM_SUCCESS
2026-04-30 01:11:30.12800Z[INFO] tams_proc: [1452] cmd type: TAMD_CMD_GET_SO_WRITE
2026-04-30 01:11:30.12851Z[INFO] tams_proc: [1452] Parsing TAMD_CMD_GET_SO_WRITE Rsp status: TAM_SUCCESS
2026-04-30 01:11:30.12888Z[INFO] tams_proc: [1452] Processing TAMD_CMD_GET_SO_WRITE Rsp status: TAM_SUCCESS
2026-04-30 01:11:30.15292Z[INFO] tams_proc: [1452] cmd type: TAMC_CMD_SO_READ
2026-04-30 01:11:30.15393Z[INFO] tams_proc: [1452] Parsing TAMC_CMD_SO_READ Req status: TAM_SUCCESS
2026-04-30 01:11:30.15471Z[INFO] tams_proc: [1452] Processing TAMC_CMD_SO_READ Req status: TAM_SUCCESS
2026-04-30 01:11:30.35309Z[INFO] tams_proc: [1452] cmd type: TAMD_CMD_GET_SO_READ
2026-04-30 01:11:30.35360Z[INFO] tams_proc: [1452] Parsing TAMD_CMD_GET_SO_READ Rsp status: TAM_SUCCESS
2026-04-30 01:11:30.35388Z[INFO] tams_proc: [1452] Processing TAMD_CMD_GET_SO_READ Rsp status: TAM_SUCCESS
2026-04-30 01:11:30.37717Z[INFO] tams_proc: [1452] cmd type: TAMC_CMD_SO_DELETE
2026-04-30 01:11:30.37825Z[INFO] tams_proc: [1452] Parsing TAMC_CMD_SO_DELETE Req status: TAM_SUCCESS
2026-04-30 01:11:30.37896Z[INFO] tams_proc: [1452] Processing TAMC_CMD_SO_DELETE Req status: TAM_SUCCESS
2026-04-30 01:11:30.78816Z[INFO] tams_proc: [1452] cmd type: TAMD_CMD_GET_SO_DELETE
2026-04-30 01:11:30.78881Z[INFO] tams_proc: [1452] Parsing TAMD_CMD_GET_SO_DELETE Rsp status: TAM_SUCCESS
2026-04-30 01:11:30.78912Z[INFO] tams_proc: [1452] Processing TAMD_CMD_GET_SO_DELETE Rsp status: TAM_SUCCESS
2026-04-30 01:11:30.81587Z[INFO] tams_proc: [1452] cmd type: TAMC_CMD_APP_LOGOUT
2026-04-30 01:11:30.81653Z[INFO] tams_proc: [1452] Parsing TAMC_CMD_APP_LOGOUT Req status: TAM_SUCCESS
2026-04-30 01:11:30.81708Z[INFO] tams_proc: [1452] Processing TAMC_CMD_APP_LOGOUT Req status: TAM_SUCCESS
2026-04-30 01:11:30.87182Z[INFO] tams_proc: [1452] cmd type: TAMM_CMD_VUDI_INIT
2026-04-30 01:11:30.87242Z[INFO] tams_proc: [1452] Parsing TAMM_CMD_VUDI_INIT Req status: TAM_SUCCESS
2026-04-30 01:11:30.87327Z[INFO] tams_proc: [1452] Processing TAMM_CMD_VUDI_INIT Req status: TAM_SUCCESS_IN_PROCESS
2026-04-30 01:11:30.151334[INFO] tams_proc: [1452] cmd type: TAMD_CMD_VUDI_INIT
2026-04-30 01:11:30.151361[INFO] tams_proc: [1452] Parsing TAMD_CMD_VUDI_INIT Rsp status: TAM_SUCCESS
2026-04-30 01:11:30.151377[INFO] tams_proc: [1452] Processing TAMD_CMD_VUDI_INIT Rsp status: TAM_SUCCESS
2026-04-30 01:11:30.155196[INFO] tams_proc: [1452] cmd type: TAMC_CMD_APP_LOGIN
2026-04-30 01:11:30.155263[INFO] tams_proc: [1452] Parsing TAMC_CMD_APP_LOGIN Req status: TAM_SUCCESS
2026-04-30 01:11:30.160959[INFO] tams_proc: [1452] Processing TAMC_CMD_APP_LOGIN Req status: TAM_SUCCESS
2026-04-30 01:11:30.169875[INFO] tams_proc: [1452] cmd type: TAMC_CMD_APP_LOGIN
2026-04-30 01:11:30.169927[INFO] tams_proc: [1452] Parsing TAMC_CMD_APP_LOGIN Req status: TAM_SUCCESS
2026-04-30 01:11:30.170002[INFO] tams_proc: [1452] Processing TAMC_CMD_APP_LOGIN Req status: TAM_SUCCESS_IN_PROCESS
2026-04-30 01:11:30.189732[INFO] tams_proc: [1452] cmd type: TAMD_CMD_DEVICE_BIND
2026-04-30 01:11:30.189780[INFO] tams_proc: [1452] Parsing TAMD_CMD_DEVICE_BIND Rsp status: TAM_SUCCESS
2026-04-30 01:11:30.189852[INFO] tams_proc: [1452] Processing TAMD_CMD_DEVICE_BIND Rsp status: TAM_SUCCESS
2026-04-30 01:11:30.192180[INFO] tams_proc: [1452] cmd type: TAMC_CMD_UDI
2026-04-30 01:11:30.192246[INFO] tams_proc: [1452] Parsing TAMC_CMD_UDI Req status: TAM_SUCCESS
2026-04-30 01:11:30.192313[INFO] tams_proc: [1452] Processing TAMC_CMD_UDI Req status: TAM_SUCCESS
2026-04-30 01:11:30.215862[INFO] tams_proc: [1452] cmd type: TAMD_CMD_UDI
2026-04-30 01:11:30.215908[INFO] tams_proc: [1452] Parsing TAMD_CMD_UDI Rsp status: TAM_SUCCESS
2026-04-30 01:11:30.215936[INFO] tams_proc: [1452] Processing TAMD_CMD_UDI Rsp status: TAM_SUCCESS
2026-04-30 01:11:30.218967[INFO] tams_proc: [1452] cmd type: TAMC_CMD_APP_LOGOUT
2026-04-30 01:11:30.219032[INFO] tams_proc: [1452] Parsing TAMC_CMD_APP_LOGOUT Req status: TAM_SUCCESS
2026-04-30 01:11:30.219091[INFO] tams_proc: [1452] Processing TAMC_CMD_APP_LOGOUT Req status: TAM_SUCCESS
2026-04-30 01:12:02.663098[INFO] tams_proc: [1452] cmd type: TAMC_CMD_APP_LOGIN
2026-04-30 01:12:02.663177[INFO] tams_proc: [1452] Parsing TAMC_CMD_APP_LOGIN Req status: TAM_SUCCESS
2026-04-30 01:12:02.699626[INFO] tams_proc: [1452] Processing TAMC_CMD_APP_LOGIN Req status: TAM_SUCCESS
2026-04-30 01:12:02.711843[INFO] tams_proc: [1452] cmd type: TAMC_CMD_APP_LOGIN
2026-04-30 01:12:02.711909[INFO] tams_proc: [1452] Parsing TAMC_CMD_APP_LOGIN Req status: TAM_SUCCESS
2026-04-30 01:12:02.712118[INFO] tams_proc: [1452] Processing TAMC_CMD_APP_LOGIN Req status: TAM_SUCCESS_IN_PROCESS
2026-04-30 01:12:02.803260[INFO] tams_proc: [1452] cmd type: TAMD_CMD_DEVICE_BIND
2026-04-30 01:12:02.803471[INFO] tams_proc: [1452] Parsing TAMD_CMD_DEVICE_BIND Rsp status: TAM_SUCCESS
2026-04-30 01:12:02.803556[INFO] tams_proc: [1452] Processing TAMD_CMD_DEVICE_BIND Rsp status: TAM_SUCCESS
2026-04-30 01:12:03.44308Z[INFO] tams_proc: [1452] cmd type: TAMC_CMD_SO_READ
2026-04-30 01:12:03.44422Z[INFO] tams_proc: [1452] Parsing TAMC_CMD_SO_READ Req status: TAM_SUCCESS
2026-04-30 01:12:03.44502Z[INFO] tams_proc: [1452] Processing TAMC_CMD_SO_READ Req status: TAM_SUCCESS
2026-04-30 01:12:03.163316[INFO] tams_proc: [1452] cmd type: TAMD_CMD_GET_SO_READ
2026-04-30 01:12:03.163364[INFO] tams_proc: [1452] Parsing TAMD_CMD_GET_SO_READ Rsp status: TAM_SUCCESS
2026-04-30 01:12:03.163416[INFO] tams_proc: [1452] Processing TAMD_CMD_GET_SO_READ Rsp status: TAM_SUCCESS
2026-04-30 01:12:03.190423[INFO] tams_proc: [1452] cmd type: TAMC_CMD_SO_READ
2026-04-30 01:12:03.190544[INFO] tams_proc: [1452] Parsing TAMC_CMD_SO_READ Req status: TAM_SUCCESS
2026-04-30 01:12:03.190626[INFO] tams_proc: [1452] Processing TAMC_CMD_SO_READ Req status: TAM_SUCCESS
2026-04-30 01:12:03.353387[INFO] tams_proc: [1452] cmd type: TAMD_CMD_GET_SO_READ
2026-04-30 01:12:03.353435[INFO] tams_proc: [1452] Parsing TAMD_CMD_GET_SO_READ Rsp status: TAM_SUCCESS
2026-04-30 01:12:03.353458[INFO] tams_proc: [1452] Processing TAMD_CMD_GET_SO_READ Rsp status: TAM_SUCCESS
2026-04-30 01:12:03.359770[INFO] tams_proc: [1452] cmd type: TAMC_CMD_SO_WRITE
2026-04-30 01:12:03.360069[INFO] tams_proc: [1452] Parsing TAMC_CMD_SO_WRITE Req status: TAM_SUCCESS
2026-04-30 01:12:03.360153[INFO] tams_proc: [1452] Processing TAMC_CMD_SO_WRITE Req status: TAM_SUCCESS
2026-04-30 01:12:03.450903[INFO] tams_proc: [1452] cmd type: TAMD_CMD_GET_SO_WRITE
2026-04-30 01:12:03.450960[INFO] tams_proc: [1452] Parsing TAMD_CMD_GET_SO_WRITE Rsp status: TAM_SUCCESS
2026-04-30 01:12:03.450989[INFO] tams_proc: [1452] Processing TAMD_CMD_GET_SO_WRITE Rsp status: TAM_SUCCESS
2026-04-30 01:12:03.454344[INFO] tams_proc: [1452] cmd type: TAMC_CMD_SO_CREATE
2026-04-30 01:12:03.454501[INFO] tams_proc: [1452] Parsing TAMC_CMD_SO_CREATE Req status: TAM_SUCCESS
2026-04-30 01:12:03.454583[INFO] tams_proc: [1452] Processing TAMC_CMD_SO_CREATE Req status: TAM_SUCCESS
2026-04-30 01:12:03.618158[INFO] tams_proc: [1452] cmd type: TAMC_CMD_APP_LOGIN
2026-04-30 01:12:03.618240[INFO] tams_proc: [1452] Parsing TAMC_CMD_APP_LOGIN Req status: TAM_SUCCESS
2026-04-30 01:12:03.666315[INFO] tams_proc: [1452] Processing TAMC_CMD_APP_LOGIN Req status: TAM_SUCCESS
2026-04-30 01:12:03.716121[INFO] tams_proc: [1452] cmd type: TAMC_CMD_APP_LOGIN
2026-04-30 01:12:03.716187[INFO] tams_proc: [1452] Parsing TAMC_CMD_APP_LOGIN Req status: TAM_SUCCESS
2026-04-30 01:12:03.716262[INFO] tams_proc: [1452] Processing TAMC_CMD_APP_LOGIN Req status: TAM_SUCCESS_IN_PROCESS
2026-04-30 01:12:03.836418[INFO] tams_proc: [1452] cmd type: TAMD_CMD_GET_SO_CREATE
2026-04-30 01:12:03.836479[INFO] tams_proc: [1452] Parsing TAMD_CMD_GET_SO_CREATE Rsp status: TAM_SUCCESS
2026-04-30 01:12:03.836519[INFO] tams_proc: [1452] Processing TAMD_CMD_GET_SO_CREATE Rsp status: TAM_SUCCESS
2026-04-30 01:12:03.840841[INFO] tams_proc: [1452] cmd type: TAMC_CMD_SO_WRITE
2026-04-30 01:12:03.840979[INFO] tams_proc: [1452] Parsing TAMC_CMD_SO_WRITE Req status: TAM_SUCCESS
2026-04-30 01:12:03.841067[INFO] tams_proc: [1452] Processing TAMC_CMD_SO_WRITE Req status: TAM_SUCCESS
2026-04-30 01:12:03.949214[INFO] tams_proc: [1452] cmd type: TAMD_CMD_DEVICE_BIND
2026-04-30 01:12:03.949278[INFO] tams_proc: [1452] Parsing TAMD_CMD_DEVICE_BIND Rsp status: TAM_SUCCESS
2026-04-30 01:12:03.949367[INFO] tams_proc: [1452] Processing TAMD_CMD_DEVICE_BIND Rsp status: TAM_SUCCESS
2026-04-30 01:12:03.956413[INFO] tams_proc: [1452] cmd type: TAMC_CMD_DEVICE_CAP
2026-04-30 01:12:03.956502[INFO] tams_proc: [1452] Parsing TAMC_CMD_DEVICE_CAP Req status: TAM_SUCCESS
2026-04-30 01:12:03.956586[INFO] tams_proc: [1452] Processing TAMC_CMD_DEVICE_CAP Req status: TAM_SUCCESS_IN_PROCESS
2026-04-30 01:12:04.58246Z[INFO] tams_proc: [1452] cmd type: TAMD_CMD_GET_SO_WRITE
2026-04-30 01:12:04.58472Z[INFO] tams_proc: [1452] Parsing TAMD_CMD_GET_SO_WRITE Rsp status: TAM_SUCCESS
2026-04-30 01:12:04.58516Z[INFO] tams_proc: [1452] Processing TAMD_CMD_GET_SO_WRITE Rsp status: TAM_SUCCESS
2026-04-30 01:12:04.60308Z[INFO] tams_proc: [1452] cmd type: TAMD_CMD_DEVICE_CAP
2026-04-30 01:12:04.60392Z[INFO] tams_proc: [1452] Parsing TAMD_CMD_DEVICE_CAP Rsp status: TAM_SUCCESS
2026-04-30 01:12:04.60421Z[INFO] tams_proc: [1452] Processing TAMD_CMD_DEVICE_CAP Rsp status: TAM_SUCCESS
2026-04-30 01:12:04.62773Z[INFO] tams_proc: [1452] cmd type: TAMC_CMD_SO_READ
2026-04-30 01:12:04.62892Z[IMD_GET_SO_CREATE
2026-04-30 01:11:29.985330[INFO] tamd_proc: [1498] Processing TAMD_CMD_GET_SO_CREATE Req status: TAM_SUCCESS
2026-04-30 01:11:29.992055[INFO] tamd_proc: [1498] cmd type: TAMD_CMD_GET_SO_WRITE
2026-04-30 01:11:30.11700Z[INFO] tamd_proc: [1498] Processing TAMD_CMD_GET_SO_WRITE Req status: TAM_SUCCESS
2026-04-30 01:11:30.17105Z[INFO] tamd_proc: [1498] cmd type: TAMD_CMD_GET_SO_READ
2026-04-30 01:11:30.34245Z[INFO] tamd_proc: [1498] Processing TAMD_CMD_GET_SO_READ Req status: TAM_SUCCESS
2026-04-30 01:11:30.39561Z[INFO] tamd_proc: [1498] cmd type: TAMD_CMD_GET_SO_DELETE
2026-04-30 01:11:30.77688Z[INFO] tamd_proc: [1498] Processing TAMD_CMD_GET_SO_DELETE Req status: TAM_SUCCESS
2026-04-30 01:11:30.88456Z[INFO] tamd_proc: [1498] cmd type: TAMD_CMD_VUDI_INIT
2026-04-30 01:11:30.150234[INFO] tamd_proc: [1498] Processing TAMD_CMD_VUDI_INIT Req status: TAM_SUCCESS
2026-04-30 01:11:30.172058[INFO] tamd_proc: [1498] cmd type: TAMD_CMD_DEVICE_BIND
2026-04-30 01:11:30.188480[INFO] tamd_proc: [1498] Processing TAMD_CMD_DEVICE_BIND Req status: TAM_SUCCESS
2026-04-30 01:11:30.193460[INFO] tamd_proc: [1498] cmd type: TAMD_CMD_UDI
2026-04-30 01:11:30.214804[INFO] tamd_proc: [1498] Processing TAMD_CMD_UDI Req status: TAM_SUCCESS
2026-04-30 01:12:02.713176[INFO] tamd_proc: [1498] cmd type: TAMD_CMD_DEVICE_BIND
2026-04-30 01:12:02.798306[INFO] tamd_proc: [1498] Processing TAMD_CMD_DEVICE_BIND Req status: TAM_SUCCESS
2026-04-30 01:12:03.45721Z[INFO] tamd_proc: [1498] cmd type: TAMD_CMD_GET_SO_READ
2026-04-30 01:12:03.162252[INFO] tamd_proc: [1498] Processing TAMD_CMD_GET_SO_READ Req status: TAM_SUCCESS
2026-04-30 01:12:03.196438[INFO] tamd_proc: [1498] cmd type: TAMD_CMD_GET_SO_READ
2026-04-30 01:12:03.352322[INFO] tamd_proc: [1498] Processing TAMD_CMD_GET_SO_READ Req status: TAM_SUCCESS
2026-04-30 01:12:03.361390[INFO] tamd_proc: [1498] cmd type: TAMD_CMD_GET_SO_WRITE
2026-04-30 01:12:03.448943[INFO] tamd_proc: [1498] Processing TAMD_CMD_GET_SO_WRITE Req status: TAM_SUCCESS
2026-04-30 01:12:03.456010[INFO] tamd_proc: [1498] cmd type: TAMD_CMD_GET_SO_CREATE
2026-04-30 01:12:03.833349[INFO] tamd_proc: [1498] Processing TAMD_CMD_GET_SO_CREATE Req status: TAM_SUCCESS
2026-04-30 01:12:03.838524[INFO] tamd_proc: [1498] cmd type: TAMD_CMD_DEVICE_BIND
2026-04-30 01:12:03.946487[INFO] tamd_proc: [1498] Processing TAMD_CMD_DEVICE_BIND Req status: TAM_SUCCESS
2026-04-30 01:12:03.949509[INFO] tamd_proc: [1498] cmd type: TAMD_CMD_GET_SO_WRITE
2026-04-30 01:12:04.55505Z[INFO] tamd_proc: [1498] Processing TAMD_CMD_GET_SO_WRITE Req status: TAM_SUCCESS
2026-04-30 01:12:04.58664Z[INFO] tamd_proc: [1498] cmd type: TAMD_CMD_DEVICE_CAP
2026-04-30 01:12:04.59001Z[INFO] tamd_proc: [1498] Processing TAMD_CMD_DEVICE_CAP Req status: TAM_SUCCESS
2026-04-30 01:12:04.69549Z[INFO] tamd_proc: [1498] cmd type: TAMD_CMD_GET_SO_READ
2026-04-30 01:12:04.184651[INFO] tamd_proc: [1498] Processing TAMD_CMD_GET_SO_READ Req status: TAM_SUCCESS
2026-04-30 01:12:04.185911[INFO] tamd_proc: [1498] cmd type: TAMD_CMD_GET_SO_READ
2026-04-30 01:12:04.262199[INFO] tamd_proc: [1498] Processing TAMD_CMD_GET_SO_READ Req status: TAM_SUCCESS
2026-04-30 01:12:04.325235[INFO] tamd_proc: [1498] cmd type: TAMD_CMD_GET_SO_CREATE
2026-04-30 01:12:04.746795[INFO] tamd_proc: [1498] Processing TAMD_CMD_GET_SO_CREATE Req status: TAM_SUCCESS
2026-04-30 01:12:04.749422[INFO] tamd_proc: [1498] cmd type: TAMD_CMD_GET_SO_DELETE
2026-04-30 01:12:04.860976[INFO] tamd_proc: [1498] Processing TAMD_CMD_GET_SO_DELETE Req status: TAM_SUCCESS
2026-04-30 01:12:04.864619[INFO] tamd_proc: [1498] cmd type: TAMD_CMD_GET_SO_WRITE
2026-04-30 01:12:04.949797[INFO] tamd_proc: [1498] Processing TAMD_CMD_GET_SO_WRITE Req status: TAM_SUCCESS
2026-04-30 01:12:04.958201[INFO] tamd_proc: [1498] cmd type: TAMD_CMD_GET_SO_CREATE
2026-04-30 01:12:05.60424Z[INFO] tamd_proc: [1498] Processing TAMD_CMD_GET_SO_CREATE Req status: TAM_SUCCESS
2026-04-30 01:12:05.67865Z[INFO] tamd_proc: [1498] cmd type: TAMD_CMD_GET_SO_WRITE
2026-04-30 01:12:05.120920[INFO] tamd_proc: [1498] Processing TAMD_CMD_GET_SO_WRITE Req status: TAM_SNFO] tams_proc: [1452] Parsing TAMC_CMD_SO_READ Req status: TAM_SUCCESS
2026-04-30 01:12:04.63010Z[INFO] tams_proc: [1452] Processing TAMC_CMD_SO_READ Req status: TAM_SUCCESS
2026-04-30 01:12:04.69227Z[INFO] tams_proc: [1452] cmd type: TAMC_CMD_SO_READ
2026-04-30 01:12:04.69339Z[INFO] tams_proc: [1452] Parsing TAMC_CMD_SO_READ Req status: TAM_SUCCESS
2026-04-30 01:12:04.69420Z[INFO] tams_proc: [1452] Processing TAMC_CMD_SO_READ Req status: TAM_SUCCESS
2026-04-30 01:12:04.185713[INFO] tams_proc: [1452] cmd type: TAMD_CMD_GET_SO_READ
2026-04-30 01:12:04.185773[INFO] tams_proc: [1452] Parsing TAMD_CMD_GET_SO_READ Rsp status: TAM_SUCCESS
2026-04-30 01:12:04.185804[INFO] tams_proc: [1452] Processing TAMD_CMD_GET_SO_READ Rsp status: TAM_SUCCESS
2026-04-30 01:12:04.281189[INFO] tams_proc: [1452] cmd type: TAMD_CMD_GET_SO_READ
2026-04-30 01:12:04.281254[INFO] tams_proc: [1452] Parsing TAMD_CMD_GET_SO_READ Rsp status: TAM_SUCCESS
2026-04-30 01:12:04.281285[INFO] tams_proc: [1452] Processing TAMD_CMD_GET_SO_READ Rsp status: TAM_SUCCESS
2026-04-30 01:12:04.286308[INFO] tams_proc: [1452] cmd type: TAMC_CMD_SO_CREATE
2026-04-30 01:12:04.286444[INFO] tams_proc: [1452] Parsing TAMC_CMD_SO_CREATE Req status: TAM_SUCCESS
2026-04-30 01:12:04.286527[INFO] tams_proc: [1452] Processing TAMC_CMD_SO_CREATE Req status: TAM_SUCCESS
2026-04-30 01:12:04.488586[INFO] tams_proc: [1452] cmd type: TAMC_CMD_SO_DELETE
2026-04-30 01:12:04.488715[INFO] tams_proc: [1452] Parsing TAMC_CMD_SO_DELETE Req status: TAM_SUCCESS
2026-04-30 01:12:04.488805[INFO] tams_proc: [1452] Processing TAMC_CMD_SO_DELETE Req status: TAM_SUCCESS
2026-04-30 01:12:04.749243[INFO] tams_proc: [1452] cmd type: TAMD_CMD_GET_SO_CREATE
2026-04-30 01:12:04.749301[INFO] tams_proc: [1452] Parsing TAMD_CMD_GET_SO_CREATE Rsp status: TAM_SUCCESS
2026-04-30 01:12:04.749335[INFO] tams_proc: [1452] Processing TAMD_CMD_GET_SO_CREATE Rsp status: TAM_SUCCESS
2026-04-30 01:12:04.794210[INFO] tams_proc: [1452] cmd type: TAMC_CMD_SO_WRITE
2026-04-30 01:12:04.794338[INFO] tams_proc: [1452] Parsing TAMC_CMD_SO_WRITE Req status: TAM_SUCCESS
2026-04-30 01:12:04.794412[INFO] tams_proc: [1452] Processing TAMC_CMD_SO_WRITE Req status: TAM_SUCCESS
2026-04-30 01:12:04.864411[INFO] tams_proc: [1452] cmd type: TAMD_CMD_GET_SO_DELETE
2026-04-30 01:12:04.864472[INFO] tams_proc: [1452] Parsing TAMD_CMD_GET_SO_DELETE Rsp status: TAM_SUCCESS
2026-04-30 01:12:04.864501[INFO] tams_proc: [1452] Processing TAMD_CMD_GET_SO_DELETE Rsp status: TAM_SUCCESS
2026-04-30 01:12:04.950926[INFO] tams_proc: [1452] cmd type: TAMD_CMD_GET_SO_WRITE
2026-04-30 01:12:04.950990[INFO] tams_proc: [1452] Parsing TAMD_CMD_GET_SO_WRITE Rsp status: TAM_SUCCESS
2026-04-30 01:12:04.951028[INFO] tams_proc: [1452] Processing TAMD_CMD_GET_SO_WRITE Rsp status: TAM_SUCCESS
2026-04-30 01:12:04.956103[INFO] tams_proc: [1452] cmd type: TAMC_CMD_SO_CREATE
2026-04-30 01:12:04.956265[INFO] tams_proc: [1452] Parsing TAMC_CMD_SO_CREATE Req status: TAM_SUCCESS
2026-04-30 01:12:04.956358[INFO] tams_proc: [1452] Processing TAMC_CMD_SO_CREATE Req status: TAM_SUCCESS
2026-04-30 01:12:05.61521Z[INFO] tams_proc: [1452] cmd type: TAMD_CMD_GET_SO_CREATE
2026-04-30 01:12:05.61577Z[INFO] tams_proc: [1452] Parsing TAMD_CMD_GET_SO_CREATE Rsp status: TAM_SUCCESS
2026-04-30 01:12:05.61608Z[INFO] tams_proc: [1452] Processing TAMD_CMD_GET_SO_CREATE Rsp status: TAM_SUCCESS
2026-04-30 01:12:05.63929Z[INFO] tams_proc: [1452] cmd type: TAMC_CMD_SO_WRITE
2026-04-30 01:12:05.64043Z[INFO] tams_proc: [1452] Parsing TAMC_CMD_SO_WRITE Req status: TAM_SUCCESS
2026-04-30 01:12:05.64122Z[INFO] tams_proc: [1452] Processing TAMC_CMD_SO_WRITE Req status: TAM_SUCCESS
2026-04-30 01:12:05.125050[INFO] tams_proc: [1452] cmd type: TAMD_CMD_GET_SO_WRITE
2026-04-30 01:12:05.125120[INFO] tams_proc: [1452] Parsing TAMD_CMD_GET_SO_WRITE Rsp status: TAM_SUCCESS
2026-04-30 01:12:05.125155[INFO] tams_proc: [1452] Processing TAMD_CMD_GET_SO_WRITE Rsp status: TAM_SUCCESS
2026-04-30 01:12:07.139574[INFO] tams_proc: [1452] cmd type: TAMC_CMD_APP_LOGIN
2026-04-30 01:12:07.139653[INFO] tams_proc: [1452] Parsing TAMC_CMD_APP_LOGIN Req status: TAM_SUCCESS
2026-04-30 01:12:07.163433[INFO] tams_proc: [1452] Processing TAMC_CMD_APP_LOGIN Req status: TAM_SUCCESS
2026-04-30 01:12:07.195765[INFO] tams_proc: [1452] cmd type: TAMC_CMD_APP_LOGIN
2026-04-30 01:12:07.197171[INFO] tams_proc: [1452] Parsing TAMC_CMD_APP_LOGIN Req status: TAM_SUCCESS
2026-04-30 01:12:07.197285[INFO] tams_proc: [1452] Processing TAMC_CMD_APP_LOGIN Req status: TAM_SUCCESS_IN_PROCESS
2026-04-30 01:12:07.428039[INFO] tams_proc: [1452] cmd type: TAMD_CMD_DEVICE_BIND
2026-04-30 01:12:07.428098[INFO] tams_proc: [1452] Parsing TAMD_CMD_DEVICE_BIND Rsp status: TAM_SUCCESS
2026-04-30 01:12:07.428182[INFO] tams_proc: [1452] Processing TAMD_CMD_DEVICE_BIND Rsp status: TAM_SUCCESS
2026-04-30 01:12:07.430551[INFO] tams_proc: [1452] cmd type: TAMC_CMD_SO_READ
2026-04-30 01:12:07.430660[INFO] tams_proc: [1452] Parsing TAMC_CMD_SO_READ Req status: TAM_SUCCESS
2026-04-30 01:12:07.430745[INFO] tams_proc: [1452] Processing TAMC_CMD_SO_READ Req status: TAM_SUCCESS
2026-04-30 01:12:07.458273[INFO] tams_proc: [1452] cmd type: TAMD_CMD_GET_SO_READ
2026-04-30 01:12:07.458335[INFO] tams_proc: [1452] Parsing TAMD_CMD_GET_SO_READ Rsp status: TAM_SUCCESS
2026-04-30 01:12:07.458367[INFO] tams_proc: [1452] Processing TAMD_CMD_GET_SO_READ Rsp status: TAM_SUCCESS
2026-04-30 01:12:07.460812[INFO] tams_proc: [1452] cmd type: TAMC_CMD_APP_LOGOUT
2026-04-30 01:12:07.460892[INFO] tams_proc: [1452] Parsing TAMC_CMD_APP_LOGOUT Req status: TAM_SUCCESS
2026-04-30 01:12:07.460952[INFO] tams_proc: [1452] Processing TAMC_CMD_APP_LOGOUT Req status: TAM_SUCCESS
2026-04-30 01:12:07.484702[INFO] tams_proc: [1452] cmd type: TAMC_CMD_APP_LOGIN
2026-04-30 01:12:07.484776[INFO] tams_proc: [1452] Parsing TAMC_CMD_APP_LOGIN Req status: TAM_SUCCESS
2026-04-30 01:12:07.533954[INFO] tams_proc: [1452] Processing TAMC_CMD_APP_LOGIN Req status: TAM_SUCCESS
2026-04-30 01:12:07.651161[INFO] tams_proc: [1452] cmd type: TAMC_CMD_APP_LOGIN
2026-04-30 01:12:07.651224[INFO] tams_proc: [1452] Parsing TAMC_CMD_APP_LOGIN Req status: TAM_SUCCESS
2026-04-30 01:12:07.651301[INFO] tams_proc: [1452] Processing TAMC_CMD_APP_LOGIN Req status: TAM_SUCCESS_IN_PROCESS
2026-04-30 01:12:07.819229[INFO] tams_proc: [1452] cmd type: TAMD_CMD_DEVICE_BIND
2026-04-30 01:12:07.819282[INFO] tams_proc: [1452] Parsing TAMD_CMD_DEVICE_BIND Rsp status: TAM_SUCCESS
2026-04-30 01:12:07.819363[INFO] tams_proc: [1452] Processing TAMD_CMD_DEVICE_BIND Rsp status: TAM_SUCCESS
2026-04-30 01:12:15.813459[INFO] tams_proc: [1452] cmd type: TAMC_CMD_APP_LOGIN
2026-04-30 01:12:15.813545[INFO] tams_proc: [1452] Parsing TAMC_CMD_APP_LOGIN Req status: TAM_SUCCESS
2026-04-30 01:12:15.821126[INFO] tams_proc: [1452] Processing TAMC_CMD_APP_LOGIN Req status: TAM_SUCCESS
2026-04-30 01:12:15.839849[INFO] tams_proc: [1452] cmd type: TAMC_CMD_APP_LOGIN
2026-04-30 01:12:15.839915[INFO] tams_proc: [1452] Parsing TAMC_CMD_APP_LOGIN Req status: TAM_SUCCESS
2026-04-30 01:12:15.839999[INFO] tams_proc: [1452] Processing TAMC_CMD_APP_LOGIN Req status: TAM_SUCCESS_IN_PROCESS
2026-04-30 01:12:15.886261[INFO] tams_proc: [1452] cmd type: TAMD_CMD_DEVICE_BIND
2026-04-30 01:12:15.886323[INFO] tams_proc: [1452] Parsing TAMD_CMD_DEVICE_BIND Rsp status: TAM_SUCCESS
2026-04-30 01:12:15.886534[INFO] tams_proc: [1452] Processing TAMD_CMD_DEVICE_BIND Rsp status: TAM_SUCCESS
2026-04-30 01:12:15.893192[INFO] tams_proc: [1452] cmd type: TAMC_CMD_DEVICE_CAP
2026-04-30 01:12:15.893283[INFO] tams_proc: [1452] Parsing TAMC_CMD_DEVICE_CAP Req status: TAM_SUCCESS
2026-04-30 01:12:15.893367[INFO] tams_proc: [1452] Processing TAMC_CMD_DEVICE_CAP Req status: TAM_SUCCESS_IN_PROCESS
2026-04-30 01:12:15.895937[INFO] tams_proc: [1452] cmd type: TAMD_CMD_DEVICE_CAP
2026-04-30 01:12:15.896006[INFO] tams_proc: [1452] Parsing TAMD_CMD_DEVICE_CAP Rsp status: TAM_SUCCESS
2026-04-30 01:12:15.896031[INFO] tams_proc: [1452] Processing TAMD_CMD_DEVICE_CAP Rsp status: TAM_SUCCESS
2026-04-30 01:12:15.903451[INFO] tams_proc: [1452] cmd type: TAMC_CMD_SO_READ
2026-04-30 01:12:15.903564[INFO] tams_proc: [1452] Parsing TAMC_C