2026-04-30T01:11:07.327057+00:00 p5-xr1 lvm[307]: Logging initialised at Thu Apr 30 01:10:56 2026
2026-04-30T01:11:07.327074+00:00 p5-xr1 lvm[307]: Set umask from 0022 to 0077
2026-04-30T01:11:07.327082+00:00 p5-xr1 lvm[307]: Creating directory "/run/lock/lvm"
2026-04-30T01:11:07.327176+00:00 p5-xr1 lvm[307]: No volume groups found.
2026-04-30T01:11:07.327057+00:00 p5-xr1 lvm[307]: Logging initialised at Thu Apr 30 01:10:56 2026
2026-04-30T01:11:07.327074+00:00 p5-xr1 lvm[307]: Set umask from 0022 to 0077
2026-04-30T01:11:07.327082+00:00 p5-xr1 lvm[307]: Creating directory "/run/lock/lvm"
2026-04-30T01:11:07.327176+00:00 p5-xr1 lvm[307]: No volume groups found.
2026-04-30T01:11:25.348865+00:00 p5-xr1 lvm[1046]: Logging initialised at Thu Apr 30 01:11:25 2026
2026-04-30T01:11:25.348865+00:00 p5-xr1 lvm[1046]: Logging initialised at Thu Apr 30 01:11:25 2026
2026-04-30T01:11:25.349337+00:00 p5-xr1 lvm[1046]: Set umask from 0022 to 0077
2026-04-30T01:11:25.349337+00:00 p5-xr1 lvm[1046]: Set umask from 0022 to 0077
2026-04-30T01:11:25.368913+00:00 p5-xr1 lvm[1046]: No volume groups found.
2026-04-30T01:11:25.368913+00:00 p5-xr1 lvm[1046]: No volume groups found.
2026-04-30T01:11:25.492816+00:00 p5-xr1 xr_file_monitor-[info]: File monitoring started. Unable to create DR [/mnt/dr_part] archive & backup folders!
2026-04-30T01:11:25.492816+00:00 p5-xr1 xr_file_monitor-[info]: File monitoring started. Unable to create DR [/mnt/dr_part] archive & backup folders!
2026-04-30T01:11:25.496414+00:00 p5-xr1 xr_file_monitor-[info]: Checking for stale password lock files
2026-04-30T01:11:25.496414+00:00 p5-xr1 xr_file_monitor-[info]: Checking for stale password lock files
2026-04-30T01:12:20.003393+00:00 p5-xr1 sshd: (sshd): Socket created, sockfd = 3
2026-04-30T01:12:20.003393+00:00 p5-xr1 sshd: (sshd): Socket created, sockfd = 3
2026-04-30T01:12:20.005467+00:00 p5-xr1 sshd: (sshd): Successfully connected to server, sockfd = 3
2026-04-30T01:12:20.005467+00:00 p5-xr1 sshd: (sshd): Successfully connected to server, sockfd = 3
2026-04-30T01:12:21.289242+00:00 p5-xr1 sshd: (sshd): Socket created, sockfd = 3
2026-04-30T01:12:21.289242+00:00 p5-xr1 sshd: (sshd): Socket created, sockfd = 3
2026-04-30T01:12:21.289486+00:00 p5-xr1 sshd: (sshd): Successfully connected to server, sockfd = 3
2026-04-30T01:12:21.289486+00:00 p5-xr1 sshd: (sshd): Successfully connected to server, sockfd = 3
