2026-04-30T01:10:57.264762+00:00 p3-xr2 crond[432]: (CRON) STARTUP (1.5.5)
2026-04-30T01:10:57.264771+00:00 p3-xr2 crond[432]: (CRON) INFO (Syslog will be used instead of sendmail.)
2026-04-30T01:10:57.264778+00:00 p3-xr2 crond[432]: (CRON) INFO (RANDOM_DELAY will be scaled with factor 54% if used.)
2026-04-30T01:11:01.152405+00:00 p3-xr2 CROND[557]: (root) CMD (env PATH=/usr/bin:/usr/sbin:/bin:/sbin thinxr-logrotate-app.sh)
2026-04-30T01:13:01.202709+00:00 p3-xr2 CROND[5723]: (root) CMD (/etc/xrd_filecleanup.sh 90 >/dev/null 2>&1)
2026-04-30T01:15:01.279194+00:00 p3-xr2 CROND[6587]: (root) CMD (/pkg/bin/monitor_coreinfo.sh)
2026-04-30T01:15:01.279544+00:00 p3-xr2 CROND[6588]: (root) CMD (/etc/init.d/tmpdir_cleanup.sh 80 >/dev/null 2>&1)
2026-04-30T01:15:01.279683+00:00 p3-xr2 CROND[6589]: (root) CMD (env PATH=/usr/bin:/usr/sbin:/bin:/sbin logrotate /etc/logrotate.conf)
2026-04-30T01:16:01.305889+00:00 p3-xr2 CROND[6664]: (root) CMD (env PATH=/usr/bin:/usr/sbin:/bin:/sbin thinxr-logrotate-app.sh)
2026-04-30T01:18:01.321962+00:00 p3-xr2 CROND[6766]: (root) CMD (/etc/xrd_filecleanup.sh 90 >/dev/null 2>&1)
2026-04-30T01:20:01.398521+00:00 p3-xr2 CROND[6867]: (root) CMD (/etc/init.d/tmpdir_cleanup.sh 80 >/dev/null 2>&1)
2026-04-30T01:20:01.398765+00:00 p3-xr2 CROND[6868]: (root) CMD (env PATH=/usr/bin:/usr/sbin:/bin:/sbin logrotate /etc/logrotate.conf)
2026-04-30T01:21:01.425105+00:00 p3-xr2 CROND[6934]: (root) CMD (env PATH=/usr/bin:/usr/sbin:/bin:/sbin thinxr-logrotate-app.sh)
2026-04-30T01:23:01.432448+00:00 p3-xr2 CROND[7012]: (root) CMD (/etc/xrd_filecleanup.sh 90 >/dev/null 2>&1)
2026-04-30T01:25:01.508280+00:00 p3-xr2 CROND[7147]: (root) CMD (/etc/init.d/tmpdir_cleanup.sh 80 >/dev/null 2>&1)
2026-04-30T01:25:01.508615+00:00 p3-xr2 CROND[7148]: (root) CMD (env PATH=/usr/bin:/usr/sbin:/bin:/sbin logrotate /etc/logrotate.conf)
2026-04-30T01:26:01.535064+00:00 p3-xr2 CROND[7221]: (root) CMD (env PATH=/usr/bin:/usr/sbin:/bin:/sbin thinxr-logrotate-app.sh)
2026-04-30T01:28:01.542772+00:00 p3-xr2 CROND[7299]: (root) CMD (/etc/xrd_filecleanup.sh 90 >/dev/null 2>&1)
2026-04-30T01:30:01.618717+00:00 p3-xr2 CROND[7403]: (root) CMD (/pkg/bin/monitor_coreinfo.sh)
2026-04-30T01:30:01.618951+00:00 p3-xr2 CROND[7404]: (root) CMD (/etc/init.d/tmpdir_cleanup.sh 80 >/dev/null 2>&1)
2026-04-30T01:30:01.619080+00:00 p3-xr2 CROND[7405]: (root) CMD (env PATH=/usr/bin:/usr/sbin:/bin:/sbin logrotate /etc/logrotate.conf)
2026-04-30T01:31:01.645340+00:00 p3-xr2 CROND[7474]: (root) CMD (env PATH=/usr/bin:/usr/sbin:/bin:/sbin thinxr-logrotate-app.sh)
2026-04-30T01:33:01.653011+00:00 p3-xr2 CROND[10152]: (root) CMD (/etc/xrd_filecleanup.sh 90 >/dev/null 2>&1)
2026-04-30T01:35:01.728320+00:00 p3-xr2 CROND[10284]: (root) CMD (/etc/init.d/tmpdir_cleanup.sh 80 >/dev/null 2>&1)
2026-04-30T01:35:01.728712+00:00 p3-xr2 CROND[10285]: (root) CMD (env PATH=/usr/bin:/usr/sbin:/bin:/sbin logrotate /etc/logrotate.conf)
2026-04-30T01:36:01.756594+00:00 p3-xr2 CROND[10359]: (root) CMD (env PATH=/usr/bin:/usr/sbin:/bin:/sbin thinxr-logrotate-app.sh)
