2026-04-30 01:11:26.455468[ERR] tamsvcs_tamm: [1395] 
*
*
* Starting tamsvcs_tamm process...
*
*
*
2026-04-30 01:11:26.455504[INFO] tamsvcs_tamm: [1395] TAM sync is NOT enabled for this platform
2026-04-30 01:11:26.455515[INFO] tamsvcs_tamm: [1395] TAM entropy is NOT enabled for this platform
2026-04-30 01:11:26.628916[INFO] tamsvcs_tamm: [1395] Successfully registered with sysmgr for proc_role change
2026-04-30 01:11:26.640768[INFO] tamsvcs_tamm: [1395] tams_proc started 1475
2026-04-30 01:11:26.640810[INFO] tamsvcs_tamm: [1395] Creating TAM:XRD_TAMDB of type:2
2026-04-30 01:11:26.640823[INFO] tamsvcs_tamm: [1395] Registering device :XRD_TAMDB Type:2 
2026-04-30 01:11:28.166071[INFO] tamsvcs_tamm: [1395] cmd type: TAMM_CMD_REGISTER_DEVICE
2026-04-30 01:11:28.166118[INFO] tamsvcs_tamm: [1395] Parsing TAMM_CMD_REGISTER_DEVICE Rsp status: TAM_SUCCESS
2026-04-30 01:11:28.255588[INFO] tamsvcs_tamm: [1395] cmd type: TAMM_CMD_REGISTER_DEVICE
2026-04-30 01:11:28.255632[INFO] tamsvcs_tamm: [1395] Parsing TAMM_CMD_REGISTER_DEVICE Rsp status: TAM_SUCCESS
2026-04-30 01:11:28.255659[INFO] tamsvcs_tamm: [1395] cmd type: TAMM_CMD_REGISTER_DEVICE
2026-04-30 01:11:28.255695[INFO] tamsvcs_tamm: [1395] Parsing TAMM_CMD_REGISTER_DEVICE Rsp status: TAM_SUCCESS
2026-04-30 01:11:28.255702[INFO] tamsvcs_tamm: [1395] Register device response TAM_SUCCESS
2026-04-30 01:11:28.256651[INFO] tamsvcs_tamm: [1395] Successfully registered device XRD_TAMDB Type: 2
2026-04-30 01:11:28.261539[INFO] tamsvcs_tamm: [1395] cmd type: TAMM_CMD_REGISTER_APP
2026-04-30 01:11:28.261589[INFO] tamsvcs_tamm: [1395] Parsing TAMM_CMD_REGISTER_APP Rsp status: TAM_SUCCESS
2026-04-30 01:11:28.320080[INFO] tamsvcs_tamm: [1395] cmd type: TAMM_CMD_REGISTER_APP
2026-04-30 01:11:28.320128[INFO] tamsvcs_tamm: [1395] Parsing TAMM_CMD_REGISTER_APP Rsp status: TAM_SUCCESS
2026-04-30 01:11:28.320155[INFO] tamsvcs_tamm: [1395] cmd type: TAMM_CMD_REGISTER_APP
2026-04-30 01:11:28.320192[INFO] tamsvcs_tamm: [1395] Parsing TAMM_CMD_REGISTER_APP Rsp status: TAM_SUCCESS
2026-04-30 01:11:28.322641[INFO] tamsvcs_tamm: [1395] cmd type: TAMM_CMD_APP_SET_ATTR
2026-04-30 01:11:28.322691[INFO] tamsvcs_tamm: [1395] Parsing TAMM_CMD_APP_SET_ATTR Rsp status: TAM_SUCCESS
2026-04-30 01:11:28.369127[INFO] tamsvcs_tamm: [1395] cmd type: TAMM_CMD_APP_SET_ATTR
2026-04-30 01:11:28.369175[INFO] tamsvcs_tamm: [1395] Parsing TAMM_CMD_APP_SET_ATTR Rsp status: TAM_SUCCESS
2026-04-30 01:11:28.369199[INFO] tamsvcs_tamm: [1395] cmd type: TAMM_CMD_APP_SET_ATTR
2026-04-30 01:11:28.369231[INFO] tamsvcs_tamm: [1395] Parsing TAMM_CMD_APP_SET_ATTR Rsp status: TAM_SUCCESS
2026-04-30 01:11:28.373997[INFO] tamsvcs_tamm: [1395] cmd type: TAMM_CMD_REGISTER_APP
2026-04-30 01:11:28.374045[INFO] tamsvcs_tamm: [1395] Parsing TAMM_CMD_REGISTER_APP Rsp status: TAM_SUCCESS
2026-04-30 01:11:28.439569[INFO] tamsvcs_tamm: [1395] cmd type: TAMM_CMD_REGISTER_APP
2026-04-30 01:11:28.439617[INFO] tamsvcs_tamm: [1395] Parsing TAMM_CMD_REGISTER_APP Rsp status: TAM_SUCCESS
2026-04-30 01:11:28.439640[INFO] tamsvcs_tamm: [1395] cmd type: TAMM_CMD_REGISTER_APP
2026-04-30 01:11:28.439674[INFO] tamsvcs_tamm: [1395] Parsing TAMM_CMD_REGISTER_APP Rsp status: TAM_SUCCESS
2026-04-30 01:11:28.442134[INFO] tamsvcs_tamm: [1395] cmd type: TAMM_CMD_APP_SET_ATTR
2026-04-30 01:11:28.442180[INFO] tamsvcs_tamm: [1395] Parsing TAMM_CMD_APP_SET_ATTR Rsp status: TAM_SUCCESS
2026-04-30 01:11:28.494084[INFO] tamsvcs_tamm: [1395] cmd type: TAMM_CMD_APP_SET_ATTR
2026-04-30 01:11:28.494135[INFO] tamsvcs_tamm: [1395] Parsing TAMM_CMD_APP_SET_ATTR Rsp status: TAM_SUCCESS
2026-04-30 01:11:28.494161[INFO] tamsvcs_tamm: [1395] cmd type: TAMM_CMD_APP_SET_ATTR
2026-04-30 01:11:28.494197[INFO] tamsvcs_tamm: [1395] Parsing TAMM_CMD_APP_SET_ATTR Rsp status: TAM_SUCCESS
2026-04-30 01:11:28.499135[INFO] tamsvcs_tamm: [1395] cmd type: TAMM_CMD_REGISTER_APP
2026-04-30 01:11:28.499181[INFO] tamsvcs_tamm: [1395] Parsing TAMM_CMD_REGISTER_APP Rsp status: TAM_SUCCESS
2026-04-30 01:11:28.558107[INFO] tamsvcs_tamm: [1395] cmd type: TAMM_CMD_REGISTER_APP
2026-04-30 01:11:28.558149[INFO] 2026-04-30 01:11:27.157229[INFO] tams_proc: [1475] Opened TAMS Client local listener on fd=85
2026-04-30 01:11:27.157343[INFO] tams_proc: [1475] Opened TAMS Client TCP listener on 192.0.0.4:7000 fd=89
2026-04-30 01:11:27.157394[INFO] tams_proc: [1475] Opened TAMS Mgmt local listener on fd=94
2026-04-30 01:11:27.157482[INFO] tams_proc: [1475] tams_proc Version:ciscotamservices 12.1.0
2026-04-30 01:11:27.426836[INFO] tams_proc: [1475] cmd type: TAMM_CMD_REGISTER_DEVICE
2026-04-30 01:11:27.426896[INFO] tams_proc: [1475] Parsing TAMM_CMD_REGISTER_DEVICE Req status: TAM_SUCCESS
2026-04-30 01:11:27.454691[INFO] tams_proc: [1475] tamd_proc_pid = 1511
2026-04-30 01:11:28.163118[INFO] tams_proc: [1475] Processing TAMM_CMD_REGISTER_DEVICE Req status: TAM_SUCCESS
2026-04-30 01:11:28.254369[INFO] tams_proc: [1475] cmd type: TAMD_CMD_AUTHENTICATE_DEVICE
2026-04-30 01:11:28.254432[INFO] tams_proc: [1475] Parsing TAMD_CMD_AUTHENTICATE_DEVICE Rsp status: TAM_SUCCESS
2026-04-30 01:11:28.254470[INFO] tams_proc: [1475] Processing TAMD_CMD_AUTHENTICATE_DEVICE Rsp status: TAM_SUCCESS
2026-04-30 01:11:28.257892[INFO] tams_proc: [1475] cmd type: TAMM_CMD_REGISTER_APP
2026-04-30 01:11:28.257974[INFO] tams_proc: [1475] Parsing TAMM_CMD_REGISTER_APP Req status: TAM_SUCCESS
2026-04-30 01:11:28.260431[INFO] tams_proc: [1475] Processing TAMM_CMD_REGISTER_APP Req status: TAM_SUCCESS_IN_PROCESS
2026-04-30 01:11:28.318884[INFO] tams_proc: [1475] cmd type: TAMD_CMD_REGISTER_APP
2026-04-30 01:11:28.318929[INFO] tams_proc: [1475] Parsing TAMD_CMD_REGISTER_APP Rsp status: TAM_SUCCESS
2026-04-30 01:11:28.318959[INFO] tams_proc: [1475] Processing TAMD_CMD_REGISTER_APP Rsp status: TAM_SUCCESS
2026-04-30 01:11:28.321414[INFO] tams_proc: [1475] cmd type: TAMM_CMD_APP_SET_ATTR
2026-04-30 01:11:28.321482[INFO] tams_proc: [1475] Parsing TAMM_CMD_APP_SET_ATTR Req status: TAM_SUCCESS
2026-04-30 01:11:28.321544[INFO] tams_proc: [1475] Processing TAMM_CMD_APP_SET_ATTR Req status: TAM_SUCCESS_IN_PROCESS
2026-04-30 01:11:28.365899[INFO] tams_proc: [1475] cmd type: TAMD_CMD_APP_SET_ATTR
2026-04-30 01:11:28.365945[INFO] tams_proc: [1475] Parsing TAMD_CMD_APP_SET_ATTR Rsp status: TAM_SUCCESS
2026-04-30 01:11:28.365976[INFO] tams_proc: [1475] Processing TAMD_CMD_APP_SET_ATTR Rsp status: TAM_SUCCESS
2026-04-30 01:11:28.370670[INFO] tams_proc: [1475] cmd type: TAMM_CMD_REGISTER_APP
2026-04-30 01:11:28.370756[INFO] tams_proc: [1475] Parsing TAMM_CMD_REGISTER_APP Req status: TAM_SUCCESS
2026-04-30 01:11:28.372911[INFO] tams_proc: [1475] Processing TAMM_CMD_REGISTER_APP Req status: TAM_SUCCESS_IN_PROCESS
2026-04-30 01:11:28.438372[INFO] tams_proc: [1475] cmd type: TAMD_CMD_REGISTER_APP
2026-04-30 01:11:28.438419[INFO] tams_proc: [1475] Parsing TAMD_CMD_REGISTER_APP Rsp status: TAM_SUCCESS
2026-04-30 01:11:28.438450[INFO] tams_proc: [1475] Processing TAMD_CMD_REGISTER_APP Rsp status: TAM_SUCCESS
2026-04-30 01:11:28.440892[INFO] tams_proc: [1475] cmd type: TAMM_CMD_APP_SET_ATTR
2026-04-30 01:11:28.440965[INFO] tams_proc: [1475] Parsing TAMM_CMD_APP_SET_ATTR Req status: TAM_SUCCESS
2026-04-30 01:11:28.441032[INFO] tams_proc: [1475] Processing TAMM_CMD_APP_SET_ATTR Req status: TAM_SUCCESS_IN_PROCESS
2026-04-30 01:11:28.492887[INFO] tams_proc: [1475] cmd type: TAMD_CMD_APP_SET_ATTR
2026-04-30 01:11:28.492934[INFO] tams_proc: [1475] Parsing TAMD_CMD_APP_SET_ATTR Rsp status: TAM_SUCCESS
2026-04-30 01:11:28.492962[INFO] tams_proc: [1475] Processing TAMD_CMD_APP_SET_ATTR Rsp status: TAM_SUCCESS
2026-04-30 01:11:28.495420[INFO] tams_proc: [1475] cmd type: TAMM_CMD_REGISTER_APP
2026-04-30 01:11:28.495503[INFO] tams_proc: [1475] Parsing TAMM_CMD_REGISTER_APP Req status: TAM_SUCCESS
2026-04-30 01:11:28.498032[INFO] tams_proc: [1475] Processing TAMM_CMD_REGISTER_APP Req status: TAM_SUCCESS_IN_PROCESS
2026-04-30 01:11:28.556917[INFO] tams_proc: [1475] cmd type: TAMD_CMD_REGISTER_APP
2026-04-30 01:11:28.556962[INFO] tams_proc: [1475] Parsing TAMD_CMD_REGISTER_APP Rsp status: TAM_SUCCESS
2026-04-30 01:11:28.556989[INFO] tams_proc: [1475] Processing TAMD_CMD_REGISTER_APP Rsp status: TAM_SUCCESS
2026-04-30 01:11:28.559420[INFO] tams_proc: [1475] cmd type: TAMM_CMD_APP_SET_ATTR
2026-04-30 01:11:28.559504[INFO] tams_proc: [1475] Parsing TAMM_CMD_APP_SET_ATTR Req status: TAM_SUCCESS
2026-04-30 01:11:28.559567[INFO] tams_proc: [1475] Processing TAMM_CMD_APP_SET_ATTR Req status: TAM_SUCCESS_IN_PROCESS
2026-04-30 01:11:28.622661[INFO] tams_proc: [1475] cmd type: TAMD_CMD_APP_SET_ATTR
2026-04-30 01:11:28.622707[INFO] tams_proc: [1475] Parsing TAMD_CMD_APP_SET_ATTR Rsp status: TAM_SUCCESS
2026-04-30 01:11:28.622765[INFO] tams_proc: [1475] Processing TAMD_CMD_APP_SET_ATTR Rsp status: TAM_SUCCESS
2026-04-30 01:11:28.628548[INFO] tams_proc: [1475] cmd type: TAMC_CMD_APP_LOGIN
2026-04-30 01:11:28.628610[INFO] tams_proc: [1475] Parsing TAMC_CMD_APP_LOGIN Req status: TAM_SUCCESS
2026-04-30 01:11:28.641360[INFO] tams_proc: [1475] Processing TAMC_CMD_APP_LOGIN Req status: TAM_SUCCESS
2026-04-30 01:11:28.651457[INFO] tams_proc: [1475] cmd type: TAMC_CMD_APP_LOGIN
2026-04-30 01:11:28.651500[INFO] tams_proc: [1475] Parsing TAMC_CMD_APP_LOGIN Req status: TAM_SUCCESS
2026-04-30 01:11:28.651571[INFO] tams_proc: [1475] Processing TAMC_CMD_APP_LOGIN Req status: TAM_SUCCESS_IN_PROCESS
2026-04-30 01:11:28.673643[INFO] tams_proc: [1475] cmd type: TAMD_CMD_DEVICE_BIND
2026-04-30 01:11:28.673690[INFO] tams_proc: [1475] Parsing TAMD_CMD_DEVICE_BIND Rsp status: TAM_SUCCESS
2026-04-30 01:11:28.673797[INFO] tams_proc: [1475] Processing TAMD_CMD_DEVICE_BIND Rsp status: TAM_SUCCESS
2026-04-30 01:11:28.676152[INFO] tams_proc: [1475] cmd type: TAMC_CMD_SO_DELETE
2026-04-30 01:11:28.676258[INFO] tams_proc: [1475] Parsing TAMC_CMD_SO_DELETE Req status: TAM_SUCCESS
2026-04-30 01:11:28.676330[INFO] tams_proc: [1475] Processing TAMC_CMD_SO_DELETE Req status: TAM_SUCCESS
2026-04-30 01:11:28.699678[INFO] tams_proc: [1475] cmd type: TAMD_CMD_GET_SO_DELETE
2026-04-30 01:11:28.699728[INFO] tams_proc: [1475] Parsing TAMD_CMD_GET_SO_DELETE Rsp status: TAM_SUCCESS
2026-04-30 01:11:28.699759[INFO] tams_proc: [1475] Processing TAMD_CMD_GET_SO_DELETE Rsp status: TAM_SUCCESS
2026-04-30 01:11:28.702830[INFO] tams_proc: [1475] cmd type: TAMC_CMD_SO_CREATE
2026-04-30 01:11:28.702973[INFO] tams_proc: [1475] Parsing TAMC_CMD_SO_CREATE Req status: TAM_SUCCESS
2026-04-30 01:11:28.703056[INFO] tams_proc: [1475] Processing TAMC_CMD_SO_CREATE Req status: TAM_SUCCESS
2026-04-30 01:11:28.764190[INFO] tams_proc: [1475] cmd type: TAMD_CMD_GET_SO_CREATE
2026-04-30 01:11:28.764236[INFO] tams_proc: [1475] Parsing TAMD_CMD_GET_SO_CREATE Rsp status: TAM_SUCCESS
2026-04-30 01:11:28.764280[INFO] tams_proc: [1475] Processing TAMD_CMD_GET_SO_CREATE Rsp status: TAM_SUCCESS
2026-04-30 01:11:28.770071[INFO] tams_proc: [1475] cmd type: TAMC_CMD_SO_WRITE
2026-04-30 01:11:28.770201[INFO] tams_proc: [1475] Parsing TAMC_CMD_SO_WRITE Req status: TAM_SUCCESS
2026-04-30 01:11:28.770291[INFO] tams_proc: [1475] Processing TAMC_CMD_SO_WRITE Req status: TAM_SUCCESS
2026-04-30 01:11:28.803861[INFO] tams_proc: [1475] cmd type: TAMD_CMD_GET_SO_WRITE
2026-04-30 01:11:28.803910[INFO] tams_proc: [1475] Parsing TAMD_CMD_GET_SO_WRITE Rsp status: TAM_SUCCESS
2026-04-30 01:11:28.803944[INFO] tams_proc: [1475] Processing TAMD_CMD_GET_SO_WRITE Rsp status: TAM_SUCCESS
2026-04-30 01:11:28.806524[INFO] tams_proc: [1475] cmd type: TAMC_CMD_SO_READ
2026-04-30 01:11:28.806628[INFO] tams_proc: [1475] Parsing TAMC_CMD_SO_READ Req status: TAM_SUCCESS
2026-04-30 01:11:28.806712[INFO] tams_proc: [1475] Processing TAMC_CMD_SO_READ Req status: TAM_SUCCESS
2026-04-30 01:11:28.835695[INFO] tams_proc: [1475] cmd type: TAMD_CMD_GET_SO_READ
2026-04-30 01:11:28.835746[INFO] tams_proc: [1475] Parsing TAMD_CMD_GET_SO_READ Rsp status: TAM_SUCCESS
2026-04-30 01:11:28.835775[INFO] tams_proc: [1475] Processing TAMD_CMD_GET_SO_READ Rsp status: TAM_SUCCESS
2026-04-30 01:11:28.838111[INFO] tams_proc: [1475] cmd type: TAMC_CMD_SO_DELETE
2026-04-30 01:11:28.838225[INFO] tams_proc: [1475] Parsing TAMC_CMD_SO_DELETE Req status: TAM_SUCCESS
2026-04-30 01:11:28.838306[INFO] tams_proc: [1475] Processing TAMC_CMD_SO_DELETE Req status: TAM_SUCCESS
2026-04-30 01:11:28.912635[INFO] tams_proc: [1475] cmd type: TAMD_CMD_GET_SO_DELETE
2026-04-30 01:11:28.912715[INFO] tams_proc: [1475] Parsing TAMD_CMD_GET_SO_DELETE Rsp status: TAM_SUCCESS
2026-04-30 01:11:28.912759[INFO] tams_proc: [1475] Processing TAMD_CMD_GET_SO_DELETE Rsp status: TAM_SUCCESS
2026-04-30 01:11:28.915968[INFO] tams_proc: [1475] cmd type: TAMC_CMD_APP_LOGOUT
2026-04-30 01:11:28.916075[INFO] tams_proc: [1475] Parsing TAMC_CMD_APP_LOGOUT Req status: TAM_SUCCESS
2026-04-30 01:11:28.916176[INFO] tams_proc: [1475] Processing TAMC_CMD_APP_LOGOUT Req status: TAM_SUCCESS
2026-04-30 01:11:28.919839[INFO] tams_proc: [1475] cmd type: TAMC_CMD_APP_LOGIN
2026-04-30 01:11:28.919928[INFO] tams_proc: [1475] Parsing TAMC_CMD_APP_LOGIN Req status: TAM_SUCCESS
2026-04-30 01:11:28.926307[INFO] tams_proc: [1475] Processing TAMC_CMD_APP_LOGIN Req status: TAM_SUCCESS
2026-04-30 01:11:28.935270[INFO] tams_proc: [1475] cmd type: TAMC_CMD_APP_LOGIN
2026-04-30 01:11:28.935351[INFO] tams_proc: [1475] Parsing TAMC_CMD_APP_LOGIN Req status: TAM_SUCCESS
2026-04-30 01:11:28.935487[INFO] tams_proc: [1475] Processing TAMC_CMD_APP_LOGIN Req status: TAM_SUCCESS_IN_PROCESS
2026-04-30 01:11:28.960787[INFO] tams_proc: [1475] cmd type: TAMD_CMD_DEVICE_BIND
2026-04-30 01:11:28.960843[INFO] tams_proc: [1475] Parsing TAMD_CMD_DEVICE_BIND Rsp status: TAM_SUCCESS
2026-04-30 01:11:28.960926[INFO] tams_proc: [1475] Processing TAMD_CMD_DEVICE_BIND Rsp status: TAM_SUCCESS
2026-04-30 01:11:28.965507[INFO] tams_proc: [1475] cmd type: TAMC_CMD_SO_DELETE
2026-04-30 01:11:28.965625[INFO] tams_proc: [1475] Parsing TAMC_CMD_SO_DELETE Req status: TAM_SUCCESS
2026-04-30 01:11:28.965712[INFO] tams_proc: [1475] Processing TAMC_CMD_SO_DELETE Req status: TAM_SUCCESS
2026-04-30 01:11:28.985300[INFO] tams_proc: [1475] cmd type: TAMD_CMD_GET_SO_DELETE
2026-04-30 01:11:28.985348[INFO] tams_proc: [1475] Parsing TAMD_CMD_GET_SO_DELETE Rsp status: TAM_SUCCESS
2026-04-30 01:11:28.985381[INFO] tams_proc: [1475] Processing TAMD_CMD_GET_SO_DELETE Rsp status: TAM_SUCCESS
2026-04-30 01:11:28.987694[INFO] tams_proc: [1475] cmd type: TAMC_CMD_SO_CREATE
2026-04-30 01:11:28.987840[INFO] tams_proc: [1475] Parsing TAMC_CMD_SO_CREATE Req status: TAM_SUCCESS
2026-04-30 01:11:28.987913[INFO] tams_proc: [1475] Processing TAMC_CMD_SO_CREATE Req status: TAM_SUCCESS
2026-04-30 01:11:29.49473Z[INFO] tams_proc: [1475] cmd type: TAMD_CMD_GET_SO_CREATE
2026-04-30 01:11:29.49553Z[INFO] tams_proc: [1475] Parsing TAMD_CMD_GET_SO_CREATE Rsp status: TAM_SUCCESS
2026-04-30 01:11:29.49597Z[INFO] tams_proc: [1475] Processing TAMD_CMD_GET_SO_CREATE Rsp status: TAM_SUCCESS
2026-04-30 01:11:29.52072Z[INFO] tams_proc: [1475] cmd type: TAMC_CMD_SO_WRITE
2026-04-30 01:11:29.52977Z[INFO] tams_proc: [1475] Parsing TAMC_CMD_SO_WRITE Req status: TAM_SUCCESS
2026-04-30 01:11:29.53116Z[INFO] tams_proc: [1475] Processing TAMC_CMD_SO_WRITE Req status: TAM_SUCCESS
2026-04-30 01:11:29.93046Z[INFO] tams_proc: [1475] cmd type: TAMD_CMD_GET_SO_WRITE
2026-04-30 01:11:29.93177Z[INFO] tams_proc: [1475] Parsing TAMD_CMD_GET_SO_WRITE Rsp status: TAM_SUCCESS
2026-04-30 01:11:29.93222Z[INFO] tams_proc: [1475] Processing TAMD_CMD_GET_SO_WRITE Rsp status: TAM_SUCCESS
2026-04-30 01:11:29.96483Z[INFO] tams_proc: [1475] cmd type: TAMC_CMD_SO_READ
2026-04-30 01:11:29.96629Z[INFO] tams_proc: [1475] Parsing TAMC_CMD_SO_READ Req status: TAM_SUCCESS
2026-04-30 01:11:29.96770Z[INFO] tams_proc: [1475] Processing TAMC_CMD_SO_READ Req status: TAM_SUCCESS
2026-04-30 01:11:29.131591[INFO] tams_proc: [1475] cmd type: TAMD_CMD_GET_SO_READ
2026-04-30 01:11:29.131672[INFO] tams_proc: [1475] Parsing TAMD_CMD_GET_SO_READ Rsp status: TAM_SUCCESS
2026-04-30 01:11:29.131705[INFO] tams_proc: [1475] Processing TAMD_CMD_GET_SO_READ Rsp status: TAM_SUCCESS
2026-04-30 01:11:29.135055[INFO] tams_proc: [1475] cmd type: TAMC_CMD_SO_DELETE
2026-04-30 01:11:29.135166[INFO] tams_proc: [1475] Parsing TAMC_CMD_SO_DELETE Req status: TAM_SUCCESS
2026-04-30 01:11:29.135244[INFO] tams_proc: [1475] Processing TAMC_CMD_SO_DELETE Req status: TAM_SUCCESS
2026-04-30 01:11:292026-04-30 01:11:28.164369[INFO] tamd_proc: [1511] cmd type: TAMD_CMD_AUTHENTICATE_DEVICE
2026-04-30 01:11:28.245733[INFO] tamd_proc: [1511] Processing TAMD_CMD_AUTHENTICATE_DEVICE Req status: TAM_SUCCESS
2026-04-30 01:11:28.261580[INFO] tamd_proc: [1511] cmd type: TAMD_CMD_REGISTER_APP
2026-04-30 01:11:28.317819[INFO] tamd_proc: [1511] Processing TAMD_CMD_REGISTER_APP Req status: TAM_SUCCESS
2026-04-30 01:11:28.322734[INFO] tamd_proc: [1511] cmd type: TAMD_CMD_APP_SET_ATTR
2026-04-30 01:11:28.364781[INFO] tamd_proc: [1511] Processing TAMD_CMD_APP_SET_ATTR Req status: TAM_SUCCESS
2026-04-30 01:11:28.376131[INFO] tamd_proc: [1511] cmd type: TAMD_CMD_REGISTER_APP
2026-04-30 01:11:28.436465[INFO] tamd_proc: [1511] Processing TAMD_CMD_REGISTER_APP Req status: TAM_SUCCESS
2026-04-30 01:11:28.442227[INFO] tamd_proc: [1511] cmd type: TAMD_CMD_APP_SET_ATTR
2026-04-30 01:11:28.491823[INFO] tamd_proc: [1511] Processing TAMD_CMD_APP_SET_ATTR Req status: TAM_SUCCESS
2026-04-30 01:11:28.499228[INFO] tamd_proc: [1511] cmd type: TAMD_CMD_REGISTER_APP
2026-04-30 01:11:28.555849[INFO] tamd_proc: [1511] Processing TAMD_CMD_REGISTER_APP Req status: TAM_SUCCESS
2026-04-30 01:11:28.560734[INFO] tamd_proc: [1511] cmd type: TAMD_CMD_APP_SET_ATTR
2026-04-30 01:11:28.621498[INFO] tamd_proc: [1511] Processing TAMD_CMD_APP_SET_ATTR Req status: TAM_SUCCESS
2026-04-30 01:11:28.652729[INFO] tamd_proc: [1511] cmd type: TAMD_CMD_DEVICE_BIND
2026-04-30 01:11:28.672424[INFO] tamd_proc: [1511] Processing TAMD_CMD_DEVICE_BIND Req status: TAM_SUCCESS
2026-04-30 01:11:28.677567[INFO] tamd_proc: [1511] cmd type: TAMD_CMD_GET_SO_DELETE
2026-04-30 01:11:28.698411[INFO] tamd_proc: [1511] Processing TAMD_CMD_GET_SO_DELETE Req status: TAM_SUCCESS
2026-04-30 01:11:28.704243[INFO] tamd_proc: [1511] cmd type: TAMD_CMD_GET_SO_CREATE
2026-04-30 01:11:28.763029[INFO] tamd_proc: [1511] Processing TAMD_CMD_GET_SO_CREATE Req status: TAM_SUCCESS
2026-04-30 01:11:28.771811[INFO] tamd_proc: [1511] cmd type: TAMD_CMD_GET_SO_WRITE
2026-04-30 01:11:28.802766[INFO] tamd_proc: [1511] Processing TAMD_CMD_GET_SO_WRITE Req status: TAM_SUCCESS
2026-04-30 01:11:28.807917[INFO] tamd_proc: [1511] cmd type: TAMD_CMD_GET_SO_READ
2026-04-30 01:11:28.834635[INFO] tamd_proc: [1511] Processing TAMD_CMD_GET_SO_READ Req status: TAM_SUCCESS
2026-04-30 01:11:28.839487[INFO] tamd_proc: [1511] cmd type: TAMD_CMD_GET_SO_DELETE
2026-04-30 01:11:28.909835[INFO] tamd_proc: [1511] Processing TAMD_CMD_GET_SO_DELETE Req status: TAM_SUCCESS
2026-04-30 01:11:28.936874[INFO] tamd_proc: [1511] cmd type: TAMD_CMD_DEVICE_BIND
2026-04-30 01:11:28.956598[INFO] tamd_proc: [1511] Processing TAMD_CMD_DEVICE_BIND Req status: TAM_SUCCESS
2026-04-30 01:11:28.966861[INFO] tamd_proc: [1511] cmd type: TAMD_CMD_GET_SO_DELETE
2026-04-30 01:11:28.983349[INFO] tamd_proc: [1511] Processing TAMD_CMD_GET_SO_DELETE Req status: TAM_SUCCESS
2026-04-30 01:11:28.989218[INFO] tamd_proc: [1511] cmd type: TAMD_CMD_GET_SO_CREATE
2026-04-30 01:11:29.41440Z[INFO] tamd_proc: [1511] Processing TAMD_CMD_GET_SO_CREATE Req status: TAM_SUCCESS
2026-04-30 01:11:29.54389Z[INFO] tamd_proc: [1511] cmd type: TAMD_CMD_GET_SO_WRITE
2026-04-30 01:11:29.91901Z[INFO] tamd_proc: [1511] Processing TAMD_CMD_GET_SO_WRITE Req status: TAM_SUCCESS
2026-04-30 01:11:29.98235Z[INFO] tamd_proc: [1511] cmd type: TAMD_CMD_GET_SO_READ
2026-04-30 01:11:29.130495[INFO] tamd_proc: [1511] Processing TAMD_CMD_GET_SO_READ Req status: TAM_SUCCESS
2026-04-30 01:11:29.136424[INFO] tamd_proc: [1511] cmd type: TAMD_CMD_GET_SO_DELETE
2026-04-30 01:11:29.186018[INFO] tamd_proc: [1511] Processing TAMD_CMD_GET_SO_DELETE Req status: TAM_SUCCESS
2026-04-30 01:11:29.221769[INFO] tamd_proc: [1511] cmd type: TAMD_CMD_DEVICE_BIND
2026-04-30 01:11:29.244623[INFO] tamd_proc: [1511] Processing TAMD_CMD_DEVICE_BIND Req status: TAM_SUCCESS
2026-04-30 01:11:29.250840[INFO] tamd_proc: [1511] cmd type: TAMD_CMD_GET_SO_DELETE
2026-04-30 01:11:29.269455[INFO] tamd_proc: [1511] Processing TAMD_CMD_GET_SO_DELETE Req status: TAM_SUCCESS
2026-04-30 01:11:29.275391[INFO] tamd_proc: [1511] cmd type: TAMD_C.187082[INFO] tams_proc: [1475] cmd type: TAMD_CMD_GET_SO_DELETE
2026-04-30 01:11:29.187129[INFO] tams_proc: [1475] Parsing TAMD_CMD_GET_SO_DELETE Rsp status: TAM_SUCCESS
2026-04-30 01:11:29.187152[INFO] tams_proc: [1475] Processing TAMD_CMD_GET_SO_DELETE Rsp status: TAM_SUCCESS
2026-04-30 01:11:29.191546[INFO] tams_proc: [1475] cmd type: TAMC_CMD_APP_LOGOUT
2026-04-30 01:11:29.191633[INFO] tams_proc: [1475] Parsing TAMC_CMD_APP_LOGOUT Req status: TAM_SUCCESS
2026-04-30 01:11:29.191722[INFO] tams_proc: [1475] Processing TAMC_CMD_APP_LOGOUT Req status: TAM_SUCCESS
2026-04-30 01:11:29.197391[INFO] tams_proc: [1475] cmd type: TAMC_CMD_APP_LOGIN
2026-04-30 01:11:29.197463[INFO] tams_proc: [1475] Parsing TAMC_CMD_APP_LOGIN Req status: TAM_SUCCESS
2026-04-30 01:11:29.204245[INFO] tams_proc: [1475] Processing TAMC_CMD_APP_LOGIN Req status: TAM_SUCCESS
2026-04-30 01:11:29.218127[INFO] tams_proc: [1475] cmd type: TAMC_CMD_APP_LOGIN
2026-04-30 01:11:29.218210[INFO] tams_proc: [1475] Parsing TAMC_CMD_APP_LOGIN Req status: TAM_SUCCESS
2026-04-30 01:11:29.218291[INFO] tams_proc: [1475] Processing TAMC_CMD_APP_LOGIN Req status: TAM_SUCCESS_IN_PROCESS
2026-04-30 01:11:29.246927[INFO] tams_proc: [1475] cmd type: TAMD_CMD_DEVICE_BIND
2026-04-30 01:11:29.246977[INFO] tams_proc: [1475] Parsing TAMD_CMD_DEVICE_BIND Rsp status: TAM_SUCCESS
2026-04-30 01:11:29.247066[INFO] tams_proc: [1475] Processing TAMD_CMD_DEVICE_BIND Rsp status: TAM_SUCCESS
2026-04-30 01:11:29.249459[INFO] tams_proc: [1475] cmd type: TAMC_CMD_SO_DELETE
2026-04-30 01:11:29.249574[INFO] tams_proc: [1475] Parsing TAMC_CMD_SO_DELETE Req status: TAM_SUCCESS
2026-04-30 01:11:29.249655[INFO] tams_proc: [1475] Processing TAMC_CMD_SO_DELETE Req status: TAM_SUCCESS
2026-04-30 01:11:29.270736[INFO] tams_proc: [1475] cmd type: TAMD_CMD_GET_SO_DELETE
2026-04-30 01:11:29.270819[INFO] tams_proc: [1475] Parsing TAMD_CMD_GET_SO_DELETE Rsp status: TAM_SUCCESS
2026-04-30 01:11:29.270870[INFO] tams_proc: [1475] Processing TAMD_CMD_GET_SO_DELETE Rsp status: TAM_SUCCESS
2026-04-30 01:11:29.273750[INFO] tams_proc: [1475] cmd type: TAMC_CMD_SO_CREATE
2026-04-30 01:11:29.273991[INFO] tams_proc: [1475] Parsing TAMC_CMD_SO_CREATE Req status: TAM_SUCCESS
2026-04-30 01:11:29.274123[INFO] tams_proc: [1475] Processing TAMC_CMD_SO_CREATE Req status: TAM_SUCCESS
2026-04-30 01:11:29.345491[INFO] tams_proc: [1475] cmd type: TAMD_CMD_GET_SO_CREATE
2026-04-30 01:11:29.345537[INFO] tams_proc: [1475] Parsing TAMD_CMD_GET_SO_CREATE Rsp status: TAM_SUCCESS
2026-04-30 01:11:29.345575[INFO] tams_proc: [1475] Processing TAMD_CMD_GET_SO_CREATE Rsp status: TAM_SUCCESS
2026-04-30 01:11:29.348731[INFO] tams_proc: [1475] cmd type: TAMC_CMD_SO_WRITE
2026-04-30 01:11:29.348852[INFO] tams_proc: [1475] Parsing TAMC_CMD_SO_WRITE Req status: TAM_SUCCESS
2026-04-30 01:11:29.348927[INFO] tams_proc: [1475] Processing TAMC_CMD_SO_WRITE Req status: TAM_SUCCESS
2026-04-30 01:11:29.370541[INFO] tams_proc: [1475] cmd type: TAMD_CMD_GET_SO_WRITE
2026-04-30 01:11:29.370585[INFO] tams_proc: [1475] Parsing TAMD_CMD_GET_SO_WRITE Rsp status: TAM_SUCCESS
2026-04-30 01:11:29.370619[INFO] tams_proc: [1475] Processing TAMD_CMD_GET_SO_WRITE Rsp status: TAM_SUCCESS
2026-04-30 01:11:29.373271[INFO] tams_proc: [1475] cmd type: TAMC_CMD_SO_READ
2026-04-30 01:11:29.373363[INFO] tams_proc: [1475] Parsing TAMC_CMD_SO_READ Req status: TAM_SUCCESS
2026-04-30 01:11:29.373432[INFO] tams_proc: [1475] Processing TAMC_CMD_SO_READ Req status: TAM_SUCCESS
2026-04-30 01:11:29.392798[INFO] tams_proc: [1475] cmd type: TAMD_CMD_GET_SO_READ
2026-04-30 01:11:29.392847[INFO] tams_proc: [1475] Parsing TAMD_CMD_GET_SO_READ Rsp status: TAM_SUCCESS
2026-04-30 01:11:29.392874[INFO] tams_proc: [1475] Processing TAMD_CMD_GET_SO_READ Rsp status: TAM_SUCCESS
2026-04-30 01:11:29.395197[INFO] tams_proc: [1475] cmd type: TAMC_CMD_SO_DELETE
2026-04-30 01:11:29.395296[INFO] tams_proc: [1475] Parsing TAMC_CMD_SO_DELETE Req status: TAM_SUCCESS
2026-04-30 01:11:29.395376[INFO] tams_proc: [1475] Processing TAMC_CMD_SO_DELETE Req status: TAM_SUCCESS
2026-04-30 01:11:29.440251[INFO] tams_proc: [1475] cmd type: TAMD_CMD_GET_SO_DELETE
2026-04-30 01:11:29.440320[INFO] tams_proc: [1475] Parsing TAMD_CMD_GET_SO_DELETE Rsp status: TAM_SUCCESS
2026-04-30 01:11:29.440363[INFO] tams_proc: [1475] Processing TAMD_CMD_GET_SO_DELETE Rsp status: TAM_SUCCESS
2026-04-30 01:11:29.443260[INFO] tams_proc: [1475] cmd type: TAMC_CMD_APP_LOGOUT
2026-04-30 01:11:29.443326[INFO] tams_proc: [1475] Parsing TAMC_CMD_APP_LOGOUT Req status: TAM_SUCCESS
2026-04-30 01:11:29.443389[INFO] tams_proc: [1475] Processing TAMC_CMD_APP_LOGOUT Req status: TAM_SUCCESS
2026-04-30 01:11:29.449581[INFO] tams_proc: [1475] cmd type: TAMM_CMD_VUDI_INIT
2026-04-30 01:11:29.449637[INFO] tams_proc: [1475] Parsing TAMM_CMD_VUDI_INIT Req status: TAM_SUCCESS
2026-04-30 01:11:29.449714[INFO] tams_proc: [1475] Processing TAMM_CMD_VUDI_INIT Req status: TAM_SUCCESS_IN_PROCESS
2026-04-30 01:11:29.677868[INFO] tams_proc: [1475] cmd type: TAMD_CMD_VUDI_INIT
2026-04-30 01:11:29.677918[INFO] tams_proc: [1475] Parsing TAMD_CMD_VUDI_INIT Rsp status: TAM_SUCCESS
2026-04-30 01:11:29.677950[INFO] tams_proc: [1475] Processing TAMD_CMD_VUDI_INIT Rsp status: TAM_SUCCESS
2026-04-30 01:11:29.683266[INFO] tams_proc: [1475] cmd type: TAMC_CMD_APP_LOGIN
2026-04-30 01:11:29.683331[INFO] tams_proc: [1475] Parsing TAMC_CMD_APP_LOGIN Req status: TAM_SUCCESS
2026-04-30 01:11:29.698077[INFO] tams_proc: [1475] Processing TAMC_CMD_APP_LOGIN Req status: TAM_SUCCESS
2026-04-30 01:11:29.708916[INFO] tams_proc: [1475] cmd type: TAMC_CMD_APP_LOGIN
2026-04-30 01:11:29.708966[INFO] tams_proc: [1475] Parsing TAMC_CMD_APP_LOGIN Req status: TAM_SUCCESS
2026-04-30 01:11:29.709041[INFO] tams_proc: [1475] Processing TAMC_CMD_APP_LOGIN Req status: TAM_SUCCESS_IN_PROCESS
2026-04-30 01:11:29.729010[INFO] tams_proc: [1475] cmd type: TAMD_CMD_DEVICE_BIND
2026-04-30 01:11:29.729066[INFO] tams_proc: [1475] Parsing TAMD_CMD_DEVICE_BIND Rsp status: TAM_SUCCESS
2026-04-30 01:11:29.729170[INFO] tams_proc: [1475] Processing TAMD_CMD_DEVICE_BIND Rsp status: TAM_SUCCESS
2026-04-30 01:11:29.736887[INFO] tams_proc: [1475] cmd type: TAMC_CMD_UDI
2026-04-30 01:11:29.736965[INFO] tams_proc: [1475] Parsing TAMC_CMD_UDI Req status: TAM_SUCCESS
2026-04-30 01:11:29.737046[INFO] tams_proc: [1475] Processing TAMC_CMD_UDI Req status: TAM_SUCCESS
2026-04-30 01:11:29.763161[INFO] tams_proc: [1475] cmd type: TAMD_CMD_UDI
2026-04-30 01:11:29.763197[INFO] tams_proc: [1475] Parsing TAMD_CMD_UDI Rsp status: TAM_SUCCESS
2026-04-30 01:11:29.763217[INFO] tams_proc: [1475] Processing TAMD_CMD_UDI Rsp status: TAM_SUCCESS
2026-04-30 01:11:29.765809[INFO] tams_proc: [1475] cmd type: TAMC_CMD_APP_LOGOUT
2026-04-30 01:11:29.765885[INFO] tams_proc: [1475] Parsing TAMC_CMD_APP_LOGOUT Req status: TAM_SUCCESS
2026-04-30 01:11:29.765946[INFO] tams_proc: [1475] Processing TAMC_CMD_APP_LOGOUT Req status: TAM_SUCCESS
2026-04-30 01:11:43.356426[INFO] tams_proc: [1475] cmd type: TAMC_CMD_APP_LOGIN
2026-04-30 01:11:43.356510[INFO] tams_proc: [1475] Parsing TAMC_CMD_APP_LOGIN Req status: TAM_SUCCESS
2026-04-30 01:11:43.364914[INFO] tams_proc: [1475] Processing TAMC_CMD_APP_LOGIN Req status: TAM_SUCCESS
2026-04-30 01:11:43.376579[INFO] tams_proc: [1475] cmd type: TAMC_CMD_APP_LOGIN
2026-04-30 01:11:43.376847[INFO] tams_proc: [1475] Parsing TAMC_CMD_APP_LOGIN Req status: TAM_SUCCESS
2026-04-30 01:11:43.377171[INFO] tams_proc: [1475] Processing TAMC_CMD_APP_LOGIN Req status: TAM_SUCCESS_IN_PROCESS
2026-04-30 01:11:43.476280[INFO] tams_proc: [1475] cmd type: TAMD_CMD_DEVICE_BIND
2026-04-30 01:11:43.476339[INFO] tams_proc: [1475] Parsing TAMD_CMD_DEVICE_BIND Rsp status: TAM_SUCCESS
2026-04-30 01:11:43.476419[INFO] tams_proc: [1475] Processing TAMD_CMD_DEVICE_BIND Rsp status: TAM_SUCCESS
2026-04-30 01:11:43.770991[INFO] tams_proc: [1475] cmd type: TAMC_CMD_SO_READ
2026-04-30 01:11:43.771109[INFO] tams_proc: [1475] Parsing TAMC_CMD_SO_READ Req status: TAM_SUCCESS
2026-04-30 01:11:43.771199[INFO] tams_proc: [1475] Processing TAMC_CMD_SO_READ Req status: TAM_SUCCESS
2026-04-30 01:11:43.914851[INFO] tams_proc: [1475] cmd type: TAMC_CMD_APP_LOGIN
2026-04-30 01:11:43.914932[INFO] tams_proc: [1475] Parsing TAMC_CMD_APP_LOGIN Req status: TAM_SUCCESS
2026-04-30 01:11:43.922482[INFO] tams_proc: [1475] Processing TAMC_CMD_APP_LOGIN Req status: TAM_SUCCESS
2026-04-30 01:11:43.941168[INFO] tams_proc: [1475] cmd type: TAMD_CMD_GET_SO_READ
2026-04-30 01:11:43.941232[INFO] tams_proc: [1475] Parsing TAMD_CMD_GET_SO_READ Rsp status: TAM_SUCCESS
2026-04-30 01:11:43.941279[INFO] tams_proc: [1475] Processing TAMD_CMD_GET_SO_READ Rsp status: TAM_SUCCESS
2026-04-30 01:11:43.943814[INFO] tams_proc: [1475] cmd type: TAMC_CMD_APP_LOGIN
2026-04-30 01:11:43.945603[INFO] tams_proc: [1475] Parsing TAMC_CMD_APP_LOGIN Req status: TAM_SUCCESS
2026-04-30 01:11:43.945717[INFO] tams_proc: [1475] Processing TAMC_CMD_APP_LOGIN Req status: TAM_SUCCESS_IN_PROCESS
2026-04-30 01:11:43.962885[INFO] tams_proc: [1475] cmd type: TAMC_CMD_SO_READ
2026-04-30 01:11:43.963411[INFO] tams_proc: [1475] Parsing TAMC_CMD_SO_READ Req status: TAM_SUCCESS
2026-04-30 01:11:43.963691[INFO] tams_proc: [1475] Processing TAMC_CMD_SO_READ Req status: TAM_SUCCESS
2026-04-30 01:11:44.34899Z[INFO] tams_proc: [1475] cmd type: TAMD_CMD_DEVICE_BIND
2026-04-30 01:11:44.34960Z[INFO] tams_proc: [1475] Parsing TAMD_CMD_DEVICE_BIND Rsp status: TAM_SUCCESS
2026-04-30 01:11:44.35723Z[INFO] tams_proc: [1475] Processing TAMD_CMD_DEVICE_BIND Rsp status: TAM_SUCCESS
2026-04-30 01:11:44.39060Z[INFO] tams_proc: [1475] cmd type: TAMC_CMD_DEVICE_CAP
2026-04-30 01:11:44.39231Z[INFO] tams_proc: [1475] Parsing TAMC_CMD_DEVICE_CAP Req status: TAM_SUCCESS
2026-04-30 01:11:44.39307Z[INFO] tams_proc: [1475] Processing TAMC_CMD_DEVICE_CAP Req status: TAM_SUCCESS_IN_PROCESS
2026-04-30 01:11:44.126074[INFO] tams_proc: [1475] cmd type: TAMD_CMD_GET_SO_READ
2026-04-30 01:11:44.126122[INFO] tams_proc: [1475] Parsing TAMD_CMD_GET_SO_READ Rsp status: TAM_SUCCESS
2026-04-30 01:11:44.126149[INFO] tams_proc: [1475] Processing TAMD_CMD_GET_SO_READ Rsp status: TAM_SUCCESS
2026-04-30 01:11:44.127849[INFO] tams_proc: [1475] cmd type: TAMD_CMD_DEVICE_CAP
2026-04-30 01:11:44.127923[INFO] tams_proc: [1475] Parsing TAMD_CMD_DEVICE_CAP Rsp status: TAM_SUCCESS
2026-04-30 01:11:44.127951[INFO] tams_proc: [1475] Processing TAMD_CMD_DEVICE_CAP Rsp status: TAM_SUCCESS
2026-04-30 01:11:44.129174[INFO] tams_proc: [1475] cmd type: TAMC_CMD_SO_WRITE
2026-04-30 01:11:44.129301[INFO] tams_proc: [1475] Parsing TAMC_CMD_SO_WRITE Req status: TAM_SUCCESS
2026-04-30 01:11:44.129385[INFO] tams_proc: [1475] Processing TAMC_CMD_SO_WRITE Req status: TAM_SUCCESS
2026-04-30 01:11:44.130993[INFO] tams_proc: [1475] cmd type: TAMC_CMD_SO_READ
2026-04-30 01:11:44.131093[INFO] tams_proc: [1475] Parsing TAMC_CMD_SO_READ Req status: TAM_SUCCESS
2026-04-30 01:11:44.131163[INFO] tams_proc: [1475] Processing TAMC_CMD_SO_READ Req status: TAM_SUCCESS
2026-04-30 01:11:44.251232[INFO] tams_proc: [1475] cmd type: TAMD_CMD_GET_SO_WRITE
2026-04-30 01:11:44.251289[INFO] tams_proc: [1475] Parsing TAMD_CMD_GET_SO_WRITE Rsp status: TAM_SUCCESS
2026-04-30 01:11:44.251317[INFO] tams_proc: [1475] Processing TAMD_CMD_GET_SO_WRITE Rsp status: TAM_SUCCESS
2026-04-30 01:11:44.255145[INFO] tams_proc: [1475] cmd type: TAMC_CMD_SO_CREATE
2026-04-30 01:11:44.255304[INFO] tams_proc: [1475] Parsing TAMC_CMD_SO_CREATE Req status: TAM_SUCCESS
2026-04-30 01:11:44.255385[INFO] tams_proc: [1475] Processing TAMC_CMD_SO_CREATE Req status: TAM_SUCCESS
2026-04-30 01:11:44.397402[INFO] tams_proc: [1475] cmd type: TAMD_CMD_GET_SO_READ
2026-04-30 01:11:44.397471[INFO] tams_proc: [1475] Parsing TAMD_CMD_GET_SO_READ Rsp status: TAM_SUCCESS
2026-04-30 01:11:44.397497[INFO] tams_proc: [1475] Processing TAMD_CMD_GET_SO_READ Rsp status: TAM_SUCCESS
2026-04-30 01:11:44.404026[INFO] tams_proc: [1475] cmd type: TAMC_CMD_SO_CREATE
2026-04-30 01:11:44.404178[INFO] tams_proc: [1475] Parsing TAMC_CMD_SO_CREATE Req status: TAM_SUCCESS
2026-04-30 01:11:44.404255[INFO] tams_proc: [1475] Processing TAMC_CMD_SO_CREATE Req status: TAM_SUCCESS
2026-04-30 01:11:44.571804[INFO] tams_proc: [1475] cmd type: TAMD_CMD_GET_SO_CREATE
2026-04-30 01:11:44.571851[INFO] tams_prMD_GET_SO_CREATE
2026-04-30 01:11:29.344427[INFO] tamd_proc: [1511] Processing TAMD_CMD_GET_SO_CREATE Req status: TAM_SUCCESS
2026-04-30 01:11:29.350068[INFO] tamd_proc: [1511] cmd type: TAMD_CMD_GET_SO_WRITE
2026-04-30 01:11:29.369479[INFO] tamd_proc: [1511] Processing TAMD_CMD_GET_SO_WRITE Req status: TAM_SUCCESS
2026-04-30 01:11:29.374601[INFO] tamd_proc: [1511] cmd type: TAMD_CMD_GET_SO_READ
2026-04-30 01:11:29.391700[INFO] tamd_proc: [1511] Processing TAMD_CMD_GET_SO_READ Req status: TAM_SUCCESS
2026-04-30 01:11:29.396672[INFO] tamd_proc: [1511] cmd type: TAMD_CMD_GET_SO_DELETE
2026-04-30 01:11:29.438324[INFO] tamd_proc: [1511] Processing TAMD_CMD_GET_SO_DELETE Req status: TAM_SUCCESS
2026-04-30 01:11:29.452488[INFO] tamd_proc: [1511] cmd type: TAMD_CMD_VUDI_INIT
2026-04-30 01:11:29.676800[INFO] tamd_proc: [1511] Processing TAMD_CMD_VUDI_INIT Req status: TAM_SUCCESS
2026-04-30 01:11:29.710230[INFO] tamd_proc: [1511] cmd type: TAMD_CMD_DEVICE_BIND
2026-04-30 01:11:29.727851[INFO] tamd_proc: [1511] Processing TAMD_CMD_DEVICE_BIND Req status: TAM_SUCCESS
2026-04-30 01:11:29.739484[INFO] tamd_proc: [1511] cmd type: TAMD_CMD_UDI
2026-04-30 01:11:29.761375[INFO] tamd_proc: [1511] Processing TAMD_CMD_UDI Req status: TAM_SUCCESS
2026-04-30 01:11:43.378978[INFO] tamd_proc: [1511] cmd type: TAMD_CMD_DEVICE_BIND
2026-04-30 01:11:43.474154[INFO] tamd_proc: [1511] Processing TAMD_CMD_DEVICE_BIND Req status: TAM_SUCCESS
2026-04-30 01:11:43.772519[INFO] tamd_proc: [1511] cmd type: TAMD_CMD_GET_SO_READ
2026-04-30 01:11:43.933020[INFO] tamd_proc: [1511] Processing TAMD_CMD_GET_SO_READ Req status: TAM_SUCCESS
2026-04-30 01:11:43.952338[INFO] tamd_proc: [1511] cmd type: TAMD_CMD_DEVICE_BIND
2026-04-30 01:11:44.33814Z[INFO] tamd_proc: [1511] Processing TAMD_CMD_DEVICE_BIND Req status: TAM_SUCCESS
2026-04-30 01:11:44.35860Z[INFO] tamd_proc: [1511] cmd type: TAMD_CMD_GET_SO_READ
2026-04-30 01:11:44.124290[INFO] tamd_proc: [1511] Processing TAMD_CMD_GET_SO_READ Req status: TAM_SUCCESS
2026-04-30 01:11:44.125549[INFO] tamd_proc: [1511] cmd type: TAMD_CMD_DEVICE_CAP
2026-04-30 01:11:44.125619[INFO] tamd_proc: [1511] Processing TAMD_CMD_DEVICE_CAP Req status: TAM_SUCCESS
2026-04-30 01:11:44.131536[INFO] tamd_proc: [1511] cmd type: TAMD_CMD_GET_SO_WRITE
2026-04-30 01:11:44.248593[INFO] tamd_proc: [1511] Processing TAMD_CMD_GET_SO_WRITE Req status: TAM_SUCCESS
2026-04-30 01:11:44.250423[INFO] tamd_proc: [1511] cmd type: TAMD_CMD_GET_SO_READ
2026-04-30 01:11:44.395206[INFO] tamd_proc: [1511] Processing TAMD_CMD_GET_SO_READ Req status: TAM_SUCCESS
2026-04-30 01:11:44.400240[INFO] tamd_proc: [1511] cmd type: TAMD_CMD_GET_SO_CREATE
2026-04-30 01:11:44.570013[INFO] tamd_proc: [1511] Processing TAMD_CMD_GET_SO_CREATE Req status: TAM_SUCCESS
2026-04-30 01:11:44.571956[INFO] tamd_proc: [1511] cmd type: TAMD_CMD_GET_SO_CREATE
2026-04-30 01:11:44.837343[INFO] tamd_proc: [1511] Processing TAMD_CMD_GET_SO_CREATE Req status: TAM_SUCCESS
2026-04-30 01:11:44.839210[INFO] tamd_proc: [1511] cmd type: TAMD_CMD_GET_SO_WRITE
2026-04-30 01:11:45.87789Z[INFO] tamd_proc: [1511] Processing TAMD_CMD_GET_SO_WRITE Req status: TAM_SUCCESS
2026-04-30 01:11:45.92463Z[INFO] tamd_proc: [1511] cmd type: TAMD_CMD_GET_SO_WRITE
2026-04-30 01:11:45.221595[INFO] tamd_proc: [1511] Processing TAMD_CMD_GET_SO_WRITE Req status: TAM_SUCCESS
2026-04-30 01:11:45.225690[INFO] tamd_proc: [1511] cmd type: TAMD_CMD_GET_SO_READ
2026-04-30 01:11:45.399821[INFO] tamd_proc: [1511] Processing TAMD_CMD_GET_SO_READ Req status: TAM_SUCCESS
2026-04-30 01:11:45.406086[INFO] tamd_proc: [1511] cmd type: TAMD_CMD_GET_SO_CREATE
2026-04-30 01:11:45.661620[INFO] tamd_proc: [1511] Processing TAMD_CMD_GET_SO_CREATE Req status: TAM_SUCCESS
2026-04-30 01:11:45.663009[INFO] tamd_proc: [1511] cmd type: TAMD_CMD_GET_SO_DELETE
2026-04-30 01:11:45.887757[INFO] tamd_proc: [1511] Processing TAMD_CMD_GET_SO_DELETE Req status: TAM_SUCCESS
2026-04-30 01:11:45.889506[INFO] tamd_proc: [1511] cmd type: TAMD_CMD_GET_SO_WRITE
2026-04-30 01:11:46.47599Z[INFO] tamd_proc: [1511] Processing TAMD_CMD_GET_SO_WRITE Req status: TAM_Soc: [1475] Parsing TAMD_CMD_GET_SO_CREATE Rsp status: TAM_SUCCESS
2026-04-30 01:11:44.571907[INFO] tams_proc: [1475] Processing TAMD_CMD_GET_SO_CREATE Rsp status: TAM_SUCCESS
2026-04-30 01:11:44.576526[INFO] tams_proc: [1475] cmd type: TAMC_CMD_SO_WRITE
2026-04-30 01:11:44.576651[INFO] tams_proc: [1475] Parsing TAMC_CMD_SO_WRITE Req status: TAM_SUCCESS
2026-04-30 01:11:44.576728[INFO] tams_proc: [1475] Processing TAMC_CMD_SO_WRITE Req status: TAM_SUCCESS
2026-04-30 01:11:44.838451[INFO] tams_proc: [1475] cmd type: TAMD_CMD_GET_SO_CREATE
2026-04-30 01:11:44.838510[INFO] tams_proc: [1475] Parsing TAMD_CMD_GET_SO_CREATE Rsp status: TAM_SUCCESS
2026-04-30 01:11:44.838558[INFO] tams_proc: [1475] Processing TAMD_CMD_GET_SO_CREATE Rsp status: TAM_SUCCESS
2026-04-30 01:11:44.841286[INFO] tams_proc: [1475] cmd type: TAMC_CMD_SO_WRITE
2026-04-30 01:11:44.841421[INFO] tams_proc: [1475] Parsing TAMC_CMD_SO_WRITE Req status: TAM_SUCCESS
2026-04-30 01:11:44.841503[INFO] tams_proc: [1475] Processing TAMC_CMD_SO_WRITE Req status: TAM_SUCCESS
2026-04-30 01:11:45.90927Z[INFO] tams_proc: [1475] cmd type: TAMD_CMD_GET_SO_WRITE
2026-04-30 01:11:45.90990Z[INFO] tams_proc: [1475] Parsing TAMD_CMD_GET_SO_WRITE Rsp status: TAM_SUCCESS
2026-04-30 01:11:45.91032Z[INFO] tams_proc: [1475] Processing TAMD_CMD_GET_SO_WRITE Rsp status: TAM_SUCCESS
2026-04-30 01:11:45.94002Z[INFO] tams_proc: [1475] cmd type: TAMC_CMD_SO_READ
2026-04-30 01:11:45.94113Z[INFO] tams_proc: [1475] Parsing TAMC_CMD_SO_READ Req status: TAM_SUCCESS
2026-04-30 01:11:45.94190Z[INFO] tams_proc: [1475] Processing TAMC_CMD_SO_READ Req status: TAM_SUCCESS
2026-04-30 01:11:45.225455[INFO] tams_proc: [1475] cmd type: TAMD_CMD_GET_SO_WRITE
2026-04-30 01:11:45.225522[INFO] tams_proc: [1475] Parsing TAMD_CMD_GET_SO_WRITE Rsp status: TAM_SUCCESS
2026-04-30 01:11:45.225564[INFO] tams_proc: [1475] Processing TAMD_CMD_GET_SO_WRITE Rsp status: TAM_SUCCESS
2026-04-30 01:11:45.231383[INFO] tams_proc: [1475] cmd type: TAMC_CMD_SO_CREATE
2026-04-30 01:11:45.231555[INFO] tams_proc: [1475] Parsing TAMC_CMD_SO_CREATE Req status: TAM_SUCCESS
2026-04-30 01:11:45.231634[INFO] tams_proc: [1475] Processing TAMC_CMD_SO_CREATE Req status: TAM_SUCCESS
2026-04-30 01:11:45.405881[INFO] tams_proc: [1475] cmd type: TAMD_CMD_GET_SO_READ
2026-04-30 01:11:45.405943[INFO] tams_proc: [1475] Parsing TAMD_CMD_GET_SO_READ Rsp status: TAM_SUCCESS
2026-04-30 01:11:45.405972[INFO] tams_proc: [1475] Processing TAMD_CMD_GET_SO_READ Rsp status: TAM_SUCCESS
2026-04-30 01:11:45.484057[INFO] tams_proc: [1475] cmd type: TAMC_CMD_SO_DELETE
2026-04-30 01:11:45.484181[INFO] tams_proc: [1475] Parsing TAMC_CMD_SO_DELETE Req status: TAM_SUCCESS
2026-04-30 01:11:45.484266[INFO] tams_proc: [1475] Processing TAMC_CMD_SO_DELETE Req status: TAM_SUCCESS
2026-04-30 01:11:45.662699[INFO] tams_proc: [1475] cmd type: TAMD_CMD_GET_SO_CREATE
2026-04-30 01:11:45.662755[INFO] tams_proc: [1475] Parsing TAMD_CMD_GET_SO_CREATE Rsp status: TAM_SUCCESS
2026-04-30 01:11:45.662897[INFO] tams_proc: [1475] Processing TAMD_CMD_GET_SO_CREATE Rsp status: TAM_SUCCESS
2026-04-30 01:11:45.667386[INFO] tams_proc: [1475] cmd type: TAMC_CMD_SO_WRITE
2026-04-30 01:11:45.667517[INFO] tams_proc: [1475] Parsing TAMC_CMD_SO_WRITE Req status: TAM_SUCCESS
2026-04-30 01:11:45.667597[INFO] tams_proc: [1475] Processing TAMC_CMD_SO_WRITE Req status: TAM_SUCCESS
2026-04-30 01:11:45.889171[INFO] tams_proc: [1475] cmd type: TAMD_CMD_GET_SO_DELETE
2026-04-30 01:11:45.889231[INFO] tams_proc: [1475] Parsing TAMD_CMD_GET_SO_DELETE Rsp status: TAM_SUCCESS
2026-04-30 01:11:45.889263[INFO] tams_proc: [1475] Processing TAMD_CMD_GET_SO_DELETE Rsp status: TAM_SUCCESS
2026-04-30 01:11:46.50068Z[INFO] tams_proc: [1475] cmd type: TAMD_CMD_GET_SO_WRITE
2026-04-30 01:11:46.50137Z[INFO] tams_proc: [1475] Parsing TAMD_CMD_GET_SO_WRITE Rsp status: TAM_SUCCESS
2026-04-30 01:11:46.50175Z[INFO] tams_proc: [1475] Processing TAMD_CMD_GET_SO_WRITE Rsp status: TAM_SUCCESS
2026-04-30 01:11:47.566468[INFO] tams_proc: [1475] cmd type: TAMC_CMD_APP_LOGIN
2026-04-30 01:11:47.566545[INFO] tams_proc: [1475] Parsing TAMC_CMD_APP_LOGIN Req status: TAM_SUCCESS
2026-04-30 01:11:47.655578[INFO] tams_proc: [1475] Processing TAMC_CMD_APP_LOGIN Req status: TAM_SUCCESS
2026-04-30 01:11:47.688584[INFO] tams_proc: [1475] cmd type: TAMC_CMD_APP_LOGIN
2026-04-30 01:11:47.688903[INFO] tams_proc: [1475] Parsing TAMC_CMD_APP_LOGIN Req status: TAM_SUCCESS
2026-04-30 01:11:47.689460[INFO] tams_proc: [1475] Processing TAMC_CMD_APP_LOGIN Req status: TAM_SUCCESS_IN_PROCESS
2026-04-30 01:11:47.771828[INFO] tams_proc: [1475] cmd type: TAMD_CMD_DEVICE_BIND
2026-04-30 01:11:47.771894[INFO] tams_proc: [1475] Parsing TAMD_CMD_DEVICE_BIND Rsp status: TAM_SUCCESS
2026-04-30 01:11:47.771981[INFO] tams_proc: [1475] Processing TAMD_CMD_DEVICE_BIND Rsp status: TAM_SUCCESS
2026-04-30 01:11:47.774696[INFO] tams_proc: [1475] cmd type: TAMC_CMD_SO_READ
2026-04-30 01:11:47.774804[INFO] tams_proc: [1475] Parsing TAMC_CMD_SO_READ Req status: TAM_SUCCESS
2026-04-30 01:11:47.774888[INFO] tams_proc: [1475] Processing TAMC_CMD_SO_READ Req status: TAM_SUCCESS
2026-04-30 01:11:47.844387[INFO] tams_proc: [1475] cmd type: TAMD_CMD_GET_SO_READ
2026-04-30 01:11:47.844446[INFO] tams_proc: [1475] Parsing TAMD_CMD_GET_SO_READ Rsp status: TAM_SUCCESS
2026-04-30 01:11:47.844474[INFO] tams_proc: [1475] Processing TAMD_CMD_GET_SO_READ Rsp status: TAM_SUCCESS
2026-04-30 01:11:47.848931[INFO] tams_proc: [1475] cmd type: TAMC_CMD_APP_LOGOUT
2026-04-30 01:11:47.849011[INFO] tams_proc: [1475] Parsing TAMC_CMD_APP_LOGOUT Req status: TAM_SUCCESS
2026-04-30 01:11:47.861252[INFO] tams_proc: [1475] Processing TAMC_CMD_APP_LOGOUT Req status: TAM_SUCCESS
2026-04-30 01:11:48.22484Z[INFO] tams_proc: [1475] cmd type: TAMC_CMD_APP_LOGIN
2026-04-30 01:11:48.22566Z[INFO] tams_proc: [1475] Parsing TAMC_CMD_APP_LOGIN Req status: TAM_SUCCESS
2026-04-30 01:11:48.34648Z[INFO] tams_proc: [1475] Processing TAMC_CMD_APP_LOGIN Req status: TAM_SUCCESS
2026-04-30 01:11:48.100438[INFO] tams_proc: [1475] cmd type: TAMC_CMD_APP_LOGIN
2026-04-30 01:11:48.100502[INFO] tams_proc: [1475] Parsing TAMC_CMD_APP_LOGIN Req status: TAM_SUCCESS
2026-04-30 01:11:48.100589[INFO] tams_proc: [1475] Processing TAMC_CMD_APP_LOGIN Req status: TAM_SUCCESS_IN_PROCESS
2026-04-30 01:11:48.316577[INFO] tams_proc: [1475] cmd type: TAMD_CMD_DEVICE_BIND
2026-04-30 01:11:48.316639[INFO] tams_proc: [1475] Parsing TAMD_CMD_DEVICE_BIND Rsp status: TAM_SUCCESS
2026-04-30 01:11:48.316730[INFO] tams_proc: [1475] Processing TAMD_CMD_DEVICE_BIND Rsp status: TAM_SUCCESS
2026-04-30 01:12:00.130845[INFO] tams_proc: [1475] cmd type: TAMC_CMD_APP_LOGIN
2026-04-30 01:12:00.130915[INFO] tams_proc: [1475] Parsing TAMC_CMD_APP_LOGIN Req status: TAM_SUCCESS
2026-04-30 01:12:00.152212[INFO] tams_proc: [1475] Processing TAMC_CMD_APP_LOGIN Req status: TAM_SUCCESS
2026-04-30 01:12:00.185086[INFO] tams_proc: [1475] cmd type: TAMC_CMD_APP_LOGIN
2026-04-30 01:12:00.185150[INFO] tams_proc: [1475] Parsing TAMC_CMD_APP_LOGIN Req status: TAM_SUCCESS
2026-04-30 01:12:00.185236[INFO] tams_proc: [1475] Processing TAMC_CMD_APP_LOGIN Req status: TAM_SUCCESS_IN_PROCESS
2026-04-30 01:12:00.221726[INFO] tams_proc: [1475] cmd type: TAMD_CMD_DEVICE_BIND
2026-04-30 01:12:00.221797[INFO] tams_proc: [1475] Parsing TAMD_CMD_DEVICE_BIND Rsp status: TAM_SUCCESS
2026-04-30 01:12:00.221882[INFO] tams_proc: [1475] Processing TAMD_CMD_DEVICE_BIND Rsp status: TAM_SUCCESS
2026-04-30 01:12:00.231674[INFO] tams_proc: [1475] cmd type: TAMC_CMD_DEVICE_CAP
2026-04-30 01:12:00.231756[INFO] tams_proc: [1475] Parsing TAMC_CMD_DEVICE_CAP Req status: TAM_SUCCESS
2026-04-30 01:12:00.231832[INFO] tams_proc: [1475] Processing TAMC_CMD_DEVICE_CAP Req status: TAM_SUCCESS_IN_PROCESS
2026-04-30 01:12:00.256218[INFO] tams_proc: [1475] cmd type: TAMD_CMD_DEVICE_CAP
2026-04-30 01:12:00.256292[INFO] tams_proc: [1475] Parsing TAMD_CMD_DEVICE_CAP Rsp status: TAM_SUCCESS
2026-04-30 01:12:00.256317[INFO] tams_proc: [1475] Processing TAMD_CMD_DEVICE_CAP Rsp status: TAM_SUCCESS
2026-04-30 01:12:00.261148[INFO] tams_proc: [1475] cmd type: TAMC_CMD_SO_READ
2026-04-30 01:12:00.261252[INFO] tams_proc: [1475] Parsing TAMC_C