01:11:20 Current date: 2026-04-30T01:11:20+0000
01:11:20 lr_download: Target: file:///etc/dnf/dnf.conf (-)
01:11:20 Selecting mirror for: file:///etc/dnf/dnf.conf
01:11:20 add_librepo_xattr: Cannot set xattr user.Librepo.DownloadInProgress (fd: 9): Operation not supported
01:11:20 lr_download: Downloading started
01:11:20 Transfer finished: file:///etc/dnf/dnf.conf (Effective url: file:///etc/dnf/dnf.conf)
01:11:38 Current date: 2026-04-30T01:11:38+0000
01:11:38 lr_download: Target: file:///etc/opt/cisco/iosxr/install/dnf/dnf.conf.instorch (-)
01:11:38 Selecting mirror for: file:///etc/opt/cisco/iosxr/install/dnf/dnf.conf.instorch
01:11:38 add_librepo_xattr: Cannot set xattr user.Librepo.DownloadInProgress (fd: 9): Operation not supported
01:11:38 lr_download: Downloading started
01:11:38 Transfer finished: file:///etc/opt/cisco/iosxr/install/dnf/dnf.conf.instorch (Effective url: file:///etc/opt/cisco/iosxr/install/dnf/dnf.conf.instorch)
01:11:38 lr_download: Target: file:///etc/opt/cisco/iosxr/install/.repos/iosxr_install_internal.repo (-)
01:11:38 Selecting mirror for: file:///etc/opt/cisco/iosxr/install/.repos/iosxr_install_internal.repo
01:11:38 add_librepo_xattr: Cannot set xattr user.Librepo.DownloadInProgress (fd: 9): Operation not supported
01:11:38 lr_download: Downloading started
01:11:38 Transfer finished: file:///etc/opt/cisco/iosxr/install/.repos/iosxr_install_internal.repo (Effective url: file:///etc/opt/cisco/iosxr/install/.repos/iosxr_install_internal.repo)
01:11:38 lr_download: Target: file:///etc/opt/cisco/iosxr/install/.repos/owner_install_internal.repo (-)
01:11:38 Selecting mirror for: file:///etc/opt/cisco/iosxr/install/.repos/owner_install_internal.repo
01:11:38 add_librepo_xattr: Cannot set xattr user.Librepo.DownloadInProgress (fd: 9): Operation not supported
01:11:38 lr_download: Downloading started
01:11:38 Transfer finished: file:///etc/opt/cisco/iosxr/install/.repos/owner_install_internal.repo (Effective url: file:///etc/opt/cisco/iosxr/install/.repos/owner_install_internal.repo)
01:11:38 lr_download: Target: file:///etc/opt/cisco/iosxr/install/.repos/partner_install_internal.repo (-)
01:11:38 Selecting mirror for: file:///etc/opt/cisco/iosxr/install/.repos/partner_install_internal.repo
01:11:38 add_librepo_xattr: Cannot set xattr user.Librepo.DownloadInProgress (fd: 9): Operation not supported
01:11:38 lr_download: Downloading started
01:11:38 Transfer finished: file:///etc/opt/cisco/iosxr/install/.repos/partner_install_internal.repo (Effective url: file:///etc/opt/cisco/iosxr/install/.repos/partner_install_internal.repo)
01:11:38 Current date: 2026-04-30T01:11:38+0000
01:11:38 lr_download: Target: file:///etc/opt/cisco/iosxr/install/dnf/dnf.conf.instorch (-)
01:11:38 Selecting mirror for: file:///etc/opt/cisco/iosxr/install/dnf/dnf.conf.instorch
01:11:38 add_librepo_xattr: Cannot set xattr user.Librepo.DownloadInProgress (fd: 9): Operation not supported
01:11:38 lr_download: Downloading started
01:11:38 Transfer finished: file:///etc/opt/cisco/iosxr/install/dnf/dnf.conf.instorch (Effective url: file:///etc/opt/cisco/iosxr/install/dnf/dnf.conf.instorch)
01:11:38 lr_download: Target: file:///etc/opt/cisco/iosxr/install/.repos/iosxr_install_internal.repo (-)
01:11:38 Selecting mirror for: file:///etc/opt/cisco/iosxr/install/.repos/iosxr_install_internal.repo
01:11:38 add_librepo_xattr: Cannot set xattr user.Librepo.DownloadInProgress (fd: 9): Operation not supported
01:11:38 lr_download: Downloading started
01:11:38 Transfer finished: file:///etc/opt/cisco/iosxr/install/.repos/iosxr_install_internal.repo (Effective url: file:///etc/opt/cisco/iosxr/install/.repos/iosxr_install_internal.repo)
01:11:38 lr_download: Target: file:///etc/opt/cisco/iosxr/install/.repos/owner_install_internal.repo (-)
01:11:38 Selecting mirror for: file:///etc/opt/cisco/iosxr/install/.repos/owner_install_internal.repo
01:11:38 add_librepo_xattr: Cannot set xattr user.Librepo.DownloadInProgress (fd: 9): Operation not supported
01:11:38 lr_download: Downloading started
01:11:38 Transfer finished: file:///etc/opt/cisco/iosxr/install/.repos/owner_install_internal.repo (Effective url: file:///etc/opt/cisco/iosxr/install/.repos/owner_install_internal.repo)
01:11:38 lr_download: Target: file:///etc/opt/cisco/iosxr/install/.repos/partner_install_internal.repo (-)
01:11:38 Selecting mirror for: file:///etc/opt/cisco/iosxr/install/.repos/partner_install_internal.repo
01:11:38 add_librepo_xattr: Cannot set xattr user.Librepo.DownloadInProgress (fd: 9): Operation not supported
01:11:38 lr_download: Downloading started
01:11:38 Transfer finished: file:///etc/opt/cisco/iosxr/install/.repos/partner_install_internal.repo (Effective url: file:///etc/opt/cisco/iosxr/install/.repos/partner_install_internal.repo)
01:11:39 Current date: 2026-04-30T01:11:39+0000
01:11:39 lr_download: Target: file:///etc/opt/cisco/iosxr/install/dnf/dnf.conf.instorch (-)
01:11:39 Selecting mirror for: file:///etc/opt/cisco/iosxr/install/dnf/dnf.conf.instorch
01:11:39 add_librepo_xattr: Cannot set xattr user.Librepo.DownloadInProgress (fd: 9): Operation not supported
01:11:39 lr_download: Downloading started
01:11:39 Transfer finished: file:///etc/opt/cisco/iosxr/install/dnf/dnf.conf.instorch (Effective url: file:///etc/opt/cisco/iosxr/install/dnf/dnf.conf.instorch)
01:11:39 lr_download: Target: file:///etc/opt/cisco/iosxr/install/.repos/iosxr_install_internal.repo (-)
01:11:39 Selecting mirror for: file:///etc/opt/cisco/iosxr/install/.repos/iosxr_install_internal.repo
01:11:39 add_librepo_xattr: Cannot set xattr user.Librepo.DownloadInProgress (fd: 9): Operation not supported
01:11:39 lr_download: Downloading started
01:11:39 Transfer finished: file:///etc/opt/cisco/iosxr/install/.repos/iosxr_install_internal.repo (Effective url: file:///etc/opt/cisco/iosxr/install/.repos/iosxr_install_internal.repo)
01:11:39 lr_download: Target: file:///etc/opt/cisco/iosxr/install/.repos/owner_install_internal.repo (-)
01:11:39 Selecting mirror for: file:///etc/opt/cisco/iosxr/install/.repos/owner_install_internal.repo
01:11:39 add_librepo_xattr: Cannot set xattr user.Librepo.DownloadInProgress (fd: 9): Operation not supported
01:11:39 lr_download: Downloading started
01:11:39 Transfer finished: file:///etc/opt/cisco/iosxr/install/.repos/owner_install_internal.repo (Effective url: file:///etc/opt/cisco/iosxr/install/.repos/owner_install_internal.repo)
01:11:39 lr_download: Target: file:///etc/opt/cisco/iosxr/install/.repos/partner_install_internal.repo (-)
01:11:39 Selecting mirror for: file:///etc/opt/cisco/iosxr/install/.repos/partner_install_internal.repo
01:11:39 add_librepo_xattr: Cannot set xattr user.Librepo.DownloadInProgress (fd: 9): Operation not supported
01:11:39 lr_download: Downloading started
01:11:39 Transfer finished: file:///etc/opt/cisco/iosxr/install/.repos/partner_install_internal.repo (Effective url: file:///etc/opt/cisco/iosxr/install/.repos/partner_install_internal.repo)
01:11:39 Current date: 2026-04-30T01:11:39+0000
01:11:39 lr_download: Target: file:///etc/opt/cisco/iosxr/install/dnf/dnf.conf.instorch (-)
01:11:39 Selecting mirror for: file:///etc/opt/cisco/iosxr/install/dnf/dnf.conf.instorch
01:11:39 add_librepo_xattr: Cannot set xattr user.Librepo.DownloadInProgress (fd: 9): Operation not supported
01:11:39 lr_download: Downloading started
01:11:39 Transfer finished: file:///etc/opt/cisco/iosxr/install/dnf/dnf.conf.instorch (Effective url: file:///etc/opt/cisco/iosxr/install/dnf/dnf.conf.instorch)
01:11:39 lr_download: Target: file:///etc/opt/cisco/iosxr/install/.repos/iosxr_install_internal.repo (-)
01:11:39 Selecting mirror for: file:///etc/opt/cisco/iosxr/install/.repos/iosxr_install_internal.repo
01:11:39 add_librepo_xattr: Cannot set xattr user.Librepo.DownloadInProgress (fd: 9): Operation not supported
01:11:39 lr_download: Downloading started
01:11:39 Transfer finished: file:///etc/opt/cisco/iosxr/install/.repos/iosxr_install_internal.repo (Effective url: file:///etc/opt/cisco/iosxr/install/.repos/iosxr_install_internal.repo)
01:11:39 lr_download: Target: file:///etc/opt/cisco/iosxr/install/.repos/owner_install_internal.repo (-)
01:11:39 Selecting mirror for: file:///etc/opt/cisco/iosxr/install/.repos/owner_install_internal.repo
01:11:39 add_librepo_xattr: Cannot set xattr user.Librepo.DownloadInProgress (fd: 9): Operation not supported
01:11:39 lr_download: Downloading started
01:11:39 Transfer finished: file:///etc/opt/cisco/iosxr/install/.repos/owner_install_internal.repo (Effective url: file:///etc/opt/cisco/iosxr/install/.repos/owner_install_internal.repo)
01:11:39 lr_download: Target: file:///etc/opt/cisco/iosxr/install/.repos/partner_install_internal.repo (-)
01:11:39 Selecting mirror for: file:///etc/opt/cisco/iosxr/install/.repos/partner_install_internal.repo
01:11:39 add_librepo_xattr: Cannot set xattr user.Librepo.DownloadInProgress (fd: 9): Operation not supported
01:11:39 lr_download: Downloading started
01:11:39 Transfer finished: file:///etc/opt/cisco/iosxr/install/.repos/partner_install_internal.repo (Effective url: file:///etc/opt/cisco/iosxr/install/.repos/partner_install_internal.repo)
01:11:41 Current date: 2026-04-30T01:11:41+0000
01:11:41 lr_download: Target: file:///etc/opt/cisco/iosxr/install/dnf/dnf.conf.instorch (-)
01:11:41 Selecting mirror for: file:///etc/opt/cisco/iosxr/install/dnf/dnf.conf.instorch
01:11:41 add_librepo_xattr: Cannot set xattr user.Librepo.DownloadInProgress (fd: 9): Operation not supported
01:11:41 lr_download: Downloading started
01:11:41 Transfer finished: file:///etc/opt/cisco/iosxr/install/dnf/dnf.conf.instorch (Effective url: file:///etc/opt/cisco/iosxr/install/dnf/dnf.conf.instorch)
01:11:41 lr_download: Target: file:///etc/opt/cisco/iosxr/install/.repos/iosxr_install_internal.repo (-)
01:11:41 Selecting mirror for: file:///etc/opt/cisco/iosxr/install/.repos/iosxr_install_internal.repo
01:11:41 add_librepo_xattr: Cannot set xattr user.Librepo.DownloadInProgress (fd: 9): Operation not supported
01:11:41 lr_download: Downloading started
01:11:41 Transfer finished: file:///etc/opt/cisco/iosxr/install/.repos/iosxr_install_internal.repo (Effective url: file:///etc/opt/cisco/iosxr/install/.repos/iosxr_install_internal.repo)
01:11:41 lr_download: Target: file:///etc/opt/cisco/iosxr/install/.repos/owner_install_internal.repo (-)
01:11:41 Selecting mirror for: file:///etc/opt/cisco/iosxr/install/.repos/owner_install_internal.repo
01:11:41 add_librepo_xattr: Cannot set xattr user.Librepo.DownloadInProgress (fd: 9): Operation not supported
01:11:41 lr_download: Downloading started
01:11:41 Transfer finished: file:///etc/opt/cisco/iosxr/install/.repos/owner_install_internal.repo (Effective url: file:///etc/opt/cisco/iosxr/install/.repos/owner_install_internal.repo)
01:11:41 lr_download: Target: file:///etc/opt/cisco/iosxr/install/.repos/partner_install_internal.repo (-)
01:11:41 Selecting mirror for: file:///etc/opt/cisco/iosxr/install/.repos/partner_install_internal.repo
01:11:41 add_librepo_xattr: Cannot set xattr user.Librepo.DownloadInProgress (fd: 9): Operation not supported
01:11:41 lr_download: Downloading started
01:11:41 Transfer finished: file:///etc/opt/cisco/iosxr/install/.repos/partner_install_internal.repo (Effective url: file:///etc/opt/cisco/iosxr/install/.repos/partner_install_internal.repo)
01:11:46 Current date: 2026-04-30T01:11:46+0000
01:11:46 Current date: 2026-04-30T01:11:46+0000
01:11:46 lr_download: Target: file:///etc/opt/cisco/iosxr/install/dnf/dnf.conf.instorch (-)
01:11:46 Selecting mirror for: file:///etc/opt/cisco/iosxr/install/dnf/dnf.conf.instorch
01:11:46 add_librepo_xattr: Cannot set xattr user.Librepo.DownloadInProgress (fd: 9): Operation not supported
01:11:46 lr_download: Downloading started
01:11:46 Transfer finished: file:///etc/opt/cisco/iosxr/install/dnf/dnf.conf.instorch (Effective url: file:///etc/opt/cisco/iosxr/install/dnf/dnf.conf.instorch)
01:11:46 lr_download: Target: file:///etc/opt/cisco/iosxr/install/.repos/iosxr_install_internal.repo (-)
01:11:46 Selecting mirror for: file:///etc/opt/cisco/iosxr/install/.repos/iosxr_install_internal.repo
01:11:46 add_librepo_xattr: Cannot set xattr user.Librepo.DownloadInProgress (fd: 9): Operation not supported
01:11:46 lr_download: Downloading started
01:11:46 Transfer finished: file:///etc/opt/cisco/iosxr/install/.repos/iosxr_install_internal.repo (Effective url: file:///etc/opt/cisco/iosxr/install/.repos/iosxr_install_internal.repo)
01:11:46 lr_download: Target: file:///etc/opt/cisco/iosxr/install/.repos/owner_install_internal.repo (-)
01:11:46 Selecting mirror for: file:///etc/opt/cisco/iosxr/install/.repos/owner_install_internal.repo
01:11:46 add_librepo_xattr: Cannot set xattr user.Librepo.DownloadInProgress (fd: 9): Operation not supported
01:11:46 lr_download: Downloading started
01:11:46 Transfer finished: file:///etc/opt/cisco/iosxr/install/.repos/owner_install_internal.repo (Effective url: file:///etc/opt/cisco/iosxr/install/.repos/owner_install_internal.repo)
01:11:46 lr_download: Target: file:///etc/opt/cisco/iosxr/install/dnf/dnf.conf.instorch (-)
01:11:46 Selecting mirror for: file:///etc/opt/cisco/iosxr/install/dnf/dnf.conf.instorch
01:11:46 add_librepo_xattr: Cannot set xattr user.Librepo.DownloadInProgress (fd: 9): Operation not supported
01:11:46 lr_download: Downloading started
01:11:46 Transfer finished: file:///etc/opt/cisco/iosxr/install/dnf/dnf.conf.instorch (Effective url: file:///etc/opt/cisco/iosxr/install/dnf/dnf.conf.instorch)
01:11:46 lr_download: Target: file:///etc/opt/cisco/iosxr/install/.repos/partner_install_internal.repo (-)
01:11:46 Selecting mirror for: file:///etc/opt/cisco/iosxr/install/.repos/partner_install_internal.repo
01:11:46 add_librepo_xattr: Cannot set xattr user.Librepo.DownloadInProgress (fd: 9): Operation not supported
01:11:46 lr_download: Downloading started
01:11:46 Transfer finished: file:///etc/opt/cisco/iosxr/install/.repos/partner_install_internal.repo (Effective url: file:///etc/opt/cisco/iosxr/install/.repos/partner_install_internal.repo)
01:11:46 lr_download: Target: file:///etc/opt/cisco/iosxr/install/.repos/iosxr_install_internal.repo (-)
01:11:46 Selecting mirror for: file:///etc/opt/cisco/iosxr/install/.repos/iosxr_install_internal.repo
01:11:46 add_librepo_xattr: Cannot set xattr user.Librepo.DownloadInProgress (fd: 9): Operation not supported
01:11:46 lr_download: Downloading started
01:11:46 Transfer finished: file:///etc/opt/cisco/iosxr/install/.repos/iosxr_install_internal.repo (Effective url: file:///etc/opt/cisco/iosxr/install/.repos/iosxr_install_internal.repo)
01:11:46 lr_download: Target: file:///etc/opt/cisco/iosxr/install/.repos/owner_install_internal.repo (-)
01:11:46 Selecting mirror for: file:///etc/opt/cisco/iosxr/install/.repos/owner_install_internal.repo
01:11:46 add_librepo_xattr: Cannot set xattr user.Librepo.DownloadInProgress (fd: 9): Operation not supported
01:11:46 lr_download: Downloading started
01:11:46 Transfer finished: file:///etc/opt/cisco/iosxr/install/.repos/owner_install_internal.repo (Effective url: file:///etc/opt/cisco/iosxr/install/.repos/owner_install_internal.repo)
01:11:47 lr_download: Target: file:///etc/opt/cisco/iosxr/install/.repos/partner_install_internal.repo (-)
01:11:47 Selecting mirror for: file:///etc/opt/cisco/iosxr/install/.repos/partner_install_internal.repo
01:11:47 add_librepo_xattr: Cannot set xattr user.Librepo.DownloadInProgress (fd: 9): Operation not supported
01:11:47 lr_download: Downloading started
01:11:47 Transfer finished: file:///etc/opt/cisco/iosxr/install/.repos/partner_install_internal.repo (Effective url: file:///etc/opt/cisco/iosxr/install/.repos/partner_install_internal.repo)
01:12:00 Current date: 2026-04-30T01:12:00+0000
01:12:00 lr_download: Target: file:///etc/opt/cisco/iosxr/install/dnf/dnf.conf.instorch (-)
01:12:00 Selecting mirror for: file:///etc/opt/cisco/iosxr/install/dnf/dnf.conf.instorch
01:12:00 add_librepo_xattr: Cannot set xattr user.Librepo.DownloadInProgress (fd: 9): Operation not supported
01:12:00 lr_download: Downloading started
01:12:00 Transfer finished: file:///etc/opt/cisco/iosxr/install/dnf/dnf.conf.instorch (Effective url: file:///etc/opt/cisco/iosxr/install/dnf/dnf.conf.instorch)
01:12:00 lr_download: Target: file:///etc/opt/cisco/iosxr/install/.repos/iosxr_install_internal.repo (-)
01:12:00 Selecting mirror for: file:///etc/opt/cisco/iosxr/install/.repos/iosxr_install_internal.repo
01:12:00 add_librepo_xattr: Cannot set xattr user.Librepo.DownloadInProgress (fd: 9): Operation not supported
01:12:00 lr_download: Downloading started
01:12:00 Transfer finished: file:///etc/opt/cisco/iosxr/install/.repos/iosxr_install_internal.repo (Effective url: file:///etc/opt/cisco/iosxr/install/.repos/iosxr_install_internal.repo)
01:12:00 lr_download: Target: file:///etc/opt/cisco/iosxr/install/.repos/owner_install_internal.repo (-)
01:12:00 Selecting mirror for: file:///etc/opt/cisco/iosxr/install/.repos/owner_install_internal.repo
01:12:00 add_librepo_xattr: Cannot set xattr user.Librepo.DownloadInProgress (fd: 9): Operation not supported
01:12:00 lr_download: Downloading started
01:12:00 Transfer finished: file:///etc/opt/cisco/iosxr/install/.repos/owner_install_internal.repo (Effective url: file:///etc/opt/cisco/iosxr/install/.repos/owner_install_internal.repo)
01:12:00 lr_download: Target: file:///etc/opt/cisco/iosxr/install/.repos/partner_install_internal.repo (-)
01:12:00 Selecting mirror for: file:///etc/opt/cisco/iosxr/install/.repos/partner_install_internal.repo
01:12:00 add_librepo_xattr: Cannot set xattr user.Librepo.DownloadInProgress (fd: 9): Operation not supported
01:12:00 lr_download: Downloading started
01:12:00 Transfer finished: file:///etc/opt/cisco/iosxr/install/.repos/partner_install_internal.repo (Effective url: file:///etc/opt/cisco/iosxr/install/.repos/partner_install_internal.repo)
01:12:01 lr_handle_perform: Using dir: /var/volatile/cache/dnf/iosxr_install_internal-f956ac62537bd733
01:12:01 lr_handle_perform: Using own SIGINT handler
01:12:01 lr_handle_prepare_internal_mirrorlist: Preparing internal mirrorlist
01:12:01 lr_handle_prepare_internal_mirrorlist: Finalizing internal mirrorlist
01:12:01 lr_handle_prepare_internal_mirrorlist: Finalizing mirrors reported via LRI_MIRRORS
01:12:01 lr_handle_perform: Downloading/Locating yum repo
01:12:01 lr_yum_use_local: Locating repo..
01:12:01 lr_yum_use_local_load_base: open(/var/volatile/cache/dnf/iosxr_install_internal-f956ac62537bd733/repodata/repomd.xml): No such file or directory
01:12:01 lr_handle_perform: Restoring an old SIGINT handler
01:12:01 lr_handle_perform: Using dir: /tmp/dnf-scbmu5zg
01:12:01 lr_handle_perform: Using own SIGINT handler
01:12:01 lr_handle_prepare_internal_mirrorlist: Preparing internal mirrorlist
01:12:01 lr_handle_prepare_internal_mirrorlist: Finalizing internal mirrorlist
01:12:01 lr_handle_prepare_internal_mirrorlist: Finalizing mirrors reported via LRI_MIRRORS
01:12:01 lr_handle_perform: Downloading/Locating yum repo
01:12:01 lr_yum_download_remote: Downloading/Copying repo..
01:12:01 lr_yum_download_repomd: Downloading repomd.xml via mirrorlist
01:12:01 lr_download: Target: repodata/repomd.xml (-)
01:12:01 lr_prepare_lrmirrors: Preparing internal mirror list for handle id: 0x564cdd89d5d0
01:12:01 lr_prepare_lrmirrors: Mirror: file:///var/opt/cisco/iosxr/install/mirror/iosxr_install_internal_repo
01:12:01 Selecting mirror for: repodata/repomd.xml
01:12:01 add_librepo_xattr: Cannot set xattr user.Librepo.DownloadInProgress (fd: 10): Operation not supported
01:12:01 lr_download: Downloading started
01:12:01 Transfer finished: repodata/repomd.xml (Effective url: file:///var/opt/cisco/iosxr/install/mirror/iosxr_install_internal_repo/repodata/repomd.xml)
01:12:01 check_transfer_statuses: Ignore error - Try another mirror
01:12:01 Selecting mirror for: repodata/repomd.xml
01:12:01 select_suitable_mirror: All mirrors were tried without success
01:12:01 lr_yum_download_repomd: repomd.xml download was unsuccessful
01:12:01 lr_handle_perform: Restoring an old SIGINT handler
01:12:04 Current date: 2026-04-30T01:12:04+0000
01:12:04 lr_download: Target: file:///etc/opt/cisco/iosxr/install/dnf/dnf.conf.instorch (-)
01:12:04 Selecting mirror for: file:///etc/opt/cisco/iosxr/install/dnf/dnf.conf.instorch
01:12:04 add_librepo_xattr: Cannot set xattr user.Librepo.DownloadInProgress (fd: 9): Operation not supported
01:12:04 lr_download: Downloading started
01:12:04 Transfer finished: file:///etc/opt/cisco/iosxr/install/dnf/dnf.conf.instorch (Effective url: file:///etc/opt/cisco/iosxr/install/dnf/dnf.conf.instorch)
01:12:04 lr_download: Target: file:///etc/opt/cisco/iosxr/install/.repos/iosxr_install_internal.repo (-)
01:12:04 Selecting mirror for: file:///etc/opt/cisco/iosxr/install/.repos/iosxr_install_internal.repo
01:12:04 add_librepo_xattr: Cannot set xattr user.Librepo.DownloadInProgress (fd: 9): Operation not supported
01:12:04 lr_download: Downloading started
01:12:04 Transfer finished: file:///etc/opt/cisco/iosxr/install/.repos/iosxr_install_internal.repo (Effective url: file:///etc/opt/cisco/iosxr/install/.repos/iosxr_install_internal.repo)
01:12:04 lr_download: Target: file:///etc/opt/cisco/iosxr/install/.repos/owner_install_internal.repo (-)
01:12:04 Selecting mirror for: file:///etc/opt/cisco/iosxr/install/.repos/owner_install_internal.repo
01:12:04 add_librepo_xattr: Cannot set xattr user.Librepo.DownloadInProgress (fd: 9): Operation not supported
01:12:04 lr_download: Downloading started
01:12:04 Transfer finished: file:///etc/opt/cisco/iosxr/install/.repos/owner_install_internal.repo (Effective url: file:///etc/opt/cisco/iosxr/install/.repos/owner_install_internal.repo)
01:12:04 lr_download: Target: file:///etc/opt/cisco/iosxr/install/.repos/partner_install_internal.repo (-)
01:12:04 Selecting mirror for: file:///etc/opt/cisco/iosxr/install/.repos/partner_install_internal.repo
01:12:04 add_librepo_xattr: Cannot set xattr user.Librepo.DownloadInProgress (fd: 9): Operation not supported
01:12:04 lr_download: Downloading started
01:12:04 Transfer finished: file:///etc/opt/cisco/iosxr/install/.repos/partner_install_internal.repo (Effective url: file:///etc/opt/cisco/iosxr/install/.repos/partner_install_internal.repo)
01:12:06 Current date: 2026-04-30T01:12:06+0000
01:12:06 lr_download: Target: file:///etc/opt/cisco/iosxr/install/dnf/dnf.conf.instorch (-)
01:12:06 Selecting mirror for: file:///etc/opt/cisco/iosxr/install/dnf/dnf.conf.instorch
01:12:06 add_librepo_xattr: Cannot set xattr user.Librepo.DownloadInProgress (fd: 9): Operation not supported
01:12:06 lr_download: Downloading started
01:12:06 Transfer finished: file:///etc/opt/cisco/iosxr/install/dnf/dnf.conf.instorch (Effective url: file:///etc/opt/cisco/iosxr/install/dnf/dnf.conf.instorch)
01:12:06 lr_download: Target: file:///etc/opt/cisco/iosxr/install/.repos/iosxr_install_internal.repo (-)
01:12:06 Selecting mirror for: file:///etc/opt/cisco/iosxr/install/.repos/iosxr_install_internal.repo
01:12:06 add_librepo_xattr: Cannot set xattr user.Librepo.DownloadInProgress (fd: 9): Operation not supported
01:12:06 lr_download: Downloading started
01:12:06 Transfer finished: file:///etc/opt/cisco/iosxr/install/.repos/iosxr_install_internal.repo (Effective url: file:///etc/opt/cisco/iosxr/install/.repos/iosxr_install_internal.repo)
01:12:06 lr_download: Target: file:///etc/opt/cisco/iosxr/install/.repos/owner_install_internal.repo (-)
01:12:06 Selecting mirror for: file:///etc/opt/cisco/iosxr/install/.repos/owner_install_internal.repo
01:12:06 add_librepo_xattr: Cannot set xattr user.Librepo.DownloadInProgress (fd: 9): Operation not supported
01:12:06 lr_download: Downloading started
01:12:06 Transfer finished: file:///etc/opt/cisco/iosxr/install/.repos/owner_install_internal.repo (Effective url: file:///etc/opt/cisco/iosxr/install/.repos/owner_install_internal.repo)
01:12:06 lr_download: Target: file:///etc/opt/cisco/iosxr/install/.repos/partner_install_internal.repo (-)
01:12:06 Selecting mirror for: file:///etc/opt/cisco/iosxr/install/.repos/partner_install_internal.repo
01:12:06 add_librepo_xattr: Cannot set xattr user.Librepo.DownloadInProgress (fd: 9): Operation not supported
01:12:06 lr_download: Downloading started
01:12:06 Transfer finished: file:///etc/opt/cisco/iosxr/install/.repos/partner_install_internal.repo (Effective url: file:///etc/opt/cisco/iosxr/install/.repos/partner_install_internal.repo)
01:12:10 Current date: 2026-04-30T01:12:10+0000
01:12:11 lr_download: Target: file:///etc/opt/cisco/iosxr/install/dnf/dnf.conf.instorch (-)
01:12:11 Selecting mirror for: file:///etc/opt/cisco/iosxr/install/dnf/dnf.conf.instorch
01:12:11 add_librepo_xattr: Cannot set xattr user.Librepo.DownloadInProgress (fd: 9): Operation not supported
01:12:11 lr_download: Downloading started
01:12:11 Transfer finished: file:///etc/opt/cisco/iosxr/install/dnf/dnf.conf.instorch (Effective url: file:///etc/opt/cisco/iosxr/install/dnf/dnf.conf.instorch)
01:12:11 lr_download: Target: file:///etc/opt/cisco/iosxr/install/.repos/iosxr_install_internal.repo (-)
01:12:11 Selecting mirror for: file:///etc/opt/cisco/iosxr/install/.repos/iosxr_install_internal.repo
01:12:11 add_librepo_xattr: Cannot set xattr user.Librepo.DownloadInProgress (fd: 9): Operation not supported
01:12:11 lr_download: Downloading started
01:12:11 Transfer finished: file:///etc/opt/cisco/iosxr/install/.repos/iosxr_install_internal.repo (Effective url: file:///etc/opt/cisco/iosxr/install/.repos/iosxr_install_internal.repo)
01:12:11 lr_download: Target: file:///etc/opt/cisco/iosxr/install/.repos/owner_install_internal.repo (-)
01:12:11 Selecting mirror for: file:///etc/opt/cisco/iosxr/install/.repos/owner_install_internal.repo
01:12:11 add_librepo_xattr: Cannot set xattr user.Librepo.DownloadInProgress (fd: 9): Operation not supported
01:12:11 lr_download: Downloading started
01:12:11 Transfer finished: file:///etc/opt/cisco/iosxr/install/.repos/owner_install_internal.repo (Effective url: file:///etc/opt/cisco/iosxr/install/.repos/owner_install_internal.repo)
01:12:11 lr_download: Target: file:///etc/opt/cisco/iosxr/install/.repos/partner_install_internal.repo (-)
01:12:11 Selecting mirror for: file:///etc/opt/cisco/iosxr/install/.repos/partner_install_internal.repo
01:12:11 add_librepo_xattr: Cannot set xattr user.Librepo.DownloadInProgress (fd: 9): Operation not supported
01:12:11 lr_download: Downloading started
01:12:11 Transfer finished: file:///etc/opt/cisco/iosxr/install/.repos/partner_install_internal.repo (Effective url: file:///etc/opt/cisco/iosxr/install/.repos/partner_install_internal.repo)
