INFO Apr-30 01:11:20 === Started libdnf-0.11.1 ===
DEBUG Apr-30 01:11:20 fetching rpmdb
INFO Apr-30 01:11:38 === Started libdnf-0.11.1 ===
DEBUG Apr-30 01:11:38 fetching rpmdb
INFO Apr-30 01:11:38 === Started libdnf-0.11.1 ===
DEBUG Apr-30 01:11:38 fetching rpmdb
INFO Apr-30 01:11:39 === Started libdnf-0.11.1 ===
DEBUG Apr-30 01:11:39 fetching rpmdb
INFO Apr-30 01:11:39 === Started libdnf-0.11.1 ===
DEBUG Apr-30 01:11:39 fetching rpmdb
INFO Apr-30 01:11:41 === Started libdnf-0.11.1 ===
DEBUG Apr-30 01:11:41 fetching rpmdb
INFO Apr-30 01:11:46 === Started libdnf-0.11.1 ===
DEBUG Apr-30 01:11:46 fetching rpmdb
INFO Apr-30 01:11:47 === Started libdnf-0.11.1 ===
DEBUG Apr-30 01:11:49 fetching rpmdb
INFO Apr-30 01:12:00 === Started libdnf-0.11.1 ===
DEBUG Apr-30 01:12:00 fetching rpmdb
INFO Apr-30 01:12:01 Downloading: file:///var/opt/cisco/iosxr/install/mirror/iosxr_install_internal_repo/repodata/repomd.xml
INFO Apr-30 01:12:01 Error during transfer: Curl error (37): Couldn't read a file:// file for file:///var/opt/cisco/iosxr/install/mirror/iosxr_install_internal_repo/repodata/repomd.xml [Couldn't open file /var/opt/cisco/iosxr/install/mirror/iosxr_install_internal_repo/repodata/repomd.xml]
INFO Apr-30 01:12:01 Error while downloading: Cannot download repodata/repomd.xml: All mirrors were tried
INFO Apr-30 01:12:04 === Started libdnf-0.11.1 ===
DEBUG Apr-30 01:12:04 fetching rpmdb
INFO Apr-30 01:12:06 === Started libdnf-0.11.1 ===
DEBUG Apr-30 01:12:06 fetching rpmdb
INFO Apr-30 01:12:11 === Started libdnf-0.11.1 ===
DEBUG Apr-30 01:12:11 fetching rpmdb
