01:11:21 Current date: 2026-04-30T01:11:21+0000
01:11:21 lr_download: Target: file:///etc/dnf/dnf.conf (-)
01:11:21 Selecting mirror for: file:///etc/dnf/dnf.conf
01:11:21 add_librepo_xattr: Cannot set xattr user.Librepo.DownloadInProgress (fd: 9): Operation not supported
01:11:21 lr_download: Downloading started
01:11:21 Transfer finished: file:///etc/dnf/dnf.conf (Effective url: file:///etc/dnf/dnf.conf)
01:11:37 Current date: 2026-04-30T01:11:37+0000
01:11:37 lr_download: Target: file:///etc/opt/cisco/iosxr/install/dnf/dnf.conf.instorch (-)
01:11:37 Selecting mirror for: file:///etc/opt/cisco/iosxr/install/dnf/dnf.conf.instorch
01:11:37 add_librepo_xattr: Cannot set xattr user.Librepo.DownloadInProgress (fd: 9): Operation not supported
01:11:37 lr_download: Downloading started
01:11:37 Transfer finished: file:///etc/opt/cisco/iosxr/install/dnf/dnf.conf.instorch (Effective url: file:///etc/opt/cisco/iosxr/install/dnf/dnf.conf.instorch)
01:11:37 lr_download: Target: file:///etc/opt/cisco/iosxr/install/.repos/iosxr_install_internal.repo (-)
01:11:37 Selecting mirror for: file:///etc/opt/cisco/iosxr/install/.repos/iosxr_install_internal.repo
01:11:37 add_librepo_xattr: Cannot set xattr user.Librepo.DownloadInProgress (fd: 9): Operation not supported
01:11:37 lr_download: Downloading started
01:11:37 Transfer finished: file:///etc/opt/cisco/iosxr/install/.repos/iosxr_install_internal.repo (Effective url: file:///etc/opt/cisco/iosxr/install/.repos/iosxr_install_internal.repo)
01:11:37 lr_download: Target: file:///etc/opt/cisco/iosxr/install/.repos/owner_install_internal.repo (-)
01:11:37 Selecting mirror for: file:///etc/opt/cisco/iosxr/install/.repos/owner_install_internal.repo
01:11:37 add_librepo_xattr: Cannot set xattr user.Librepo.DownloadInProgress (fd: 9): Operation not supported
01:11:37 lr_download: Downloading started
01:11:37 Transfer finished: file:///etc/opt/cisco/iosxr/install/.repos/owner_install_internal.repo (Effective url: file:///etc/opt/cisco/iosxr/install/.repos/owner_install_internal.repo)
01:11:37 lr_download: Target: file:///etc/opt/cisco/iosxr/install/.repos/partner_install_internal.repo (-)
01:11:37 Selecting mirror for: file:///etc/opt/cisco/iosxr/install/.repos/partner_install_internal.repo
01:11:37 add_librepo_xattr: Cannot set xattr user.Librepo.DownloadInProgress (fd: 9): Operation not supported
01:11:37 lr_download: Downloading started
01:11:37 Transfer finished: file:///etc/opt/cisco/iosxr/install/.repos/partner_install_internal.repo (Effective url: file:///etc/opt/cisco/iosxr/install/.repos/partner_install_internal.repo)
01:11:38 Current date: 2026-04-30T01:11:38+0000
01:11:38 lr_download: Target: file:///etc/opt/cisco/iosxr/install/dnf/dnf.conf.instorch (-)
01:11:38 Selecting mirror for: file:///etc/opt/cisco/iosxr/install/dnf/dnf.conf.instorch
01:11:38 add_librepo_xattr: Cannot set xattr user.Librepo.DownloadInProgress (fd: 9): Operation not supported
01:11:38 lr_download: Downloading started
01:11:38 Transfer finished: file:///etc/opt/cisco/iosxr/install/dnf/dnf.conf.instorch (Effective url: file:///etc/opt/cisco/iosxr/install/dnf/dnf.conf.instorch)
01:11:38 lr_download: Target: file:///etc/opt/cisco/iosxr/install/.repos/iosxr_install_internal.repo (-)
01:11:38 Selecting mirror for: file:///etc/opt/cisco/iosxr/install/.repos/iosxr_install_internal.repo
01:11:38 add_librepo_xattr: Cannot set xattr user.Librepo.DownloadInProgress (fd: 9): Operation not supported
01:11:38 lr_download: Downloading started
01:11:38 Transfer finished: file:///etc/opt/cisco/iosxr/install/.repos/iosxr_install_internal.repo (Effective url: file:///etc/opt/cisco/iosxr/install/.repos/iosxr_install_internal.repo)
01:11:38 lr_download: Target: file:///etc/opt/cisco/iosxr/install/.repos/owner_install_internal.repo (-)
01:11:38 Selecting mirror for: file:///etc/opt/cisco/iosxr/install/.repos/owner_install_internal.repo
01:11:38 add_librepo_xattr: Cannot set xattr user.Librepo.DownloadInProgress (fd: 9): Operation not supported
01:11:38 lr_download: Downloading started
01:11:38 Transfer finished: file:///etc/opt/cisco/iosxr/install/.repos/owner_install_internal.repo (Effective url: file:///etc/opt/cisco/iosxr/install/.repos/owner_install_internal.repo)
01:11:38 lr_download: Target: file:///etc/opt/cisco/iosxr/install/.repos/partner_install_internal.repo (-)
01:11:38 Selecting mirror for: file:///etc/opt/cisco/iosxr/install/.repos/partner_install_internal.repo
01:11:38 add_librepo_xattr: Cannot set xattr user.Librepo.DownloadInProgress (fd: 9): Operation not supported
01:11:38 lr_download: Downloading started
01:11:38 Transfer finished: file:///etc/opt/cisco/iosxr/install/.repos/partner_install_internal.repo (Effective url: file:///etc/opt/cisco/iosxr/install/.repos/partner_install_internal.repo)
01:11:39 Current date: 2026-04-30T01:11:39+0000
01:11:39 lr_download: Target: file:///etc/opt/cisco/iosxr/install/dnf/dnf.conf.instorch (-)
01:11:39 Selecting mirror for: file:///etc/opt/cisco/iosxr/install/dnf/dnf.conf.instorch
01:11:39 add_librepo_xattr: Cannot set xattr user.Librepo.DownloadInProgress (fd: 9): Operation not supported
01:11:39 lr_download: Downloading started
01:11:39 Transfer finished: file:///etc/opt/cisco/iosxr/install/dnf/dnf.conf.instorch (Effective url: file:///etc/opt/cisco/iosxr/install/dnf/dnf.conf.instorch)
01:11:39 lr_download: Target: file:///etc/opt/cisco/iosxr/install/.repos/iosxr_install_internal.repo (-)
01:11:39 Selecting mirror for: file:///etc/opt/cisco/iosxr/install/.repos/iosxr_install_internal.repo
01:11:39 add_librepo_xattr: Cannot set xattr user.Librepo.DownloadInProgress (fd: 9): Operation not supported
01:11:39 lr_download: Downloading started
01:11:39 Transfer finished: file:///etc/opt/cisco/iosxr/install/.repos/iosxr_install_internal.repo (Effective url: file:///etc/opt/cisco/iosxr/install/.repos/iosxr_install_internal.repo)
01:11:39 lr_download: Target: file:///etc/opt/cisco/iosxr/install/.repos/owner_install_internal.repo (-)
01:11:39 Selecting mirror for: file:///etc/opt/cisco/iosxr/install/.repos/owner_install_internal.repo
01:11:39 add_librepo_xattr: Cannot set xattr user.Librepo.DownloadInProgress (fd: 9): Operation not supported
01:11:39 lr_download: Downloading started
01:11:39 Transfer finished: file:///etc/opt/cisco/iosxr/install/.repos/owner_install_internal.repo (Effective url: file:///etc/opt/cisco/iosxr/install/.repos/owner_install_internal.repo)
01:11:39 lr_download: Target: file:///etc/opt/cisco/iosxr/install/.repos/partner_install_internal.repo (-)
01:11:39 Selecting mirror for: file:///etc/opt/cisco/iosxr/install/.repos/partner_install_internal.repo
01:11:39 add_librepo_xattr: Cannot set xattr user.Librepo.DownloadInProgress (fd: 9): Operation not supported
01:11:39 lr_download: Downloading started
01:11:39 Transfer finished: file:///etc/opt/cisco/iosxr/install/.repos/partner_install_internal.repo (Effective url: file:///etc/opt/cisco/iosxr/install/.repos/partner_install_internal.repo)
01:11:39 Current date: 2026-04-30T01:11:39+0000
01:11:39 lr_download: Target: file:///etc/opt/cisco/iosxr/install/dnf/dnf.conf.instorch (-)
01:11:39 Selecting mirror for: file:///etc/opt/cisco/iosxr/install/dnf/dnf.conf.instorch
01:11:39 add_librepo_xattr: Cannot set xattr user.Librepo.DownloadInProgress (fd: 9): Operation not supported
01:11:39 lr_download: Downloading started
01:11:39 Transfer finished: file:///etc/opt/cisco/iosxr/install/dnf/dnf.conf.instorch (Effective url: file:///etc/opt/cisco/iosxr/install/dnf/dnf.conf.instorch)
01:11:39 lr_download: Target: file:///etc/opt/cisco/iosxr/install/.repos/iosxr_install_internal.repo (-)
01:11:39 Selecting mirror for: file:///etc/opt/cisco/iosxr/install/.repos/iosxr_install_internal.repo
01:11:39 add_librepo_xattr: Cannot set xattr user.Librepo.DownloadInProgress (fd: 9): Operation not supported
01:11:39 lr_download: Downloading started
01:11:39 Transfer finished: file:///etc/opt/cisco/iosxr/install/.repos/iosxr_install_internal.repo (Effective url: file:///etc/opt/cisco/iosxr/install/.repos/iosxr_install_internal.repo)
01:11:39 lr_download: Target: file:///etc/opt/cisco/iosxr/install/.repos/owner_install_internal.repo (-)
01:11:39 Selecting mirror for: file:///etc/opt/cisco/iosxr/install/.repos/owner_install_internal.repo
01:11:39 add_librepo_xattr: Cannot set xattr user.Librepo.DownloadInProgress (fd: 9): Operation not supported
01:11:39 lr_download: Downloading started
01:11:39 Transfer finished: file:///etc/opt/cisco/iosxr/install/.repos/owner_install_internal.repo (Effective url: file:///etc/opt/cisco/iosxr/install/.repos/owner_install_internal.repo)
01:11:39 lr_download: Target: file:///etc/opt/cisco/iosxr/install/.repos/partner_install_internal.repo (-)
01:11:39 Selecting mirror for: file:///etc/opt/cisco/iosxr/install/.repos/partner_install_internal.repo
01:11:39 add_librepo_xattr: Cannot set xattr user.Librepo.DownloadInProgress (fd: 9): Operation not supported
01:11:39 lr_download: Downloading started
01:11:39 Transfer finished: file:///etc/opt/cisco/iosxr/install/.repos/partner_install_internal.repo (Effective url: file:///etc/opt/cisco/iosxr/install/.repos/partner_install_internal.repo)
01:11:40 Current date: 2026-04-30T01:11:40+0000
01:11:40 lr_download: Target: file:///etc/opt/cisco/iosxr/install/dnf/dnf.conf.instorch (-)
01:11:40 Selecting mirror for: file:///etc/opt/cisco/iosxr/install/dnf/dnf.conf.instorch
01:11:40 add_librepo_xattr: Cannot set xattr user.Librepo.DownloadInProgress (fd: 9): Operation not supported
01:11:40 lr_download: Downloading started
01:11:40 Transfer finished: file:///etc/opt/cisco/iosxr/install/dnf/dnf.conf.instorch (Effective url: file:///etc/opt/cisco/iosxr/install/dnf/dnf.conf.instorch)
01:11:40 lr_download: Target: file:///etc/opt/cisco/iosxr/install/.repos/iosxr_install_internal.repo (-)
01:11:40 Selecting mirror for: file:///etc/opt/cisco/iosxr/install/.repos/iosxr_install_internal.repo
01:11:40 add_librepo_xattr: Cannot set xattr user.Librepo.DownloadInProgress (fd: 9): Operation not supported
01:11:40 lr_download: Downloading started
01:11:40 Transfer finished: file:///etc/opt/cisco/iosxr/install/.repos/iosxr_install_internal.repo (Effective url: file:///etc/opt/cisco/iosxr/install/.repos/iosxr_install_internal.repo)
01:11:40 lr_download: Target: file:///etc/opt/cisco/iosxr/install/.repos/owner_install_internal.repo (-)
01:11:40 Selecting mirror for: file:///etc/opt/cisco/iosxr/install/.repos/owner_install_internal.repo
01:11:40 add_librepo_xattr: Cannot set xattr user.Librepo.DownloadInProgress (fd: 9): Operation not supported
01:11:40 lr_download: Downloading started
01:11:40 Transfer finished: file:///etc/opt/cisco/iosxr/install/.repos/owner_install_internal.repo (Effective url: file:///etc/opt/cisco/iosxr/install/.repos/owner_install_internal.repo)
01:11:40 lr_download: Target: file:///etc/opt/cisco/iosxr/install/.repos/partner_install_internal.repo (-)
01:11:40 Selecting mirror for: file:///etc/opt/cisco/iosxr/install/.repos/partner_install_internal.repo
01:11:40 add_librepo_xattr: Cannot set xattr user.Librepo.DownloadInProgress (fd: 9): Operation not supported
01:11:40 lr_download: Downloading started
01:11:40 Transfer finished: file:///etc/opt/cisco/iosxr/install/.repos/partner_install_internal.repo (Effective url: file:///etc/opt/cisco/iosxr/install/.repos/partner_install_internal.repo)
01:11:44 Current date: 2026-04-30T01:11:44+0000
01:11:44 lr_download: Target: file:///etc/opt/cisco/iosxr/install/dnf/dnf.conf.instorch (-)
01:11:44 Selecting mirror for: file:///etc/opt/cisco/iosxr/install/dnf/dnf.conf.instorch
01:11:44 add_librepo_xattr: Cannot set xattr user.Librepo.DownloadInProgress (fd: 9): Operation not supported
01:11:44 lr_download: Downloading started
01:11:44 Transfer finished: file:///etc/opt/cisco/iosxr/install/dnf/dnf.conf.instorch (Effective url: file:///etc/opt/cisco/iosxr/install/dnf/dnf.conf.instorch)
01:11:44 lr_download: Target: file:///etc/opt/cisco/iosxr/install/.repos/iosxr_install_internal.repo (-)
01:11:44 Selecting mirror for: file:///etc/opt/cisco/iosxr/install/.repos/iosxr_install_internal.repo
01:11:44 add_librepo_xattr: Cannot set xattr user.Librepo.DownloadInProgress (fd: 9): Operation not supported
01:11:44 lr_download: Downloading started
01:11:44 Transfer finished: file:///etc/opt/cisco/iosxr/install/.repos/iosxr_install_internal.repo (Effective url: file:///etc/opt/cisco/iosxr/install/.repos/iosxr_install_internal.repo)
01:11:44 lr_download: Target: file:///etc/opt/cisco/iosxr/install/.repos/owner_install_internal.repo (-)
01:11:44 Selecting mirror for: file:///etc/opt/cisco/iosxr/install/.repos/owner_install_internal.repo
01:11:44 add_librepo_xattr: Cannot set xattr user.Librepo.DownloadInProgress (fd: 9): Operation not supported
01:11:44 lr_download: Downloading started
01:11:44 Transfer finished: file:///etc/opt/cisco/iosxr/install/.repos/owner_install_internal.repo (Effective url: file:///etc/opt/cisco/iosxr/install/.repos/owner_install_internal.repo)
01:11:44 lr_download: Target: file:///etc/opt/cisco/iosxr/install/.repos/partner_install_internal.repo (-)
01:11:44 Selecting mirror for: file:///etc/opt/cisco/iosxr/install/.repos/partner_install_internal.repo
01:11:44 add_librepo_xattr: Cannot set xattr user.Librepo.DownloadInProgress (fd: 9): Operation not supported
01:11:44 lr_download: Downloading started
01:11:44 Transfer finished: file:///etc/opt/cisco/iosxr/install/.repos/partner_install_internal.repo (Effective url: file:///etc/opt/cisco/iosxr/install/.repos/partner_install_internal.repo)
01:11:45 Current date: 2026-04-30T01:11:45+0000
01:11:45 lr_download: Target: file:///etc/opt/cisco/iosxr/install/dnf/dnf.conf.instorch (-)
01:11:45 Selecting mirror for: file:///etc/opt/cisco/iosxr/install/dnf/dnf.conf.instorch
01:11:45 add_librepo_xattr: Cannot set xattr user.Librepo.DownloadInProgress (fd: 9): Operation not supported
01:11:45 lr_download: Downloading started
01:11:45 Transfer finished: file:///etc/opt/cisco/iosxr/install/dnf/dnf.conf.instorch (Effective url: file:///etc/opt/cisco/iosxr/install/dnf/dnf.conf.instorch)
01:11:45 lr_download: Target: file:///etc/opt/cisco/iosxr/install/.repos/iosxr_install_internal.repo (-)
01:11:45 Selecting mirror for: file:///etc/opt/cisco/iosxr/install/.repos/iosxr_install_internal.repo
01:11:45 add_librepo_xattr: Cannot set xattr user.Librepo.DownloadInProgress (fd: 9): Operation not supported
01:11:45 lr_download: Downloading started
01:11:45 Transfer finished: file:///etc/opt/cisco/iosxr/install/.repos/iosxr_install_internal.repo (Effective url: file:///etc/opt/cisco/iosxr/install/.repos/iosxr_install_internal.repo)
01:11:45 lr_download: Target: file:///etc/opt/cisco/iosxr/install/.repos/owner_install_internal.repo (-)
01:11:45 Selecting mirror for: file:///etc/opt/cisco/iosxr/install/.repos/owner_install_internal.repo
01:11:45 add_librepo_xattr: Cannot set xattr user.Librepo.DownloadInProgress (fd: 9): Operation not supported
01:11:45 lr_download: Downloading started
01:11:45 Transfer finished: file:///etc/opt/cisco/iosxr/install/.repos/owner_install_internal.repo (Effective url: file:///etc/opt/cisco/iosxr/install/.repos/owner_install_internal.repo)
01:11:45 lr_download: Target: file:///etc/opt/cisco/iosxr/install/.repos/partner_install_internal.repo (-)
01:11:45 Selecting mirror for: file:///etc/opt/cisco/iosxr/install/.repos/partner_install_internal.repo
01:11:45 add_librepo_xattr: Cannot set xattr user.Librepo.DownloadInProgress (fd: 9): Operation not supported
01:11:45 lr_download: Downloading started
01:11:45 Transfer finished: file:///etc/opt/cisco/iosxr/install/.repos/partner_install_internal.repo (Effective url: file:///etc/opt/cisco/iosxr/install/.repos/partner_install_internal.repo)
01:11:53 Current date: 2026-04-30T01:11:53+0000
01:11:53 lr_download: Target: file:///etc/opt/cisco/iosxr/install/dnf/dnf.conf.instorch (-)
01:11:53 Selecting mirror for: file:///etc/opt/cisco/iosxr/install/dnf/dnf.conf.instorch
01:11:53 add_librepo_xattr: Cannot set xattr user.Librepo.DownloadInProgress (fd: 9): Operation not supported
01:11:53 lr_download: Downloading started
01:11:53 Transfer finished: file:///etc/opt/cisco/iosxr/install/dnf/dnf.conf.instorch (Effective url: file:///etc/opt/cisco/iosxr/install/dnf/dnf.conf.instorch)
01:11:53 lr_download: Target: file:///etc/opt/cisco/iosxr/install/.repos/iosxr_install_internal.repo (-)
01:11:53 Selecting mirror for: file:///etc/opt/cisco/iosxr/install/.repos/iosxr_install_internal.repo
01:11:53 add_librepo_xattr: Cannot set xattr user.Librepo.DownloadInProgress (fd: 9): Operation not supported
01:11:53 lr_download: Downloading started
01:11:53 Transfer finished: file:///etc/opt/cisco/iosxr/install/.repos/iosxr_install_internal.repo (Effective url: file:///etc/opt/cisco/iosxr/install/.repos/iosxr_install_internal.repo)
01:11:53 lr_download: Target: file:///etc/opt/cisco/iosxr/install/.repos/owner_install_internal.repo (-)
01:11:53 Selecting mirror for: file:///etc/opt/cisco/iosxr/install/.repos/owner_install_internal.repo
01:11:53 add_librepo_xattr: Cannot set xattr user.Librepo.DownloadInProgress (fd: 9): Operation not supported
01:11:53 lr_download: Downloading started
01:11:53 Transfer finished: file:///etc/opt/cisco/iosxr/install/.repos/owner_install_internal.repo (Effective url: file:///etc/opt/cisco/iosxr/install/.repos/owner_install_internal.repo)
01:11:53 lr_download: Target: file:///etc/opt/cisco/iosxr/install/.repos/partner_install_internal.repo (-)
01:11:53 Selecting mirror for: file:///etc/opt/cisco/iosxr/install/.repos/partner_install_internal.repo
01:11:53 add_librepo_xattr: Cannot set xattr user.Librepo.DownloadInProgress (fd: 9): Operation not supported
01:11:53 lr_download: Downloading started
01:11:53 Transfer finished: file:///etc/opt/cisco/iosxr/install/.repos/partner_install_internal.repo (Effective url: file:///etc/opt/cisco/iosxr/install/.repos/partner_install_internal.repo)
01:11:54 lr_handle_perform: Using dir: /var/volatile/cache/dnf/iosxr_install_internal-f956ac62537bd733
01:11:54 lr_handle_perform: Using own SIGINT handler
01:11:54 lr_handle_prepare_internal_mirrorlist: Preparing internal mirrorlist
01:11:54 lr_handle_prepare_internal_mirrorlist: Finalizing internal mirrorlist
01:11:54 lr_handle_prepare_internal_mirrorlist: Finalizing mirrors reported via LRI_MIRRORS
01:11:54 lr_handle_perform: Downloading/Locating yum repo
01:11:54 lr_yum_use_local: Locating repo..
01:11:54 lr_yum_use_local_load_base: open(/var/volatile/cache/dnf/iosxr_install_internal-f956ac62537bd733/repodata/repomd.xml): No such file or directory
01:11:54 lr_handle_perform: Restoring an old SIGINT handler
01:11:54 lr_handle_perform: Using dir: /tmp/dnf-28ecdbdw
01:11:54 lr_handle_perform: Using own SIGINT handler
01:11:54 lr_handle_prepare_internal_mirrorlist: Preparing internal mirrorlist
01:11:54 lr_handle_prepare_internal_mirrorlist: Finalizing internal mirrorlist
01:11:54 lr_handle_prepare_internal_mirrorlist: Finalizing mirrors reported via LRI_MIRRORS
01:11:54 lr_handle_perform: Downloading/Locating yum repo
01:11:54 lr_yum_download_remote: Downloading/Copying repo..
01:11:54 lr_yum_download_repomd: Downloading repomd.xml via mirrorlist
01:11:54 lr_download: Target: repodata/repomd.xml (-)
01:11:54 lr_prepare_lrmirrors: Preparing internal mirror list for handle id: 0x55c8ba0735d0
01:11:54 lr_prepare_lrmirrors: Mirror: file:///var/opt/cisco/iosxr/install/mirror/iosxr_install_internal_repo
01:11:54 Selecting mirror for: repodata/repomd.xml
01:11:54 add_librepo_xattr: Cannot set xattr user.Librepo.DownloadInProgress (fd: 10): Operation not supported
01:11:54 lr_download: Downloading started
01:11:54 Transfer finished: repodata/repomd.xml (Effective url: file:///var/opt/cisco/iosxr/install/mirror/iosxr_install_internal_repo/repodata/repomd.xml)
01:11:54 check_transfer_statuses: Ignore error - Try another mirror
01:11:54 Selecting mirror for: repodata/repomd.xml
01:11:54 select_suitable_mirror: All mirrors were tried without success
01:11:54 lr_yum_download_repomd: repomd.xml download was unsuccessful
01:11:54 lr_handle_perform: Restoring an old SIGINT handler
01:12:06 Current date: 2026-04-30T01:12:06+0000
01:12:06 lr_download: Target: file:///etc/opt/cisco/iosxr/install/dnf/dnf.conf.instorch (-)
01:12:06 Selecting mirror for: file:///etc/opt/cisco/iosxr/install/dnf/dnf.conf.instorch
01:12:06 add_librepo_xattr: Cannot set xattr user.Librepo.DownloadInProgress (fd: 9): Operation not supported
01:12:06 lr_download: Downloading started
01:12:06 Transfer finished: file:///etc/opt/cisco/iosxr/install/dnf/dnf.conf.instorch (Effective url: file:///etc/opt/cisco/iosxr/install/dnf/dnf.conf.instorch)
01:12:06 lr_download: Target: file:///etc/opt/cisco/iosxr/install/.repos/iosxr_install_internal.repo (-)
01:12:06 Selecting mirror for: file:///etc/opt/cisco/iosxr/install/.repos/iosxr_install_internal.repo
01:12:06 add_librepo_xattr: Cannot set xattr user.Librepo.DownloadInProgress (fd: 9): Operation not supported
01:12:06 lr_download: Downloading started
01:12:06 Transfer finished: file:///etc/opt/cisco/iosxr/install/.repos/iosxr_install_internal.repo (Effective url: file:///etc/opt/cisco/iosxr/install/.repos/iosxr_install_internal.repo)
01:12:06 lr_download: Target: file:///etc/opt/cisco/iosxr/install/.repos/owner_install_internal.repo (-)
01:12:06 Selecting mirror for: file:///etc/opt/cisco/iosxr/install/.repos/owner_install_internal.repo
01:12:06 add_librepo_xattr: Cannot set xattr user.Librepo.DownloadInProgress (fd: 9): Operation not supported
01:12:06 lr_download: Downloading started
01:12:06 Transfer finished: file:///etc/opt/cisco/iosxr/install/.repos/owner_install_internal.repo (Effective url: file:///etc/opt/cisco/iosxr/install/.repos/owner_install_internal.repo)
01:12:06 lr_download: Target: file:///etc/opt/cisco/iosxr/install/.repos/partner_install_internal.repo (-)
01:12:06 Selecting mirror for: file:///etc/opt/cisco/iosxr/install/.repos/partner_install_internal.repo
01:12:06 add_librepo_xattr: Cannot set xattr user.Librepo.DownloadInProgress (fd: 9): Operation not supported
01:12:06 lr_download: Downloading started
01:12:06 Transfer finished: file:///etc/opt/cisco/iosxr/install/.repos/partner_install_internal.repo (Effective url: file:///etc/opt/cisco/iosxr/install/.repos/partner_install_internal.repo)
01:12:07 Current date: 2026-04-30T01:12:07+0000
01:12:07 lr_download: Target: file:///etc/opt/cisco/iosxr/install/dnf/dnf.conf.instorch (-)
01:12:07 Selecting mirror for: file:///etc/opt/cisco/iosxr/install/dnf/dnf.conf.instorch
01:12:07 add_librepo_xattr: Cannot set xattr user.Librepo.DownloadInProgress (fd: 9): Operation not supported
01:12:07 lr_download: Downloading started
01:12:07 Transfer finished: file:///etc/opt/cisco/iosxr/install/dnf/dnf.conf.instorch (Effective url: file:///etc/opt/cisco/iosxr/install/dnf/dnf.conf.instorch)
01:12:07 lr_download: Target: file:///etc/opt/cisco/iosxr/install/.repos/iosxr_install_internal.repo (-)
01:12:07 Selecting mirror for: file:///etc/opt/cisco/iosxr/install/.repos/iosxr_install_internal.repo
01:12:07 add_librepo_xattr: Cannot set xattr user.Librepo.DownloadInProgress (fd: 9): Operation not supported
01:12:07 lr_download: Downloading started
01:12:07 Transfer finished: file:///etc/opt/cisco/iosxr/install/.repos/iosxr_install_internal.repo (Effective url: file:///etc/opt/cisco/iosxr/install/.repos/iosxr_install_internal.repo)
01:12:07 lr_download: Target: file:///etc/opt/cisco/iosxr/install/.repos/owner_install_internal.repo (-)
01:12:07 Selecting mirror for: file:///etc/opt/cisco/iosxr/install/.repos/owner_install_internal.repo
01:12:07 add_librepo_xattr: Cannot set xattr user.Librepo.DownloadInProgress (fd: 9): Operation not supported
01:12:07 lr_download: Downloading started
01:12:07 Transfer finished: file:///etc/opt/cisco/iosxr/install/.repos/owner_install_internal.repo (Effective url: file:///etc/opt/cisco/iosxr/install/.repos/owner_install_internal.repo)
01:12:07 lr_download: Target: file:///etc/opt/cisco/iosxr/install/.repos/partner_install_internal.repo (-)
01:12:07 Selecting mirror for: file:///etc/opt/cisco/iosxr/install/.repos/partner_install_internal.repo
01:12:07 add_librepo_xattr: Cannot set xattr user.Librepo.DownloadInProgress (fd: 9): Operation not supported
01:12:07 lr_download: Downloading started
01:12:07 Transfer finished: file:///etc/opt/cisco/iosxr/install/.repos/partner_install_internal.repo (Effective url: file:///etc/opt/cisco/iosxr/install/.repos/partner_install_internal.repo)
01:12:13 Current date: 2026-04-30T01:12:13+0000
01:12:13 lr_download: Target: file:///etc/opt/cisco/iosxr/install/dnf/dnf.conf.instorch (-)
01:12:13 Selecting mirror for: file:///etc/opt/cisco/iosxr/install/dnf/dnf.conf.instorch
01:12:13 add_librepo_xattr: Cannot set xattr user.Librepo.DownloadInProgress (fd: 9): Operation not supported
01:12:13 lr_download: Downloading started
01:12:13 Transfer finished: file:///etc/opt/cisco/iosxr/install/dnf/dnf.conf.instorch (Effective url: file:///etc/opt/cisco/iosxr/install/dnf/dnf.conf.instorch)
01:12:13 lr_download: Target: file:///etc/opt/cisco/iosxr/install/.repos/iosxr_install_internal.repo (-)
01:12:13 Selecting mirror for: file:///etc/opt/cisco/iosxr/install/.repos/iosxr_install_internal.repo
01:12:13 add_librepo_xattr: Cannot set xattr user.Librepo.DownloadInProgress (fd: 9): Operation not supported
01:12:13 lr_download: Downloading started
01:12:13 Transfer finished: file:///etc/opt/cisco/iosxr/install/.repos/iosxr_install_internal.repo (Effective url: file:///etc/opt/cisco/iosxr/install/.repos/iosxr_install_internal.repo)
01:12:13 lr_download: Target: file:///etc/opt/cisco/iosxr/install/.repos/owner_install_internal.repo (-)
01:12:13 Selecting mirror for: file:///etc/opt/cisco/iosxr/install/.repos/owner_install_internal.repo
01:12:13 add_librepo_xattr: Cannot set xattr user.Librepo.DownloadInProgress (fd: 9): Operation not supported
01:12:13 lr_download: Downloading started
01:12:13 Transfer finished: file:///etc/opt/cisco/iosxr/install/.repos/owner_install_internal.repo (Effective url: file:///etc/opt/cisco/iosxr/install/.repos/owner_install_internal.repo)
01:12:13 lr_download: Target: file:///etc/opt/cisco/iosxr/install/.repos/partner_install_internal.repo (-)
01:12:13 Selecting mirror for: file:///etc/opt/cisco/iosxr/install/.repos/partner_install_internal.repo
01:12:13 add_librepo_xattr: Cannot set xattr user.Librepo.DownloadInProgress (fd: 9): Operation not supported
01:12:13 lr_download: Downloading started
01:12:13 Transfer finished: file:///etc/opt/cisco/iosxr/install/.repos/partner_install_internal.repo (Effective url: file:///etc/opt/cisco/iosxr/install/.repos/partner_install_internal.repo)
