INFO Apr-30 01:11:18 === Started libdnf-0.11.1 ===
DEBUG Apr-30 01:11:18 fetching rpmdb
INFO Apr-30 01:11:37 === Started libdnf-0.11.1 ===
DEBUG Apr-30 01:11:37 fetching rpmdb
INFO Apr-30 01:11:38 === Started libdnf-0.11.1 ===
DEBUG Apr-30 01:11:38 fetching rpmdb
INFO Apr-30 01:11:39 === Started libdnf-0.11.1 ===
DEBUG Apr-30 01:11:39 fetching rpmdb
INFO Apr-30 01:11:39 === Started libdnf-0.11.1 ===
DEBUG Apr-30 01:11:39 fetching rpmdb
INFO Apr-30 01:11:40 === Started libdnf-0.11.1 ===
DEBUG Apr-30 01:11:40 fetching rpmdb
INFO Apr-30 01:11:45 === Started libdnf-0.11.1 ===
DEBUG Apr-30 01:11:45 fetching rpmdb
INFO Apr-30 01:11:45 === Started libdnf-0.11.1 ===
DEBUG Apr-30 01:11:47 fetching rpmdb
INFO Apr-30 01:11:57 === Started libdnf-0.11.1 ===
DEBUG Apr-30 01:11:57 fetching rpmdb
INFO Apr-30 01:11:58 Downloading: file:///var/opt/cisco/iosxr/install/mirror/iosxr_install_internal_repo/repodata/repomd.xml
INFO Apr-30 01:11:58 Error during transfer: Curl error (37): Couldn't read a file:// file for file:///var/opt/cisco/iosxr/install/mirror/iosxr_install_internal_repo/repodata/repomd.xml [Couldn't open file /var/opt/cisco/iosxr/install/mirror/iosxr_install_internal_repo/repodata/repomd.xml]
INFO Apr-30 01:11:58 Error while downloading: Cannot download repodata/repomd.xml: All mirrors were tried
INFO Apr-30 01:12:02 === Started libdnf-0.11.1 ===
DEBUG Apr-30 01:12:02 fetching rpmdb
INFO Apr-30 01:12:05 === Started libdnf-0.11.1 ===
DEBUG Apr-30 01:12:05 fetching rpmdb
INFO Apr-30 01:12:08 === Started libdnf-0.11.1 ===
DEBUG Apr-30 01:12:08 fetching rpmdb
