2026-04-30T01:11:14.030494+00:00 p4-xr2 groupadd[456]: group added to /etc/group: name=iosxr, GID=1000
2026-04-30T01:11:14.030498+00:00 p4-xr2 groupadd[456]: group added to /etc/gshadow: name=iosxr
2026-04-30T01:11:14.030501+00:00 p4-xr2 groupadd[456]: new group: name=iosxr, GID=1000
2026-04-30T01:11:14.030516+00:00 p4-xr2 useradd[466]: new user: name=iosxr, UID=993, GID=1000, home=/home/iosxr, shell=/bin/false, from=none
2026-04-30T01:11:24.714869+00:00 p4-xr2 sshd[812]: Server listening on 0.0.0.0 port 22.
2026-04-30T01:11:24.714955+00:00 p4-xr2 sshd[812]: Server listening on :: port 22.
2026-04-30T01:11:51.033673+00:00 p4-xr2 groupadd[2872]: group added to /etc/group: name=cisco-support, GID=1001
2026-04-30T01:11:51.044860+00:00 p4-xr2 groupadd[2872]: group added to /etc/gshadow: name=cisco-support
2026-04-30T01:11:51.064957+00:00 p4-xr2 groupadd[2872]: new group: name=cisco-support, GID=1001
2026-04-30T01:11:51.148519+00:00 p4-xr2 groupadd[2887]: group added to /etc/group: name=maintenance, GID=1002
2026-04-30T01:11:51.157415+00:00 p4-xr2 groupadd[2887]: group added to /etc/gshadow: name=maintenance
2026-04-30T01:11:51.183950+00:00 p4-xr2 groupadd[2887]: new group: name=maintenance, GID=1002
2026-04-30T01:11:51.422748+00:00 p4-xr2 groupadd[2900]: group added to /etc/group: name=netadmin, GID=1003
2026-04-30T01:11:51.435235+00:00 p4-xr2 groupadd[2900]: group added to /etc/gshadow: name=netadmin
2026-04-30T01:11:51.442515+00:00 p4-xr2 groupadd[2900]: new group: name=netadmin, GID=1003
2026-04-30T01:11:51.525865+00:00 p4-xr2 groupadd[2915]: group added to /etc/group: name=provisioning, GID=1004
2026-04-30T01:11:51.531825+00:00 p4-xr2 groupadd[2915]: group added to /etc/gshadow: name=provisioning
2026-04-30T01:11:51.545974+00:00 p4-xr2 groupadd[2915]: new group: name=provisioning, GID=1004
2026-04-30T01:11:51.618867+00:00 p4-xr2 groupadd[2925]: group added to /etc/group: name=retrieve, GID=1005
2026-04-30T01:11:51.630622+00:00 p4-xr2 groupadd[2925]: group added to /etc/gshadow: name=retrieve
2026-04-30T01:11:51.640694+00:00 p4-xr2 groupadd[2925]: new group: name=retrieve, GID=1005
2026-04-30T01:11:51.772193+00:00 p4-xr2 groupadd[2941]: group added to /etc/group: name=root-lr, GID=1006
2026-04-30T01:11:51.796688+00:00 p4-xr2 groupadd[2941]: group added to /etc/gshadow: name=root-lr
2026-04-30T01:11:51.808842+00:00 p4-xr2 groupadd[2941]: new group: name=root-lr, GID=1006
2026-04-30T01:11:51.899063+00:00 p4-xr2 groupadd[2967]: group added to /etc/group: name=root-system, GID=1007
2026-04-30T01:11:51.910891+00:00 p4-xr2 groupadd[2967]: group added to /etc/gshadow: name=root-system
2026-04-30T01:11:51.914391+00:00 p4-xr2 groupadd[2967]: new group: name=root-system, GID=1007
2026-04-30T01:11:52.036444+00:00 p4-xr2 groupadd[2983]: group added to /etc/group: name=serviceadmin, GID=1008
2026-04-30T01:11:52.040143+00:00 p4-xr2 groupadd[2983]: group added to /etc/gshadow: name=serviceadmin
2026-04-30T01:11:52.041595+00:00 p4-xr2 groupadd[2983]: new group: name=serviceadmin, GID=1008
2026-04-30T01:11:52.153796+00:00 p4-xr2 groupadd[2995]: group added to /etc/group: name=sysadmin, GID=1009
2026-04-30T01:11:52.155544+00:00 p4-xr2 groupadd[2995]: group added to /etc/gshadow: name=sysadmin
2026-04-30T01:11:52.234597+00:00 p4-xr2 groupadd[2995]: new group: name=sysadmin, GID=1009
2026-04-30T01:11:52.367868+00:00 p4-xr2 groupadd[3008]: group added to /etc/group: name=read-only-tg, GID=1010
2026-04-30T01:11:52.416316+00:00 p4-xr2 groupadd[3008]: group added to /etc/gshadow: name=read-only-tg
2026-04-30T01:11:52.424557+00:00 p4-xr2 groupadd[3008]: new group: name=read-only-tg, GID=1010
2026-04-30T01:12:21.190253+00:00 p4-xr2 useradd[5234]: new group: name=clab, GID=1011
2026-04-30T01:12:21.190540+00:00 p4-xr2 useradd[5234]: new user: name=clab, UID=1000, GID=1011, home=/home/clab, shell=/bin/sh, from=none
2026-04-30T01:12:21.290105+00:00 p4-xr2 usermod[5251]: add 'clab' to group 'root-lr'
2026-04-30T01:12:21.290209+00:00 p4-xr2 usermod[5251]: add 'clab' to shadow group 'root-lr'
2026-04-30T01:12:21.319453+00:00 p4-xr2 usermod[5260]: add 'clab' to group 'sudo'
2026-04-30T01:12:21.319706+00:00 p4-xr2 usermod[5260]: add 'clab' to shadow group 'sudo'
2026-04-30T01:12:21.380024+00:00 p4-xr2 usermod[5276]: add 'clab' to group 'cisco-support'
2026-04-30T01:12:21.380276+00:00 p4-xr2 usermod[5276]: add 'clab' to shadow group 'cisco-support'
2026-04-30T01:12:22.569429+00:00 p4-xr2 sshd[5374]: debug1: Set /proc/self/oom_score_adj from 0 to -1000
2026-04-30T01:12:22.569580+00:00 p4-xr2 sshd[5374]: Sending to syslog proxy : Set /proc/self/oom_score_adj from 0 to -1000
2026-04-30T01:12:22.569745+00:00 p4-xr2 sshd[5374]: debug1: Bind to port 22 on 0.0.0.0.
2026-04-30T01:12:22.569825+00:00 p4-xr2 sshd[5374]: Sending to syslog proxy : Bind to port 22 on 0.0.0.0.
2026-04-30T01:12:22.569934+00:00 p4-xr2 sshd[5374]: Server listening on 0.0.0.0 port 22.
2026-04-30T01:12:22.570016+00:00 p4-xr2 sshd[5374]: Sending to syslog proxy : Server listening on 0.0.0.0 port 22.
2026-04-30T01:12:22.570137+00:00 p4-xr2 sshd[5374]: debug1: Bind to port 22 on ::.
2026-04-30T01:12:22.570233+00:00 p4-xr2 sshd[5374]: Sending to syslog proxy : Bind to port 22 on ::.
2026-04-30T01:12:22.570343+00:00 p4-xr2 sshd[5374]: Server listening on :: port 22.
2026-04-30T01:12:22.570427+00:00 p4-xr2 sshd[5374]: Sending to syslog proxy : Server listening on :: port 22.
2026-04-30T01:12:23.658557+00:00 p4-xr2 sshd[5374]: Received signal 15; terminating.
2026-04-30T01:12:23.658673+00:00 p4-xr2 sshd[5374]: Sending to syslog proxy : Received signal 15; terminating.
2026-04-30T01:12:23.757315+00:00 p4-xr2 sshd[5449]: debug1: Set /proc/self/oom_score_adj from 0 to -1000
2026-04-30T01:12:23.757446+00:00 p4-xr2 sshd[5449]: Sending to syslog proxy : Set /proc/self/oom_score_adj from 0 to -1000
2026-04-30T01:12:23.764315+00:00 p4-xr2 sshd[5449]: debug1: Bind to port 830 on 0.0.0.0.
2026-04-30T01:12:23.764498+00:00 p4-xr2 sshd[5449]: Sending to syslog proxy : Bind to port 830 on 0.0.0.0.
2026-04-30T01:12:23.767710+00:00 p4-xr2 sshd[5449]: Server listening on 0.0.0.0 port 830.
2026-04-30T01:12:23.767919+00:00 p4-xr2 sshd[5449]: Sending to syslog proxy : Server listening on 0.0.0.0 port 830.
2026-04-30T01:12:23.768604+00:00 p4-xr2 sshd[5449]: debug1: Bind to port 830 on ::.
2026-04-30T01:12:23.768740+00:00 p4-xr2 sshd[5449]: Sending to syslog proxy : Bind to port 830 on ::.
2026-04-30T01:12:23.768904+00:00 p4-xr2 sshd[5449]: Server listening on :: port 830.
2026-04-30T01:12:23.769033+00:00 p4-xr2 sshd[5449]: Sending to syslog proxy : Server listening on :: port 830.
2026-04-30T01:12:23.769821+00:00 p4-xr2 sshd[5449]: debug1: Bind to port 22 on 0.0.0.0.
2026-04-30T01:12:23.769966+00:00 p4-xr2 sshd[5449]: Sending to syslog proxy : Bind to port 22 on 0.0.0.0.
2026-04-30T01:12:23.770130+00:00 p4-xr2 sshd[5449]: Server listening on 0.0.0.0 port 22.
2026-04-30T01:12:23.770258+00:00 p4-xr2 sshd[5449]: Sending to syslog proxy : Server listening on 0.0.0.0 port 22.
2026-04-30T01:12:23.770639+00:00 p4-xr2 sshd[5449]: debug1: Bind to port 22 on ::.
2026-04-30T01:12:23.772133+00:00 p4-xr2 sshd[5449]: Sending to syslog proxy : Bind to port 22 on ::.
2026-04-30T01:12:23.772305+00:00 p4-xr2 sshd[5449]: Server listening on :: port 22.
2026-04-30T01:12:23.772434+00:00 p4-xr2 sshd[5449]: Sending to syslog proxy : Server listening on :: port 22.
