MODPROBE_OPTIONS=-d /pkg/thirdparty_lib
SCHEMA_PATH=schema
MIB_PATH=/pkg/mib
PCIE_DEBUG=2
STARTUP_PATH=/pkg/startup
IOX=1
BOOT_IOX=1
IOX_DISABLE_STARTUP=0
CONNECT_DIR=pkg/boot/connect.d
BGP_PATH=/pkg/bgp
XR_CHECKSUM_OFFLOAD_COUNTERACT=Mg0/RP0/CPU0/0
PWD=/
TTY_UART_DRIVER=libslinux.dll
PARTITIONS_PATH=/pkg/partitions
CONFIGS_PATH=/pkg/configs
CONFREG=0
MIB_LIBRARY_PATH=/pkg/lib/mib
SYSMGR_NODE=
LD_PRELOAD=/pkg/lib/libmemdbg.so
LANG=C
CONNECT_COMMAND=
LVM_SUPPRESS_FD_WARNINGS=1
PKG_PATH=/pkg
INVOCATION_ID=dfc8185677f8451fa0c4ec1bd655f6db
AAA_USER=root
ASAN_OPTIONS=halt_on_error=0:log_path=/var/log/asan/asan.report:log_exe_name=1:allow_addr2line=0:use_mid_memory=1:verify_asan_link_order=0:quarantine_size_mb=16:malloc_context_size=5:max_redzone=64:handle_segv=0:handle_sigbus=0:handle_sigfpe=0:detect_stack_use_after_return=1:detect_stack_use_after_scope=1:detect_leaks=1:detect_stack_use_after_return=1:detect_stack_use_after_scope=1:detect_leaks=1:detect_odr_violation=0
IM_RULES_PATH=/pkg/rules
PARSER_PATH=/pkg/parser
NODE_WATCHER=1
BOOT_DIR=pkg/boot/boot.d
LSAN_OPTIONS=exitcode=0:use_unaligned=1:suppressions=/pkg/etc/lsan_suppressions.txt:leak_check_at_exit=0:fast_unwind_on_malloc=0:log_exe_name=1:handle_segv=0:handle_sigbus=0:handle_sigfpe=0
INIT_STARTUP_PATH=/pkg/init.d
SHLVL=1
DIR=pkg/boot/boot.d
LOADPATH=/pkg
PYTHONDONTWRITEBYTECODE=1
UBSAN_OPTIONS=log_path=/var/log/ubsan/ubsan.report:log_exe_name=1:print_stacktrace=1
IOX_DISABLE_SYSMGR=0
MEMDBG_BLACKLIST=gdb:valgrind:lsof
LD_LIBRARY_PATH=/pkg/lib/override:/pkg/lib:/pkg/lib/cerrno:/pkg/lib/mib:/pkg/lib/spp_plugins:/pkg/thirdparty_lib/lib64:/pkg/thirdparty_lib/lib:/pkg/thirdparty_lib/usr/lib64:/pkg/thirdparty_lib/usr/lib
ETC_PATH=/pkg/etc
MEMDBG_ENABLE=1
JOURNAL_STREAM=8:21540845
IOX_NO_CONFIG=0
PATH=/pkg/sbin:/pkg/bin:/usr/local/sbin:/usr/local/bin:/usr/sbin:/usr/bin:/sbin:/bin
INSTANCE_ID=1
ENV_FILE=/opt/cisco/thinxr/set_env_vars
XR_INTERFACES_LEGACY=Gi0/0/0/0:Gi0-0-0-0,Mg0/RP0/CPU0/0:eth0
PLACEMENT_PATH=/pkg/placement
OLDPWD=/
_=/usr/bin/nsenter
NO_DLLMAIN=1
