2026-04-30 01:11:28.52174Z[ERR] tamsvcs_tamm: [1380] 
*
*
* Starting tamsvcs_tamm process...
*
*
*
2026-04-30 01:11:28.52209Z[INFO] tamsvcs_tamm: [1380] TAM sync is NOT enabled for this platform
2026-04-30 01:11:28.52219Z[INFO] tamsvcs_tamm: [1380] TAM entropy is NOT enabled for this platform
2026-04-30 01:11:28.173535[INFO] tamsvcs_tamm: [1380] Successfully registered with sysmgr for proc_role change
2026-04-30 01:11:28.174608[INFO] tamsvcs_tamm: [1380] tams_proc started 1452
2026-04-30 01:11:28.174643[INFO] tamsvcs_tamm: [1380] Creating TAM:XRD_TAMDB of type:2
2026-04-30 01:11:28.174653[INFO] tamsvcs_tamm: [1380] Registering device :XRD_TAMDB Type:2 
2026-04-30 01:11:29.449957[INFO] tamsvcs_tamm: [1380] cmd type: TAMM_CMD_REGISTER_DEVICE
2026-04-30 01:11:29.450002[INFO] tamsvcs_tamm: [1380] Parsing TAMM_CMD_REGISTER_DEVICE Rsp status: TAM_SUCCESS
2026-04-30 01:11:29.497897[INFO] tamsvcs_tamm: [1380] cmd type: TAMM_CMD_REGISTER_DEVICE
2026-04-30 01:11:29.497950[INFO] tamsvcs_tamm: [1380] Parsing TAMM_CMD_REGISTER_DEVICE Rsp status: TAM_SUCCESS
2026-04-30 01:11:29.497975[INFO] tamsvcs_tamm: [1380] cmd type: TAMM_CMD_REGISTER_DEVICE
2026-04-30 01:11:29.498007[INFO] tamsvcs_tamm: [1380] Parsing TAMM_CMD_REGISTER_DEVICE Rsp status: TAM_SUCCESS
2026-04-30 01:11:29.498013[INFO] tamsvcs_tamm: [1380] Register device response TAM_SUCCESS
2026-04-30 01:11:29.498949[INFO] tamsvcs_tamm: [1380] Successfully registered device XRD_TAMDB Type: 2
2026-04-30 01:11:29.506501[INFO] tamsvcs_tamm: [1380] cmd type: TAMM_CMD_REGISTER_APP
2026-04-30 01:11:29.506545[INFO] tamsvcs_tamm: [1380] Parsing TAMM_CMD_REGISTER_APP Rsp status: TAM_SUCCESS
2026-04-30 01:11:29.643618[INFO] tamsvcs_tamm: [1380] cmd type: TAMM_CMD_REGISTER_APP
2026-04-30 01:11:29.644795[INFO] tamsvcs_tamm: [1380] Parsing TAMM_CMD_REGISTER_APP Rsp status: TAM_SUCCESS
2026-04-30 01:11:29.645725[INFO] tamsvcs_tamm: [1380] cmd type: TAMM_CMD_REGISTER_APP
2026-04-30 01:11:29.645995[INFO] tamsvcs_tamm: [1380] Parsing TAMM_CMD_REGISTER_APP Rsp status: TAM_SUCCESS
2026-04-30 01:11:29.648539[INFO] tamsvcs_tamm: [1380] cmd type: TAMM_CMD_APP_SET_ATTR
2026-04-30 01:11:29.648610[INFO] tamsvcs_tamm: [1380] Parsing TAMM_CMD_APP_SET_ATTR Rsp status: TAM_SUCCESS
2026-04-30 01:11:29.712623[INFO] tamsvcs_tamm: [1380] cmd type: TAMM_CMD_APP_SET_ATTR
2026-04-30 01:11:29.712671[INFO] tamsvcs_tamm: [1380] Parsing TAMM_CMD_APP_SET_ATTR Rsp status: TAM_SUCCESS
2026-04-30 01:11:29.712692[INFO] tamsvcs_tamm: [1380] cmd type: TAMM_CMD_APP_SET_ATTR
2026-04-30 01:11:29.712731[INFO] tamsvcs_tamm: [1380] Parsing TAMM_CMD_APP_SET_ATTR Rsp status: TAM_SUCCESS
2026-04-30 01:11:29.717840[INFO] tamsvcs_tamm: [1380] cmd type: TAMM_CMD_REGISTER_APP
2026-04-30 01:11:29.717888[INFO] tamsvcs_tamm: [1380] Parsing TAMM_CMD_REGISTER_APP Rsp status: TAM_SUCCESS
2026-04-30 01:11:29.763829[INFO] tamsvcs_tamm: [1380] cmd type: TAMM_CMD_REGISTER_APP
2026-04-30 01:11:29.763873[INFO] tamsvcs_tamm: [1380] Parsing TAMM_CMD_REGISTER_APP Rsp status: TAM_SUCCESS
2026-04-30 01:11:29.763899[INFO] tamsvcs_tamm: [1380] cmd type: TAMM_CMD_REGISTER_APP
2026-04-30 01:11:29.763933[INFO] tamsvcs_tamm: [1380] Parsing TAMM_CMD_REGISTER_APP Rsp status: TAM_SUCCESS
2026-04-30 01:11:29.766418[INFO] tamsvcs_tamm: [1380] cmd type: TAMM_CMD_APP_SET_ATTR
2026-04-30 01:11:29.766470[INFO] tamsvcs_tamm: [1380] Parsing TAMM_CMD_APP_SET_ATTR Rsp status: TAM_SUCCESS
2026-04-30 01:11:29.809547[INFO] tamsvcs_tamm: [1380] cmd type: TAMM_CMD_APP_SET_ATTR
2026-04-30 01:11:29.809593[INFO] tamsvcs_tamm: [1380] Parsing TAMM_CMD_APP_SET_ATTR Rsp status: TAM_SUCCESS
2026-04-30 01:11:29.809617[INFO] tamsvcs_tamm: [1380] cmd type: TAMM_CMD_APP_SET_ATTR
2026-04-30 01:11:29.809652[INFO] tamsvcs_tamm: [1380] Parsing TAMM_CMD_APP_SET_ATTR Rsp status: TAM_SUCCESS
2026-04-30 01:11:29.814669[INFO] tamsvcs_tamm: [1380] cmd type: TAMM_CMD_REGISTER_APP
2026-04-30 01:11:29.814724[INFO] tamsvcs_tamm: [1380] Parsing TAMM_CMD_REGISTER_APP Rsp status: TAM_SUCCESS
2026-04-30 01:11:29.858268[INFO] tamsvcs_tamm: [1380] cmd type: TAMM_CMD_REGISTER_APP
2026-04-30 01:11:29.858318[INFO] 2026-04-30 01:11:28.556672[INFO] tams_proc: [1452] Opened TAMS Client local listener on fd=86
2026-04-30 01:11:28.556736[INFO] tams_proc: [1452] Opened TAMS Client TCP listener on 192.0.0.4:7000 fd=91
2026-04-30 01:11:28.556766[INFO] tams_proc: [1452] Opened TAMS Mgmt local listener on fd=92
2026-04-30 01:11:28.556822[INFO] tams_proc: [1452] tams_proc Version:ciscotamservices 12.1.0
2026-04-30 01:11:28.954491[INFO] tams_proc: [1452] cmd type: TAMM_CMD_REGISTER_DEVICE
2026-04-30 01:11:28.954547[INFO] tams_proc: [1452] Parsing TAMM_CMD_REGISTER_DEVICE Req status: TAM_SUCCESS
2026-04-30 01:11:28.958009[INFO] tams_proc: [1452] tamd_proc_pid = 1498
2026-04-30 01:11:29.448032[INFO] tams_proc: [1452] Processing TAMM_CMD_REGISTER_DEVICE Req status: TAM_SUCCESS
2026-04-30 01:11:29.494819[INFO] tams_proc: [1452] cmd type: TAMD_CMD_AUTHENTICATE_DEVICE
2026-04-30 01:11:29.494880[INFO] tams_proc: [1452] Parsing TAMD_CMD_AUTHENTICATE_DEVICE Rsp status: TAM_SUCCESS
2026-04-30 01:11:29.494918[INFO] tams_proc: [1452] Processing TAMD_CMD_AUTHENTICATE_DEVICE Rsp status: TAM_SUCCESS
2026-04-30 01:11:29.500177[INFO] tams_proc: [1452] cmd type: TAMM_CMD_REGISTER_APP
2026-04-30 01:11:29.500268[INFO] tams_proc: [1452] Parsing TAMM_CMD_REGISTER_APP Req status: TAM_SUCCESS
2026-04-30 01:11:29.505387[INFO] tams_proc: [1452] Processing TAMM_CMD_REGISTER_APP Req status: TAM_SUCCESS_IN_PROCESS
2026-04-30 01:11:29.641444[INFO] tams_proc: [1452] cmd type: TAMD_CMD_REGISTER_APP
2026-04-30 01:11:29.641538[INFO] tams_proc: [1452] Parsing TAMD_CMD_REGISTER_APP Rsp status: TAM_SUCCESS
2026-04-30 01:11:29.641607[INFO] tams_proc: [1452] Processing TAMD_CMD_REGISTER_APP Rsp status: TAM_SUCCESS
2026-04-30 01:11:29.647266[INFO] tams_proc: [1452] cmd type: TAMM_CMD_APP_SET_ATTR
2026-04-30 01:11:29.647344[INFO] tams_proc: [1452] Parsing TAMM_CMD_APP_SET_ATTR Req status: TAM_SUCCESS
2026-04-30 01:11:29.647425[INFO] tams_proc: [1452] Processing TAMM_CMD_APP_SET_ATTR Req status: TAM_SUCCESS_IN_PROCESS
2026-04-30 01:11:29.710778[INFO] tams_proc: [1452] cmd type: TAMD_CMD_APP_SET_ATTR
2026-04-30 01:11:29.710822[INFO] tams_proc: [1452] Parsing TAMD_CMD_APP_SET_ATTR Rsp status: TAM_SUCCESS
2026-04-30 01:11:29.710847[INFO] tams_proc: [1452] Processing TAMD_CMD_APP_SET_ATTR Rsp status: TAM_SUCCESS
2026-04-30 01:11:29.714448[INFO] tams_proc: [1452] cmd type: TAMM_CMD_REGISTER_APP
2026-04-30 01:11:29.714536[INFO] tams_proc: [1452] Parsing TAMM_CMD_REGISTER_APP Req status: TAM_SUCCESS
2026-04-30 01:11:29.716748[INFO] tams_proc: [1452] Processing TAMM_CMD_REGISTER_APP Req status: TAM_SUCCESS_IN_PROCESS
2026-04-30 01:11:29.762639[INFO] tams_proc: [1452] cmd type: TAMD_CMD_REGISTER_APP
2026-04-30 01:11:29.762685[INFO] tams_proc: [1452] Parsing TAMD_CMD_REGISTER_APP Rsp status: TAM_SUCCESS
2026-04-30 01:11:29.762712[INFO] tams_proc: [1452] Processing TAMD_CMD_REGISTER_APP Rsp status: TAM_SUCCESS
2026-04-30 01:11:29.765121[INFO] tams_proc: [1452] cmd type: TAMM_CMD_APP_SET_ATTR
2026-04-30 01:11:29.765186[INFO] tams_proc: [1452] Parsing TAMM_CMD_APP_SET_ATTR Req status: TAM_SUCCESS
2026-04-30 01:11:29.765251[INFO] tams_proc: [1452] Processing TAMM_CMD_APP_SET_ATTR Req status: TAM_SUCCESS_IN_PROCESS
2026-04-30 01:11:29.808335[INFO] tams_proc: [1452] cmd type: TAMD_CMD_APP_SET_ATTR
2026-04-30 01:11:29.808381[INFO] tams_proc: [1452] Parsing TAMD_CMD_APP_SET_ATTR Rsp status: TAM_SUCCESS
2026-04-30 01:11:29.808408[INFO] tams_proc: [1452] Processing TAMD_CMD_APP_SET_ATTR Rsp status: TAM_SUCCESS
2026-04-30 01:11:29.810967[INFO] tams_proc: [1452] cmd type: TAMM_CMD_REGISTER_APP
2026-04-30 01:11:29.811064[INFO] tams_proc: [1452] Parsing TAMM_CMD_REGISTER_APP Req status: TAM_SUCCESS
2026-04-30 01:11:29.813550[INFO] tams_proc: [1452] Processing TAMM_CMD_REGISTER_APP Req status: TAM_SUCCESS_IN_PROCESS
2026-04-30 01:11:29.856103[INFO] tams_proc: [1452] cmd type: TAMD_CMD_REGISTER_APP
2026-04-30 01:11:29.856149[INFO] tams_proc: [1452] Parsing TAMD_CMD_REGISTER_APP Rsp status: TAM_SUCCESS
2026-04-30 01:11:29.856178[INFO] tams_proc: [1452] Processing TAMD_CMD_REGISTER_APP Rsp status: TAM_SUCCESS
2026-04-30 01:11:29.859970[INFO] tams_proc: [1452] cmd type: TAMM_CMD_APP_SET_ATTR
2026-04-30 01:11:29.860059[INFO] tams_proc: [1452] Parsing TAMM_CMD_APP_SET_ATTR Req status: TAM_SUCCESS
2026-04-30 01:11:29.860132[INFO] tams_proc: [1452] Processing TAMM_CMD_APP_SET_ATTR Req status: TAM_SUCCESS_IN_PROCESS
2026-04-30 01:11:29.913175[INFO] tams_proc: [1452] cmd type: TAMD_CMD_APP_SET_ATTR
2026-04-30 01:11:29.913219[INFO] tams_proc: [1452] Parsing TAMD_CMD_APP_SET_ATTR Rsp status: TAM_SUCCESS
2026-04-30 01:11:29.913245[INFO] tams_proc: [1452] Processing TAMD_CMD_APP_SET_ATTR Rsp status: TAM_SUCCESS
2026-04-30 01:11:29.917879[INFO] tams_proc: [1452] cmd type: TAMC_CMD_APP_LOGIN
2026-04-30 01:11:29.917943[INFO] tams_proc: [1452] Parsing TAMC_CMD_APP_LOGIN Req status: TAM_SUCCESS
2026-04-30 01:11:29.924089[INFO] tams_proc: [1452] Processing TAMC_CMD_APP_LOGIN Req status: TAM_SUCCESS
2026-04-30 01:11:29.934730[INFO] tams_proc: [1452] cmd type: TAMC_CMD_APP_LOGIN
2026-04-30 01:11:29.934762[INFO] tams_proc: [1452] Parsing TAMC_CMD_APP_LOGIN Req status: TAM_SUCCESS
2026-04-30 01:11:29.934813[INFO] tams_proc: [1452] Processing TAMC_CMD_APP_LOGIN Req status: TAM_SUCCESS_IN_PROCESS
2026-04-30 01:11:29.958428[INFO] tams_proc: [1452] cmd type: TAMD_CMD_DEVICE_BIND
2026-04-30 01:11:29.958461[INFO] tams_proc: [1452] Parsing TAMD_CMD_DEVICE_BIND Rsp status: TAM_SUCCESS
2026-04-30 01:11:29.958517[INFO] tams_proc: [1452] Processing TAMD_CMD_DEVICE_BIND Rsp status: TAM_SUCCESS
2026-04-30 01:11:29.962045[INFO] tams_proc: [1452] cmd type: TAMC_CMD_SO_DELETE
2026-04-30 01:11:29.962152[INFO] tams_proc: [1452] Parsing TAMC_CMD_SO_DELETE Req status: TAM_SUCCESS
2026-04-30 01:11:29.962224[INFO] tams_proc: [1452] Processing TAMC_CMD_SO_DELETE Req status: TAM_SUCCESS
2026-04-30 01:11:29.982789[INFO] tams_proc: [1452] cmd type: TAMD_CMD_GET_SO_DELETE
2026-04-30 01:11:29.982820[INFO] tams_proc: [1452] Parsing TAMD_CMD_GET_SO_DELETE Rsp status: TAM_SUCCESS
2026-04-30 01:11:29.982839[INFO] tams_proc: [1452] Processing TAMD_CMD_GET_SO_DELETE Rsp status: TAM_SUCCESS
2026-04-30 01:11:29.985951[INFO] tams_proc: [1452] cmd type: TAMC_CMD_SO_CREATE
2026-04-30 01:11:29.986038[INFO] tams_proc: [1452] Parsing TAMC_CMD_SO_CREATE Req status: TAM_SUCCESS
2026-04-30 01:11:29.986089[INFO] tams_proc: [1452] Processing TAMC_CMD_SO_CREATE Req status: TAM_SUCCESS
2026-04-30 01:11:30.32095Z[INFO] tams_proc: [1452] cmd type: TAMD_CMD_GET_SO_CREATE
2026-04-30 01:11:30.32127Z[INFO] tams_proc: [1452] Parsing TAMD_CMD_GET_SO_CREATE Rsp status: TAM_SUCCESS
2026-04-30 01:11:30.32148Z[INFO] tams_proc: [1452] Processing TAMD_CMD_GET_SO_CREATE Rsp status: TAM_SUCCESS
2026-04-30 01:11:30.34438Z[INFO] tams_proc: [1452] cmd type: TAMC_CMD_SO_WRITE
2026-04-30 01:11:30.34554Z[INFO] tams_proc: [1452] Parsing TAMC_CMD_SO_WRITE Req status: TAM_SUCCESS
2026-04-30 01:11:30.34629Z[INFO] tams_proc: [1452] Processing TAMC_CMD_SO_WRITE Req status: TAM_SUCCESS
2026-04-30 01:11:30.63842Z[INFO] tams_proc: [1452] cmd type: TAMD_CMD_GET_SO_WRITE
2026-04-30 01:11:30.63889Z[INFO] tams_proc: [1452] Parsing TAMD_CMD_GET_SO_WRITE Rsp status: TAM_SUCCESS
2026-04-30 01:11:30.63924Z[INFO] tams_proc: [1452] Processing TAMD_CMD_GET_SO_WRITE Rsp status: TAM_SUCCESS
2026-04-30 01:11:30.66344Z[INFO] tams_proc: [1452] cmd type: TAMC_CMD_SO_READ
2026-04-30 01:11:30.66437Z[INFO] tams_proc: [1452] Parsing TAMC_CMD_SO_READ Req status: TAM_SUCCESS
2026-04-30 01:11:30.66505Z[INFO] tams_proc: [1452] Processing TAMC_CMD_SO_READ Req status: TAM_SUCCESS
2026-04-30 01:11:30.88928Z[INFO] tams_proc: [1452] cmd type: TAMD_CMD_GET_SO_READ
2026-04-30 01:11:30.88973Z[INFO] tams_proc: [1452] Parsing TAMD_CMD_GET_SO_READ Rsp status: TAM_SUCCESS
2026-04-30 01:11:30.88997Z[INFO] tams_proc: [1452] Processing TAMD_CMD_GET_SO_READ Rsp status: TAM_SUCCESS
2026-04-30 01:11:30.92395Z[INFO] tams_proc: [1452] cmd type: TAMC_CMD_SO_DELETE
2026-04-30 01:11:30.92482Z[INFO] tams_proc: [1452] Parsing TAMC_CMD_SO_DELETE Req status: TAM_SUCCESS
2026-04-30 01:11:30.92527Z[INFO] tams_proc: [1452] Processing TAMC_CMD_SO_DELETE Req status: TAM_SUCCESS
2026-04-30 01:11:30.132678[INFO] tams_proc: [1452] cmd type: TAMD_CMD_GET_SO_DELETE
2026-04-30 01:11:30.132742[INFO] tams_proc: [1452] Parsing TAMD_CMD_GET_SO_DELETE Rsp status: TAM_SUCCESS
2026-04-30 01:11:30.132775[INFO] tams_proc: [1452] Processing TAMD_CMD_GET_SO_DELETE Rsp status: TAM_SUCCESS
2026-04-30 01:11:30.135525[INFO] tams_proc: [1452] cmd type: TAMC_CMD_APP_LOGOUT
2026-04-30 01:11:30.135591[INFO] tams_proc: [1452] Parsing TAMC_CMD_APP_LOGOUT Req status: TAM_SUCCESS
2026-04-30 01:11:30.135653[INFO] tams_proc: [1452] Processing TAMC_CMD_APP_LOGOUT Req status: TAM_SUCCESS
2026-04-30 01:11:30.141137[INFO] tams_proc: [1452] cmd type: TAMC_CMD_APP_LOGIN
2026-04-30 01:11:30.141199[INFO] tams_proc: [1452] Parsing TAMC_CMD_APP_LOGIN Req status: TAM_SUCCESS
2026-04-30 01:11:30.148565[INFO] tams_proc: [1452] Processing TAMC_CMD_APP_LOGIN Req status: TAM_SUCCESS
2026-04-30 01:11:30.161240[INFO] tams_proc: [1452] cmd type: TAMC_CMD_APP_LOGIN
2026-04-30 01:11:30.161286[INFO] tams_proc: [1452] Parsing TAMC_CMD_APP_LOGIN Req status: TAM_SUCCESS
2026-04-30 01:11:30.161358[INFO] tams_proc: [1452] Processing TAMC_CMD_APP_LOGIN Req status: TAM_SUCCESS_IN_PROCESS
2026-04-30 01:11:30.177415[INFO] tams_proc: [1452] cmd type: TAMD_CMD_DEVICE_BIND
2026-04-30 01:11:30.177461[INFO] tams_proc: [1452] Parsing TAMD_CMD_DEVICE_BIND Rsp status: TAM_SUCCESS
2026-04-30 01:11:30.177538[INFO] tams_proc: [1452] Processing TAMD_CMD_DEVICE_BIND Rsp status: TAM_SUCCESS
2026-04-30 01:11:30.179865[INFO] tams_proc: [1452] cmd type: TAMC_CMD_SO_DELETE
2026-04-30 01:11:30.179962[INFO] tams_proc: [1452] Parsing TAMC_CMD_SO_DELETE Req status: TAM_SUCCESS
2026-04-30 01:11:30.180025[INFO] tams_proc: [1452] Processing TAMC_CMD_SO_DELETE Req status: TAM_SUCCESS
2026-04-30 01:11:30.207947[INFO] tams_proc: [1452] cmd type: TAMD_CMD_GET_SO_DELETE
2026-04-30 01:11:30.207992[INFO] tams_proc: [1452] Parsing TAMD_CMD_GET_SO_DELETE Rsp status: TAM_SUCCESS
2026-04-30 01:11:30.208023[INFO] tams_proc: [1452] Processing TAMD_CMD_GET_SO_DELETE Rsp status: TAM_SUCCESS
2026-04-30 01:11:30.210460[INFO] tams_proc: [1452] cmd type: TAMC_CMD_SO_CREATE
2026-04-30 01:11:30.210599[INFO] tams_proc: [1452] Parsing TAMC_CMD_SO_CREATE Req status: TAM_SUCCESS
2026-04-30 01:11:30.210670[INFO] tams_proc: [1452] Processing TAMC_CMD_SO_CREATE Req status: TAM_SUCCESS
2026-04-30 01:11:30.257620[INFO] tams_proc: [1452] cmd type: TAMD_CMD_GET_SO_CREATE
2026-04-30 01:11:30.257663[INFO] tams_proc: [1452] Parsing TAMD_CMD_GET_SO_CREATE Rsp status: TAM_SUCCESS
2026-04-30 01:11:30.257772[INFO] tams_proc: [1452] Processing TAMD_CMD_GET_SO_CREATE Rsp status: TAM_SUCCESS
2026-04-30 01:11:30.260055[INFO] tams_proc: [1452] cmd type: TAMC_CMD_SO_WRITE
2026-04-30 01:11:30.260181[INFO] tams_proc: [1452] Parsing TAMC_CMD_SO_WRITE Req status: TAM_SUCCESS
2026-04-30 01:11:30.260259[INFO] tams_proc: [1452] Processing TAMC_CMD_SO_WRITE Req status: TAM_SUCCESS
2026-04-30 01:11:30.278968[INFO] tams_proc: [1452] cmd type: TAMD_CMD_GET_SO_WRITE
2026-04-30 01:11:30.279011[INFO] tams_proc: [1452] Parsing TAMD_CMD_GET_SO_WRITE Rsp status: TAM_SUCCESS
2026-04-30 01:11:30.279044[INFO] tams_proc: [1452] Processing TAMD_CMD_GET_SO_WRITE Rsp status: TAM_SUCCESS
2026-04-30 01:11:30.281334[INFO] tams_proc: [1452] cmd type: TAMC_CMD_SO_READ
2026-04-30 01:11:30.281424[INFO] tams_proc: [1452] Parsing TAMC_CMD_SO_READ Req status: TAM_SUCCESS
2026-04-30 01:11:30.281490[INFO] tams_proc: [1452] Processing TAMC_CMD_SO_READ Req status: TAM_SUCCESS
2026-04-30 01:11:30.307277[INFO] tams_proc: [1452] cmd type: TAMD_CMD_GET_SO_READ
2026-04-30 01:11:30.307323[INFO] tams_proc: [1452] Parsing TAMD_CMD_GET_SO_READ Rsp status: TAM_SUCCESS
2026-04-30 01:11:30.307350[INFO] tams_proc: [1452] Processing TAMD_CMD_GET_SO_READ Rsp status: TAM_SUCCESS
2026-04-30 01:11:30.312773[INFO] tams_proc: [1452] cmd type: TAMC_CMD_SO_DELETE
2026-04-30 01:11:30.312842[INFO] tams_proc: [1452] Parsing TAMC_CMD_SO_DELETE Req status: TAM_SUCCESS
2026-04-30 01:11:30.312897[INFO] tams_proc: [1452] Processing TAMC_CMD_SO_DELETE Req status: TAM_SUCCESS
2026-04-30 01:11:302026-04-30 01:11:29.449220[INFO] tamd_proc: [1498] cmd type: TAMD_CMD_AUTHENTICATE_DEVICE
2026-04-30 01:11:29.493750[INFO] tamd_proc: [1498] Processing TAMD_CMD_AUTHENTICATE_DEVICE Req status: TAM_SUCCESS
2026-04-30 01:11:29.507308[INFO] tamd_proc: [1498] cmd type: TAMD_CMD_REGISTER_APP
2026-04-30 01:11:29.640359[INFO] tamd_proc: [1498] Processing TAMD_CMD_REGISTER_APP Req status: TAM_SUCCESS
2026-04-30 01:11:29.648654[INFO] tamd_proc: [1498] cmd type: TAMD_CMD_APP_SET_ATTR
2026-04-30 01:11:29.709715[INFO] tamd_proc: [1498] Processing TAMD_CMD_APP_SET_ATTR Req status: TAM_SUCCESS
2026-04-30 01:11:29.717892[INFO] tamd_proc: [1498] cmd type: TAMD_CMD_REGISTER_APP
2026-04-30 01:11:29.761567[INFO] tamd_proc: [1498] Processing TAMD_CMD_REGISTER_APP Req status: TAM_SUCCESS
2026-04-30 01:11:29.766502[INFO] tamd_proc: [1498] cmd type: TAMD_CMD_APP_SET_ATTR
2026-04-30 01:11:29.807269[INFO] tamd_proc: [1498] Processing TAMD_CMD_APP_SET_ATTR Req status: TAM_SUCCESS
2026-04-30 01:11:29.814663[INFO] tamd_proc: [1498] cmd type: TAMD_CMD_REGISTER_APP
2026-04-30 01:11:29.854679[INFO] tamd_proc: [1498] Processing TAMD_CMD_REGISTER_APP Req status: TAM_SUCCESS
2026-04-30 01:11:29.861276[INFO] tamd_proc: [1498] cmd type: TAMD_CMD_APP_SET_ATTR
2026-04-30 01:11:29.912082[INFO] tamd_proc: [1498] Processing TAMD_CMD_APP_SET_ATTR Req status: TAM_SUCCESS
2026-04-30 01:11:29.936081[INFO] tamd_proc: [1498] cmd type: TAMD_CMD_DEVICE_BIND
2026-04-30 01:11:29.957376[INFO] tamd_proc: [1498] Processing TAMD_CMD_DEVICE_BIND Req status: TAM_SUCCESS
2026-04-30 01:11:29.963400[INFO] tamd_proc: [1498] cmd type: TAMD_CMD_GET_SO_DELETE
2026-04-30 01:11:29.981448[INFO] tamd_proc: [1498] Processing TAMD_CMD_GET_SO_DELETE Req status: TAM_SUCCESS
2026-04-30 01:11:29.989123[INFO] tamd_proc: [1498] cmd type: TAMD_CMD_GET_SO_CREATE
2026-04-30 01:11:30.31003Z[INFO] tamd_proc: [1498] Processing TAMD_CMD_GET_SO_CREATE Req status: TAM_SUCCESS
2026-04-30 01:11:30.35797Z[INFO] tamd_proc: [1498] cmd type: TAMD_CMD_GET_SO_WRITE
2026-04-30 01:11:30.62649Z[INFO] tamd_proc: [1498] Processing TAMD_CMD_GET_SO_WRITE Req status: TAM_SUCCESS
2026-04-30 01:11:30.67671Z[INFO] tamd_proc: [1498] cmd type: TAMD_CMD_GET_SO_READ
2026-04-30 01:11:30.87817Z[INFO] tamd_proc: [1498] Processing TAMD_CMD_GET_SO_READ Req status: TAM_SUCCESS
2026-04-30 01:11:30.93754Z[INFO] tamd_proc: [1498] cmd type: TAMD_CMD_GET_SO_DELETE
2026-04-30 01:11:30.130035[INFO] tamd_proc: [1498] Processing TAMD_CMD_GET_SO_DELETE Req status: TAM_SUCCESS
2026-04-30 01:11:30.162500[INFO] tamd_proc: [1498] cmd type: TAMD_CMD_DEVICE_BIND
2026-04-30 01:11:30.176257[INFO] tamd_proc: [1498] Processing TAMD_CMD_DEVICE_BIND Req status: TAM_SUCCESS
2026-04-30 01:11:30.181353[INFO] tamd_proc: [1498] cmd type: TAMD_CMD_GET_SO_DELETE
2026-04-30 01:11:30.204761[INFO] tamd_proc: [1498] Processing TAMD_CMD_GET_SO_DELETE Req status: TAM_SUCCESS
2026-04-30 01:11:30.211820[INFO] tamd_proc: [1498] cmd type: TAMD_CMD_GET_SO_CREATE
2026-04-30 01:11:30.256557[INFO] tamd_proc: [1498] Processing TAMD_CMD_GET_SO_CREATE Req status: TAM_SUCCESS
2026-04-30 01:11:30.262579[INFO] tamd_proc: [1498] cmd type: TAMD_CMD_GET_SO_WRITE
2026-04-30 01:11:30.277881[INFO] tamd_proc: [1498] Processing TAMD_CMD_GET_SO_WRITE Req status: TAM_SUCCESS
2026-04-30 01:11:30.282814[INFO] tamd_proc: [1498] cmd type: TAMD_CMD_GET_SO_READ
2026-04-30 01:11:30.306211[INFO] tamd_proc: [1498] Processing TAMD_CMD_GET_SO_READ Req status: TAM_SUCCESS
2026-04-30 01:11:30.315338[INFO] tamd_proc: [1498] cmd type: TAMD_CMD_GET_SO_DELETE
2026-04-30 01:11:30.355255[INFO] tamd_proc: [1498] Processing TAMD_CMD_GET_SO_DELETE Req status: TAM_SUCCESS
2026-04-30 01:11:30.386507[INFO] tamd_proc: [1498] cmd type: TAMD_CMD_DEVICE_BIND
2026-04-30 01:11:30.403690[INFO] tamd_proc: [1498] Processing TAMD_CMD_DEVICE_BIND Req status: TAM_SUCCESS
2026-04-30 01:11:30.408524[INFO] tamd_proc: [1498] cmd type: TAMD_CMD_GET_SO_DELETE
2026-04-30 01:11:30.428113[INFO] tamd_proc: [1498] Processing TAMD_CMD_GET_SO_DELETE Req status: TAM_SUCCESS
2026-04-30 01:11:30.437057[INFO] tamd_proc: [1498] cmd type: TAMD_C.356346[INFO] tams_proc: [1452] cmd type: TAMD_CMD_GET_SO_DELETE
2026-04-30 01:11:30.356408[INFO] tams_proc: [1452] Parsing TAMD_CMD_GET_SO_DELETE Rsp status: TAM_SUCCESS
2026-04-30 01:11:30.356442[INFO] tams_proc: [1452] Processing TAMD_CMD_GET_SO_DELETE Rsp status: TAM_SUCCESS
2026-04-30 01:11:30.358757[INFO] tams_proc: [1452] cmd type: TAMC_CMD_APP_LOGOUT
2026-04-30 01:11:30.358818[INFO] tams_proc: [1452] Parsing TAMC_CMD_APP_LOGOUT Req status: TAM_SUCCESS
2026-04-30 01:11:30.358872[INFO] tams_proc: [1452] Processing TAMC_CMD_APP_LOGOUT Req status: TAM_SUCCESS
2026-04-30 01:11:30.364746[INFO] tams_proc: [1452] cmd type: TAMC_CMD_APP_LOGIN
2026-04-30 01:11:30.364807[INFO] tams_proc: [1452] Parsing TAMC_CMD_APP_LOGIN Req status: TAM_SUCCESS
2026-04-30 01:11:30.373569[INFO] tams_proc: [1452] Processing TAMC_CMD_APP_LOGIN Req status: TAM_SUCCESS
2026-04-30 01:11:30.385216[INFO] tams_proc: [1452] cmd type: TAMC_CMD_APP_LOGIN
2026-04-30 01:11:30.385267[INFO] tams_proc: [1452] Parsing TAMC_CMD_APP_LOGIN Req status: TAM_SUCCESS
2026-04-30 01:11:30.385339[INFO] tams_proc: [1452] Processing TAMC_CMD_APP_LOGIN Req status: TAM_SUCCESS_IN_PROCESS
2026-04-30 01:11:30.404749[INFO] tams_proc: [1452] cmd type: TAMD_CMD_DEVICE_BIND
2026-04-30 01:11:30.404792[INFO] tams_proc: [1452] Parsing TAMD_CMD_DEVICE_BIND Rsp status: TAM_SUCCESS
2026-04-30 01:11:30.404867[INFO] tams_proc: [1452] Processing TAMD_CMD_DEVICE_BIND Rsp status: TAM_SUCCESS
2026-04-30 01:11:30.407183[INFO] tams_proc: [1452] cmd type: TAMC_CMD_SO_DELETE
2026-04-30 01:11:30.407285[INFO] tams_proc: [1452] Parsing TAMC_CMD_SO_DELETE Req status: TAM_SUCCESS
2026-04-30 01:11:30.407355[INFO] tams_proc: [1452] Processing TAMC_CMD_SO_DELETE Req status: TAM_SUCCESS
2026-04-30 01:11:30.433201[INFO] tams_proc: [1452] cmd type: TAMD_CMD_GET_SO_DELETE
2026-04-30 01:11:30.433257[INFO] tams_proc: [1452] Parsing TAMD_CMD_GET_SO_DELETE Rsp status: TAM_SUCCESS
2026-04-30 01:11:30.433292[INFO] tams_proc: [1452] Processing TAMD_CMD_GET_SO_DELETE Rsp status: TAM_SUCCESS
2026-04-30 01:11:30.435647[INFO] tams_proc: [1452] cmd type: TAMC_CMD_SO_CREATE
2026-04-30 01:11:30.435793[INFO] tams_proc: [1452] Parsing TAMC_CMD_SO_CREATE Req status: TAM_SUCCESS
2026-04-30 01:11:30.435870[INFO] tams_proc: [1452] Processing TAMC_CMD_SO_CREATE Req status: TAM_SUCCESS
2026-04-30 01:11:30.482819[INFO] tams_proc: [1452] cmd type: TAMD_CMD_GET_SO_CREATE
2026-04-30 01:11:30.482866[INFO] tams_proc: [1452] Parsing TAMD_CMD_GET_SO_CREATE Rsp status: TAM_SUCCESS
2026-04-30 01:11:30.482901[INFO] tams_proc: [1452] Processing TAMD_CMD_GET_SO_CREATE Rsp status: TAM_SUCCESS
2026-04-30 01:11:30.485446[INFO] tams_proc: [1452] cmd type: TAMC_CMD_SO_WRITE
2026-04-30 01:11:30.485559[INFO] tams_proc: [1452] Parsing TAMC_CMD_SO_WRITE Req status: TAM_SUCCESS
2026-04-30 01:11:30.485633[INFO] tams_proc: [1452] Processing TAMC_CMD_SO_WRITE Req status: TAM_SUCCESS
2026-04-30 01:11:30.533938[INFO] tams_proc: [1452] cmd type: TAMD_CMD_GET_SO_WRITE
2026-04-30 01:11:30.534023[INFO] tams_proc: [1452] Parsing TAMD_CMD_GET_SO_WRITE Rsp status: TAM_SUCCESS
2026-04-30 01:11:30.534185[INFO] tams_proc: [1452] Processing TAMD_CMD_GET_SO_WRITE Rsp status: TAM_SUCCESS
2026-04-30 01:11:30.536537[INFO] tams_proc: [1452] cmd type: TAMC_CMD_SO_READ
2026-04-30 01:11:30.536640[INFO] tams_proc: [1452] Parsing TAMC_CMD_SO_READ Req status: TAM_SUCCESS
2026-04-30 01:11:30.536719[INFO] tams_proc: [1452] Processing TAMC_CMD_SO_READ Req status: TAM_SUCCESS
2026-04-30 01:11:30.573128[INFO] tams_proc: [1452] cmd type: TAMD_CMD_GET_SO_READ
2026-04-30 01:11:30.573186[INFO] tams_proc: [1452] Parsing TAMD_CMD_GET_SO_READ Rsp status: TAM_SUCCESS
2026-04-30 01:11:30.573228[INFO] tams_proc: [1452] Processing TAMD_CMD_GET_SO_READ Rsp status: TAM_SUCCESS
2026-04-30 01:11:30.576563[INFO] tams_proc: [1452] cmd type: TAMC_CMD_SO_DELETE
2026-04-30 01:11:30.576713[INFO] tams_proc: [1452] Parsing TAMC_CMD_SO_DELETE Req status: TAM_SUCCESS
2026-04-30 01:11:30.576793[INFO] tams_proc: [1452] Processing TAMC_CMD_SO_DELETE Req status: TAM_SUCCESS
2026-04-30 01:11:30.629562[INFO] tams_proc: [1452] cmd type: TAMD_CMD_GET_SO_DELETE
2026-04-30 01:11:30.629631[INFO] tams_proc: [1452] Parsing TAMD_CMD_GET_SO_DELETE Rsp status: TAM_SUCCESS
2026-04-30 01:11:30.629669[INFO] tams_proc: [1452] Processing TAMD_CMD_GET_SO_DELETE Rsp status: TAM_SUCCESS
2026-04-30 01:11:30.632009[INFO] tams_proc: [1452] cmd type: TAMC_CMD_APP_LOGOUT
2026-04-30 01:11:30.632078[INFO] tams_proc: [1452] Parsing TAMC_CMD_APP_LOGOUT Req status: TAM_SUCCESS
2026-04-30 01:11:30.632141[INFO] tams_proc: [1452] Processing TAMC_CMD_APP_LOGOUT Req status: TAM_SUCCESS
2026-04-30 01:11:30.637231[INFO] tams_proc: [1452] cmd type: TAMM_CMD_VUDI_INIT
2026-04-30 01:11:30.637293[INFO] tams_proc: [1452] Parsing TAMM_CMD_VUDI_INIT Req status: TAM_SUCCESS
2026-04-30 01:11:30.637382[INFO] tams_proc: [1452] Processing TAMM_CMD_VUDI_INIT Req status: TAM_SUCCESS_IN_PROCESS
2026-04-30 01:11:30.823624[INFO] tams_proc: [1452] cmd type: TAMD_CMD_VUDI_INIT
2026-04-30 01:11:30.823691[INFO] tams_proc: [1452] Parsing TAMD_CMD_VUDI_INIT Rsp status: TAM_SUCCESS
2026-04-30 01:11:30.823734[INFO] tams_proc: [1452] Processing TAMD_CMD_VUDI_INIT Rsp status: TAM_SUCCESS
2026-04-30 01:11:30.829727[INFO] tams_proc: [1452] cmd type: TAMC_CMD_APP_LOGIN
2026-04-30 01:11:30.829803[INFO] tams_proc: [1452] Parsing TAMC_CMD_APP_LOGIN Req status: TAM_SUCCESS
2026-04-30 01:11:30.838105[INFO] tams_proc: [1452] Processing TAMC_CMD_APP_LOGIN Req status: TAM_SUCCESS
2026-04-30 01:11:30.860066[INFO] tams_proc: [1452] cmd type: TAMC_CMD_APP_LOGIN
2026-04-30 01:11:30.860124[INFO] tams_proc: [1452] Parsing TAMC_CMD_APP_LOGIN Req status: TAM_SUCCESS
2026-04-30 01:11:30.860210[INFO] tams_proc: [1452] Processing TAMC_CMD_APP_LOGIN Req status: TAM_SUCCESS_IN_PROCESS
2026-04-30 01:11:30.933199[INFO] tams_proc: [1452] cmd type: TAMD_CMD_DEVICE_BIND
2026-04-30 01:11:30.933251[INFO] tams_proc: [1452] Parsing TAMD_CMD_DEVICE_BIND Rsp status: TAM_SUCCESS
2026-04-30 01:11:30.933332[INFO] tams_proc: [1452] Processing TAMD_CMD_DEVICE_BIND Rsp status: TAM_SUCCESS
2026-04-30 01:11:30.937317[INFO] tams_proc: [1452] cmd type: TAMC_CMD_UDI
2026-04-30 01:11:30.937428[INFO] tams_proc: [1452] Parsing TAMC_CMD_UDI Req status: TAM_SUCCESS
2026-04-30 01:11:30.937553[INFO] tams_proc: [1452] Processing TAMC_CMD_UDI Req status: TAM_SUCCESS
2026-04-30 01:11:30.965571[INFO] tams_proc: [1452] cmd type: TAMD_CMD_UDI
2026-04-30 01:11:30.965624[INFO] tams_proc: [1452] Parsing TAMD_CMD_UDI Rsp status: TAM_SUCCESS
2026-04-30 01:11:30.965655[INFO] tams_proc: [1452] Processing TAMD_CMD_UDI Rsp status: TAM_SUCCESS
2026-04-30 01:11:30.968108[INFO] tams_proc: [1452] cmd type: TAMC_CMD_APP_LOGOUT
2026-04-30 01:11:30.968185[INFO] tams_proc: [1452] Parsing TAMC_CMD_APP_LOGOUT Req status: TAM_SUCCESS
2026-04-30 01:11:30.968249[INFO] tams_proc: [1452] Processing TAMC_CMD_APP_LOGOUT Req status: TAM_SUCCESS
2026-04-30 01:12:04.252494[INFO] tams_proc: [1452] cmd type: TAMC_CMD_APP_LOGIN
2026-04-30 01:12:04.252567[INFO] tams_proc: [1452] Parsing TAMC_CMD_APP_LOGIN Req status: TAM_SUCCESS
2026-04-30 01:12:04.289697[INFO] tams_proc: [1452] Processing TAMC_CMD_APP_LOGIN Req status: TAM_SUCCESS
2026-04-30 01:12:04.325676[INFO] tams_proc: [1452] cmd type: TAMC_CMD_APP_LOGIN
2026-04-30 01:12:04.325940[INFO] tams_proc: [1452] Parsing TAMC_CMD_APP_LOGIN Req status: TAM_SUCCESS
2026-04-30 01:12:04.326423[INFO] tams_proc: [1452] Processing TAMC_CMD_APP_LOGIN Req status: TAM_SUCCESS_IN_PROCESS
2026-04-30 01:12:04.445523[INFO] tams_proc: [1452] cmd type: TAMD_CMD_DEVICE_BIND
2026-04-30 01:12:04.445582[INFO] tams_proc: [1452] Parsing TAMD_CMD_DEVICE_BIND Rsp status: TAM_SUCCESS
2026-04-30 01:12:04.445656[INFO] tams_proc: [1452] Processing TAMD_CMD_DEVICE_BIND Rsp status: TAM_SUCCESS
2026-04-30 01:12:04.928433[INFO] tams_proc: [1452] cmd type: TAMC_CMD_APP_LOGIN
2026-04-30 01:12:04.928506[INFO] tams_proc: [1452] Parsing TAMC_CMD_APP_LOGIN Req status: TAM_SUCCESS
2026-04-30 01:12:04.973276[INFO] tams_proc: [1452] Processing TAMC_CMD_APP_LOGIN Req status: TAM_SUCCESS
2026-04-30 01:12:05.7989Z[INFO] tams_proc: [1452] cmd type: TAMC_CMD_APP_LOGIN
2026-04-30 01:12:05.8051Z[INFO] tams_proc: [1452] Parsing TAMC_CMD_APP_LOGIN Req status: TAM_SUCCESS
2026-04-30 01:12:05.8166Z[INFO] tams_proc: [1452] Processing TAMC_CMD_APP_LOGIN Req status: TAM_SUCCESS_IN_PROCESS
2026-04-30 01:12:05.185364[INFO] tams_proc: [1452] cmd type: TAMD_CMD_DEVICE_BIND
2026-04-30 01:12:05.185440[INFO] tams_proc: [1452] Parsing TAMD_CMD_DEVICE_BIND Rsp status: TAM_SUCCESS
2026-04-30 01:12:05.185529[INFO] tams_proc: [1452] Processing TAMD_CMD_DEVICE_BIND Rsp status: TAM_SUCCESS
2026-04-30 01:12:05.188573[INFO] tams_proc: [1452] cmd type: TAMC_CMD_DEVICE_CAP
2026-04-30 01:12:05.188658[INFO] tams_proc: [1452] Parsing TAMC_CMD_DEVICE_CAP Req status: TAM_SUCCESS
2026-04-30 01:12:05.188754[INFO] tams_proc: [1452] Processing TAMC_CMD_DEVICE_CAP Req status: TAM_SUCCESS_IN_PROCESS
2026-04-30 01:12:05.222596[INFO] tams_proc: [1452] cmd type: TAMD_CMD_DEVICE_CAP
2026-04-30 01:12:05.222678[INFO] tams_proc: [1452] Parsing TAMD_CMD_DEVICE_CAP Rsp status: TAM_SUCCESS
2026-04-30 01:12:05.222710[INFO] tams_proc: [1452] Processing TAMD_CMD_DEVICE_CAP Rsp status: TAM_SUCCESS
2026-04-30 01:12:05.229049[INFO] tams_proc: [1452] cmd type: TAMC_CMD_SO_READ
2026-04-30 01:12:05.229244[INFO] tams_proc: [1452] Parsing TAMC_CMD_SO_READ Req status: TAM_SUCCESS
2026-04-30 01:12:05.229317[INFO] tams_proc: [1452] Processing TAMC_CMD_SO_READ Req status: TAM_SUCCESS
2026-04-30 01:12:05.412420[INFO] tams_proc: [1452] cmd type: TAMD_CMD_GET_SO_READ
2026-04-30 01:12:05.412491[INFO] tams_proc: [1452] Parsing TAMD_CMD_GET_SO_READ Rsp status: TAM_SUCCESS
2026-04-30 01:12:05.412526[INFO] tams_proc: [1452] Processing TAMD_CMD_GET_SO_READ Rsp status: TAM_SUCCESS
2026-04-30 01:12:05.417506[INFO] tams_proc: [1452] cmd type: TAMC_CMD_SO_CREATE
2026-04-30 01:12:05.417689[INFO] tams_proc: [1452] Parsing TAMC_CMD_SO_CREATE Req status: TAM_SUCCESS
2026-04-30 01:12:05.417784[INFO] tams_proc: [1452] Processing TAMC_CMD_SO_CREATE Req status: TAM_SUCCESS
2026-04-30 01:12:05.493354[INFO] tams_proc: [1452] cmd type: TAMC_CMD_SO_READ
2026-04-30 01:12:05.493468[INFO] tams_proc: [1452] Parsing TAMC_CMD_SO_READ Req status: TAM_SUCCESS
2026-04-30 01:12:05.493555[INFO] tams_proc: [1452] Processing TAMC_CMD_SO_READ Req status: TAM_SUCCESS
2026-04-30 01:12:05.791472[INFO] tams_proc: [1452] cmd type: TAMD_CMD_GET_SO_CREATE
2026-04-30 01:12:05.791529[INFO] tams_proc: [1452] Parsing TAMD_CMD_GET_SO_CREATE Rsp status: TAM_SUCCESS
2026-04-30 01:12:05.791566[INFO] tams_proc: [1452] Processing TAMD_CMD_GET_SO_CREATE Rsp status: TAM_SUCCESS
2026-04-30 01:12:05.793947[INFO] tams_proc: [1452] cmd type: TAMC_CMD_SO_WRITE
2026-04-30 01:12:05.794058[INFO] tams_proc: [1452] Parsing TAMC_CMD_SO_WRITE Req status: TAM_SUCCESS
2026-04-30 01:12:05.794136[INFO] tams_proc: [1452] Processing TAMC_CMD_SO_WRITE Req status: TAM_SUCCESS
2026-04-30 01:12:05.891004[INFO] tams_proc: [1452] cmd type: TAMD_CMD_GET_SO_READ
2026-04-30 01:12:05.891057[INFO] tams_proc: [1452] Parsing TAMD_CMD_GET_SO_READ Rsp status: TAM_SUCCESS
2026-04-30 01:12:05.891087[INFO] tams_proc: [1452] Processing TAMD_CMD_GET_SO_READ Rsp status: TAM_SUCCESS
2026-04-30 01:12:06.7061Z[INFO] tams_proc: [1452] cmd type: TAMC_CMD_SO_READ
2026-04-30 01:12:06.7163Z[INFO] tams_proc: [1452] Parsing TAMC_CMD_SO_READ Req status: TAM_SUCCESS
2026-04-30 01:12:06.7242Z[INFO] tams_proc: [1452] Processing TAMC_CMD_SO_READ Req status: TAM_SUCCESS
2026-04-30 01:12:06.140379[INFO] tams_proc: [1452] cmd type: TAMD_CMD_GET_SO_WRITE
2026-04-30 01:12:06.140428[INFO] tams_proc: [1452] Parsing TAMD_CMD_GET_SO_WRITE Rsp status: TAM_SUCCESS
2026-04-30 01:12:06.140464[INFO] tams_proc: [1452] Processing TAMD_CMD_GET_SO_WRITE Rsp status: TAM_SUCCESS
2026-04-30 01:12:06.148152[INFO] tams_proc: [1452] cmd type: TAMC_CMD_SO_CREATE
2026-04-30 01:12:06.148321[INFO] tams_proc: [1452] Parsing TAMC_CMD_SO_CREATE Req status: TAM_SUCCESS
2026-04-30 01:12:06.148409[INFO] tams_proc: [1452] Processing TAMC_CMD_SO_CREATE Req status: TAM_SUCCESS
2026-04-30 01:12:06.291347[INFO] tams_proc: [1452] cmd type: TAMD_CMD_GET_SO_READ
2026-04-30 01:12:06.291408[INFO] tams_procMD_GET_SO_CREATE
2026-04-30 01:11:30.481721[INFO] tamd_proc: [1498] Processing TAMD_CMD_GET_SO_CREATE Req status: TAM_SUCCESS
2026-04-30 01:11:30.486826[INFO] tamd_proc: [1498] cmd type: TAMD_CMD_GET_SO_WRITE
2026-04-30 01:11:30.532301[INFO] tamd_proc: [1498] Processing TAMD_CMD_GET_SO_WRITE Req status: TAM_SUCCESS
2026-04-30 01:11:30.537905[INFO] tamd_proc: [1498] cmd type: TAMD_CMD_GET_SO_READ
2026-04-30 01:11:30.571783[INFO] tamd_proc: [1498] Processing TAMD_CMD_GET_SO_READ Req status: TAM_SUCCESS
2026-04-30 01:11:30.577993[INFO] tamd_proc: [1498] cmd type: TAMD_CMD_GET_SO_DELETE
2026-04-30 01:11:30.628493[INFO] tamd_proc: [1498] Processing TAMD_CMD_GET_SO_DELETE Req status: TAM_SUCCESS
2026-04-30 01:11:30.638574[INFO] tamd_proc: [1498] cmd type: TAMD_CMD_VUDI_INIT
2026-04-30 01:11:30.822541[INFO] tamd_proc: [1498] Processing TAMD_CMD_VUDI_INIT Req status: TAM_SUCCESS
2026-04-30 01:11:30.861410[INFO] tamd_proc: [1498] cmd type: TAMD_CMD_DEVICE_BIND
2026-04-30 01:11:30.930585[INFO] tamd_proc: [1498] Processing TAMD_CMD_DEVICE_BIND Req status: TAM_SUCCESS
2026-04-30 01:11:30.938696[INFO] tamd_proc: [1498] cmd type: TAMD_CMD_UDI
2026-04-30 01:11:30.964478[INFO] tamd_proc: [1498] Processing TAMD_CMD_UDI Req status: TAM_SUCCESS
2026-04-30 01:12:04.327889[INFO] tamd_proc: [1498] cmd type: TAMD_CMD_DEVICE_BIND
2026-04-30 01:12:04.442467[INFO] tamd_proc: [1498] Processing TAMD_CMD_DEVICE_BIND Req status: TAM_SUCCESS
2026-04-30 01:12:05.12326Z[INFO] tamd_proc: [1498] cmd type: TAMD_CMD_DEVICE_BIND
2026-04-30 01:12:05.182435[INFO] tamd_proc: [1498] Processing TAMD_CMD_DEVICE_BIND Req status: TAM_SUCCESS
2026-04-30 01:12:05.209389[INFO] tamd_proc: [1498] cmd type: TAMD_CMD_DEVICE_CAP
2026-04-30 01:12:05.209490[INFO] tamd_proc: [1498] Processing TAMD_CMD_DEVICE_CAP Req status: TAM_SUCCESS
2026-04-30 01:12:05.245314[INFO] tamd_proc: [1498] cmd type: TAMD_CMD_GET_SO_READ
2026-04-30 01:12:05.401212[INFO] tamd_proc: [1498] Processing TAMD_CMD_GET_SO_READ Req status: TAM_SUCCESS
2026-04-30 01:12:05.440279[INFO] tamd_proc: [1498] cmd type: TAMD_CMD_GET_SO_CREATE
2026-04-30 01:12:05.790407[INFO] tamd_proc: [1498] Processing TAMD_CMD_GET_SO_CREATE Req status: TAM_SUCCESS
2026-04-30 01:12:05.791684[INFO] tamd_proc: [1498] cmd type: TAMD_CMD_GET_SO_READ
2026-04-30 01:12:05.889936[INFO] tamd_proc: [1498] Processing TAMD_CMD_GET_SO_READ Req status: TAM_SUCCESS
2026-04-30 01:12:05.891182[INFO] tamd_proc: [1498] cmd type: TAMD_CMD_GET_SO_WRITE
2026-04-30 01:12:06.132063[INFO] tamd_proc: [1498] Processing TAMD_CMD_GET_SO_WRITE Req status: TAM_SUCCESS
2026-04-30 01:12:06.139566[INFO] tamd_proc: [1498] cmd type: TAMD_CMD_GET_SO_READ
2026-04-30 01:12:06.286298[INFO] tamd_proc: [1498] Processing TAMD_CMD_GET_SO_READ Req status: TAM_SUCCESS
2026-04-30 01:12:06.291594[INFO] tamd_proc: [1498] cmd type: TAMD_CMD_GET_SO_CREATE
2026-04-30 01:12:06.494805[INFO] tamd_proc: [1498] Processing TAMD_CMD_GET_SO_CREATE Req status: TAM_SUCCESS
2026-04-30 01:12:06.496081[INFO] tamd_proc: [1498] cmd type: TAMD_CMD_GET_SO_WRITE
2026-04-30 01:12:06.555817[INFO] tamd_proc: [1498] Processing TAMD_CMD_GET_SO_WRITE Req status: TAM_SUCCESS
2026-04-30 01:12:06.558311[INFO] tamd_proc: [1498] cmd type: TAMD_CMD_GET_SO_WRITE
2026-04-30 01:12:06.726160[INFO] tamd_proc: [1498] Processing TAMD_CMD_GET_SO_WRITE Req status: TAM_SUCCESS
2026-04-30 01:12:06.732993[INFO] tamd_proc: [1498] cmd type: TAMD_CMD_GET_SO_CREATE
2026-04-30 01:12:07.141358[INFO] tamd_proc: [1498] Processing TAMD_CMD_GET_SO_CREATE Req status: TAM_SUCCESS
2026-04-30 01:12:07.157877[INFO] tamd_proc: [1498] cmd type: TAMD_CMD_GET_SO_WRITE
2026-04-30 01:12:07.484522[INFO] tamd_proc: [1498] Processing TAMD_CMD_GET_SO_WRITE Req status: TAM_SUCCESS
2026-04-30 01:12:07.490037[INFO] tamd_proc: [1498] cmd type: TAMD_CMD_GET_SO_READ
2026-04-30 01:12:07.627758[INFO] tamd_proc: [1498] Processing TAMD_CMD_GET_SO_READ Req status: TAM_SUCCESS
2026-04-30 01:12:07.727357[INFO] tamd_proc: [1498] cmd type: TAMD_CMD_GET_SO_DELETE
2026-04-30 01:12:07.783985[INFO] tamd_proc: [1498] Processing TAMD_CMD_GET_SO_DELETE Req status: TAM_S: [1452] Parsing TAMD_CMD_GET_SO_READ Rsp status: TAM_SUCCESS
2026-04-30 01:12:06.291460[INFO] tams_proc: [1452] Processing TAMD_CMD_GET_SO_READ Rsp status: TAM_SUCCESS
2026-04-30 01:12:06.299453[INFO] tams_proc: [1452] cmd type: TAMC_CMD_SO_WRITE
2026-04-30 01:12:06.299591[INFO] tams_proc: [1452] Parsing TAMC_CMD_SO_WRITE Req status: TAM_SUCCESS
2026-04-30 01:12:06.299679[INFO] tams_proc: [1452] Processing TAMC_CMD_SO_WRITE Req status: TAM_SUCCESS
2026-04-30 01:12:06.495873[INFO] tams_proc: [1452] cmd type: TAMD_CMD_GET_SO_CREATE
2026-04-30 01:12:06.495927[INFO] tams_proc: [1452] Parsing TAMD_CMD_GET_SO_CREATE Rsp status: TAM_SUCCESS
2026-04-30 01:12:06.495969[INFO] tams_proc: [1452] Processing TAMD_CMD_GET_SO_CREATE Rsp status: TAM_SUCCESS
2026-04-30 01:12:06.498370[INFO] tams_proc: [1452] cmd type: TAMC_CMD_SO_WRITE
2026-04-30 01:12:06.498492[INFO] tams_proc: [1452] Parsing TAMC_CMD_SO_WRITE Req status: TAM_SUCCESS
2026-04-30 01:12:06.498568[INFO] tams_proc: [1452] Processing TAMC_CMD_SO_WRITE Req status: TAM_SUCCESS
2026-04-30 01:12:06.558046[INFO] tams_proc: [1452] cmd type: TAMD_CMD_GET_SO_WRITE
2026-04-30 01:12:06.558109[INFO] tams_proc: [1452] Parsing TAMD_CMD_GET_SO_WRITE Rsp status: TAM_SUCCESS
2026-04-30 01:12:06.558143[INFO] tams_proc: [1452] Processing TAMD_CMD_GET_SO_WRITE Rsp status: TAM_SUCCESS
2026-04-30 01:12:06.560553[INFO] tams_proc: [1452] cmd type: TAMC_CMD_SO_CREATE
2026-04-30 01:12:06.560823[INFO] tams_proc: [1452] Parsing TAMC_CMD_SO_CREATE Req status: TAM_SUCCESS
2026-04-30 01:12:06.560904[INFO] tams_proc: [1452] Processing TAMC_CMD_SO_CREATE Req status: TAM_SUCCESS
2026-04-30 01:12:06.728515[INFO] tams_proc: [1452] cmd type: TAMD_CMD_GET_SO_WRITE
2026-04-30 01:12:06.728568[INFO] tams_proc: [1452] Parsing TAMD_CMD_GET_SO_WRITE Rsp status: TAM_SUCCESS
2026-04-30 01:12:06.728601[INFO] tams_proc: [1452] Processing TAMD_CMD_GET_SO_WRITE Rsp status: TAM_SUCCESS
2026-04-30 01:12:07.145163[INFO] tams_proc: [1452] cmd type: TAMD_CMD_GET_SO_CREATE
2026-04-30 01:12:07.145232[INFO] tams_proc: [1452] Parsing TAMD_CMD_GET_SO_CREATE Rsp status: TAM_SUCCESS
2026-04-30 01:12:07.145270[INFO] tams_proc: [1452] Processing TAMD_CMD_GET_SO_CREATE Rsp status: TAM_SUCCESS
2026-04-30 01:12:07.155647[INFO] tams_proc: [1452] cmd type: TAMC_CMD_SO_WRITE
2026-04-30 01:12:07.155771[INFO] tams_proc: [1452] Parsing TAMC_CMD_SO_WRITE Req status: TAM_SUCCESS
2026-04-30 01:12:07.155856[INFO] tams_proc: [1452] Processing TAMC_CMD_SO_WRITE Req status: TAM_SUCCESS
2026-04-30 01:12:07.485709[INFO] tams_proc: [1452] cmd type: TAMD_CMD_GET_SO_WRITE
2026-04-30 01:12:07.485766[INFO] tams_proc: [1452] Parsing TAMD_CMD_GET_SO_WRITE Rsp status: TAM_SUCCESS
2026-04-30 01:12:07.485805[INFO] tams_proc: [1452] Processing TAMD_CMD_GET_SO_WRITE Rsp status: TAM_SUCCESS
2026-04-30 01:12:07.488566[INFO] tams_proc: [1452] cmd type: TAMC_CMD_SO_READ
2026-04-30 01:12:07.488668[INFO] tams_proc: [1452] Parsing TAMC_CMD_SO_READ Req status: TAM_SUCCESS
2026-04-30 01:12:07.488752[INFO] tams_proc: [1452] Processing TAMC_CMD_SO_READ Req status: TAM_SUCCESS
2026-04-30 01:12:07.633497[INFO] tams_proc: [1452] cmd type: TAMD_CMD_GET_SO_READ
2026-04-30 01:12:07.633562[INFO] tams_proc: [1452] Parsing TAMD_CMD_GET_SO_READ Rsp status: TAM_SUCCESS
2026-04-30 01:12:07.633590[INFO] tams_proc: [1452] Processing TAMD_CMD_GET_SO_READ Rsp status: TAM_SUCCESS
2026-04-30 01:12:07.722997[INFO] tams_proc: [1452] cmd type: TAMC_CMD_SO_DELETE
2026-04-30 01:12:07.723110[INFO] tams_proc: [1452] Parsing TAMC_CMD_SO_DELETE Req status: TAM_SUCCESS
2026-04-30 01:12:07.723185[INFO] tams_proc: [1452] Processing TAMC_CMD_SO_DELETE Req status: TAM_SUCCESS
2026-04-30 01:12:07.786398[INFO] tams_proc: [1452] cmd type: TAMD_CMD_GET_SO_DELETE
2026-04-30 01:12:07.786466[INFO] tams_proc: [1452] Parsing TAMD_CMD_GET_SO_DELETE Rsp status: TAM_SUCCESS
2026-04-30 01:12:07.786683[INFO] tams_proc: [1452] Processing TAMD_CMD_GET_SO_DELETE Rsp status: TAM_SUCCESS
2026-04-30 01:12:08.909732[INFO] tams_proc: [1452] cmd type: TAMC_CMD_APP_LOGIN
2026-04-30 01:12:08.909820[INFO] tams_proc: [1452] Parsing TAMC_CMD_APP_LOGIN Req status: TAM_SUCCESS
2026-04-30 01:12:08.916940[INFO] tams_proc: [1452] Processing TAMC_CMD_APP_LOGIN Req status: TAM_SUCCESS
2026-04-30 01:12:08.927883[INFO] tams_proc: [1452] cmd type: TAMC_CMD_APP_LOGIN
2026-04-30 01:12:08.927946[INFO] tams_proc: [1452] Parsing TAMC_CMD_APP_LOGIN Req status: TAM_SUCCESS
2026-04-30 01:12:08.928044[INFO] tams_proc: [1452] Processing TAMC_CMD_APP_LOGIN Req status: TAM_SUCCESS_IN_PROCESS
2026-04-30 01:12:09.4863Z[INFO] tams_proc: [1452] cmd type: TAMD_CMD_DEVICE_BIND
2026-04-30 01:12:09.4923Z[INFO] tams_proc: [1452] Parsing TAMD_CMD_DEVICE_BIND Rsp status: TAM_SUCCESS
2026-04-30 01:12:09.5001Z[INFO] tams_proc: [1452] Processing TAMD_CMD_DEVICE_BIND Rsp status: TAM_SUCCESS
2026-04-30 01:12:09.8004Z[INFO] tams_proc: [1452] cmd type: TAMC_CMD_SO_READ
2026-04-30 01:12:09.8114Z[INFO] tams_proc: [1452] Parsing TAMC_CMD_SO_READ Req status: TAM_SUCCESS
2026-04-30 01:12:09.8201Z[INFO] tams_proc: [1452] Processing TAMC_CMD_SO_READ Req status: TAM_SUCCESS
2026-04-30 01:12:09.66666Z[INFO] tams_proc: [1452] cmd type: TAMD_CMD_GET_SO_READ
2026-04-30 01:12:09.66721Z[INFO] tams_proc: [1452] Parsing TAMD_CMD_GET_SO_READ Rsp status: TAM_SUCCESS
2026-04-30 01:12:09.66749Z[INFO] tams_proc: [1452] Processing TAMD_CMD_GET_SO_READ Rsp status: TAM_SUCCESS
2026-04-30 01:12:09.69523Z[INFO] tams_proc: [1452] cmd type: TAMC_CMD_APP_LOGOUT
2026-04-30 01:12:09.69598Z[INFO] tams_proc: [1452] Parsing TAMC_CMD_APP_LOGOUT Req status: TAM_SUCCESS
2026-04-30 01:12:09.69656Z[INFO] tams_proc: [1452] Processing TAMC_CMD_APP_LOGOUT Req status: TAM_SUCCESS
2026-04-30 01:12:09.163531[INFO] tams_proc: [1452] cmd type: TAMC_CMD_APP_LOGIN
2026-04-30 01:12:09.163614[INFO] tams_proc: [1452] Parsing TAMC_CMD_APP_LOGIN Req status: TAM_SUCCESS
2026-04-30 01:12:09.187004[INFO] tams_proc: [1452] Processing TAMC_CMD_APP_LOGIN Req status: TAM_SUCCESS
2026-04-30 01:12:09.263548[INFO] tams_proc: [1452] cmd type: TAMC_CMD_APP_LOGIN
2026-04-30 01:12:09.263614[INFO] tams_proc: [1452] Parsing TAMC_CMD_APP_LOGIN Req status: TAM_SUCCESS
2026-04-30 01:12:09.263710[INFO] tams_proc: [1452] Processing TAMC_CMD_APP_LOGIN Req status: TAM_SUCCESS_IN_PROCESS
2026-04-30 01:12:09.370627[INFO] tams_proc: [1452] cmd type: TAMD_CMD_DEVICE_BIND
2026-04-30 01:12:09.370686[INFO] tams_proc: [1452] Parsing TAMD_CMD_DEVICE_BIND Rsp status: TAM_SUCCESS
2026-04-30 01:12:09.370765[INFO] tams_proc: [1452] Processing TAMD_CMD_DEVICE_BIND Rsp status: TAM_SUCCESS
2026-04-30 01:12:18.446481[INFO] tams_proc: [1452] cmd type: TAMC_CMD_APP_LOGIN
2026-04-30 01:12:18.446558[INFO] tams_proc: [1452] Parsing TAMC_CMD_APP_LOGIN Req status: TAM_SUCCESS
2026-04-30 01:12:18.473340[INFO] tams_proc: [1452] Processing TAMC_CMD_APP_LOGIN Req status: TAM_SUCCESS
2026-04-30 01:12:18.500451[INFO] tams_proc: [1452] cmd type: TAMC_CMD_APP_LOGIN
2026-04-30 01:12:18.500686[INFO] tams_proc: [1452] Parsing TAMC_CMD_APP_LOGIN Req status: TAM_SUCCESS
2026-04-30 01:12:18.500933[INFO] tams_proc: [1452] Processing TAMC_CMD_APP_LOGIN Req status: TAM_SUCCESS_IN_PROCESS
2026-04-30 01:12:18.560614[INFO] tams_proc: [1452] cmd type: TAMD_CMD_DEVICE_BIND
2026-04-30 01:12:18.560759[INFO] tams_proc: [1452] Parsing TAMD_CMD_DEVICE_BIND Rsp status: TAM_SUCCESS
2026-04-30 01:12:18.560845[INFO] tams_proc: [1452] Processing TAMD_CMD_DEVICE_BIND Rsp status: TAM_SUCCESS
2026-04-30 01:12:18.570152[INFO] tams_proc: [1452] cmd type: TAMC_CMD_DEVICE_CAP
2026-04-30 01:12:18.570245[INFO] tams_proc: [1452] Parsing TAMC_CMD_DEVICE_CAP Req status: TAM_SUCCESS
2026-04-30 01:12:18.570328[INFO] tams_proc: [1452] Processing TAMC_CMD_DEVICE_CAP Req status: TAM_SUCCESS_IN_PROCESS
2026-04-30 01:12:18.573734[INFO] tams_proc: [1452] cmd type: TAMD_CMD_DEVICE_CAP
2026-04-30 01:12:18.573797[INFO] tams_proc: [1452] Parsing TAMD_CMD_DEVICE_CAP Rsp status: TAM_SUCCESS
2026-04-30 01:12:18.573822[INFO] tams_proc: [1452] Processing TAMD_CMD_DEVICE_CAP Rsp status: TAM_SUCCESS
2026-04-30 01:12:18.576782[INFO] tams_proc: [1452] cmd type: TAMC_CMD_SO_READ
2026-04-30 01:12:18.576881[INFO] tams_proc: [1452] Parsing TAMC_CMD_SO_READ R