2026-04-30T01:11:14.029999+00:00 p4-xr2 lvm[307]: Logging initialised at Thu Apr 30 01:10:57 2026
2026-04-30T01:11:14.030092+00:00 p4-xr2 lvm[307]: Set umask from 0022 to 0077
2026-04-30T01:11:14.030106+00:00 p4-xr2 lvm[307]: Creating directory "/run/lock/lvm"
2026-04-30T01:11:14.030191+00:00 p4-xr2 lvm[307]: No volume groups found.
2026-04-30T01:11:14.029999+00:00 p4-xr2 lvm[307]: Logging initialised at Thu Apr 30 01:10:57 2026
2026-04-30T01:11:14.030092+00:00 p4-xr2 lvm[307]: Set umask from 0022 to 0077
2026-04-30T01:11:14.030106+00:00 p4-xr2 lvm[307]: Creating directory "/run/lock/lvm"
2026-04-30T01:11:14.030191+00:00 p4-xr2 lvm[307]: No volume groups found.
2026-04-30T01:11:25.671461+00:00 p4-xr2 lvm[1046]: Logging initialised at Thu Apr 30 01:11:25 2026
2026-04-30T01:11:25.671915+00:00 p4-xr2 lvm[1046]: Set umask from 0022 to 0077
2026-04-30T01:11:25.671461+00:00 p4-xr2 lvm[1046]: Logging initialised at Thu Apr 30 01:11:25 2026
2026-04-30T01:11:25.671915+00:00 p4-xr2 lvm[1046]: Set umask from 0022 to 0077
2026-04-30T01:11:25.687228+00:00 p4-xr2 lvm[1046]: No volume groups found.
2026-04-30T01:11:25.687228+00:00 p4-xr2 lvm[1046]: No volume groups found.
2026-04-30T01:11:25.724694+00:00 p4-xr2 xr_file_monitor-[info]: File monitoring started. Unable to create DR [/mnt/dr_part] archive & backup folders!
2026-04-30T01:11:25.724694+00:00 p4-xr2 xr_file_monitor-[info]: File monitoring started. Unable to create DR [/mnt/dr_part] archive & backup folders!
2026-04-30T01:11:25.731784+00:00 p4-xr2 xr_file_monitor-[info]: Checking for stale password lock files
2026-04-30T01:11:25.731784+00:00 p4-xr2 xr_file_monitor-[info]: Checking for stale password lock files
2026-04-30T01:12:22.564198+00:00 p4-xr2 sshd: (sshd): Socket created, sockfd = 3
2026-04-30T01:12:22.564389+00:00 p4-xr2 sshd: (sshd): Successfully connected to server, sockfd = 3
2026-04-30T01:12:22.564198+00:00 p4-xr2 sshd: (sshd): Socket created, sockfd = 3
2026-04-30T01:12:22.564389+00:00 p4-xr2 sshd: (sshd): Successfully connected to server, sockfd = 3
2026-04-30T01:12:23.755733+00:00 p4-xr2 sshd: (sshd): Socket created, sockfd = 3
2026-04-30T01:12:23.755733+00:00 p4-xr2 sshd: (sshd): Socket created, sockfd = 3
2026-04-30T01:12:23.756053+00:00 p4-xr2 sshd: (sshd): Successfully connected to server, sockfd = 3
2026-04-30T01:12:23.756053+00:00 p4-xr2 sshd: (sshd): Successfully connected to server, sockfd = 3
