Thu Apr 30 01:12:06 2026 :: 6 :: main : PAM manager start monitoring.
Thu Apr 30 01:12:06 2026 :: 3 :: Couldn't check existence of /misc/disk1/cisco_support/ directory. Will retry in 30 seconds

Thu Apr 30 01:12:36 2026 :: 3 :: Couldn't check existence of /misc/disk1/cisco_support/ directory. Will retry in 30 seconds

Thu Apr 30 01:13:06 2026 :: 3 :: Couldn't check existence of /misc/disk1/cisco_support/ directory. Will retry in 30 seconds

Thu Apr 30 01:13:36 2026 :: 3 :: Couldn't check existence of /misc/disk1/cisco_support/ directory. Will retry in 30 seconds

Thu Apr 30 01:14:06 2026 :: 3 :: Couldn't check existence of /misc/disk1/cisco_support/ directory. Will retry in 30 seconds

===Thu Apr 30 01:14:06 UTC 2026===
Action: start
===Thu Apr 30 01:14:06 UTC 2026===
Action: start
==========================
             monitor_crash       running
           monitor_process       running
                pam_plugin       running
==========================
             monitor_crash       running
           monitor_process       running
                pam_plugin       running
===Thu Apr 30 01:16:06 UTC 2026===
Action: start
==========================
             monitor_crash       running
           monitor_process       running
                pam_plugin       running
               monitor_cpu       running
      monitor_show_logging       running
