2026-04-30 01:11:26.755621[ERR] tamsvcs_tamm: [1415] 
*
*
* Starting tamsvcs_tamm process...
*
*
*
2026-04-30 01:11:26.755653[INFO] tamsvcs_tamm: [1415] TAM sync is NOT enabled for this platform
2026-04-30 01:11:26.755663[INFO] tamsvcs_tamm: [1415] TAM entropy is NOT enabled for this platform
2026-04-30 01:11:26.984746[INFO] tamsvcs_tamm: [1415] Successfully registered with sysmgr for proc_role change
2026-04-30 01:11:26.985845[INFO] tamsvcs_tamm: [1415] tams_proc started 1474
2026-04-30 01:11:26.985884[INFO] tamsvcs_tamm: [1415] Creating TAM:XRD_TAMDB of type:2
2026-04-30 01:11:26.985896[INFO] tamsvcs_tamm: [1415] Registering device :XRD_TAMDB Type:2 
2026-04-30 01:11:28.387878[INFO] tamsvcs_tamm: [1415] cmd type: TAMM_CMD_REGISTER_DEVICE
2026-04-30 01:11:28.387929[INFO] tamsvcs_tamm: [1415] Parsing TAMM_CMD_REGISTER_DEVICE Rsp status: TAM_SUCCESS
2026-04-30 01:11:28.446631[INFO] tamsvcs_tamm: [1415] cmd type: TAMM_CMD_REGISTER_DEVICE
2026-04-30 01:11:28.446679[INFO] tamsvcs_tamm: [1415] Parsing TAMM_CMD_REGISTER_DEVICE Rsp status: TAM_SUCCESS
2026-04-30 01:11:28.446706[INFO] tamsvcs_tamm: [1415] cmd type: TAMM_CMD_REGISTER_DEVICE
2026-04-30 01:11:28.446740[INFO] tamsvcs_tamm: [1415] Parsing TAMM_CMD_REGISTER_DEVICE Rsp status: TAM_SUCCESS
2026-04-30 01:11:28.446746[INFO] tamsvcs_tamm: [1415] Register device response TAM_SUCCESS
2026-04-30 01:11:28.447743[INFO] tamsvcs_tamm: [1415] Successfully registered device XRD_TAMDB Type: 2
2026-04-30 01:11:28.452394[INFO] tamsvcs_tamm: [1415] cmd type: TAMM_CMD_REGISTER_APP
2026-04-30 01:11:28.452443[INFO] tamsvcs_tamm: [1415] Parsing TAMM_CMD_REGISTER_APP Rsp status: TAM_SUCCESS
2026-04-30 01:11:28.506134[INFO] tamsvcs_tamm: [1415] cmd type: TAMM_CMD_REGISTER_APP
2026-04-30 01:11:28.506179[INFO] tamsvcs_tamm: [1415] Parsing TAMM_CMD_REGISTER_APP Rsp status: TAM_SUCCESS
2026-04-30 01:11:28.506203[INFO] tamsvcs_tamm: [1415] cmd type: TAMM_CMD_REGISTER_APP
2026-04-30 01:11:28.506234[INFO] tamsvcs_tamm: [1415] Parsing TAMM_CMD_REGISTER_APP Rsp status: TAM_SUCCESS
2026-04-30 01:11:28.509772[INFO] tamsvcs_tamm: [1415] cmd type: TAMM_CMD_APP_SET_ATTR
2026-04-30 01:11:28.509815[INFO] tamsvcs_tamm: [1415] Parsing TAMM_CMD_APP_SET_ATTR Rsp status: TAM_SUCCESS
2026-04-30 01:11:28.575074[INFO] tamsvcs_tamm: [1415] cmd type: TAMM_CMD_APP_SET_ATTR
2026-04-30 01:11:28.575118[INFO] tamsvcs_tamm: [1415] Parsing TAMM_CMD_APP_SET_ATTR Rsp status: TAM_SUCCESS
2026-04-30 01:11:28.575140[INFO] tamsvcs_tamm: [1415] cmd type: TAMM_CMD_APP_SET_ATTR
2026-04-30 01:11:28.575171[INFO] tamsvcs_tamm: [1415] Parsing TAMM_CMD_APP_SET_ATTR Rsp status: TAM_SUCCESS
2026-04-30 01:11:28.586091[INFO] tamsvcs_tamm: [1415] cmd type: TAMM_CMD_REGISTER_APP
2026-04-30 01:11:28.586137[INFO] tamsvcs_tamm: [1415] Parsing TAMM_CMD_REGISTER_APP Rsp status: TAM_SUCCESS
2026-04-30 01:11:28.642159[INFO] tamsvcs_tamm: [1415] cmd type: TAMM_CMD_REGISTER_APP
2026-04-30 01:11:28.642199[INFO] tamsvcs_tamm: [1415] Parsing TAMM_CMD_REGISTER_APP Rsp status: TAM_SUCCESS
2026-04-30 01:11:28.642221[INFO] tamsvcs_tamm: [1415] cmd type: TAMM_CMD_REGISTER_APP
2026-04-30 01:11:28.642250[INFO] tamsvcs_tamm: [1415] Parsing TAMM_CMD_REGISTER_APP Rsp status: TAM_SUCCESS
2026-04-30 01:11:28.649362[INFO] tamsvcs_tamm: [1415] cmd type: TAMM_CMD_APP_SET_ATTR
2026-04-30 01:11:28.649449[INFO] tamsvcs_tamm: [1415] Parsing TAMM_CMD_APP_SET_ATTR Rsp status: TAM_SUCCESS
2026-04-30 01:11:28.702427[INFO] tamsvcs_tamm: [1415] cmd type: TAMM_CMD_APP_SET_ATTR
2026-04-30 01:11:28.702470[INFO] tamsvcs_tamm: [1415] Parsing TAMM_CMD_APP_SET_ATTR Rsp status: TAM_SUCCESS
2026-04-30 01:11:28.702493[INFO] tamsvcs_tamm: [1415] cmd type: TAMM_CMD_APP_SET_ATTR
2026-04-30 01:11:28.702524[INFO] tamsvcs_tamm: [1415] Parsing TAMM_CMD_APP_SET_ATTR Rsp status: TAM_SUCCESS
2026-04-30 01:11:28.707345[INFO] tamsvcs_tamm: [1415] cmd type: TAMM_CMD_REGISTER_APP
2026-04-30 01:11:28.707384[INFO] tamsvcs_tamm: [1415] Parsing TAMM_CMD_REGISTER_APP Rsp status: TAM_SUCCESS
2026-04-30 01:11:28.755519[INFO] tamsvcs_tamm: [1415] cmd type: TAMM_CMD_REGISTER_APP
2026-04-30 01:11:28.755575[INFO] 2026-04-30 01:11:27.695176[INFO] tams_proc: [1474] Opened TAMS Client local listener on fd=85
2026-04-30 01:11:27.695239[INFO] tams_proc: [1474] Opened TAMS Client TCP listener on 192.0.0.4:7000 fd=88
2026-04-30 01:11:27.695269[INFO] tams_proc: [1474] Opened TAMS Mgmt local listener on fd=89
2026-04-30 01:11:27.695370[INFO] tams_proc: [1474] tams_proc Version:ciscotamservices 12.1.0
2026-04-30 01:11:27.764571[INFO] tams_proc: [1474] cmd type: TAMM_CMD_REGISTER_DEVICE
2026-04-30 01:11:27.764634[INFO] tams_proc: [1474] Parsing TAMM_CMD_REGISTER_DEVICE Req status: TAM_SUCCESS
2026-04-30 01:11:27.771421[INFO] tams_proc: [1474] tamd_proc_pid = 1502
2026-04-30 01:11:28.386762[INFO] tams_proc: [1474] Processing TAMM_CMD_REGISTER_DEVICE Req status: TAM_SUCCESS
2026-04-30 01:11:28.445433[INFO] tams_proc: [1474] cmd type: TAMD_CMD_AUTHENTICATE_DEVICE
2026-04-30 01:11:28.445495[INFO] tams_proc: [1474] Parsing TAMD_CMD_AUTHENTICATE_DEVICE Rsp status: TAM_SUCCESS
2026-04-30 01:11:28.445531[INFO] tams_proc: [1474] Processing TAMD_CMD_AUTHENTICATE_DEVICE Rsp status: TAM_SUCCESS
2026-04-30 01:11:28.448957[INFO] tams_proc: [1474] cmd type: TAMM_CMD_REGISTER_APP
2026-04-30 01:11:28.449040[INFO] tams_proc: [1474] Parsing TAMM_CMD_REGISTER_APP Req status: TAM_SUCCESS
2026-04-30 01:11:28.451308[INFO] tams_proc: [1474] Processing TAMM_CMD_REGISTER_APP Req status: TAM_SUCCESS_IN_PROCESS
2026-04-30 01:11:28.504895[INFO] tams_proc: [1474] cmd type: TAMD_CMD_REGISTER_APP
2026-04-30 01:11:28.504945[INFO] tams_proc: [1474] Parsing TAMD_CMD_REGISTER_APP Rsp status: TAM_SUCCESS
2026-04-30 01:11:28.504973[INFO] tams_proc: [1474] Processing TAMD_CMD_REGISTER_APP Rsp status: TAM_SUCCESS
2026-04-30 01:11:28.507688[INFO] tams_proc: [1474] cmd type: TAMM_CMD_APP_SET_ATTR
2026-04-30 01:11:28.507757[INFO] tams_proc: [1474] Parsing TAMM_CMD_APP_SET_ATTR Req status: TAM_SUCCESS
2026-04-30 01:11:28.507824[INFO] tams_proc: [1474] Processing TAMM_CMD_APP_SET_ATTR Req status: TAM_SUCCESS_IN_PROCESS
2026-04-30 01:11:28.573713[INFO] tams_proc: [1474] cmd type: TAMD_CMD_APP_SET_ATTR
2026-04-30 01:11:28.573762[INFO] tams_proc: [1474] Parsing TAMD_CMD_APP_SET_ATTR Rsp status: TAM_SUCCESS
2026-04-30 01:11:28.573790[INFO] tams_proc: [1474] Processing TAMD_CMD_APP_SET_ATTR Rsp status: TAM_SUCCESS
2026-04-30 01:11:28.576819[INFO] tams_proc: [1474] cmd type: TAMM_CMD_REGISTER_APP
2026-04-30 01:11:28.576899[INFO] tams_proc: [1474] Parsing TAMM_CMD_REGISTER_APP Req status: TAM_SUCCESS
2026-04-30 01:11:28.580095[INFO] tams_proc: [1474] Processing TAMM_CMD_REGISTER_APP Req status: TAM_SUCCESS_IN_PROCESS
2026-04-30 01:11:28.640364[INFO] tams_proc: [1474] cmd type: TAMD_CMD_REGISTER_APP
2026-04-30 01:11:28.640410[INFO] tams_proc: [1474] Parsing TAMD_CMD_REGISTER_APP Rsp status: TAM_SUCCESS
2026-04-30 01:11:28.640437[INFO] tams_proc: [1474] Processing TAMD_CMD_REGISTER_APP Rsp status: TAM_SUCCESS
2026-04-30 01:11:28.645203[INFO] tams_proc: [1474] cmd type: TAMM_CMD_APP_SET_ATTR
2026-04-30 01:11:28.645273[INFO] tams_proc: [1474] Parsing TAMM_CMD_APP_SET_ATTR Req status: TAM_SUCCESS
2026-04-30 01:11:28.645344[INFO] tams_proc: [1474] Processing TAMM_CMD_APP_SET_ATTR Req status: TAM_SUCCESS_IN_PROCESS
2026-04-30 01:11:28.700299[INFO] tams_proc: [1474] cmd type: TAMD_CMD_APP_SET_ATTR
2026-04-30 01:11:28.700348[INFO] tams_proc: [1474] Parsing TAMD_CMD_APP_SET_ATTR Rsp status: TAM_SUCCESS
2026-04-30 01:11:28.700379[INFO] tams_proc: [1474] Processing TAMD_CMD_APP_SET_ATTR Rsp status: TAM_SUCCESS
2026-04-30 01:11:28.703750[INFO] tams_proc: [1474] cmd type: TAMM_CMD_REGISTER_APP
2026-04-30 01:11:28.703828[INFO] tams_proc: [1474] Parsing TAMM_CMD_REGISTER_APP Req status: TAM_SUCCESS
2026-04-30 01:11:28.706249[INFO] tams_proc: [1474] Processing TAMM_CMD_REGISTER_APP Req status: TAM_SUCCESS_IN_PROCESS
2026-04-30 01:11:28.749469[INFO] tams_proc: [1474] cmd type: TAMD_CMD_REGISTER_APP
2026-04-30 01:11:28.749517[INFO] tams_proc: [1474] Parsing TAMD_CMD_REGISTER_APP Rsp status: TAM_SUCCESS
2026-04-30 01:11:28.749548[INFO] tams_proc: [1474] Processing TAMD_CMD_REGISTER_APP Rsp status: TAM_SUCCESS
2026-04-30 01:11:28.756884[INFO] tams_proc: [1474] cmd type: TAMM_CMD_APP_SET_ATTR
2026-04-30 01:11:28.756991[INFO] tams_proc: [1474] Parsing TAMM_CMD_APP_SET_ATTR Req status: TAM_SUCCESS
2026-04-30 01:11:28.757101[INFO] tams_proc: [1474] Processing TAMM_CMD_APP_SET_ATTR Req status: TAM_SUCCESS_IN_PROCESS
2026-04-30 01:11:28.803157[INFO] tams_proc: [1474] cmd type: TAMD_CMD_APP_SET_ATTR
2026-04-30 01:11:28.803201[INFO] tams_proc: [1474] Parsing TAMD_CMD_APP_SET_ATTR Rsp status: TAM_SUCCESS
2026-04-30 01:11:28.803225[INFO] tams_proc: [1474] Processing TAMD_CMD_APP_SET_ATTR Rsp status: TAM_SUCCESS
2026-04-30 01:11:28.808363[INFO] tams_proc: [1474] cmd type: TAMC_CMD_APP_LOGIN
2026-04-30 01:11:28.820563[INFO] tams_proc: [1474] Parsing TAMC_CMD_APP_LOGIN Req status: TAM_SUCCESS
2026-04-30 01:11:28.831255[INFO] tams_proc: [1474] Processing TAMC_CMD_APP_LOGIN Req status: TAM_SUCCESS
2026-04-30 01:11:28.845055[INFO] tams_proc: [1474] cmd type: TAMC_CMD_APP_LOGIN
2026-04-30 01:11:28.845141[INFO] tams_proc: [1474] Parsing TAMC_CMD_APP_LOGIN Req status: TAM_SUCCESS
2026-04-30 01:11:28.845225[INFO] tams_proc: [1474] Processing TAMC_CMD_APP_LOGIN Req status: TAM_SUCCESS_IN_PROCESS
2026-04-30 01:11:28.873583[INFO] tams_proc: [1474] cmd type: TAMD_CMD_DEVICE_BIND
2026-04-30 01:11:28.873662[INFO] tams_proc: [1474] Parsing TAMD_CMD_DEVICE_BIND Rsp status: TAM_SUCCESS
2026-04-30 01:11:28.873778[INFO] tams_proc: [1474] Processing TAMD_CMD_DEVICE_BIND Rsp status: TAM_SUCCESS
2026-04-30 01:11:28.876193[INFO] tams_proc: [1474] cmd type: TAMC_CMD_SO_DELETE
2026-04-30 01:11:28.876305[INFO] tams_proc: [1474] Parsing TAMC_CMD_SO_DELETE Req status: TAM_SUCCESS
2026-04-30 01:11:28.876388[INFO] tams_proc: [1474] Processing TAMC_CMD_SO_DELETE Req status: TAM_SUCCESS
2026-04-30 01:11:28.901536[INFO] tams_proc: [1474] cmd type: TAMD_CMD_GET_SO_DELETE
2026-04-30 01:11:28.901606[INFO] tams_proc: [1474] Parsing TAMD_CMD_GET_SO_DELETE Rsp status: TAM_SUCCESS
2026-04-30 01:11:28.901653[INFO] tams_proc: [1474] Processing TAMD_CMD_GET_SO_DELETE Rsp status: TAM_SUCCESS
2026-04-30 01:11:28.904178[INFO] tams_proc: [1474] cmd type: TAMC_CMD_SO_CREATE
2026-04-30 01:11:28.904422[INFO] tams_proc: [1474] Parsing TAMC_CMD_SO_CREATE Req status: TAM_SUCCESS
2026-04-30 01:11:28.904547[INFO] tams_proc: [1474] Processing TAMC_CMD_SO_CREATE Req status: TAM_SUCCESS
2026-04-30 01:11:28.973160[INFO] tams_proc: [1474] cmd type: TAMD_CMD_GET_SO_CREATE
2026-04-30 01:11:28.973207[INFO] tams_proc: [1474] Parsing TAMD_CMD_GET_SO_CREATE Rsp status: TAM_SUCCESS
2026-04-30 01:11:28.973242[INFO] tams_proc: [1474] Processing TAMD_CMD_GET_SO_CREATE Rsp status: TAM_SUCCESS
2026-04-30 01:11:28.975578[INFO] tams_proc: [1474] cmd type: TAMC_CMD_SO_WRITE
2026-04-30 01:11:28.975696[INFO] tams_proc: [1474] Parsing TAMC_CMD_SO_WRITE Req status: TAM_SUCCESS
2026-04-30 01:11:28.975768[INFO] tams_proc: [1474] Processing TAMC_CMD_SO_WRITE Req status: TAM_SUCCESS
2026-04-30 01:11:29.24514Z[INFO] tams_proc: [1474] cmd type: TAMD_CMD_GET_SO_WRITE
2026-04-30 01:11:29.24560Z[INFO] tams_proc: [1474] Parsing TAMD_CMD_GET_SO_WRITE Rsp status: TAM_SUCCESS
2026-04-30 01:11:29.24612Z[INFO] tams_proc: [1474] Processing TAMD_CMD_GET_SO_WRITE Rsp status: TAM_SUCCESS
2026-04-30 01:11:29.26889Z[INFO] tams_proc: [1474] cmd type: TAMC_CMD_SO_READ
2026-04-30 01:11:29.26978Z[INFO] tams_proc: [1474] Parsing TAMC_CMD_SO_READ Req status: TAM_SUCCESS
2026-04-30 01:11:29.27058Z[INFO] tams_proc: [1474] Processing TAMC_CMD_SO_READ Req status: TAM_SUCCESS
2026-04-30 01:11:29.61649Z[INFO] tams_proc: [1474] cmd type: TAMD_CMD_GET_SO_READ
2026-04-30 01:11:29.61878Z[INFO] tams_proc: [1474] Parsing TAMD_CMD_GET_SO_READ Rsp status: TAM_SUCCESS
2026-04-30 01:11:29.61926Z[INFO] tams_proc: [1474] Processing TAMD_CMD_GET_SO_READ Rsp status: TAM_SUCCESS
2026-04-30 01:11:29.68351Z[INFO] tams_proc: [1474] cmd type: TAMC_CMD_SO_DELETE
2026-04-30 01:11:29.68521Z[INFO] tams_proc: [1474] Parsing TAMC_CMD_SO_DELETE Req status: TAM_SUCCESS
2026-04-30 01:11:29.68661Z[INFO] tams_proc: [1474] Processing TAMC_CMD_SO_DELETE Req status: TAM_SUCCESS
2026-04-30 01:11:29.137247[INFO] tams_proc: [1474] cmd type: TAMD_CMD_GET_SO_DELETE
2026-04-30 01:11:29.137311[INFO] tams_proc: [1474] Parsing TAMD_CMD_GET_SO_DELETE Rsp status: TAM_SUCCESS
2026-04-30 01:11:29.137346[INFO] tams_proc: [1474] Processing TAMD_CMD_GET_SO_DELETE Rsp status: TAM_SUCCESS
2026-04-30 01:11:29.139711[INFO] tams_proc: [1474] cmd type: TAMC_CMD_APP_LOGOUT
2026-04-30 01:11:29.139783[INFO] tams_proc: [1474] Parsing TAMC_CMD_APP_LOGOUT Req status: TAM_SUCCESS
2026-04-30 01:11:29.139846[INFO] tams_proc: [1474] Processing TAMC_CMD_APP_LOGOUT Req status: TAM_SUCCESS
2026-04-30 01:11:29.164702[INFO] tams_proc: [1474] cmd type: TAMC_CMD_APP_LOGIN
2026-04-30 01:11:29.164815[INFO] tams_proc: [1474] Parsing TAMC_CMD_APP_LOGIN Req status: TAM_SUCCESS
2026-04-30 01:11:29.172819[INFO] tams_proc: [1474] Processing TAMC_CMD_APP_LOGIN Req status: TAM_SUCCESS
2026-04-30 01:11:29.181818[INFO] tams_proc: [1474] cmd type: TAMC_CMD_APP_LOGIN
2026-04-30 01:11:29.181870[INFO] tams_proc: [1474] Parsing TAMC_CMD_APP_LOGIN Req status: TAM_SUCCESS
2026-04-30 01:11:29.181953[INFO] tams_proc: [1474] Processing TAMC_CMD_APP_LOGIN Req status: TAM_SUCCESS_IN_PROCESS
2026-04-30 01:11:29.217299[INFO] tams_proc: [1474] cmd type: TAMD_CMD_DEVICE_BIND
2026-04-30 01:11:29.217398[INFO] tams_proc: [1474] Parsing TAMD_CMD_DEVICE_BIND Rsp status: TAM_SUCCESS
2026-04-30 01:11:29.217521[INFO] tams_proc: [1474] Processing TAMD_CMD_DEVICE_BIND Rsp status: TAM_SUCCESS
2026-04-30 01:11:29.222509[INFO] tams_proc: [1474] cmd type: TAMC_CMD_SO_DELETE
2026-04-30 01:11:29.222681[INFO] tams_proc: [1474] Parsing TAMC_CMD_SO_DELETE Req status: TAM_SUCCESS
2026-04-30 01:11:29.222816[INFO] tams_proc: [1474] Processing TAMC_CMD_SO_DELETE Req status: TAM_SUCCESS
2026-04-30 01:11:29.258019[INFO] tams_proc: [1474] cmd type: TAMD_CMD_GET_SO_DELETE
2026-04-30 01:11:29.258066[INFO] tams_proc: [1474] Parsing TAMD_CMD_GET_SO_DELETE Rsp status: TAM_SUCCESS
2026-04-30 01:11:29.258092[INFO] tams_proc: [1474] Processing TAMD_CMD_GET_SO_DELETE Rsp status: TAM_SUCCESS
2026-04-30 01:11:29.260517[INFO] tams_proc: [1474] cmd type: TAMC_CMD_SO_CREATE
2026-04-30 01:11:29.260722[INFO] tams_proc: [1474] Parsing TAMC_CMD_SO_CREATE Req status: TAM_SUCCESS
2026-04-30 01:11:29.260816[INFO] tams_proc: [1474] Processing TAMC_CMD_SO_CREATE Req status: TAM_SUCCESS
2026-04-30 01:11:29.337177[INFO] tams_proc: [1474] cmd type: TAMD_CMD_GET_SO_CREATE
2026-04-30 01:11:29.337222[INFO] tams_proc: [1474] Parsing TAMD_CMD_GET_SO_CREATE Rsp status: TAM_SUCCESS
2026-04-30 01:11:29.337259[INFO] tams_proc: [1474] Processing TAMD_CMD_GET_SO_CREATE Rsp status: TAM_SUCCESS
2026-04-30 01:11:29.339635[INFO] tams_proc: [1474] cmd type: TAMC_CMD_SO_WRITE
2026-04-30 01:11:29.339752[INFO] tams_proc: [1474] Parsing TAMC_CMD_SO_WRITE Req status: TAM_SUCCESS
2026-04-30 01:11:29.339822[INFO] tams_proc: [1474] Processing TAMC_CMD_SO_WRITE Req status: TAM_SUCCESS
2026-04-30 01:11:29.362619[INFO] tams_proc: [1474] cmd type: TAMD_CMD_GET_SO_WRITE
2026-04-30 01:11:29.362662[INFO] tams_proc: [1474] Parsing TAMD_CMD_GET_SO_WRITE Rsp status: TAM_SUCCESS
2026-04-30 01:11:29.362695[INFO] tams_proc: [1474] Processing TAMD_CMD_GET_SO_WRITE Rsp status: TAM_SUCCESS
2026-04-30 01:11:29.365013[INFO] tams_proc: [1474] cmd type: TAMC_CMD_SO_READ
2026-04-30 01:11:29.365373[INFO] tams_proc: [1474] Parsing TAMC_CMD_SO_READ Req status: TAM_SUCCESS
2026-04-30 01:11:29.365421[INFO] tams_proc: [1474] Processing TAMC_CMD_SO_READ Req status: TAM_SUCCESS
2026-04-30 01:11:29.389058[INFO] tams_proc: [1474] cmd type: TAMD_CMD_GET_SO_READ
2026-04-30 01:11:29.389122[INFO] tams_proc: [1474] Parsing TAMD_CMD_GET_SO_READ Rsp status: TAM_SUCCESS
2026-04-30 01:11:29.389150[INFO] tams_proc: [1474] Processing TAMD_CMD_GET_SO_READ Rsp status: TAM_SUCCESS
2026-04-30 01:11:29.392266[INFO] tams_proc: [1474] cmd type: TAMC_CMD_SO_DELETE
2026-04-30 01:11:29.392382[INFO] tams_proc: [1474] Parsing TAMC_CMD_SO_DELETE Req status: TAM_SUCCESS
2026-04-30 01:11:29.392466[INFO] tams_proc: [1474] Processing TAMC_CMD_SO_DELETE Req status: TAM_SUCCESS
2026-04-30 01:11:292026-04-30 01:11:28.393321[INFO] tamd_proc: [1502] cmd type: TAMD_CMD_AUTHENTICATE_DEVICE
2026-04-30 01:11:28.440919[INFO] tamd_proc: [1502] Processing TAMD_CMD_AUTHENTICATE_DEVICE Req status: TAM_SUCCESS
2026-04-30 01:11:28.452488[INFO] tamd_proc: [1502] cmd type: TAMD_CMD_REGISTER_APP
2026-04-30 01:11:28.500490[INFO] tamd_proc: [1502] Processing TAMD_CMD_REGISTER_APP Req status: TAM_SUCCESS
2026-04-30 01:11:28.508960[INFO] tamd_proc: [1502] cmd type: TAMD_CMD_APP_SET_ATTR
2026-04-30 01:11:28.570093[INFO] tamd_proc: [1502] Processing TAMD_CMD_APP_SET_ATTR Req status: TAM_SUCCESS
2026-04-30 01:11:28.586176[INFO] tamd_proc: [1502] cmd type: TAMD_CMD_REGISTER_APP
2026-04-30 01:11:28.636026[INFO] tamd_proc: [1502] Processing TAMD_CMD_REGISTER_APP Req status: TAM_SUCCESS
2026-04-30 01:11:28.646539[INFO] tamd_proc: [1502] cmd type: TAMD_CMD_APP_SET_ATTR
2026-04-30 01:11:28.699233[INFO] tamd_proc: [1502] Processing TAMD_CMD_APP_SET_ATTR Req status: TAM_SUCCESS
2026-04-30 01:11:28.707625[INFO] tamd_proc: [1502] cmd type: TAMD_CMD_REGISTER_APP
2026-04-30 01:11:28.748402[INFO] tamd_proc: [1502] Processing TAMD_CMD_REGISTER_APP Req status: TAM_SUCCESS
2026-04-30 01:11:28.758283[INFO] tamd_proc: [1502] cmd type: TAMD_CMD_APP_SET_ATTR
2026-04-30 01:11:28.801956[INFO] tamd_proc: [1502] Processing TAMD_CMD_APP_SET_ATTR Req status: TAM_SUCCESS
2026-04-30 01:11:28.849329[INFO] tamd_proc: [1502] cmd type: TAMD_CMD_DEVICE_BIND
2026-04-30 01:11:28.871713[INFO] tamd_proc: [1502] Processing TAMD_CMD_DEVICE_BIND Req status: TAM_SUCCESS
2026-04-30 01:11:28.877585[INFO] tamd_proc: [1502] cmd type: TAMD_CMD_GET_SO_DELETE
2026-04-30 01:11:28.899203[INFO] tamd_proc: [1502] Processing TAMD_CMD_GET_SO_DELETE Req status: TAM_SUCCESS
2026-04-30 01:11:28.905735[INFO] tamd_proc: [1502] cmd type: TAMD_CMD_GET_SO_CREATE
2026-04-30 01:11:28.970211[INFO] tamd_proc: [1502] Processing TAMD_CMD_GET_SO_CREATE Req status: TAM_SUCCESS
2026-04-30 01:11:28.980625[INFO] tamd_proc: [1502] cmd type: TAMD_CMD_GET_SO_WRITE
2026-04-30 01:11:29.20048Z[INFO] tamd_proc: [1502] Processing TAMD_CMD_GET_SO_WRITE Req status: TAM_SUCCESS
2026-04-30 01:11:29.28221Z[INFO] tamd_proc: [1502] cmd type: TAMD_CMD_GET_SO_READ
2026-04-30 01:11:29.55906Z[INFO] tamd_proc: [1502] Processing TAMD_CMD_GET_SO_READ Req status: TAM_SUCCESS
2026-04-30 01:11:29.69989Z[INFO] tamd_proc: [1502] cmd type: TAMD_CMD_GET_SO_DELETE
2026-04-30 01:11:29.136080[INFO] tamd_proc: [1502] Processing TAMD_CMD_GET_SO_DELETE Req status: TAM_SUCCESS
2026-04-30 01:11:29.185118[INFO] tamd_proc: [1502] cmd type: TAMD_CMD_DEVICE_BIND
2026-04-30 01:11:29.214773[INFO] tamd_proc: [1502] Processing TAMD_CMD_DEVICE_BIND Req status: TAM_SUCCESS
2026-04-30 01:11:29.224198[INFO] tamd_proc: [1502] cmd type: TAMD_CMD_GET_SO_DELETE
2026-04-30 01:11:29.256884[INFO] tamd_proc: [1502] Processing TAMD_CMD_GET_SO_DELETE Req status: TAM_SUCCESS
2026-04-30 01:11:29.262088[INFO] tamd_proc: [1502] cmd type: TAMD_CMD_GET_SO_CREATE
2026-04-30 01:11:29.335836[INFO] tamd_proc: [1502] Processing TAMD_CMD_GET_SO_CREATE Req status: TAM_SUCCESS
2026-04-30 01:11:29.340967[INFO] tamd_proc: [1502] cmd type: TAMD_CMD_GET_SO_WRITE
2026-04-30 01:11:29.361345[INFO] tamd_proc: [1502] Processing TAMD_CMD_GET_SO_WRITE Req status: TAM_SUCCESS
2026-04-30 01:11:29.366571[INFO] tamd_proc: [1502] cmd type: TAMD_CMD_GET_SO_READ
2026-04-30 01:11:29.387253[INFO] tamd_proc: [1502] Processing TAMD_CMD_GET_SO_READ Req status: TAM_SUCCESS
2026-04-30 01:11:29.393693[INFO] tamd_proc: [1502] cmd type: TAMD_CMD_GET_SO_DELETE
2026-04-30 01:11:29.424921[INFO] tamd_proc: [1502] Processing TAMD_CMD_GET_SO_DELETE Req status: TAM_SUCCESS
2026-04-30 01:11:29.462382[INFO] tamd_proc: [1502] cmd type: TAMD_CMD_DEVICE_BIND
2026-04-30 01:11:29.483361[INFO] tamd_proc: [1502] Processing TAMD_CMD_DEVICE_BIND Req status: TAM_SUCCESS
2026-04-30 01:11:29.491878[INFO] tamd_proc: [1502] cmd type: TAMD_CMD_GET_SO_DELETE
2026-04-30 01:11:29.526436[INFO] tamd_proc: [1502] Processing TAMD_CMD_GET_SO_DELETE Req status: TAM_SUCCESS
2026-04-30 01:11:29.531971[INFO] tamd_proc: [1502] cmd type: TAMD_C.429929[INFO] tams_proc: [1474] cmd type: TAMD_CMD_GET_SO_DELETE
2026-04-30 01:11:29.429997[INFO] tams_proc: [1474] Parsing TAMD_CMD_GET_SO_DELETE Rsp status: TAM_SUCCESS
2026-04-30 01:11:29.430448[INFO] tams_proc: [1474] Processing TAMD_CMD_GET_SO_DELETE Rsp status: TAM_SUCCESS
2026-04-30 01:11:29.434331[INFO] tams_proc: [1474] cmd type: TAMC_CMD_APP_LOGOUT
2026-04-30 01:11:29.434395[INFO] tams_proc: [1474] Parsing TAMC_CMD_APP_LOGOUT Req status: TAM_SUCCESS
2026-04-30 01:11:29.434455[INFO] tams_proc: [1474] Processing TAMC_CMD_APP_LOGOUT Req status: TAM_SUCCESS
2026-04-30 01:11:29.438922[INFO] tams_proc: [1474] cmd type: TAMC_CMD_APP_LOGIN
2026-04-30 01:11:29.438983[INFO] tams_proc: [1474] Parsing TAMC_CMD_APP_LOGIN Req status: TAM_SUCCESS
2026-04-30 01:11:29.449491[INFO] tams_proc: [1474] Processing TAMC_CMD_APP_LOGIN Req status: TAM_SUCCESS
2026-04-30 01:11:29.459433[INFO] tams_proc: [1474] cmd type: TAMC_CMD_APP_LOGIN
2026-04-30 01:11:29.459487[INFO] tams_proc: [1474] Parsing TAMC_CMD_APP_LOGIN Req status: TAM_SUCCESS
2026-04-30 01:11:29.459571[INFO] tams_proc: [1474] Processing TAMC_CMD_APP_LOGIN Req status: TAM_SUCCESS_IN_PROCESS
2026-04-30 01:11:29.484833[INFO] tams_proc: [1474] cmd type: TAMD_CMD_DEVICE_BIND
2026-04-30 01:11:29.484882[INFO] tams_proc: [1474] Parsing TAMD_CMD_DEVICE_BIND Rsp status: TAM_SUCCESS
2026-04-30 01:11:29.484965[INFO] tams_proc: [1474] Processing TAMD_CMD_DEVICE_BIND Rsp status: TAM_SUCCESS
2026-04-30 01:11:29.490453[INFO] tams_proc: [1474] cmd type: TAMC_CMD_SO_DELETE
2026-04-30 01:11:29.490569[INFO] tams_proc: [1474] Parsing TAMC_CMD_SO_DELETE Req status: TAM_SUCCESS
2026-04-30 01:11:29.490643[INFO] tams_proc: [1474] Processing TAMC_CMD_SO_DELETE Req status: TAM_SUCCESS
2026-04-30 01:11:29.528171[INFO] tams_proc: [1474] cmd type: TAMD_CMD_GET_SO_DELETE
2026-04-30 01:11:29.528220[INFO] tams_proc: [1474] Parsing TAMD_CMD_GET_SO_DELETE Rsp status: TAM_SUCCESS
2026-04-30 01:11:29.528250[INFO] tams_proc: [1474] Processing TAMD_CMD_GET_SO_DELETE Rsp status: TAM_SUCCESS
2026-04-30 01:11:29.530607[INFO] tams_proc: [1474] cmd type: TAMC_CMD_SO_CREATE
2026-04-30 01:11:29.530781[INFO] tams_proc: [1474] Parsing TAMC_CMD_SO_CREATE Req status: TAM_SUCCESS
2026-04-30 01:11:29.530859[INFO] tams_proc: [1474] Processing TAMC_CMD_SO_CREATE Req status: TAM_SUCCESS
2026-04-30 01:11:29.678623[INFO] tams_proc: [1474] cmd type: TAMD_CMD_GET_SO_CREATE
2026-04-30 01:11:29.678670[INFO] tams_proc: [1474] Parsing TAMD_CMD_GET_SO_CREATE Rsp status: TAM_SUCCESS
2026-04-30 01:11:29.678710[INFO] tams_proc: [1474] Processing TAMD_CMD_GET_SO_CREATE Rsp status: TAM_SUCCESS
2026-04-30 01:11:29.681876[INFO] tams_proc: [1474] cmd type: TAMC_CMD_SO_WRITE
2026-04-30 01:11:29.681992[INFO] tams_proc: [1474] Parsing TAMC_CMD_SO_WRITE Req status: TAM_SUCCESS
2026-04-30 01:11:29.682067[INFO] tams_proc: [1474] Processing TAMC_CMD_SO_WRITE Req status: TAM_SUCCESS
2026-04-30 01:11:29.703216[INFO] tams_proc: [1474] cmd type: TAMD_CMD_GET_SO_WRITE
2026-04-30 01:11:29.703260[INFO] tams_proc: [1474] Parsing TAMD_CMD_GET_SO_WRITE Rsp status: TAM_SUCCESS
2026-04-30 01:11:29.703295[INFO] tams_proc: [1474] Processing TAMD_CMD_GET_SO_WRITE Rsp status: TAM_SUCCESS
2026-04-30 01:11:29.707813[INFO] tams_proc: [1474] cmd type: TAMC_CMD_SO_READ
2026-04-30 01:11:29.707924[INFO] tams_proc: [1474] Parsing TAMC_CMD_SO_READ Req status: TAM_SUCCESS
2026-04-30 01:11:29.708005[INFO] tams_proc: [1474] Processing TAMC_CMD_SO_READ Req status: TAM_SUCCESS
2026-04-30 01:11:29.726060[INFO] tams_proc: [1474] cmd type: TAMD_CMD_GET_SO_READ
2026-04-30 01:11:29.726112[INFO] tams_proc: [1474] Parsing TAMD_CMD_GET_SO_READ Rsp status: TAM_SUCCESS
2026-04-30 01:11:29.726142[INFO] tams_proc: [1474] Processing TAMD_CMD_GET_SO_READ Rsp status: TAM_SUCCESS
2026-04-30 01:11:29.729111[INFO] tams_proc: [1474] cmd type: TAMC_CMD_SO_DELETE
2026-04-30 01:11:29.729217[INFO] tams_proc: [1474] Parsing TAMC_CMD_SO_DELETE Req status: TAM_SUCCESS
2026-04-30 01:11:29.729301[INFO] tams_proc: [1474] Processing TAMC_CMD_SO_DELETE Req status: TAM_SUCCESS
2026-04-30 01:11:29.767829[INFO] tams_proc: [1474] cmd type: TAMD_CMD_GET_SO_DELETE
2026-04-30 01:11:29.767894[INFO] tams_proc: [1474] Parsing TAMD_CMD_GET_SO_DELETE Rsp status: TAM_SUCCESS
2026-04-30 01:11:29.767927[INFO] tams_proc: [1474] Processing TAMD_CMD_GET_SO_DELETE Rsp status: TAM_SUCCESS
2026-04-30 01:11:29.770490[INFO] tams_proc: [1474] cmd type: TAMC_CMD_APP_LOGOUT
2026-04-30 01:11:29.770559[INFO] tams_proc: [1474] Parsing TAMC_CMD_APP_LOGOUT Req status: TAM_SUCCESS
2026-04-30 01:11:29.770622[INFO] tams_proc: [1474] Processing TAMC_CMD_APP_LOGOUT Req status: TAM_SUCCESS
2026-04-30 01:11:29.775757[INFO] tams_proc: [1474] cmd type: TAMM_CMD_VUDI_INIT
2026-04-30 01:11:29.775813[INFO] tams_proc: [1474] Parsing TAMM_CMD_VUDI_INIT Req status: TAM_SUCCESS
2026-04-30 01:11:29.775892[INFO] tams_proc: [1474] Processing TAMM_CMD_VUDI_INIT Req status: TAM_SUCCESS_IN_PROCESS
2026-04-30 01:11:29.867283[INFO] tams_proc: [1474] cmd type: TAMD_CMD_VUDI_INIT
2026-04-30 01:11:29.867326[INFO] tams_proc: [1474] Parsing TAMD_CMD_VUDI_INIT Rsp status: TAM_SUCCESS
2026-04-30 01:11:29.867353[INFO] tams_proc: [1474] Processing TAMD_CMD_VUDI_INIT Rsp status: TAM_SUCCESS
2026-04-30 01:11:29.871441[INFO] tams_proc: [1474] cmd type: TAMC_CMD_APP_LOGIN
2026-04-30 01:11:29.871501[INFO] tams_proc: [1474] Parsing TAMC_CMD_APP_LOGIN Req status: TAM_SUCCESS
2026-04-30 01:11:29.878841[INFO] tams_proc: [1474] Processing TAMC_CMD_APP_LOGIN Req status: TAM_SUCCESS
2026-04-30 01:11:29.887662[INFO] tams_proc: [1474] cmd type: TAMC_CMD_APP_LOGIN
2026-04-30 01:11:29.887707[INFO] tams_proc: [1474] Parsing TAMC_CMD_APP_LOGIN Req status: TAM_SUCCESS
2026-04-30 01:11:29.887781[INFO] tams_proc: [1474] Processing TAMC_CMD_APP_LOGIN Req status: TAM_SUCCESS_IN_PROCESS
2026-04-30 01:11:29.909303[INFO] tams_proc: [1474] cmd type: TAMD_CMD_DEVICE_BIND
2026-04-30 01:11:29.909348[INFO] tams_proc: [1474] Parsing TAMD_CMD_DEVICE_BIND Rsp status: TAM_SUCCESS
2026-04-30 01:11:29.909421[INFO] tams_proc: [1474] Processing TAMD_CMD_DEVICE_BIND Rsp status: TAM_SUCCESS
2026-04-30 01:11:29.911735[INFO] tams_proc: [1474] cmd type: TAMC_CMD_UDI
2026-04-30 01:11:29.911796[INFO] tams_proc: [1474] Parsing TAMC_CMD_UDI Req status: TAM_SUCCESS
2026-04-30 01:11:29.911866[INFO] tams_proc: [1474] Processing TAMC_CMD_UDI Req status: TAM_SUCCESS
2026-04-30 01:11:29.932182[INFO] tams_proc: [1474] cmd type: TAMD_CMD_UDI
2026-04-30 01:11:29.932227[INFO] tams_proc: [1474] Parsing TAMD_CMD_UDI Rsp status: TAM_SUCCESS
2026-04-30 01:11:29.932254[INFO] tams_proc: [1474] Processing TAMD_CMD_UDI Rsp status: TAM_SUCCESS
2026-04-30 01:11:29.934620[INFO] tams_proc: [1474] cmd type: TAMC_CMD_APP_LOGOUT
2026-04-30 01:11:29.934666[INFO] tams_proc: [1474] Parsing TAMC_CMD_APP_LOGOUT Req status: TAM_SUCCESS
2026-04-30 01:11:29.934704[INFO] tams_proc: [1474] Processing TAMC_CMD_APP_LOGOUT Req status: TAM_SUCCESS
2026-04-30 01:11:59.800259[INFO] tams_proc: [1474] cmd type: TAMC_CMD_APP_LOGIN
2026-04-30 01:11:59.800339[INFO] tams_proc: [1474] Parsing TAMC_CMD_APP_LOGIN Req status: TAM_SUCCESS
2026-04-30 01:11:59.819570[INFO] tams_proc: [1474] Processing TAMC_CMD_APP_LOGIN Req status: TAM_SUCCESS
2026-04-30 01:11:59.850560[INFO] tams_proc: [1474] cmd type: TAMC_CMD_APP_LOGIN
2026-04-30 01:11:59.857815[INFO] tams_proc: [1474] Parsing TAMC_CMD_APP_LOGIN Req status: TAM_SUCCESS
2026-04-30 01:11:59.858060[INFO] tams_proc: [1474] Processing TAMC_CMD_APP_LOGIN Req status: TAM_SUCCESS_IN_PROCESS
2026-04-30 01:12:00.19685Z[INFO] tams_proc: [1474] cmd type: TAMD_CMD_DEVICE_BIND
2026-04-30 01:12:00.19735Z[INFO] tams_proc: [1474] Parsing TAMD_CMD_DEVICE_BIND Rsp status: TAM_SUCCESS
2026-04-30 01:12:00.19811Z[INFO] tams_proc: [1474] Processing TAMD_CMD_DEVICE_BIND Rsp status: TAM_SUCCESS
2026-04-30 01:12:00.346000[INFO] tams_proc: [1474] cmd type: TAMC_CMD_APP_LOGIN
2026-04-30 01:12:00.346091[INFO] tams_proc: [1474] Parsing TAMC_CMD_APP_LOGIN Req status: TAM_SUCCESS
2026-04-30 01:12:00.383084[INFO] tams_proc: [1474] Processing TAMC_CMD_APP_LOGIN Req status: TAM_SUCCESS
2026-04-30 01:12:00.407556[INFO] tams_proc: [1474] cmd type: TAMC_CMD_APP_LOGIN
2026-04-30 01:12:00.407778[INFO] tams_proc: [1474] Parsing TAMC_CMD_APP_LOGIN Req status: TAM_SUCCESS
2026-04-30 01:12:00.408249[INFO] tams_proc: [1474] Processing TAMC_CMD_APP_LOGIN Req status: TAM_SUCCESS_IN_PROCESS
2026-04-30 01:12:00.466118[INFO] tams_proc: [1474] cmd type: TAMD_CMD_DEVICE_BIND
2026-04-30 01:12:00.466166[INFO] tams_proc: [1474] Parsing TAMD_CMD_DEVICE_BIND Rsp status: TAM_SUCCESS
2026-04-30 01:12:00.466240[INFO] tams_proc: [1474] Processing TAMD_CMD_DEVICE_BIND Rsp status: TAM_SUCCESS
2026-04-30 01:12:00.483120[INFO] tams_proc: [1474] cmd type: TAMC_CMD_DEVICE_CAP
2026-04-30 01:12:00.483205[INFO] tams_proc: [1474] Parsing TAMC_CMD_DEVICE_CAP Req status: TAM_SUCCESS
2026-04-30 01:12:00.483282[INFO] tams_proc: [1474] Processing TAMC_CMD_DEVICE_CAP Req status: TAM_SUCCESS_IN_PROCESS
2026-04-30 01:12:00.502271[INFO] tams_proc: [1474] cmd type: TAMD_CMD_DEVICE_CAP
2026-04-30 01:12:00.502473[INFO] tams_proc: [1474] Parsing TAMD_CMD_DEVICE_CAP Rsp status: TAM_SUCCESS
2026-04-30 01:12:00.502503[INFO] tams_proc: [1474] Processing TAMD_CMD_DEVICE_CAP Rsp status: TAM_SUCCESS
2026-04-30 01:12:00.504360[INFO] tams_proc: [1474] cmd type: TAMC_CMD_SO_READ
2026-04-30 01:12:00.504465[INFO] tams_proc: [1474] Parsing TAMC_CMD_SO_READ Req status: TAM_SUCCESS
2026-04-30 01:12:00.504902[INFO] tams_proc: [1474] Processing TAMC_CMD_SO_READ Req status: TAM_SUCCESS
2026-04-30 01:12:00.521282[INFO] tams_proc: [1474] cmd type: TAMC_CMD_SO_READ
2026-04-30 01:12:00.521400[INFO] tams_proc: [1474] Parsing TAMC_CMD_SO_READ Req status: TAM_SUCCESS
2026-04-30 01:12:00.521491[INFO] tams_proc: [1474] Processing TAMC_CMD_SO_READ Req status: TAM_SUCCESS
2026-04-30 01:12:00.730434[INFO] tams_proc: [1474] cmd type: TAMD_CMD_GET_SO_READ
2026-04-30 01:12:00.730482[INFO] tams_proc: [1474] Parsing TAMD_CMD_GET_SO_READ Rsp status: TAM_SUCCESS
2026-04-30 01:12:00.730511[INFO] tams_proc: [1474] Processing TAMD_CMD_GET_SO_READ Rsp status: TAM_SUCCESS
2026-04-30 01:12:00.770702[INFO] tams_proc: [1474] cmd type: TAMC_CMD_SO_READ
2026-04-30 01:12:00.770828[INFO] tams_proc: [1474] Parsing TAMC_CMD_SO_READ Req status: TAM_SUCCESS
2026-04-30 01:12:00.770914[INFO] tams_proc: [1474] Processing TAMC_CMD_SO_READ Req status: TAM_SUCCESS
2026-04-30 01:12:00.840848[INFO] tams_proc: [1474] cmd type: TAMD_CMD_GET_SO_READ
2026-04-30 01:12:00.840909[INFO] tams_proc: [1474] Parsing TAMD_CMD_GET_SO_READ Rsp status: TAM_SUCCESS
2026-04-30 01:12:00.840940[INFO] tams_proc: [1474] Processing TAMD_CMD_GET_SO_READ Rsp status: TAM_SUCCESS
2026-04-30 01:12:00.843370[INFO] tams_proc: [1474] cmd type: TAMC_CMD_SO_CREATE
2026-04-30 01:12:00.843527[INFO] tams_proc: [1474] Parsing TAMC_CMD_SO_CREATE Req status: TAM_SUCCESS
2026-04-30 01:12:00.843605[INFO] tams_proc: [1474] Processing TAMC_CMD_SO_CREATE Req status: TAM_SUCCESS
2026-04-30 01:12:01.73276Z[INFO] tams_proc: [1474] cmd type: TAMD_CMD_GET_SO_READ
2026-04-30 01:12:01.73341Z[INFO] tams_proc: [1474] Parsing TAMD_CMD_GET_SO_READ Rsp status: TAM_SUCCESS
2026-04-30 01:12:01.73368Z[INFO] tams_proc: [1474] Processing TAMD_CMD_GET_SO_READ Rsp status: TAM_SUCCESS
2026-04-30 01:12:01.81218Z[INFO] tams_proc: [1474] cmd type: TAMC_CMD_SO_WRITE
2026-04-30 01:12:01.81595Z[INFO] tams_proc: [1474] Parsing TAMC_CMD_SO_WRITE Req status: TAM_SUCCESS
2026-04-30 01:12:01.81680Z[INFO] tams_proc: [1474] Processing TAMC_CMD_SO_WRITE Req status: TAM_SUCCESS
2026-04-30 01:12:01.458366[INFO] tams_proc: [1474] cmd type: TAMD_CMD_GET_SO_CREATE
2026-04-30 01:12:01.458422[INFO] tams_proc: [1474] Parsing TAMD_CMD_GET_SO_CREATE Rsp status: TAM_SUCCESS
2026-04-30 01:12:01.458457[INFO] tams_proc: [1474] Processing TAMD_CMD_GET_SO_CREATE Rsp status: TAM_SUCCESS
2026-04-30 01:12:01.467484[INFO] tams_proc: [1474] cmd type: TAMC_CMD_SO_WRITE
2026-04-30 01:12:01.469887[INFO] tams_proc: [1474] Parsing TAMC_CMD_SO_WRITE Req status: TAM_SUCCESS
2026-04-30 01:12:01.469964[INFO] tams_proc: [1474] Processing TAMC_CMD_SO_WRITE Req status: TAM_SUCCESS
2026-04-30 01:12:01.573064[INFO] tams_proc: [1474] cmd type: TAMD_CMD_GET_SO_WRITE
2026-04-30 01:12:01.573132[INFO] tams_proMD_GET_SO_CREATE
2026-04-30 01:11:29.677554[INFO] tamd_proc: [1502] Processing TAMD_CMD_GET_SO_CREATE Req status: TAM_SUCCESS
2026-04-30 01:11:29.683225[INFO] tamd_proc: [1502] cmd type: TAMD_CMD_GET_SO_WRITE
2026-04-30 01:11:29.702148[INFO] tamd_proc: [1502] Processing TAMD_CMD_GET_SO_WRITE Req status: TAM_SUCCESS
2026-04-30 01:11:29.709660[INFO] tamd_proc: [1502] cmd type: TAMD_CMD_GET_SO_READ
2026-04-30 01:11:29.724993[INFO] tamd_proc: [1502] Processing TAMD_CMD_GET_SO_READ Req status: TAM_SUCCESS
2026-04-30 01:11:29.730491[INFO] tamd_proc: [1502] cmd type: TAMD_CMD_GET_SO_DELETE
2026-04-30 01:11:29.766768[INFO] tamd_proc: [1502] Processing TAMD_CMD_GET_SO_DELETE Req status: TAM_SUCCESS
2026-04-30 01:11:29.777105[INFO] tamd_proc: [1502] cmd type: TAMD_CMD_VUDI_INIT
2026-04-30 01:11:29.866216[INFO] tamd_proc: [1502] Processing TAMD_CMD_VUDI_INIT Req status: TAM_SUCCESS
2026-04-30 01:11:29.889011[INFO] tamd_proc: [1502] cmd type: TAMD_CMD_DEVICE_BIND
2026-04-30 01:11:29.908215[INFO] tamd_proc: [1502] Processing TAMD_CMD_DEVICE_BIND Req status: TAM_SUCCESS
2026-04-30 01:11:29.913004[INFO] tamd_proc: [1502] cmd type: TAMD_CMD_UDI
2026-04-30 01:11:29.928699[INFO] tamd_proc: [1502] Processing TAMD_CMD_UDI Req status: TAM_SUCCESS
2026-04-30 01:11:59.861637[INFO] tamd_proc: [1502] cmd type: TAMD_CMD_DEVICE_BIND
2026-04-30 01:12:00.18625Z[INFO] tamd_proc: [1502] Processing TAMD_CMD_DEVICE_BIND Req status: TAM_SUCCESS
2026-04-30 01:12:00.409312[INFO] tamd_proc: [1502] cmd type: TAMD_CMD_DEVICE_BIND
2026-04-30 01:12:00.465059[INFO] tamd_proc: [1502] Processing TAMD_CMD_DEVICE_BIND Req status: TAM_SUCCESS
2026-04-30 01:12:00.484524[INFO] tamd_proc: [1502] cmd type: TAMD_CMD_DEVICE_CAP
2026-04-30 01:12:00.484840[INFO] tamd_proc: [1502] Processing TAMD_CMD_DEVICE_CAP Req status: TAM_SUCCESS
2026-04-30 01:12:00.521617[INFO] tamd_proc: [1502] cmd type: TAMD_CMD_GET_SO_READ
2026-04-30 01:12:00.729371[INFO] tamd_proc: [1502] Processing TAMD_CMD_GET_SO_READ Req status: TAM_SUCCESS
2026-04-30 01:12:00.730638[INFO] tamd_proc: [1502] cmd type: TAMD_CMD_GET_SO_READ
2026-04-30 01:12:00.834314[INFO] tamd_proc: [1502] Processing TAMD_CMD_GET_SO_READ Req status: TAM_SUCCESS
2026-04-30 01:12:00.836662[INFO] tamd_proc: [1502] cmd type: TAMD_CMD_GET_SO_READ
2026-04-30 01:12:01.103065[INFO] tamd_proc: [1502] Processing TAMD_CMD_GET_SO_READ Req status: TAM_SUCCESS
2026-04-30 01:12:01.105018[INFO] tamd_proc: [1502] cmd type: TAMD_CMD_GET_SO_CREATE
2026-04-30 01:12:01.455466[INFO] tamd_proc: [1502] Processing TAMD_CMD_GET_SO_CREATE Req status: TAM_SUCCESS
2026-04-30 01:12:01.458571[INFO] tamd_proc: [1502] cmd type: TAMD_CMD_GET_SO_WRITE
2026-04-30 01:12:01.571887[INFO] tamd_proc: [1502] Processing TAMD_CMD_GET_SO_WRITE Req status: TAM_SUCCESS
2026-04-30 01:12:01.575029[INFO] tamd_proc: [1502] cmd type: TAMD_CMD_GET_SO_WRITE
2026-04-30 01:12:01.664082[INFO] tamd_proc: [1502] Processing TAMD_CMD_GET_SO_WRITE Req status: TAM_SUCCESS
2026-04-30 01:12:01.667439[INFO] tamd_proc: [1502] cmd type: TAMD_CMD_GET_SO_CREATE
2026-04-30 01:12:02.2823Z[INFO] tamd_proc: [1502] Processing TAMD_CMD_GET_SO_CREATE Req status: TAM_SUCCESS
2026-04-30 01:12:02.8950Z[INFO] tamd_proc: [1502] cmd type: TAMD_CMD_GET_SO_CREATE
2026-04-30 01:12:02.278163[INFO] tamd_proc: [1502] Processing TAMD_CMD_GET_SO_CREATE Req status: TAM_SUCCESS
2026-04-30 01:12:02.281938[INFO] tamd_proc: [1502] cmd type: TAMD_CMD_GET_SO_WRITE
2026-04-30 01:12:02.411421[INFO] tamd_proc: [1502] Processing TAMD_CMD_GET_SO_WRITE Req status: TAM_SUCCESS
2026-04-30 01:12:02.412610[INFO] tamd_proc: [1502] cmd type: TAMD_CMD_GET_SO_WRITE
2026-04-30 01:12:02.576684[INFO] tamd_proc: [1502] Processing TAMD_CMD_GET_SO_WRITE Req status: TAM_SUCCESS
2026-04-30 01:12:02.578271[INFO] tamd_proc: [1502] cmd type: TAMD_CMD_GET_SO_READ
2026-04-30 01:12:02.711064[INFO] tamd_proc: [1502] Processing TAMD_CMD_GET_SO_READ Req status: TAM_SUCCESS
2026-04-30 01:12:02.846272[INFO] tamd_proc: [1502] cmd type: TAMD_CMD_GET_SO_DELETE
2026-04-30 01:12:02.997036[INFO] tamd_proc: [1502] Processing TAMD_CMD_GET_SO_DELETE Req status: TAM_SUCc: [1474] Parsing TAMD_CMD_GET_SO_WRITE Rsp status: TAM_SUCCESS
2026-04-30 01:12:01.573199[INFO] tams_proc: [1474] Processing TAMD_CMD_GET_SO_WRITE Rsp status: TAM_SUCCESS
2026-04-30 01:12:01.575761[INFO] tams_proc: [1474] cmd type: TAMC_CMD_SO_CREATE
2026-04-30 01:12:01.575921[INFO] tams_proc: [1474] Parsing TAMC_CMD_SO_CREATE Req status: TAM_SUCCESS
2026-04-30 01:12:01.576004[INFO] tams_proc: [1474] Processing TAMC_CMD_SO_CREATE Req status: TAM_SUCCESS
2026-04-30 01:12:01.665149[INFO] tams_proc: [1474] cmd type: TAMD_CMD_GET_SO_WRITE
2026-04-30 01:12:01.665205[INFO] tams_proc: [1474] Parsing TAMD_CMD_GET_SO_WRITE Rsp status: TAM_SUCCESS
2026-04-30 01:12:01.665243[INFO] tams_proc: [1474] Processing TAMD_CMD_GET_SO_WRITE Rsp status: TAM_SUCCESS
2026-04-30 01:12:01.668318[INFO] tams_proc: [1474] cmd type: TAMC_CMD_SO_CREATE
2026-04-30 01:12:01.668476[INFO] tams_proc: [1474] Parsing TAMC_CMD_SO_CREATE Req status: TAM_SUCCESS
2026-04-30 01:12:01.668559[INFO] tams_proc: [1474] Processing TAMC_CMD_SO_CREATE Req status: TAM_SUCCESS
2026-04-30 01:12:02.8727Z[INFO] tams_proc: [1474] cmd type: TAMD_CMD_GET_SO_CREATE
2026-04-30 01:12:02.8788Z[INFO] tams_proc: [1474] Parsing TAMD_CMD_GET_SO_CREATE Rsp status: TAM_SUCCESS
2026-04-30 01:12:02.8823Z[INFO] tams_proc: [1474] Processing TAMD_CMD_GET_SO_CREATE Rsp status: TAM_SUCCESS
2026-04-30 01:12:02.24622Z[INFO] tams_proc: [1474] cmd type: TAMC_CMD_SO_WRITE
2026-04-30 01:12:02.24778Z[INFO] tams_proc: [1474] Parsing TAMC_CMD_SO_WRITE Req status: TAM_SUCCESS
2026-04-30 01:12:02.24871Z[INFO] tams_proc: [1474] Processing TAMC_CMD_SO_WRITE Req status: TAM_SUCCESS
2026-04-30 01:12:02.279307[INFO] tams_proc: [1474] cmd type: TAMD_CMD_GET_SO_CREATE
2026-04-30 01:12:02.279363[INFO] tams_proc: [1474] Parsing TAMD_CMD_GET_SO_CREATE Rsp status: TAM_SUCCESS
2026-04-30 01:12:02.279406[INFO] tams_proc: [1474] Processing TAMD_CMD_GET_SO_CREATE Rsp status: TAM_SUCCESS
2026-04-30 01:12:02.282788[INFO] tams_proc: [1474] cmd type: TAMC_CMD_SO_WRITE
2026-04-30 01:12:02.282906[INFO] tams_proc: [1474] Parsing TAMC_CMD_SO_WRITE Req status: TAM_SUCCESS
2026-04-30 01:12:02.282975[INFO] tams_proc: [1474] Processing TAMC_CMD_SO_WRITE Req status: TAM_SUCCESS
2026-04-30 01:12:02.412540[INFO] tams_proc: [1474] cmd type: TAMD_CMD_GET_SO_WRITE
2026-04-30 01:12:02.412599[INFO] tams_proc: [1474] Parsing TAMD_CMD_GET_SO_WRITE Rsp status: TAM_SUCCESS
2026-04-30 01:12:02.412643[INFO] tams_proc: [1474] Processing TAMD_CMD_GET_SO_WRITE Rsp status: TAM_SUCCESS
2026-04-30 01:12:02.415442[INFO] tams_proc: [1474] cmd type: TAMC_CMD_SO_READ
2026-04-30 01:12:02.415544[INFO] tams_proc: [1474] Parsing TAMC_CMD_SO_READ Req status: TAM_SUCCESS
2026-04-30 01:12:02.415619[INFO] tams_proc: [1474] Processing TAMC_CMD_SO_READ Req status: TAM_SUCCESS
2026-04-30 01:12:02.577857[INFO] tams_proc: [1474] cmd type: TAMD_CMD_GET_SO_WRITE
2026-04-30 01:12:02.577973[INFO] tams_proc: [1474] Parsing TAMD_CMD_GET_SO_WRITE Rsp status: TAM_SUCCESS
2026-04-30 01:12:02.578168[INFO] tams_proc: [1474] Processing TAMD_CMD_GET_SO_WRITE Rsp status: TAM_SUCCESS
2026-04-30 01:12:02.720238[INFO] tams_proc: [1474] cmd type: TAMD_CMD_GET_SO_READ
2026-04-30 01:12:02.720305[INFO] tams_proc: [1474] Parsing TAMD_CMD_GET_SO_READ Rsp status: TAM_SUCCESS
2026-04-30 01:12:02.720337[INFO] tams_proc: [1474] Processing TAMD_CMD_GET_SO_READ Rsp status: TAM_SUCCESS
2026-04-30 01:12:02.841239[INFO] tams_proc: [1474] cmd type: TAMC_CMD_SO_DELETE
2026-04-30 01:12:02.841349[INFO] tams_proc: [1474] Parsing TAMC_CMD_SO_DELETE Req status: TAM_SUCCESS
2026-04-30 01:12:02.841437[INFO] tams_proc: [1474] Processing TAMC_CMD_SO_DELETE Req status: TAM_SUCCESS
2026-04-30 01:12:03.9192Z[INFO] tams_proc: [1474] cmd type: TAMD_CMD_GET_SO_DELETE
2026-04-30 01:12:03.9251Z[INFO] tams_proc: [1474] Parsing TAMD_CMD_GET_SO_DELETE Rsp status: TAM_SUCCESS
2026-04-30 01:12:03.9280Z[INFO] tams_proc: [1474] Processing TAMD_CMD_GET_SO_DELETE Rsp status: TAM_SUCCESS
2026-04-30 01:12:04.810236[INFO] tams_proc: [1474] cmd type: TAMC_CMD_APP_LOGIN
2026-04-30 01:12:04.810312[INFO] tams_proc: [1474] Parsing TAMC_CMD_APP_LOGIN Req status: TAM_SUCCESS
2026-04-30 01:12:04.832290[INFO] tams_proc: [1474] Processing TAMC_CMD_APP_LOGIN Req status: TAM_SUCCESS
2026-04-30 01:12:04.861524[INFO] tams_proc: [1474] cmd type: TAMC_CMD_APP_LOGIN
2026-04-30 01:12:04.861818[INFO] tams_proc: [1474] Parsing TAMC_CMD_APP_LOGIN Req status: TAM_SUCCESS
2026-04-30 01:12:04.862053[INFO] tams_proc: [1474] Processing TAMC_CMD_APP_LOGIN Req status: TAM_SUCCESS_IN_PROCESS
2026-04-30 01:12:04.993102[INFO] tams_proc: [1474] cmd type: TAMD_CMD_DEVICE_BIND
2026-04-30 01:12:04.993400[INFO] tams_proc: [1474] Parsing TAMD_CMD_DEVICE_BIND Rsp status: TAM_SUCCESS
2026-04-30 01:12:04.993790[INFO] tams_proc: [1474] Processing TAMD_CMD_DEVICE_BIND Rsp status: TAM_SUCCESS
2026-04-30 01:12:04.998565[INFO] tams_proc: [1474] cmd type: TAMC_CMD_SO_READ
2026-04-30 01:12:04.999081[INFO] tams_proc: [1474] Parsing TAMC_CMD_SO_READ Req status: TAM_SUCCESS
2026-04-30 01:12:05.2963Z[INFO] tams_proc: [1474] Processing TAMC_CMD_SO_READ Req status: TAM_SUCCESS
2026-04-30 01:12:05.105956[INFO] tams_proc: [1474] cmd type: TAMD_CMD_GET_SO_READ
2026-04-30 01:12:05.106213[INFO] tams_proc: [1474] Parsing TAMD_CMD_GET_SO_READ Rsp status: TAM_SUCCESS
2026-04-30 01:12:05.106297[INFO] tams_proc: [1474] Processing TAMD_CMD_GET_SO_READ Rsp status: TAM_SUCCESS
2026-04-30 01:12:05.117391[INFO] tams_proc: [1474] cmd type: TAMC_CMD_APP_LOGOUT
2026-04-30 01:12:05.117890[INFO] tams_proc: [1474] Parsing TAMC_CMD_APP_LOGOUT Req status: TAM_SUCCESS
2026-04-30 01:12:05.118194[INFO] tams_proc: [1474] Processing TAMC_CMD_APP_LOGOUT Req status: TAM_SUCCESS
2026-04-30 01:12:05.253760[INFO] tams_proc: [1474] cmd type: TAMC_CMD_APP_LOGIN
2026-04-30 01:12:05.253840[INFO] tams_proc: [1474] Parsing TAMC_CMD_APP_LOGIN Req status: TAM_SUCCESS
2026-04-30 01:12:05.264856[INFO] tams_proc: [1474] Processing TAMC_CMD_APP_LOGIN Req status: TAM_SUCCESS
2026-04-30 01:12:05.318705[INFO] tams_proc: [1474] cmd type: TAMC_CMD_APP_LOGIN
2026-04-30 01:12:05.318769[INFO] tams_proc: [1474] Parsing TAMC_CMD_APP_LOGIN Req status: TAM_SUCCESS
2026-04-30 01:12:05.318984[INFO] tams_proc: [1474] Processing TAMC_CMD_APP_LOGIN Req status: TAM_SUCCESS_IN_PROCESS
2026-04-30 01:12:05.562527[INFO] tams_proc: [1474] cmd type: TAMD_CMD_DEVICE_BIND
2026-04-30 01:12:05.562589[INFO] tams_proc: [1474] Parsing TAMD_CMD_DEVICE_BIND Rsp status: TAM_SUCCESS
2026-04-30 01:12:05.562670[INFO] tams_proc: [1474] Processing TAMD_CMD_DEVICE_BIND Rsp status: TAM_SUCCESS
2026-04-30 01:12:14.122914[INFO] tams_proc: [1474] cmd type: TAMC_CMD_APP_LOGIN
2026-04-30 01:12:14.122997[INFO] tams_proc: [1474] Parsing TAMC_CMD_APP_LOGIN Req status: TAM_SUCCESS
2026-04-30 01:12:14.155529[INFO] tams_proc: [1474] Processing TAMC_CMD_APP_LOGIN Req status: TAM_SUCCESS
2026-04-30 01:12:14.175428[INFO] tams_proc: [1474] cmd type: TAMC_CMD_APP_LOGIN
2026-04-30 01:12:14.175648[INFO] tams_proc: [1474] Parsing TAMC_CMD_APP_LOGIN Req status: TAM_SUCCESS
2026-04-30 01:12:14.175990[INFO] tams_proc: [1474] Processing TAMC_CMD_APP_LOGIN Req status: TAM_SUCCESS_IN_PROCESS
2026-04-30 01:12:14.253752[INFO] tams_proc: [1474] cmd type: TAMD_CMD_DEVICE_BIND
2026-04-30 01:12:14.254026[INFO] tams_proc: [1474] Parsing TAMD_CMD_DEVICE_BIND Rsp status: TAM_SUCCESS
2026-04-30 01:12:14.254388[INFO] tams_proc: [1474] Processing TAMD_CMD_DEVICE_BIND Rsp status: TAM_SUCCESS
2026-04-30 01:12:14.262496[INFO] tams_proc: [1474] cmd type: TAMC_CMD_DEVICE_CAP
2026-04-30 01:12:14.262945[INFO] tams_proc: [1474] Parsing TAMC_CMD_DEVICE_CAP Req status: TAM_SUCCESS
2026-04-30 01:12:14.263324[INFO] tams_proc: [1474] Processing TAMC_CMD_DEVICE_CAP Req status: TAM_SUCCESS_IN_PROCESS
2026-04-30 01:12:14.265816[INFO] tams_proc: [1474] cmd type: TAMD_CMD_DEVICE_CAP
2026-04-30 01:12:14.266178[INFO] tams_proc: [1474] Parsing TAMD_CMD_DEVICE_CAP Rsp status: TAM_SUCCESS
2026-04-30 01:12:14.266274[INFO] tams_proc: [1474] Processing TAMD_CMD_DEVICE_CAP Rsp status: TAM_SUCCESS
2026-04-30 01:12:14.272595[INFO] tams_proc: [1474] cmd type: TAMC_CMD_SO_READ
2026-04-30 01:12:14.273001[INFO] tams_proc: [1474] Parsing TAMC_CMD_SO_R