2026-04-30T01:11:07.332776+00:00 p3-xr1 groupadd[443]: group added to /etc/group: name=iosxr, GID=1000
2026-04-30T01:11:07.332780+00:00 p3-xr1 groupadd[443]: group added to /etc/gshadow: name=iosxr
2026-04-30T01:11:07.332785+00:00 p3-xr1 groupadd[443]: new group: name=iosxr, GID=1000
2026-04-30T01:11:07.332794+00:00 p3-xr1 useradd[449]: new user: name=iosxr, UID=993, GID=1000, home=/home/iosxr, shell=/bin/false, from=none
2026-04-30T01:11:23.004051+00:00 p3-xr1 sshd[757]: Server listening on 0.0.0.0 port 22.
2026-04-30T01:11:23.004213+00:00 p3-xr1 sshd[757]: Server listening on :: port 22.
2026-04-30T01:11:49.858742+00:00 p3-xr1 groupadd[2888]: group added to /etc/group: name=cisco-support, GID=1001
2026-04-30T01:11:49.872182+00:00 p3-xr1 groupadd[2888]: group added to /etc/gshadow: name=cisco-support
2026-04-30T01:11:49.958426+00:00 p3-xr1 groupadd[2888]: new group: name=cisco-support, GID=1001
2026-04-30T01:11:50.190433+00:00 p3-xr1 groupadd[2906]: group added to /etc/group: name=maintenance, GID=1002
2026-04-30T01:11:50.194253+00:00 p3-xr1 groupadd[2906]: group added to /etc/gshadow: name=maintenance
2026-04-30T01:11:50.281769+00:00 p3-xr1 groupadd[2906]: new group: name=maintenance, GID=1002
2026-04-30T01:11:50.457721+00:00 p3-xr1 groupadd[2936]: group added to /etc/group: name=netadmin, GID=1003
2026-04-30T01:11:50.478348+00:00 p3-xr1 groupadd[2936]: group added to /etc/gshadow: name=netadmin
2026-04-30T01:11:50.480720+00:00 p3-xr1 groupadd[2936]: new group: name=netadmin, GID=1003
2026-04-30T01:11:50.579897+00:00 p3-xr1 groupadd[2953]: group added to /etc/group: name=provisioning, GID=1004
2026-04-30T01:11:50.589710+00:00 p3-xr1 groupadd[2953]: group added to /etc/gshadow: name=provisioning
2026-04-30T01:11:50.591297+00:00 p3-xr1 groupadd[2953]: new group: name=provisioning, GID=1004
2026-04-30T01:11:50.753525+00:00 p3-xr1 groupadd[2960]: group added to /etc/group: name=retrieve, GID=1005
2026-04-30T01:11:50.766526+00:00 p3-xr1 groupadd[2960]: group added to /etc/gshadow: name=retrieve
2026-04-30T01:11:50.768769+00:00 p3-xr1 groupadd[2960]: new group: name=retrieve, GID=1005
2026-04-30T01:11:50.904043+00:00 p3-xr1 groupadd[2975]: group added to /etc/group: name=root-lr, GID=1006
2026-04-30T01:11:50.949256+00:00 p3-xr1 groupadd[2975]: group added to /etc/gshadow: name=root-lr
2026-04-30T01:11:51.062927+00:00 p3-xr1 groupadd[2975]: new group: name=root-lr, GID=1006
2026-04-30T01:11:51.202417+00:00 p3-xr1 groupadd[2993]: group added to /etc/group: name=root-system, GID=1007
2026-04-30T01:11:51.207098+00:00 p3-xr1 groupadd[2993]: group added to /etc/gshadow: name=root-system
2026-04-30T01:11:51.209885+00:00 p3-xr1 groupadd[2993]: new group: name=root-system, GID=1007
2026-04-30T01:11:51.394048+00:00 p3-xr1 groupadd[3002]: group added to /etc/group: name=serviceadmin, GID=1008
2026-04-30T01:11:51.416843+00:00 p3-xr1 groupadd[3002]: group added to /etc/gshadow: name=serviceadmin
2026-04-30T01:11:51.453212+00:00 p3-xr1 groupadd[3002]: new group: name=serviceadmin, GID=1008
2026-04-30T01:11:51.545731+00:00 p3-xr1 groupadd[3020]: group added to /etc/group: name=sysadmin, GID=1009
2026-04-30T01:11:51.551883+00:00 p3-xr1 groupadd[3020]: group added to /etc/gshadow: name=sysadmin
2026-04-30T01:11:51.555010+00:00 p3-xr1 groupadd[3020]: new group: name=sysadmin, GID=1009
2026-04-30T01:11:51.621980+00:00 p3-xr1 groupadd[3031]: group added to /etc/group: name=read-only-tg, GID=1010
2026-04-30T01:11:51.630202+00:00 p3-xr1 groupadd[3031]: group added to /etc/gshadow: name=read-only-tg
2026-04-30T01:11:51.635423+00:00 p3-xr1 groupadd[3031]: new group: name=read-only-tg, GID=1010
2026-04-30T01:12:19.607297+00:00 p3-xr1 useradd[5228]: new group: name=clab, GID=1011
2026-04-30T01:12:19.613048+00:00 p3-xr1 useradd[5228]: new user: name=clab, UID=1000, GID=1011, home=/home/clab, shell=/bin/sh, from=none
2026-04-30T01:12:19.739197+00:00 p3-xr1 usermod[5245]: add 'clab' to group 'root-lr'
2026-04-30T01:12:19.739464+00:00 p3-xr1 usermod[5245]: add 'clab' to shadow group 'root-lr'
2026-04-30T01:12:19.797826+00:00 p3-xr1 usermod[5254]: add 'clab' to group 'sudo'
2026-04-30T01:12:19.801869+00:00 p3-xr1 usermod[5254]: add 'clab' to shadow group 'sudo'
2026-04-30T01:12:19.911794+00:00 p3-xr1 usermod[5270]: add 'clab' to group 'cisco-support'
2026-04-30T01:12:19.912048+00:00 p3-xr1 usermod[5270]: add 'clab' to shadow group 'cisco-support'
2026-04-30T01:12:20.951970+00:00 p3-xr1 sshd[5369]: debug1: Set /proc/self/oom_score_adj from 0 to -1000
2026-04-30T01:12:20.952121+00:00 p3-xr1 sshd[5369]: Sending to syslog proxy : Set /proc/self/oom_score_adj from 0 to -1000
2026-04-30T01:12:20.952302+00:00 p3-xr1 sshd[5369]: debug1: Bind to port 22 on 0.0.0.0.
2026-04-30T01:12:20.952426+00:00 p3-xr1 sshd[5369]: Sending to syslog proxy : Bind to port 22 on 0.0.0.0.
2026-04-30T01:12:20.952652+00:00 p3-xr1 sshd[5369]: Server listening on 0.0.0.0 port 22.
2026-04-30T01:12:20.952774+00:00 p3-xr1 sshd[5369]: Sending to syslog proxy : Server listening on 0.0.0.0 port 22.
2026-04-30T01:12:20.953454+00:00 p3-xr1 sshd[5369]: debug1: Bind to port 22 on ::.
2026-04-30T01:12:20.953593+00:00 p3-xr1 sshd[5369]: Sending to syslog proxy : Bind to port 22 on ::.
2026-04-30T01:12:20.953749+00:00 p3-xr1 sshd[5369]: Server listening on :: port 22.
2026-04-30T01:12:20.953870+00:00 p3-xr1 sshd[5369]: Sending to syslog proxy : Server listening on :: port 22.
2026-04-30T01:12:22.111018+00:00 p3-xr1 sshd[5369]: Received signal 15; terminating.
2026-04-30T01:12:22.111118+00:00 p3-xr1 sshd[5369]: Sending to syslog proxy : Received signal 15; terminating.
2026-04-30T01:12:22.271303+00:00 p3-xr1 sshd[5445]: debug1: Set /proc/self/oom_score_adj from 0 to -1000
2026-04-30T01:12:22.271498+00:00 p3-xr1 sshd[5445]: Sending to syslog proxy : Set /proc/self/oom_score_adj from 0 to -1000
2026-04-30T01:12:22.271694+00:00 p3-xr1 sshd[5445]: debug1: Bind to port 830 on 0.0.0.0.
2026-04-30T01:12:22.271833+00:00 p3-xr1 sshd[5445]: Sending to syslog proxy : Bind to port 830 on 0.0.0.0.
2026-04-30T01:12:22.271994+00:00 p3-xr1 sshd[5445]: Server listening on 0.0.0.0 port 830.
2026-04-30T01:12:22.272120+00:00 p3-xr1 sshd[5445]: Sending to syslog proxy : Server listening on 0.0.0.0 port 830.
2026-04-30T01:12:22.272278+00:00 p3-xr1 sshd[5445]: debug1: Bind to port 830 on ::.
2026-04-30T01:12:22.272412+00:00 p3-xr1 sshd[5445]: Sending to syslog proxy : Bind to port 830 on ::.
2026-04-30T01:12:22.272563+00:00 p3-xr1 sshd[5445]: Server listening on :: port 830.
2026-04-30T01:12:22.272696+00:00 p3-xr1 sshd[5445]: Sending to syslog proxy : Server listening on :: port 830.
2026-04-30T01:12:22.272849+00:00 p3-xr1 sshd[5445]: debug1: Bind to port 22 on 0.0.0.0.
2026-04-30T01:12:22.272977+00:00 p3-xr1 sshd[5445]: Sending to syslog proxy : Bind to port 22 on 0.0.0.0.
2026-04-30T01:12:22.273129+00:00 p3-xr1 sshd[5445]: Server listening on 0.0.0.0 port 22.
2026-04-30T01:12:22.273265+00:00 p3-xr1 sshd[5445]: Sending to syslog proxy : Server listening on 0.0.0.0 port 22.
2026-04-30T01:12:22.273486+00:00 p3-xr1 sshd[5445]: debug1: Bind to port 22 on ::.
2026-04-30T01:12:22.273611+00:00 p3-xr1 sshd[5445]: Sending to syslog proxy : Bind to port 22 on ::.
2026-04-30T01:12:22.273755+00:00 p3-xr1 sshd[5445]: Server listening on :: port 22.
2026-04-30T01:12:22.273874+00:00 p3-xr1 sshd[5445]: Sending to syslog proxy : Server listening on :: port 22.
