2026-04-30 01:11:27.801632[ERR] tamsvcs_tamm: [1373] 
*
*
* Starting tamsvcs_tamm process...
*
*
*
2026-04-30 01:11:27.801682[INFO] tamsvcs_tamm: [1373] TAM sync is NOT enabled for this platform
2026-04-30 01:11:27.801694[INFO] tamsvcs_tamm: [1373] TAM entropy is NOT enabled for this platform
2026-04-30 01:11:27.925303[INFO] tamsvcs_tamm: [1373] Successfully registered with sysmgr for proc_role change
2026-04-30 01:11:27.926364[INFO] tamsvcs_tamm: [1373] tams_proc started 1454
2026-04-30 01:11:27.926398[INFO] tamsvcs_tamm: [1373] Creating TAM:XRD_TAMDB of type:2
2026-04-30 01:11:27.926410[INFO] tamsvcs_tamm: [1373] Registering device :XRD_TAMDB Type:2 
2026-04-30 01:11:28.914189[INFO] tamsvcs_tamm: [1373] cmd type: TAMM_CMD_REGISTER_DEVICE
2026-04-30 01:11:28.914266[INFO] tamsvcs_tamm: [1373] Parsing TAMM_CMD_REGISTER_DEVICE Rsp status: TAM_SUCCESS
2026-04-30 01:11:29.4644Z[INFO] tamsvcs_tamm: [1373] cmd type: TAMM_CMD_REGISTER_DEVICE
2026-04-30 01:11:29.4693Z[INFO] tamsvcs_tamm: [1373] Parsing TAMM_CMD_REGISTER_DEVICE Rsp status: TAM_SUCCESS
2026-04-30 01:11:29.4725Z[INFO] tamsvcs_tamm: [1373] cmd type: TAMM_CMD_REGISTER_DEVICE
2026-04-30 01:11:29.4758Z[INFO] tamsvcs_tamm: [1373] Parsing TAMM_CMD_REGISTER_DEVICE Rsp status: TAM_SUCCESS
2026-04-30 01:11:29.4765Z[INFO] tamsvcs_tamm: [1373] Register device response TAM_SUCCESS
2026-04-30 01:11:29.5832Z[INFO] tamsvcs_tamm: [1373] Successfully registered device XRD_TAMDB Type: 2
2026-04-30 01:11:29.10570Z[INFO] tamsvcs_tamm: [1373] cmd type: TAMM_CMD_REGISTER_APP
2026-04-30 01:11:29.10614Z[INFO] tamsvcs_tamm: [1373] Parsing TAMM_CMD_REGISTER_APP Rsp status: TAM_SUCCESS
2026-04-30 01:11:29.77393Z[INFO] tamsvcs_tamm: [1373] cmd type: TAMM_CMD_REGISTER_APP
2026-04-30 01:11:29.77458Z[INFO] tamsvcs_tamm: [1373] Parsing TAMM_CMD_REGISTER_APP Rsp status: TAM_SUCCESS
2026-04-30 01:11:29.77488Z[INFO] tamsvcs_tamm: [1373] cmd type: TAMM_CMD_REGISTER_APP
2026-04-30 01:11:29.77540Z[INFO] tamsvcs_tamm: [1373] Parsing TAMM_CMD_REGISTER_APP Rsp status: TAM_SUCCESS
2026-04-30 01:11:29.80566Z[INFO] tamsvcs_tamm: [1373] cmd type: TAMM_CMD_APP_SET_ATTR
2026-04-30 01:11:29.80651Z[INFO] tamsvcs_tamm: [1373] Parsing TAMM_CMD_APP_SET_ATTR Rsp status: TAM_SUCCESS
2026-04-30 01:11:29.162837[INFO] tamsvcs_tamm: [1373] cmd type: TAMM_CMD_APP_SET_ATTR
2026-04-30 01:11:29.162895[INFO] tamsvcs_tamm: [1373] Parsing TAMM_CMD_APP_SET_ATTR Rsp status: TAM_SUCCESS
2026-04-30 01:11:29.162925[INFO] tamsvcs_tamm: [1373] cmd type: TAMM_CMD_APP_SET_ATTR
2026-04-30 01:11:29.162984[INFO] tamsvcs_tamm: [1373] Parsing TAMM_CMD_APP_SET_ATTR Rsp status: TAM_SUCCESS
2026-04-30 01:11:29.169500[INFO] tamsvcs_tamm: [1373] cmd type: TAMM_CMD_REGISTER_APP
2026-04-30 01:11:29.169545[INFO] tamsvcs_tamm: [1373] Parsing TAMM_CMD_REGISTER_APP Rsp status: TAM_SUCCESS
2026-04-30 01:11:29.235799[INFO] tamsvcs_tamm: [1373] cmd type: TAMM_CMD_REGISTER_APP
2026-04-30 01:11:29.235876[INFO] tamsvcs_tamm: [1373] Parsing TAMM_CMD_REGISTER_APP Rsp status: TAM_SUCCESS
2026-04-30 01:11:29.235931[INFO] tamsvcs_tamm: [1373] cmd type: TAMM_CMD_REGISTER_APP
2026-04-30 01:11:29.235981[INFO] tamsvcs_tamm: [1373] Parsing TAMM_CMD_REGISTER_APP Rsp status: TAM_SUCCESS
2026-04-30 01:11:29.238557[INFO] tamsvcs_tamm: [1373] cmd type: TAMM_CMD_APP_SET_ATTR
2026-04-30 01:11:29.238616[INFO] tamsvcs_tamm: [1373] Parsing TAMM_CMD_APP_SET_ATTR Rsp status: TAM_SUCCESS
2026-04-30 01:11:29.308095[INFO] tamsvcs_tamm: [1373] cmd type: TAMM_CMD_APP_SET_ATTR
2026-04-30 01:11:29.308146[INFO] tamsvcs_tamm: [1373] Parsing TAMM_CMD_APP_SET_ATTR Rsp status: TAM_SUCCESS
2026-04-30 01:11:29.308182[INFO] tamsvcs_tamm: [1373] cmd type: TAMM_CMD_APP_SET_ATTR
2026-04-30 01:11:29.308216[INFO] tamsvcs_tamm: [1373] Parsing TAMM_CMD_APP_SET_ATTR Rsp status: TAM_SUCCESS
2026-04-30 01:11:29.318206[INFO] tamsvcs_tamm: [1373] cmd type: TAMM_CMD_REGISTER_APP
2026-04-30 01:11:29.318248[INFO] tamsvcs_tamm: [1373] Parsing TAMM_CMD_REGISTER_APP Rsp status: TAM_SUCCESS
2026-04-30 01:11:29.361582[INFO] tamsvcs_tamm: [1373] cmd type: TAMM_CMD_REGISTER_APP
2026-04-30 01:11:29.361626[INFO] tamsvc2026-04-30 01:11:28.240204[INFO] tams_proc: [1454] Opened TAMS Client local listener on fd=85
2026-04-30 01:11:28.240267[INFO] tams_proc: [1454] Opened TAMS Client TCP listener on 192.0.0.4:7000 fd=88
2026-04-30 01:11:28.240300[INFO] tams_proc: [1454] Opened TAMS Mgmt local listener on fd=89
2026-04-30 01:11:28.240357[INFO] tams_proc: [1454] tams_proc Version:ciscotamservices 12.1.0
2026-04-30 01:11:28.309235[INFO] tams_proc: [1454] cmd type: TAMM_CMD_REGISTER_DEVICE
2026-04-30 01:11:28.309301[INFO] tams_proc: [1454] Parsing TAMM_CMD_REGISTER_DEVICE Req status: TAM_SUCCESS
2026-04-30 01:11:28.313059[INFO] tams_proc: [1454] tamd_proc_pid = 1477
2026-04-30 01:11:28.912933[INFO] tams_proc: [1454] Processing TAMM_CMD_REGISTER_DEVICE Req status: TAM_SUCCESS
2026-04-30 01:11:29.1673Z[INFO] tams_proc: [1454] cmd type: TAMD_CMD_AUTHENTICATE_DEVICE
2026-04-30 01:11:29.1736Z[INFO] tams_proc: [1454] Parsing TAMD_CMD_AUTHENTICATE_DEVICE Rsp status: TAM_SUCCESS
2026-04-30 01:11:29.1774Z[INFO] tams_proc: [1454] Processing TAMD_CMD_AUTHENTICATE_DEVICE Rsp status: TAM_SUCCESS
2026-04-30 01:11:29.7047Z[INFO] tams_proc: [1454] cmd type: TAMM_CMD_REGISTER_APP
2026-04-30 01:11:29.7131Z[INFO] tams_proc: [1454] Parsing TAMM_CMD_REGISTER_APP Req status: TAM_SUCCESS
2026-04-30 01:11:29.9488Z[INFO] tams_proc: [1454] Processing TAMM_CMD_REGISTER_APP Req status: TAM_SUCCESS_IN_PROCESS
2026-04-30 01:11:29.73266Z[INFO] tams_proc: [1454] cmd type: TAMD_CMD_REGISTER_APP
2026-04-30 01:11:29.73318Z[INFO] tams_proc: [1454] Parsing TAMD_CMD_REGISTER_APP Rsp status: TAM_SUCCESS
2026-04-30 01:11:29.73348Z[INFO] tams_proc: [1454] Processing TAMD_CMD_REGISTER_APP Rsp status: TAM_SUCCESS
2026-04-30 01:11:29.79229Z[INFO] tams_proc: [1454] cmd type: TAMM_CMD_APP_SET_ATTR
2026-04-30 01:11:29.79347Z[INFO] tams_proc: [1454] Parsing TAMM_CMD_APP_SET_ATTR Req status: TAM_SUCCESS
2026-04-30 01:11:29.79432Z[INFO] tams_proc: [1454] Processing TAMM_CMD_APP_SET_ATTR Req status: TAM_SUCCESS_IN_PROCESS
2026-04-30 01:11:29.161580[INFO] tams_proc: [1454] cmd type: TAMD_CMD_APP_SET_ATTR
2026-04-30 01:11:29.161642[INFO] tams_proc: [1454] Parsing TAMD_CMD_APP_SET_ATTR Rsp status: TAM_SUCCESS
2026-04-30 01:11:29.161687[INFO] tams_proc: [1454] Processing TAMD_CMD_APP_SET_ATTR Rsp status: TAM_SUCCESS
2026-04-30 01:11:29.164353[INFO] tams_proc: [1454] cmd type: TAMM_CMD_REGISTER_APP
2026-04-30 01:11:29.164483[INFO] tams_proc: [1454] Parsing TAMM_CMD_REGISTER_APP Req status: TAM_SUCCESS
2026-04-30 01:11:29.167724[INFO] tams_proc: [1454] Processing TAMM_CMD_REGISTER_APP Req status: TAM_SUCCESS_IN_PROCESS
2026-04-30 01:11:29.234584[INFO] tams_proc: [1454] cmd type: TAMD_CMD_REGISTER_APP
2026-04-30 01:11:29.234652[INFO] tams_proc: [1454] Parsing TAMD_CMD_REGISTER_APP Rsp status: TAM_SUCCESS
2026-04-30 01:11:29.234699[INFO] tams_proc: [1454] Processing TAMD_CMD_REGISTER_APP Rsp status: TAM_SUCCESS
2026-04-30 01:11:29.237251[INFO] tams_proc: [1454] cmd type: TAMM_CMD_APP_SET_ATTR
2026-04-30 01:11:29.237344[INFO] tams_proc: [1454] Parsing TAMM_CMD_APP_SET_ATTR Req status: TAM_SUCCESS
2026-04-30 01:11:29.237439[INFO] tams_proc: [1454] Processing TAMM_CMD_APP_SET_ATTR Req status: TAM_SUCCESS_IN_PROCESS
2026-04-30 01:11:29.303393[INFO] tams_proc: [1454] cmd type: TAMD_CMD_APP_SET_ATTR
2026-04-30 01:11:29.303471[INFO] tams_proc: [1454] Parsing TAMD_CMD_APP_SET_ATTR Rsp status: TAM_SUCCESS
2026-04-30 01:11:29.303522[INFO] tams_proc: [1454] Processing TAMD_CMD_APP_SET_ATTR Rsp status: TAM_SUCCESS
2026-04-30 01:11:29.312781[INFO] tams_proc: [1454] cmd type: TAMM_CMD_REGISTER_APP
2026-04-30 01:11:29.312901[INFO] tams_proc: [1454] Parsing TAMM_CMD_REGISTER_APP Req status: TAM_SUCCESS
2026-04-30 01:11:29.316951[INFO] tams_proc: [1454] Processing TAMM_CMD_REGISTER_APP Req status: TAM_SUCCESS_IN_PROCESS
2026-04-30 01:11:29.358900[INFO] tams_proc: [1454] cmd type: TAMD_CMD_REGISTER_APP
2026-04-30 01:11:29.358949[INFO] tams_proc: [1454] Parsing TAMD_CMD_REGISTER_APP Rsp status: TAM_SUCCESS
2026-04-30 01:11:29.358972[INFO] tams_proc: [1454] Processing TAMD_CMD_REGISTER_APP Rsp status: TAM_SUCCESS
2026-04-30 01:11:29.363840[INFO] tams_proc: [1454] cmd type: TAMM_CMD_APP_SET_ATTR
2026-04-30 01:11:29.363921[INFO] tams_proc: [1454] Parsing TAMM_CMD_APP_SET_ATTR Req status: TAM_SUCCESS
2026-04-30 01:11:29.363983[INFO] tams_proc: [1454] Processing TAMM_CMD_APP_SET_ATTR Req status: TAM_SUCCESS_IN_PROCESS
2026-04-30 01:11:29.403877[INFO] tams_proc: [1454] cmd type: TAMD_CMD_APP_SET_ATTR
2026-04-30 01:11:29.403907[INFO] tams_proc: [1454] Parsing TAMD_CMD_APP_SET_ATTR Rsp status: TAM_SUCCESS
2026-04-30 01:11:29.403925[INFO] tams_proc: [1454] Processing TAMD_CMD_APP_SET_ATTR Rsp status: TAM_SUCCESS
2026-04-30 01:11:29.408514[INFO] tams_proc: [1454] cmd type: TAMC_CMD_APP_LOGIN
2026-04-30 01:11:29.408575[INFO] tams_proc: [1454] Parsing TAMC_CMD_APP_LOGIN Req status: TAM_SUCCESS
2026-04-30 01:11:29.416006[INFO] tams_proc: [1454] Processing TAMC_CMD_APP_LOGIN Req status: TAM_SUCCESS
2026-04-30 01:11:29.431497[INFO] tams_proc: [1454] cmd type: TAMC_CMD_APP_LOGIN
2026-04-30 01:11:29.431551[INFO] tams_proc: [1454] Parsing TAMC_CMD_APP_LOGIN Req status: TAM_SUCCESS
2026-04-30 01:11:29.431639[INFO] tams_proc: [1454] Processing TAMC_CMD_APP_LOGIN Req status: TAM_SUCCESS_IN_PROCESS
2026-04-30 01:11:29.461642[INFO] tams_proc: [1454] cmd type: TAMD_CMD_DEVICE_BIND
2026-04-30 01:11:29.461699[INFO] tams_proc: [1454] Parsing TAMD_CMD_DEVICE_BIND Rsp status: TAM_SUCCESS
2026-04-30 01:11:29.461789[INFO] tams_proc: [1454] Processing TAMD_CMD_DEVICE_BIND Rsp status: TAM_SUCCESS
2026-04-30 01:11:29.469148[INFO] tams_proc: [1454] cmd type: TAMC_CMD_SO_DELETE
2026-04-30 01:11:29.469258[INFO] tams_proc: [1454] Parsing TAMC_CMD_SO_DELETE Req status: TAM_SUCCESS
2026-04-30 01:11:29.469339[INFO] tams_proc: [1454] Processing TAMC_CMD_SO_DELETE Req status: TAM_SUCCESS
2026-04-30 01:11:29.492820[INFO] tams_proc: [1454] cmd type: TAMD_CMD_GET_SO_DELETE
2026-04-30 01:11:29.492871[INFO] tams_proc: [1454] Parsing TAMD_CMD_GET_SO_DELETE Rsp status: TAM_SUCCESS
2026-04-30 01:11:29.492896[INFO] tams_proc: [1454] Processing TAMD_CMD_GET_SO_DELETE Rsp status: TAM_SUCCESS
2026-04-30 01:11:29.495226[INFO] tams_proc: [1454] cmd type: TAMC_CMD_SO_CREATE
2026-04-30 01:11:29.495374[INFO] tams_proc: [1454] Parsing TAMC_CMD_SO_CREATE Req status: TAM_SUCCESS
2026-04-30 01:11:29.495452[INFO] tams_proc: [1454] Processing TAMC_CMD_SO_CREATE Req status: TAM_SUCCESS
2026-04-30 01:11:29.641569[INFO] tams_proc: [1454] cmd type: TAMD_CMD_GET_SO_CREATE
2026-04-30 01:11:29.641661[INFO] tams_proc: [1454] Parsing TAMD_CMD_GET_SO_CREATE Rsp status: TAM_SUCCESS
2026-04-30 01:11:29.641713[INFO] tams_proc: [1454] Processing TAMD_CMD_GET_SO_CREATE Rsp status: TAM_SUCCESS
2026-04-30 01:11:29.644244[INFO] tams_proc: [1454] cmd type: TAMC_CMD_SO_WRITE
2026-04-30 01:11:29.644454[INFO] tams_proc: [1454] Parsing TAMC_CMD_SO_WRITE Req status: TAM_SUCCESS
2026-04-30 01:11:29.644586[INFO] tams_proc: [1454] Processing TAMC_CMD_SO_WRITE Req status: TAM_SUCCESS
2026-04-30 01:11:29.685410[INFO] tams_proc: [1454] cmd type: TAMD_CMD_GET_SO_WRITE
2026-04-30 01:11:29.685454[INFO] tams_proc: [1454] Parsing TAMD_CMD_GET_SO_WRITE Rsp status: TAM_SUCCESS
2026-04-30 01:11:29.685495[INFO] tams_proc: [1454] Processing TAMD_CMD_GET_SO_WRITE Rsp status: TAM_SUCCESS
2026-04-30 01:11:29.687814[INFO] tams_proc: [1454] cmd type: TAMC_CMD_SO_READ
2026-04-30 01:11:29.687921[INFO] tams_proc: [1454] Parsing TAMC_CMD_SO_READ Req status: TAM_SUCCESS
2026-04-30 01:11:29.688005[INFO] tams_proc: [1454] Processing TAMC_CMD_SO_READ Req status: TAM_SUCCESS
2026-04-30 01:11:29.707666[INFO] tams_proc: [1454] cmd type: TAMD_CMD_GET_SO_READ
2026-04-30 01:11:29.707717[INFO] tams_proc: [1454] Parsing TAMD_CMD_GET_SO_READ Rsp status: TAM_SUCCESS
2026-04-30 01:11:29.707765[INFO] tams_proc: [1454] Processing TAMD_CMD_GET_SO_READ Rsp status: TAM_SUCCESS
2026-04-30 01:11:29.710955[INFO] tams_proc: [1454] cmd type: TAMC_CMD_SO_DELETE
2026-04-30 01:11:29.711061[INFO] tams_proc: [1454] Parsing TAMC_CMD_SO_DELETE Req status: TAM_SUCCESS
2026-04-30 01:11:29.711137[INFO] tams_proc: [1454] Processing TAMC_CMD_SO_DELETE Req status: TAM_SUCCESS
2026-04-30 01:11:29.760833[INFO] tams_proc: [1454] cmd type: TAMD_CMD_GET_SO_DELETE
2026-04-30 01:11:29.760894[INFO] tams_proc: [1454] Parsing TAMD_CMD_GET_SO_DELETE Rsp status: TAM_SUCCESS
2026-04-30 01:11:29.760935[INFO] tams_proc: [1454] Processing TAMD_CMD_GET_SO_DELETE Rsp status: TAM_SUCCESS
2026-04-30 01:11:29.764278[INFO] tams_proc: [1454] cmd type: TAMC_CMD_APP_LOGOUT
2026-04-30 01:11:29.764344[INFO] tams_proc: [1454] Parsing TAMC_CMD_APP_LOGOUT Req status: TAM_SUCCESS
2026-04-30 01:11:29.764403[INFO] tams_proc: [1454] Processing TAMC_CMD_APP_LOGOUT Req status: TAM_SUCCESS
2026-04-30 01:11:29.769144[INFO] tams_proc: [1454] cmd type: TAMC_CMD_APP_LOGIN
2026-04-30 01:11:29.769207[INFO] tams_proc: [1454] Parsing TAMC_CMD_APP_LOGIN Req status: TAM_SUCCESS
2026-04-30 01:11:29.775661[INFO] tams_proc: [1454] Processing TAMC_CMD_APP_LOGIN Req status: TAM_SUCCESS
2026-04-30 01:11:29.788269[INFO] tams_proc: [1454] cmd type: TAMC_CMD_APP_LOGIN
2026-04-30 01:11:29.788302[INFO] tams_proc: [1454] Parsing TAMC_CMD_APP_LOGIN Req status: TAM_SUCCESS
2026-04-30 01:11:29.788354[INFO] tams_proc: [1454] Processing TAMC_CMD_APP_LOGIN Req status: TAM_SUCCESS_IN_PROCESS
2026-04-30 01:11:29.814099[INFO] tams_proc: [1454] cmd type: TAMD_CMD_DEVICE_BIND
2026-04-30 01:11:29.814145[INFO] tams_proc: [1454] Parsing TAMD_CMD_DEVICE_BIND Rsp status: TAM_SUCCESS
2026-04-30 01:11:29.814212[INFO] tams_proc: [1454] Processing TAMD_CMD_DEVICE_BIND Rsp status: TAM_SUCCESS
2026-04-30 01:11:29.817763[INFO] tams_proc: [1454] cmd type: TAMC_CMD_SO_DELETE
2026-04-30 01:11:29.817874[INFO] tams_proc: [1454] Parsing TAMC_CMD_SO_DELETE Req status: TAM_SUCCESS
2026-04-30 01:11:29.817964[INFO] tams_proc: [1454] Processing TAMC_CMD_SO_DELETE Req status: TAM_SUCCESS
2026-04-30 01:11:29.842328[INFO] tams_proc: [1454] cmd type: TAMD_CMD_GET_SO_DELETE
2026-04-30 01:11:29.842374[INFO] tams_proc: [1454] Parsing TAMD_CMD_GET_SO_DELETE Rsp status: TAM_SUCCESS
2026-04-30 01:11:29.842399[INFO] tams_proc: [1454] Processing TAMD_CMD_GET_SO_DELETE Rsp status: TAM_SUCCESS
2026-04-30 01:11:29.846654[INFO] tams_proc: [1454] cmd type: TAMC_CMD_SO_CREATE
2026-04-30 01:11:29.846812[INFO] tams_proc: [1454] Parsing TAMC_CMD_SO_CREATE Req status: TAM_SUCCESS
2026-04-30 01:11:29.846883[INFO] tams_proc: [1454] Processing TAMC_CMD_SO_CREATE Req status: TAM_SUCCESS
2026-04-30 01:11:29.887054[INFO] tams_proc: [1454] cmd type: TAMD_CMD_GET_SO_CREATE
2026-04-30 01:11:29.887104[INFO] tams_proc: [1454] Parsing TAMD_CMD_GET_SO_CREATE Rsp status: TAM_SUCCESS
2026-04-30 01:11:29.887142[INFO] tams_proc: [1454] Processing TAMD_CMD_GET_SO_CREATE Rsp status: TAM_SUCCESS
2026-04-30 01:11:29.889439[INFO] tams_proc: [1454] cmd type: TAMC_CMD_SO_WRITE
2026-04-30 01:11:29.889556[INFO] tams_proc: [1454] Parsing TAMC_CMD_SO_WRITE Req status: TAM_SUCCESS
2026-04-30 01:11:29.889635[INFO] tams_proc: [1454] Processing TAMC_CMD_SO_WRITE Req status: TAM_SUCCESS
2026-04-30 01:11:29.916465[INFO] tams_proc: [1454] cmd type: TAMD_CMD_GET_SO_WRITE
2026-04-30 01:11:29.916509[INFO] tams_proc: [1454] Parsing TAMD_CMD_GET_SO_WRITE Rsp status: TAM_SUCCESS
2026-04-30 01:11:29.916543[INFO] tams_proc: [1454] Processing TAMD_CMD_GET_SO_WRITE Rsp status: TAM_SUCCESS
2026-04-30 01:11:29.918852[INFO] tams_proc: [1454] cmd type: TAMC_CMD_SO_READ
2026-04-30 01:11:29.918945[INFO] tams_proc: [1454] Parsing TAMC_CMD_SO_READ Req status: TAM_SUCCESS
2026-04-30 01:11:29.919014[INFO] tams_proc: [1454] Processing TAMC_CMD_SO_READ Req status: TAM_SUCCESS
2026-04-30 01:11:29.939084[INFO] tams_proc: [1454] cmd type: TAMD_CMD_GET_SO_READ
2026-04-30 01:11:29.939115[INFO] tams_proc: [1454] Parsing TAMD_CMD_GET_SO_READ Rsp status: TAM_SUCCESS
2026-04-30 01:11:29.939131[INFO] tams_proc: [1454] Processing TAMD_CMD_GET_SO_READ Rsp status: TAM_SUCCESS
2026-04-30 01:11:29.941958[INFO] tams_proc: [1454] cmd type: TAMC_CMD_SO_DELETE
2026-04-30 01:11:29.942065[INFO] tams_proc: [1454] Parsing TAMC_CMD_SO_DELETE Req status: TAM_SUCCESS
2026-04-30 01:11:29.942138[INFO] tams_proc: [1454] Processing TAMC_CMD_SO_DELETE Req status: TAM_SUCCESS
2026-04-30 01:11:29.969922026-04-30 01:11:28.914350[INFO] tamd_proc: [1477] cmd type: TAMD_CMD_AUTHENTICATE_DEVICE
2026-04-30 01:11:29.603Z[INFO] tamd_proc: [1477] Processing TAMD_CMD_AUTHENTICATE_DEVICE Req status: TAM_SUCCESS
2026-04-30 01:11:29.10835Z[INFO] tamd_proc: [1477] cmd type: TAMD_CMD_REGISTER_APP
2026-04-30 01:11:29.71710Z[INFO] tamd_proc: [1477] Processing TAMD_CMD_REGISTER_APP Req status: TAM_SUCCESS
2026-04-30 01:11:29.80713Z[INFO] tamd_proc: [1477] cmd type: TAMD_CMD_APP_SET_ATTR
2026-04-30 01:11:29.160497[INFO] tamd_proc: [1477] Processing TAMD_CMD_APP_SET_ATTR Req status: TAM_SUCCESS
2026-04-30 01:11:29.169582[INFO] tamd_proc: [1477] cmd type: TAMD_CMD_REGISTER_APP
2026-04-30 01:11:29.233496[INFO] tamd_proc: [1477] Processing TAMD_CMD_REGISTER_APP Req status: TAM_SUCCESS
2026-04-30 01:11:29.238671[INFO] tamd_proc: [1477] cmd type: TAMD_CMD_APP_SET_ATTR
2026-04-30 01:11:29.302090[INFO] tamd_proc: [1477] Processing TAMD_CMD_APP_SET_ATTR Req status: TAM_SUCCESS
2026-04-30 01:11:29.318281[INFO] tamd_proc: [1477] cmd type: TAMD_CMD_REGISTER_APP
2026-04-30 01:11:29.357717[INFO] tamd_proc: [1477] Processing TAMD_CMD_REGISTER_APP Req status: TAM_SUCCESS
2026-04-30 01:11:29.366135[INFO] tamd_proc: [1477] cmd type: TAMD_CMD_APP_SET_ATTR
2026-04-30 01:11:29.402818[INFO] tamd_proc: [1477] Processing TAMD_CMD_APP_SET_ATTR Req status: TAM_SUCCESS
2026-04-30 01:11:29.432819[INFO] tamd_proc: [1477] cmd type: TAMD_CMD_DEVICE_BIND
2026-04-30 01:11:29.458631[INFO] tamd_proc: [1477] Processing TAMD_CMD_DEVICE_BIND Req status: TAM_SUCCESS
2026-04-30 01:11:29.470529[INFO] tamd_proc: [1477] cmd type: TAMD_CMD_GET_SO_DELETE
2026-04-30 01:11:29.491495[INFO] tamd_proc: [1477] Processing TAMD_CMD_GET_SO_DELETE Req status: TAM_SUCCESS
2026-04-30 01:11:29.496629[INFO] tamd_proc: [1477] cmd type: TAMD_CMD_GET_SO_CREATE
2026-04-30 01:11:29.640371[INFO] tamd_proc: [1477] Processing TAMD_CMD_GET_SO_CREATE Req status: TAM_SUCCESS
2026-04-30 01:11:29.645849[INFO] tamd_proc: [1477] cmd type: TAMD_CMD_GET_SO_WRITE
2026-04-30 01:11:29.684343[INFO] tamd_proc: [1477] Processing TAMD_CMD_GET_SO_WRITE Req status: TAM_SUCCESS
2026-04-30 01:11:29.689191[INFO] tamd_proc: [1477] cmd type: TAMD_CMD_GET_SO_READ
2026-04-30 01:11:29.705903[INFO] tamd_proc: [1477] Processing TAMD_CMD_GET_SO_READ Req status: TAM_SUCCESS
2026-04-30 01:11:29.713387[INFO] tamd_proc: [1477] cmd type: TAMD_CMD_GET_SO_DELETE
2026-04-30 01:11:29.759663[INFO] tamd_proc: [1477] Processing TAMD_CMD_GET_SO_DELETE Req status: TAM_SUCCESS
2026-04-30 01:11:29.789593[INFO] tamd_proc: [1477] cmd type: TAMD_CMD_DEVICE_BIND
2026-04-30 01:11:29.813032[INFO] tamd_proc: [1477] Processing TAMD_CMD_DEVICE_BIND Req status: TAM_SUCCESS
2026-04-30 01:11:29.819199[INFO] tamd_proc: [1477] cmd type: TAMD_CMD_GET_SO_DELETE
2026-04-30 01:11:29.841225[INFO] tamd_proc: [1477] Processing TAMD_CMD_GET_SO_DELETE Req status: TAM_SUCCESS
2026-04-30 01:11:29.848074[INFO] tamd_proc: [1477] cmd type: TAMD_CMD_GET_SO_CREATE
2026-04-30 01:11:29.885899[INFO] tamd_proc: [1477] Processing TAMD_CMD_GET_SO_CREATE Req status: TAM_SUCCESS
2026-04-30 01:11:29.890810[INFO] tamd_proc: [1477] cmd type: TAMD_CMD_GET_SO_WRITE
2026-04-30 01:11:29.915403[INFO] tamd_proc: [1477] Processing TAMD_CMD_GET_SO_WRITE Req status: TAM_SUCCESS
2026-04-30 01:11:29.920462[INFO] tamd_proc: [1477] cmd type: TAMD_CMD_GET_SO_READ
2026-04-30 01:11:29.937886[INFO] tamd_proc: [1477] Processing TAMD_CMD_GET_SO_READ Req status: TAM_SUCCESS
2026-04-30 01:11:29.943362[INFO] tamd_proc: [1477] cmd type: TAMD_CMD_GET_SO_DELETE
2026-04-30 01:11:29.968832[INFO] tamd_proc: [1477] Processing TAMD_CMD_GET_SO_DELETE Req status: TAM_SUCCESS
2026-04-30 01:11:29.994051[INFO] tamd_proc: [1477] cmd type: TAMD_CMD_DEVICE_BIND
2026-04-30 01:11:30.5513Z[INFO] tamd_proc: [1477] Processing TAMD_CMD_DEVICE_BIND Req status: TAM_SUCCESS
2026-04-30 01:11:30.11587Z[INFO] tamd_proc: [1477] cmd type: TAMD_CMD_GET_SO_DELETE
2026-04-30 01:11:30.30376Z[INFO] tamd_proc: [1477] Processing TAMD_CMD_GET_SO_DELETE Req status: TAM_SUCCESS
2026-04-30 01:11:30.35175Z[INFO] tamd_proc: [1477] cmd type: TAMD_CMD_4[INFO] tams_proc: [1454] cmd type: TAMD_CMD_GET_SO_DELETE
2026-04-30 01:11:29.969997[INFO] tams_proc: [1454] Parsing TAMD_CMD_GET_SO_DELETE Rsp status: TAM_SUCCESS
2026-04-30 01:11:29.970030[INFO] tams_proc: [1454] Processing TAMD_CMD_GET_SO_DELETE Rsp status: TAM_SUCCESS
2026-04-30 01:11:29.974240[INFO] tams_proc: [1454] cmd type: TAMC_CMD_APP_LOGOUT
2026-04-30 01:11:29.974281[INFO] tams_proc: [1454] Parsing TAMC_CMD_APP_LOGOUT Req status: TAM_SUCCESS
2026-04-30 01:11:29.974319[INFO] tams_proc: [1454] Processing TAMC_CMD_APP_LOGOUT Req status: TAM_SUCCESS
2026-04-30 01:11:29.979546[INFO] tams_proc: [1454] cmd type: TAMC_CMD_APP_LOGIN
2026-04-30 01:11:29.979585[INFO] tams_proc: [1454] Parsing TAMC_CMD_APP_LOGIN Req status: TAM_SUCCESS
2026-04-30 01:11:29.983709[INFO] tams_proc: [1454] Processing TAMC_CMD_APP_LOGIN Req status: TAM_SUCCESS
2026-04-30 01:11:29.992759[INFO] tams_proc: [1454] cmd type: TAMC_CMD_APP_LOGIN
2026-04-30 01:11:29.992808[INFO] tams_proc: [1454] Parsing TAMC_CMD_APP_LOGIN Req status: TAM_SUCCESS
2026-04-30 01:11:29.992884[INFO] tams_proc: [1454] Processing TAMC_CMD_APP_LOGIN Req status: TAM_SUCCESS_IN_PROCESS
2026-04-30 01:11:30.6600Z[INFO] tams_proc: [1454] cmd type: TAMD_CMD_DEVICE_BIND
2026-04-30 01:11:30.6643Z[INFO] tams_proc: [1454] Parsing TAMD_CMD_DEVICE_BIND Rsp status: TAM_SUCCESS
2026-04-30 01:11:30.6716Z[INFO] tams_proc: [1454] Processing TAMD_CMD_DEVICE_BIND Rsp status: TAM_SUCCESS
2026-04-30 01:11:30.10290Z[INFO] tams_proc: [1454] cmd type: TAMC_CMD_SO_DELETE
2026-04-30 01:11:30.10377Z[INFO] tams_proc: [1454] Parsing TAMC_CMD_SO_DELETE Req status: TAM_SUCCESS
2026-04-30 01:11:30.10431Z[INFO] tams_proc: [1454] Processing TAMC_CMD_SO_DELETE Req status: TAM_SUCCESS
2026-04-30 01:11:30.31465Z[INFO] tams_proc: [1454] cmd type: TAMD_CMD_GET_SO_DELETE
2026-04-30 01:11:30.31509Z[INFO] tams_proc: [1454] Parsing TAMD_CMD_GET_SO_DELETE Rsp status: TAM_SUCCESS
2026-04-30 01:11:30.31530Z[INFO] tams_proc: [1454] Processing TAMD_CMD_GET_SO_DELETE Rsp status: TAM_SUCCESS
2026-04-30 01:11:30.33817Z[INFO] tams_proc: [1454] cmd type: TAMC_CMD_SO_CREATE
2026-04-30 01:11:30.33950Z[INFO] tams_proc: [1454] Parsing TAMC_CMD_SO_CREATE Req status: TAM_SUCCESS
2026-04-30 01:11:30.34015Z[INFO] tams_proc: [1454] Processing TAMC_CMD_SO_CREATE Req status: TAM_SUCCESS
2026-04-30 01:11:30.78671Z[INFO] tams_proc: [1454] cmd type: TAMD_CMD_GET_SO_CREATE
2026-04-30 01:11:30.78718Z[INFO] tams_proc: [1454] Parsing TAMD_CMD_GET_SO_CREATE Rsp status: TAM_SUCCESS
2026-04-30 01:11:30.78754Z[INFO] tams_proc: [1454] Processing TAMD_CMD_GET_SO_CREATE Rsp status: TAM_SUCCESS
2026-04-30 01:11:30.81050Z[INFO] tams_proc: [1454] cmd type: TAMC_CMD_SO_WRITE
2026-04-30 01:11:30.81391Z[INFO] tams_proc: [1454] Parsing TAMC_CMD_SO_WRITE Req status: TAM_SUCCESS
2026-04-30 01:11:30.81464Z[INFO] tams_proc: [1454] Processing TAMC_CMD_SO_WRITE Req status: TAM_SUCCESS
2026-04-30 01:11:30.106239[INFO] tams_proc: [1454] cmd type: TAMD_CMD_GET_SO_WRITE
2026-04-30 01:11:30.106282[INFO] tams_proc: [1454] Parsing TAMD_CMD_GET_SO_WRITE Rsp status: TAM_SUCCESS
2026-04-30 01:11:30.106316[INFO] tams_proc: [1454] Processing TAMD_CMD_GET_SO_WRITE Rsp status: TAM_SUCCESS
2026-04-30 01:11:30.108620[INFO] tams_proc: [1454] cmd type: TAMC_CMD_SO_READ
2026-04-30 01:11:30.108711[INFO] tams_proc: [1454] Parsing TAMC_CMD_SO_READ Req status: TAM_SUCCESS
2026-04-30 01:11:30.108778[INFO] tams_proc: [1454] Processing TAMC_CMD_SO_READ Req status: TAM_SUCCESS
2026-04-30 01:11:30.128471[INFO] tams_proc: [1454] cmd type: TAMD_CMD_GET_SO_READ
2026-04-30 01:11:30.128515[INFO] tams_proc: [1454] Parsing TAMD_CMD_GET_SO_READ Rsp status: TAM_SUCCESS
2026-04-30 01:11:30.128540[INFO] tams_proc: [1454] Processing TAMD_CMD_GET_SO_READ Rsp status: TAM_SUCCESS
2026-04-30 01:11:30.130825[INFO] tams_proc: [1454] cmd type: TAMC_CMD_SO_DELETE
2026-04-30 01:11:30.130930[INFO] tams_proc: [1454] Parsing TAMC_CMD_SO_DELETE Req status: TAM_SUCCESS
2026-04-30 01:11:30.131004[INFO] tams_proc: [1454] Processing TAMC_CMD_SO_DELETE Req status: TAM_SUCCESS
2026-04-30 01:11:30.167194[INFO] tams_proc: [1454] cmd type: TAMD_CMD_GET_SO_DELETE
2026-04-30 01:11:30.167260[INFO] tams_proc: [1454] Parsing TAMD_CMD_GET_SO_DELETE Rsp status: TAM_SUCCESS
2026-04-30 01:11:30.167297[INFO] tams_proc: [1454] Processing TAMD_CMD_GET_SO_DELETE Rsp status: TAM_SUCCESS
2026-04-30 01:11:30.172415[INFO] tams_proc: [1454] cmd type: TAMC_CMD_APP_LOGOUT
2026-04-30 01:11:30.172459[INFO] tams_proc: [1454] Parsing TAMC_CMD_APP_LOGOUT Req status: TAM_SUCCESS
2026-04-30 01:11:30.172497[INFO] tams_proc: [1454] Processing TAMC_CMD_APP_LOGOUT Req status: TAM_SUCCESS
2026-04-30 01:11:30.177952[INFO] tams_proc: [1454] cmd type: TAMM_CMD_VUDI_INIT
2026-04-30 01:11:30.178098[INFO] tams_proc: [1454] Parsing TAMM_CMD_VUDI_INIT Req status: TAM_SUCCESS
2026-04-30 01:11:30.178187[INFO] tams_proc: [1454] Processing TAMM_CMD_VUDI_INIT Req status: TAM_SUCCESS_IN_PROCESS
2026-04-30 01:11:30.254021[INFO] tams_proc: [1454] cmd type: TAMD_CMD_VUDI_INIT
2026-04-30 01:11:30.254063[INFO] tams_proc: [1454] Parsing TAMD_CMD_VUDI_INIT Rsp status: TAM_SUCCESS
2026-04-30 01:11:30.254088[INFO] tams_proc: [1454] Processing TAMD_CMD_VUDI_INIT Rsp status: TAM_SUCCESS
2026-04-30 01:11:30.258670[INFO] tams_proc: [1454] cmd type: TAMC_CMD_APP_LOGIN
2026-04-30 01:11:30.258730[INFO] tams_proc: [1454] Parsing TAMC_CMD_APP_LOGIN Req status: TAM_SUCCESS
2026-04-30 01:11:30.266202[INFO] tams_proc: [1454] Processing TAMC_CMD_APP_LOGIN Req status: TAM_SUCCESS
2026-04-30 01:11:30.277264[INFO] tams_proc: [1454] cmd type: TAMC_CMD_APP_LOGIN
2026-04-30 01:11:30.277311[INFO] tams_proc: [1454] Parsing TAMC_CMD_APP_LOGIN Req status: TAM_SUCCESS
2026-04-30 01:11:30.277379[INFO] tams_proc: [1454] Processing TAMC_CMD_APP_LOGIN Req status: TAM_SUCCESS_IN_PROCESS
2026-04-30 01:11:30.294825[INFO] tams_proc: [1454] cmd type: TAMD_CMD_DEVICE_BIND
2026-04-30 01:11:30.294867[INFO] tams_proc: [1454] Parsing TAMD_CMD_DEVICE_BIND Rsp status: TAM_SUCCESS
2026-04-30 01:11:30.294964[INFO] tams_proc: [1454] Processing TAMD_CMD_DEVICE_BIND Rsp status: TAM_SUCCESS
2026-04-30 01:11:30.297267[INFO] tams_proc: [1454] cmd type: TAMC_CMD_UDI
2026-04-30 01:11:30.297330[INFO] tams_proc: [1454] Parsing TAMC_CMD_UDI Req status: TAM_SUCCESS
2026-04-30 01:11:30.297408[INFO] tams_proc: [1454] Processing TAMC_CMD_UDI Req status: TAM_SUCCESS
2026-04-30 01:11:30.324542[INFO] tams_proc: [1454] cmd type: TAMD_CMD_UDI
2026-04-30 01:11:30.324587[INFO] tams_proc: [1454] Parsing TAMD_CMD_UDI Rsp status: TAM_SUCCESS
2026-04-30 01:11:30.324612[INFO] tams_proc: [1454] Processing TAMD_CMD_UDI Rsp status: TAM_SUCCESS
2026-04-30 01:11:30.326997[INFO] tams_proc: [1454] cmd type: TAMC_CMD_APP_LOGOUT
2026-04-30 01:11:30.327058[INFO] tams_proc: [1454] Parsing TAMC_CMD_APP_LOGOUT Req status: TAM_SUCCESS
2026-04-30 01:11:30.327114[INFO] tams_proc: [1454] Processing TAMC_CMD_APP_LOGOUT Req status: TAM_SUCCESS
2026-04-30 01:12:03.225651[INFO] tams_proc: [1454] cmd type: TAMC_CMD_APP_LOGIN
2026-04-30 01:12:03.225729[INFO] tams_proc: [1454] Parsing TAMC_CMD_APP_LOGIN Req status: TAM_SUCCESS
2026-04-30 01:12:03.236161[INFO] tams_proc: [1454] Processing TAMC_CMD_APP_LOGIN Req status: TAM_SUCCESS
2026-04-30 01:12:03.249458[INFO] tams_proc: [1454] cmd type: TAMC_CMD_APP_LOGIN
2026-04-30 01:12:03.249665[INFO] tams_proc: [1454] Parsing TAMC_CMD_APP_LOGIN Req status: TAM_SUCCESS
2026-04-30 01:12:03.250009[INFO] tams_proc: [1454] Processing TAMC_CMD_APP_LOGIN Req status: TAM_SUCCESS_IN_PROCESS
2026-04-30 01:12:03.463989[INFO] tams_proc: [1454] cmd type: TAMD_CMD_DEVICE_BIND
2026-04-30 01:12:03.464045[INFO] tams_proc: [1454] Parsing TAMD_CMD_DEVICE_BIND Rsp status: TAM_SUCCESS
2026-04-30 01:12:03.464128[INFO] tams_proc: [1454] Processing TAMD_CMD_DEVICE_BIND Rsp status: TAM_SUCCESS
2026-04-30 01:12:03.538274[INFO] tams_proc: [1454] cmd type: TAMC_CMD_APP_LOGIN
2026-04-30 01:12:03.538356[INFO] tams_proc: [1454] Parsing TAMC_CMD_APP_LOGIN Req status: TAM_SUCCESS
2026-04-30 01:12:03.545932[INFO] tams_proc: [1454] Processing TAMC_CMD_APP_LOGIN Req status: TAM_SUCCESS
2026-04-30 01:12:03.590618[INFO] tams_proc: [1454] cmd type: TAMC_CMD_APP_LOGIN
2026-04-30 01:12:03.591292[INFO] tams_proc: [1454] Parsing TAMC_CMD_APP_LOGIN Req status: TAM_SUCCESS
2026-04-30 01:12:03.591820[INFO] tams_proc: [1454] Processing TAMC_CMD_APP_LOGIN Req status: TAM_SUCCESS_IN_PROCESS
2026-04-30 01:12:03.689233[INFO] tams_proc: [1454] cmd type: TAMD_CMD_DEVICE_BIND
2026-04-30 01:12:03.689292[INFO] tams_proc: [1454] Parsing TAMD_CMD_DEVICE_BIND Rsp status: TAM_SUCCESS
2026-04-30 01:12:03.689365[INFO] tams_proc: [1454] Processing TAMD_CMD_DEVICE_BIND Rsp status: TAM_SUCCESS
2026-04-30 01:12:03.692685[INFO] tams_proc: [1454] cmd type: TAMC_CMD_DEVICE_CAP
2026-04-30 01:12:03.692786[INFO] tams_proc: [1454] Parsing TAMC_CMD_DEVICE_CAP Req status: TAM_SUCCESS
2026-04-30 01:12:03.692887[INFO] tams_proc: [1454] Processing TAMC_CMD_DEVICE_CAP Req status: TAM_SUCCESS_IN_PROCESS
2026-04-30 01:12:03.695861[INFO] tams_proc: [1454] cmd type: TAMD_CMD_DEVICE_CAP
2026-04-30 01:12:03.695928[INFO] tams_proc: [1454] Parsing TAMD_CMD_DEVICE_CAP Rsp status: TAM_SUCCESS
2026-04-30 01:12:03.695950[INFO] tams_proc: [1454] Processing TAMD_CMD_DEVICE_CAP Rsp status: TAM_SUCCESS
2026-04-30 01:12:03.698694[INFO] tams_proc: [1454] cmd type: TAMC_CMD_SO_READ
2026-04-30 01:12:03.698783[INFO] tams_proc: [1454] Parsing TAMC_CMD_SO_READ Req status: TAM_SUCCESS
2026-04-30 01:12:03.698855[INFO] tams_proc: [1454] Processing TAMC_CMD_SO_READ Req status: TAM_SUCCESS
2026-04-30 01:12:03.723319[INFO] tams_proc: [1454] cmd type: TAMC_CMD_SO_READ
2026-04-30 01:12:03.723422[INFO] tams_proc: [1454] Parsing TAMC_CMD_SO_READ Req status: TAM_SUCCESS
2026-04-30 01:12:03.723500[INFO] tams_proc: [1454] Processing TAMC_CMD_SO_READ Req status: TAM_SUCCESS
2026-04-30 01:12:03.780260[INFO] tams_proc: [1454] cmd type: TAMD_CMD_GET_SO_READ
2026-04-30 01:12:03.780324[INFO] tams_proc: [1454] Parsing TAMD_CMD_GET_SO_READ Rsp status: TAM_SUCCESS
2026-04-30 01:12:03.780355[INFO] tams_proc: [1454] Processing TAMD_CMD_GET_SO_READ Rsp status: TAM_SUCCESS
2026-04-30 01:12:03.791423[INFO] tams_proc: [1454] cmd type: TAMC_CMD_SO_CREATE
2026-04-30 01:12:03.791587[INFO] tams_proc: [1454] Parsing TAMC_CMD_SO_CREATE Req status: TAM_SUCCESS
2026-04-30 01:12:03.791673[INFO] tams_proc: [1454] Processing TAMC_CMD_SO_CREATE Req status: TAM_SUCCESS
2026-04-30 01:12:03.957467[INFO] tams_proc: [1454] cmd type: TAMD_CMD_GET_SO_READ
2026-04-30 01:12:03.957519[INFO] tams_proc: [1454] Parsing TAMD_CMD_GET_SO_READ Rsp status: TAM_SUCCESS
2026-04-30 01:12:03.957545[INFO] tams_proc: [1454] Processing TAMD_CMD_GET_SO_READ Rsp status: TAM_SUCCESS
2026-04-30 01:12:03.982349[INFO] tams_proc: [1454] cmd type: TAMC_CMD_SO_READ
2026-04-30 01:12:03.982455[INFO] tams_proc: [1454] Parsing TAMC_CMD_SO_READ Req status: TAM_SUCCESS
2026-04-30 01:12:03.982534[INFO] tams_proc: [1454] Processing TAMC_CMD_SO_READ Req status: TAM_SUCCESS
2026-04-30 01:12:04.501878[INFO] tams_proc: [1454] cmd type: TAMD_CMD_GET_SO_CREATE
2026-04-30 01:12:04.501931[INFO] tams_proc: [1454] Parsing TAMD_CMD_GET_SO_CREATE Rsp status: TAM_SUCCESS
2026-04-30 01:12:04.501965[INFO] tams_proc: [1454] Processing TAMD_CMD_GET_SO_CREATE Rsp status: TAM_SUCCESS
2026-04-30 01:12:04.504354[INFO] tams_proc: [1454] cmd type: TAMC_CMD_SO_WRITE
2026-04-30 01:12:04.504467[INFO] tams_proc: [1454] Parsing TAMC_CMD_SO_WRITE Req status: TAM_SUCCESS
2026-04-30 01:12:04.504540[INFO] tams_proc: [1454] Processing TAMC_CMD_SO_WRITE Req status: TAM_SUCCESS
2026-04-30 01:12:04.594647[INFO] tams_proc: [1454] cmd type: TAMD_CMD_GET_SO_READ
2026-04-30 01:12:04.594700[INFO] tams_proc: [1454] Parsing TAMD_CMD_GET_SO_READ Rsp status: TAM_SUCCESS
2026-04-30 01:12:04.594725[INFO] tams_proc: [1454] Processing TAMD_CMD_GET_SO_READ Rsp status: TAM_SUCCESS
2026-04-30 01:12:04.597477[INFO] tams_proc: [1454] cmd type: TAMC_CMD_SO_WRITE
2026-04-30 01:12:04.597610[INFO] tams_proc: [1454] Parsing TAMC_CMD_SO_WRITE Req status: TAM_SUCCESS
2026-04-30 01:12:04.597691[INFO] tams_proc: [1454] Processing TAMC_CMD_SO_WRITE Req status: TAM_SUCCESS
2026-04-30 01:12:04.777177[INFO] tams_proc: [1454] cmd type: TAMD_CMD_GET_SO_WRITE
2026-04-30 01:12:04.777232[INFO] tams_proc: [1454]GET_SO_CREATE
2026-04-30 01:11:30.77598Z[INFO] tamd_proc: [1477] Processing TAMD_CMD_GET_SO_CREATE Req status: TAM_SUCCESS
2026-04-30 01:11:30.82641Z[INFO] tamd_proc: [1477] cmd type: TAMD_CMD_GET_SO_WRITE
2026-04-30 01:11:30.105174[INFO] tamd_proc: [1477] Processing TAMD_CMD_GET_SO_WRITE Req status: TAM_SUCCESS
2026-04-30 01:11:30.109944[INFO] tamd_proc: [1477] cmd type: TAMD_CMD_GET_SO_READ
2026-04-30 01:11:30.127411[INFO] tamd_proc: [1477] Processing TAMD_CMD_GET_SO_READ Req status: TAM_SUCCESS
2026-04-30 01:11:30.132251[INFO] tamd_proc: [1477] cmd type: TAMD_CMD_GET_SO_DELETE
2026-04-30 01:11:30.165881[INFO] tamd_proc: [1477] Processing TAMD_CMD_GET_SO_DELETE Req status: TAM_SUCCESS
2026-04-30 01:11:30.179373[INFO] tamd_proc: [1477] cmd type: TAMD_CMD_VUDI_INIT
2026-04-30 01:11:30.252962[INFO] tamd_proc: [1477] Processing TAMD_CMD_VUDI_INIT Req status: TAM_SUCCESS
2026-04-30 01:11:30.278522[INFO] tamd_proc: [1477] cmd type: TAMD_CMD_DEVICE_BIND
2026-04-30 01:11:30.293658[INFO] tamd_proc: [1477] Processing TAMD_CMD_DEVICE_BIND Req status: TAM_SUCCESS
2026-04-30 01:11:30.298563[INFO] tamd_proc: [1477] cmd type: TAMD_CMD_UDI
2026-04-30 01:11:30.323238[INFO] tamd_proc: [1477] Processing TAMD_CMD_UDI Req status: TAM_SUCCESS
2026-04-30 01:12:03.251040[INFO] tamd_proc: [1477] cmd type: TAMD_CMD_DEVICE_BIND
2026-04-30 01:12:03.462843[INFO] tamd_proc: [1477] Processing TAMD_CMD_DEVICE_BIND Req status: TAM_SUCCESS
2026-04-30 01:12:03.592884[INFO] tamd_proc: [1477] cmd type: TAMD_CMD_DEVICE_BIND
2026-04-30 01:12:03.684288[INFO] tamd_proc: [1477] Processing TAMD_CMD_DEVICE_BIND Req status: TAM_SUCCESS
2026-04-30 01:12:03.694480[INFO] tamd_proc: [1477] cmd type: TAMD_CMD_DEVICE_CAP
2026-04-30 01:12:03.694748[INFO] tamd_proc: [1477] Processing TAMD_CMD_DEVICE_CAP Req status: TAM_SUCCESS
2026-04-30 01:12:03.701477[INFO] tamd_proc: [1477] cmd type: TAMD_CMD_GET_SO_READ
2026-04-30 01:12:03.773519[INFO] tamd_proc: [1477] Processing TAMD_CMD_GET_SO_READ Req status: TAM_SUCCESS
2026-04-30 01:12:03.780493[INFO] tamd_proc: [1477] cmd type: TAMD_CMD_GET_SO_READ
2026-04-30 01:12:03.955815[INFO] tamd_proc: [1477] Processing TAMD_CMD_GET_SO_READ Req status: TAM_SUCCESS
2026-04-30 01:12:03.957652[INFO] tamd_proc: [1477] cmd type: TAMD_CMD_GET_SO_CREATE
2026-04-30 01:12:04.500704[INFO] tamd_proc: [1477] Processing TAMD_CMD_GET_SO_CREATE Req status: TAM_SUCCESS
2026-04-30 01:12:04.502486[INFO] tamd_proc: [1477] cmd type: TAMD_CMD_GET_SO_READ
2026-04-30 01:12:04.593476[INFO] tamd_proc: [1477] Processing TAMD_CMD_GET_SO_READ Req status: TAM_SUCCESS
2026-04-30 01:12:04.597918[INFO] tamd_proc: [1477] cmd type: TAMD_CMD_GET_SO_WRITE
2026-04-30 01:12:04.775608[INFO] tamd_proc: [1477] Processing TAMD_CMD_GET_SO_WRITE Req status: TAM_SUCCESS
2026-04-30 01:12:04.777422[INFO] tamd_proc: [1477] cmd type: TAMD_CMD_GET_SO_WRITE
2026-04-30 01:12:04.924680[INFO] tamd_proc: [1477] Processing TAMD_CMD_GET_SO_WRITE Req status: TAM_SUCCESS
2026-04-30 01:12:04.927994[INFO] tamd_proc: [1477] cmd type: TAMD_CMD_GET_SO_CREATE
2026-04-30 01:12:05.350321[INFO] tamd_proc: [1477] Processing TAMD_CMD_GET_SO_CREATE Req status: TAM_SUCCESS
2026-04-30 01:12:05.355184[INFO] tamd_proc: [1477] cmd type: TAMD_CMD_GET_SO_CREATE
2026-04-30 01:12:05.515119[INFO] tamd_proc: [1477] Processing TAMD_CMD_GET_SO_CREATE Req status: TAM_SUCCESS
2026-04-30 01:12:05.517122[INFO] tamd_proc: [1477] cmd type: TAMD_CMD_GET_SO_WRITE
2026-04-30 01:12:05.577710[INFO] tamd_proc: [1477] Processing TAMD_CMD_GET_SO_WRITE Req status: TAM_SUCCESS
2026-04-30 01:12:05.579329[INFO] tamd_proc: [1477] cmd type: TAMD_CMD_GET_SO_WRITE
2026-04-30 01:12:05.736817[INFO] tamd_proc: [1477] Processing TAMD_CMD_GET_SO_WRITE Req status: TAM_SUCCESS
2026-04-30 01:12:05.755926[INFO] tamd_proc: [1477] cmd type: TAMD_CMD_GET_SO_READ
2026-04-30 01:12:05.816331[INFO] tamd_proc: [1477] Processing TAMD_CMD_GET_SO_READ Req status: TAM_SUCCESS
2026-04-30 01:12:05.922020[INFO] tamd_proc: [1477] cmd type: TAMD_CMD_GET_SO_DELETE
2026-04-30 01:12:05.989382[INFO] tamd_proc: [1477] Processing TAMD_CMD_GET_SO_DELETE Req status: TAM_SUCC Parsing TAMD_CMD_GET_SO_WRITE Rsp status: TAM_SUCCESS
2026-04-30 01:12:04.777294[INFO] tams_proc: [1454] Processing TAMD_CMD_GET_SO_WRITE Rsp status: TAM_SUCCESS
2026-04-30 01:12:04.791378[INFO] tams_proc: [1454] cmd type: TAMC_CMD_SO_CREATE
2026-04-30 01:12:04.791525[INFO] tams_proc: [1454] Parsing TAMC_CMD_SO_CREATE Req status: TAM_SUCCESS
2026-04-30 01:12:04.791612[INFO] tams_proc: [1454] Processing TAMC_CMD_SO_CREATE Req status: TAM_SUCCESS
2026-04-30 01:12:04.927653[INFO] tams_proc: [1454] cmd type: TAMD_CMD_GET_SO_WRITE
2026-04-30 01:12:04.927863[INFO] tams_proc: [1454] Parsing TAMD_CMD_GET_SO_WRITE Rsp status: TAM_SUCCESS
2026-04-30 01:12:04.927897[INFO] tams_proc: [1454] Processing TAMD_CMD_GET_SO_WRITE Rsp status: TAM_SUCCESS
2026-04-30 01:12:04.936210[INFO] tams_proc: [1454] cmd type: TAMC_CMD_SO_CREATE
2026-04-30 01:12:04.936379[INFO] tams_proc: [1454] Parsing TAMC_CMD_SO_CREATE Req status: TAM_SUCCESS
2026-04-30 01:12:04.936465[INFO] tams_proc: [1454] Processing TAMC_CMD_SO_CREATE Req status: TAM_SUCCESS
2026-04-30 01:12:05.352435[INFO] tams_proc: [1454] cmd type: TAMD_CMD_GET_SO_CREATE
2026-04-30 01:12:05.352495[INFO] tams_proc: [1454] Parsing TAMD_CMD_GET_SO_CREATE Rsp status: TAM_SUCCESS
2026-04-30 01:12:05.352532[INFO] tams_proc: [1454] Processing TAMD_CMD_GET_SO_CREATE Rsp status: TAM_SUCCESS
2026-04-30 01:12:05.355695[INFO] tams_proc: [1454] cmd type: TAMC_CMD_SO_WRITE
2026-04-30 01:12:05.355819[INFO] tams_proc: [1454] Parsing TAMC_CMD_SO_WRITE Req status: TAM_SUCCESS
2026-04-30 01:12:05.355904[INFO] tams_proc: [1454] Processing TAMC_CMD_SO_WRITE Req status: TAM_SUCCESS
2026-04-30 01:12:05.516333[INFO] tams_proc: [1454] cmd type: TAMD_CMD_GET_SO_CREATE
2026-04-30 01:12:05.516388[INFO] tams_proc: [1454] Parsing TAMD_CMD_GET_SO_CREATE Rsp status: TAM_SUCCESS
2026-04-30 01:12:05.516419[INFO] tams_proc: [1454] Processing TAMD_CMD_GET_SO_CREATE Rsp status: TAM_SUCCESS
2026-04-30 01:12:05.518760[INFO] tams_proc: [1454] cmd type: TAMC_CMD_SO_WRITE
2026-04-30 01:12:05.518880[INFO] tams_proc: [1454] Parsing TAMC_CMD_SO_WRITE Req status: TAM_SUCCESS
2026-04-30 01:12:05.518962[INFO] tams_proc: [1454] Processing TAMC_CMD_SO_WRITE Req status: TAM_SUCCESS
2026-04-30 01:12:05.579184[INFO] tams_proc: [1454] cmd type: TAMD_CMD_GET_SO_WRITE
2026-04-30 01:12:05.579236[INFO] tams_proc: [1454] Parsing TAMD_CMD_GET_SO_WRITE Rsp status: TAM_SUCCESS
2026-04-30 01:12:05.579269[INFO] tams_proc: [1454] Processing TAMD_CMD_GET_SO_WRITE Rsp status: TAM_SUCCESS
2026-04-30 01:12:05.746358[INFO] tams_proc: [1454] cmd type: TAMD_CMD_GET_SO_WRITE
2026-04-30 01:12:05.746427[INFO] tams_proc: [1454] Parsing TAMD_CMD_GET_SO_WRITE Rsp status: TAM_SUCCESS
2026-04-30 01:12:05.746466[INFO] tams_proc: [1454] Processing TAMD_CMD_GET_SO_WRITE Rsp status: TAM_SUCCESS
2026-04-30 01:12:05.753777[INFO] tams_proc: [1454] cmd type: TAMC_CMD_SO_READ
2026-04-30 01:12:05.753889[INFO] tams_proc: [1454] Parsing TAMC_CMD_SO_READ Req status: TAM_SUCCESS
2026-04-30 01:12:05.753990[INFO] tams_proc: [1454] Processing TAMC_CMD_SO_READ Req status: TAM_SUCCESS
2026-04-30 01:12:05.825214[INFO] tams_proc: [1454] cmd type: TAMD_CMD_GET_SO_READ
2026-04-30 01:12:05.825289[INFO] tams_proc: [1454] Parsing TAMD_CMD_GET_SO_READ Rsp status: TAM_SUCCESS
2026-04-30 01:12:05.825321[INFO] tams_proc: [1454] Processing TAMD_CMD_GET_SO_READ Rsp status: TAM_SUCCESS
2026-04-30 01:12:05.919472[INFO] tams_proc: [1454] cmd type: TAMC_CMD_SO_DELETE
2026-04-30 01:12:05.919594[INFO] tams_proc: [1454] Parsing TAMC_CMD_SO_DELETE Req status: TAM_SUCCESS
2026-04-30 01:12:05.919687[INFO] tams_proc: [1454] Processing TAMC_CMD_SO_DELETE Req status: TAM_SUCCESS
2026-04-30 01:12:05.994092[INFO] tams_proc: [1454] cmd type: TAMD_CMD_GET_SO_DELETE
2026-04-30 01:12:05.994151[INFO] tams_proc: [1454] Parsing TAMD_CMD_GET_SO_DELETE Rsp status: TAM_SUCCESS
2026-04-30 01:12:05.994176[INFO] tams_proc: [1454] Processing TAMD_CMD_GET_SO_DELETE Rsp status: TAM_SUCCESS
2026-04-30 01:12:07.522033[INFO] tams_proc: [1454] cmd type: TAMC_CMD_APP_LOGIN
2026-04-30 01:12:07.522106[INFO] tams_proc: [1454] Parsing TAMC_CMD_APP_LOGIN Req status: TAM_SUCCESS
2026-04-30 01:12:07.535643[INFO] tams_proc: [1454] Processing TAMC_CMD_APP_LOGIN Req status: TAM_SUCCESS
2026-04-30 01:12:07.558394[INFO] tams_proc: [1454] cmd type: TAMC_CMD_APP_LOGIN
2026-04-30 01:12:07.558670[INFO] tams_proc: [1454] Parsing TAMC_CMD_APP_LOGIN Req status: TAM_SUCCESS
2026-04-30 01:12:07.559033[INFO] tams_proc: [1454] Processing TAMC_CMD_APP_LOGIN Req status: TAM_SUCCESS_IN_PROCESS
2026-04-30 01:12:07.599350[INFO] tams_proc: [1454] cmd type: TAMD_CMD_DEVICE_BIND
2026-04-30 01:12:07.599412[INFO] tams_proc: [1454] Parsing TAMD_CMD_DEVICE_BIND Rsp status: TAM_SUCCESS
2026-04-30 01:12:07.599499[INFO] tams_proc: [1454] Processing TAMD_CMD_DEVICE_BIND Rsp status: TAM_SUCCESS
2026-04-30 01:12:07.601938[INFO] tams_proc: [1454] cmd type: TAMC_CMD_SO_READ
2026-04-30 01:12:07.602040[INFO] tams_proc: [1454] Parsing TAMC_CMD_SO_READ Req status: TAM_SUCCESS
2026-04-30 01:12:07.602122[INFO] tams_proc: [1454] Processing TAMC_CMD_SO_READ Req status: TAM_SUCCESS
2026-04-30 01:12:07.644488[INFO] tams_proc: [1454] cmd type: TAMD_CMD_GET_SO_READ
2026-04-30 01:12:07.644550[INFO] tams_proc: [1454] Parsing TAMD_CMD_GET_SO_READ Rsp status: TAM_SUCCESS
2026-04-30 01:12:07.644578[INFO] tams_proc: [1454] Processing TAMD_CMD_GET_SO_READ Rsp status: TAM_SUCCESS
2026-04-30 01:12:07.655259[INFO] tams_proc: [1454] cmd type: TAMC_CMD_APP_LOGOUT
2026-04-30 01:12:07.655344[INFO] tams_proc: [1454] Parsing TAMC_CMD_APP_LOGOUT Req status: TAM_SUCCESS
2026-04-30 01:12:07.655420[INFO] tams_proc: [1454] Processing TAMC_CMD_APP_LOGOUT Req status: TAM_SUCCESS
2026-04-30 01:12:07.719576[INFO] tams_proc: [1454] cmd type: TAMC_CMD_APP_LOGIN
2026-04-30 01:12:07.719651[INFO] tams_proc: [1454] Parsing TAMC_CMD_APP_LOGIN Req status: TAM_SUCCESS
2026-04-30 01:12:07.741609[INFO] tams_proc: [1454] Processing TAMC_CMD_APP_LOGIN Req status: TAM_SUCCESS
2026-04-30 01:12:07.766027[INFO] tams_proc: [1454] cmd type: TAMC_CMD_APP_LOGIN
2026-04-30 01:12:07.766088[INFO] tams_proc: [1454] Parsing TAMC_CMD_APP_LOGIN Req status: TAM_SUCCESS
2026-04-30 01:12:07.766179[INFO] tams_proc: [1454] Processing TAMC_CMD_APP_LOGIN Req status: TAM_SUCCESS_IN_PROCESS
2026-04-30 01:12:07.924654[INFO] tams_proc: [1454] cmd type: TAMD_CMD_DEVICE_BIND
2026-04-30 01:12:07.924704[INFO] tams_proc: [1454] Parsing TAMD_CMD_DEVICE_BIND Rsp status: TAM_SUCCESS
2026-04-30 01:12:07.924791[INFO] tams_proc: [1454] Processing TAMD_CMD_DEVICE_BIND Rsp status: TAM_SUCCESS
2026-04-30 01:12:16.679218[INFO] tams_proc: [1454] cmd type: TAMC_CMD_APP_LOGIN
2026-04-30 01:12:16.679289[INFO] tams_proc: [1454] Parsing TAMC_CMD_APP_LOGIN Req status: TAM_SUCCESS
2026-04-30 01:12:16.686645[INFO] tams_proc: [1454] Processing TAMC_CMD_APP_LOGIN Req status: TAM_SUCCESS
2026-04-30 01:12:16.701226[INFO] tams_proc: [1454] cmd type: TAMC_CMD_APP_LOGIN
2026-04-30 01:12:16.701479[INFO] tams_proc: [1454] Parsing TAMC_CMD_APP_LOGIN Req status: TAM_SUCCESS
2026-04-30 01:12:16.701945[INFO] tams_proc: [1454] Processing TAMC_CMD_APP_LOGIN Req status: TAM_SUCCESS_IN_PROCESS
2026-04-30 01:12:16.733359[INFO] tams_proc: [1454] cmd type: TAMD_CMD_DEVICE_BIND
2026-04-30 01:12:16.733696[INFO] tams_proc: [1454] Parsing TAMD_CMD_DEVICE_BIND Rsp status: TAM_SUCCESS
2026-04-30 01:12:16.734069[INFO] tams_proc: [1454] Processing TAMD_CMD_DEVICE_BIND Rsp status: TAM_SUCCESS
2026-04-30 01:12:16.738138[INFO] tams_proc: [1454] cmd type: TAMC_CMD_DEVICE_CAP
2026-04-30 01:12:16.738538[INFO] tams_proc: [1454] Parsing TAMC_CMD_DEVICE_CAP Req status: TAM_SUCCESS
2026-04-30 01:12:16.738802[INFO] tams_proc: [1454] Processing TAMC_CMD_DEVICE_CAP Req status: TAM_SUCCESS_IN_PROCESS
2026-04-30 01:12:16.741974[INFO] tams_proc: [1454] cmd type: TAMD_CMD_DEVICE_CAP
2026-04-30 01:12:16.742348[INFO] tams_proc: [1454] Parsing TAMD_CMD_DEVICE_CAP Rsp status: TAM_SUCCESS
2026-04-30 01:12:16.742446[INFO] tams_proc: [1454] Processing TAMD_CMD_DEVICE_CAP Rsp status: TAM_SUCCESS
2026-04-30 01:12:16.745193[INFO] tams_proc: [1454] cmd type: TAMC_CMD_SO_READ
2026-04-30 01:12:16.745290[INFO] tams_proc: [1454] Parsing TAMC_CMD_SO_REA